2019-08-08 17:39:58,525	INFO -- Settings: TopologyGenerator/settings-php_apache_no_node_removal.json
2019-08-08 17:39:58,611	INFO -- Graphdatabase emptied
2019-08-08 17:39:58,612	INFO -- Waiting for warmup to finish. 1800 seconds
2019-08-08 18:09:58,709	INFO -- Going to sleep for 240 seconds
2019-08-08 18:13:58,809	INFO -- Time for an update_step iteration! 2019-08-08 18:13:58.809422
2019-08-08 18:13:59,719	INFO -- Cluster was not stable, waiting for retry window (24 seconds) to try again
2019-08-08 18:14:24,348	INFO -- Cluster was not stable, waiting for retry window (24 seconds) to try again
2019-08-08 18:14:48,931	INFO -- Cluster was stable for 240 seconds till 2019-08-08 18:14:48.371481, calculating best transition
2019-08-08 18:14:49,498	INFO -- Execution was added to the knowledge base with load: 3069.342222222222
2019-08-08 18:14:49,914	INFO -- No node could be shutdown for improvement, because all nodes have a statefull set
2019-08-08 18:14:50,079	INFO -- Costs for all options: current= 0.2512598838806152, removal= inf, old_best= 0.25125988388061526
2019-08-08 18:14:50,079	INFO -- Update step finished: 2019-08-08 18:14:50.079645
2019-08-08 18:14:50,080	INFO -- Current scores
                 Not stable: 0
                 All nodes full: 0
                 Migration correct: 0 wrong: 0 chance blocked: 1
                 Node removal correct: 0 wrong: 0
                 Old state correct: 0 wrong: 0
2019-08-08 18:14:50,080	INFO -- Going to sleep for 240 seconds
2019-08-08 18:18:50,181	INFO -- Time for an update_step iteration! 2019-08-08 18:18:50.180916
2019-08-08 18:18:50,796	INFO -- Cluster was not stable, waiting for retry window (24 seconds) to try again
2019-08-08 18:19:15,391	INFO -- Cluster was not stable, waiting for retry window (24 seconds) to try again
2019-08-08 18:19:40,055	INFO -- Cluster was not stable, waiting for retry window (24 seconds) to try again
2019-08-08 18:20:04,676	INFO -- Cluster was stable for 240 seconds till 2019-08-08 18:20:04.080594, calculating best transition
2019-08-08 18:20:05,785	INFO -- Execution was added to the knowledge base with load: 3084.4869538095236
2019-08-08 18:20:06,150	INFO -- No node could be shutdown for improvement, because all nodes have a statefull set
2019-08-08 18:20:06,444	INFO -- Costs for all options: current= 0.2512598838806152, removal= inf, old_best= 0.25125988388061526
2019-08-08 18:20:06,445	INFO -- Update step finished: 2019-08-08 18:20:06.445221
2019-08-08 18:20:06,445	INFO -- Current scores
                 Not stable: 0
                 All nodes full: 0
                 Migration correct: 0 wrong: 0 chance blocked: 2
                 Node removal correct: 0 wrong: 0
                 Old state correct: 0 wrong: 0
2019-08-08 18:20:06,446	INFO -- Going to sleep for 240 seconds
2019-08-08 18:24:06,482	INFO -- Time for an update_step iteration! 2019-08-08 18:24:06.482386
2019-08-08 18:24:07,056	INFO -- Cluster was stable for 240 seconds till 2019-08-08 18:24:06.483197, calculating best transition
2019-08-08 18:24:07,654	INFO -- Execution was added to the knowledge base with load: 3112.035555555555
2019-08-08 18:24:08,059	INFO -- No node could be shutdown for improvement, because all nodes have a statefull set
2019-08-08 18:24:08,606	INFO -- Costs for all options: current= 0.2512598838806152, removal= inf, old_best= 0.25125988388061526
2019-08-08 18:24:08,606	INFO -- Update step finished: 2019-08-08 18:24:08.606887
2019-08-08 18:24:08,607	INFO -- Current scores
                 Not stable: 0
                 All nodes full: 0
                 Migration correct: 0 wrong: 0 chance blocked: 3
                 Node removal correct: 0 wrong: 0
                 Old state correct: 0 wrong: 0
2019-08-08 18:24:08,608	INFO -- Going to sleep for 240 seconds
2019-08-08 18:28:08,708	INFO -- Time for an update_step iteration! 2019-08-08 18:28:08.708578
2019-08-08 18:28:09,316	INFO -- Cluster was stable for 240 seconds till 2019-08-08 18:28:08.709463, calculating best transition
2019-08-08 18:28:09,977	INFO -- Execution was added to the knowledge base with load: 3052.728888888889
2019-08-08 18:28:10,411	INFO -- No node could be shutdown for improvement, because all nodes have a statefull set
2019-08-08 18:28:10,998	INFO -- Costs for all options: current= 0.2512598838806152, removal= inf, old_best= 0.25125988388061526
2019-08-08 18:28:10,998	INFO -- Update step finished: 2019-08-08 18:28:10.998888
2019-08-08 18:28:10,999	INFO -- Current scores
                 Not stable: 0
                 All nodes full: 0
                 Migration correct: 0 wrong: 0 chance blocked: 4
                 Node removal correct: 0 wrong: 0
                 Old state correct: 0 wrong: 0
2019-08-08 18:28:11,000	INFO -- Going to sleep for 240 seconds
2019-08-08 18:32:11,101	INFO -- Time for an update_step iteration! 2019-08-08 18:32:11.101287
2019-08-08 18:32:11,690	INFO -- Cluster was stable for 240 seconds till 2019-08-08 18:32:11.102048, calculating best transition
2019-08-08 18:32:12,259	INFO -- Execution was added to the knowledge base with load: 3075.0044444444447
2019-08-08 18:32:12,628	INFO -- No node could be shutdown for improvement, because all nodes have a statefull set
2019-08-08 18:32:13,360	INFO -- Costs for all options: current= 0.2512598838806152, removal= inf, old_best= 0.25125988388061526
2019-08-08 18:32:13,361	INFO -- Staying with current execution, but randomly changing one random pod
2019-08-08 18:32:14,168	INFO -- moving: php-apache-5f657688bc-tnzhj to gke-demo-cluster-1-default-pool-6f471531-sxjh using deployment name: php-apache
2019-08-08 18:32:24,322	INFO -- pod php-apache-5f657688bc-tnzhj is deleted
2019-08-08 18:32:24,552	INFO -- Movement failed
2019-08-08 18:32:24,870	INFO -- went wrong: <class 'kubernetes_tools.migrate_pod.PodScheduledOnWrongNodeException'>
2019-08-08 18:32:24,871	INFO -- Update step finished: 2019-08-08 18:32:24.871713
2019-08-08 18:32:24,871	INFO -- Current scores
                 Not stable: 0
                 All nodes full: 0
                 Migration correct: 0 wrong: 1 chance blocked: 4
                 Node removal correct: 0 wrong: 0
                 Old state correct: 0 wrong: 0
2019-08-08 18:32:24,872	INFO -- Going to sleep for 240 seconds
2019-08-08 18:36:24,972	INFO -- Time for an update_step iteration! 2019-08-08 18:36:24.972323
2019-08-08 18:36:25,554	INFO -- Cluster was not stable, waiting for retry window (24 seconds) to try again
2019-08-08 18:36:50,174	INFO -- Cluster was stable for 240 seconds till 2019-08-08 18:36:49.578559, calculating best transition
2019-08-08 18:36:50,771	INFO -- Execution was added to the knowledge base with load: 2917.936918611111
2019-08-08 18:36:51,111	INFO -- No node could be shutdown for improvement, because all nodes have a statefull set
2019-08-08 18:36:51,967	INFO -- Costs for all options: current= 0.2512598838806152, removal= inf, old_best= 0.25125988388061526
2019-08-08 18:36:51,967	INFO -- Update step finished: 2019-08-08 18:36:51.967944
2019-08-08 18:36:51,968	INFO -- Current scores
                 Not stable: 0
                 All nodes full: 0
                 Migration correct: 0 wrong: 1 chance blocked: 5
                 Node removal correct: 0 wrong: 0
                 Old state correct: 0 wrong: 0
2019-08-08 18:36:51,968	INFO -- Going to sleep for 240 seconds
2019-08-08 18:40:52,069	INFO -- Time for an update_step iteration! 2019-08-08 18:40:52.069191
2019-08-08 18:40:52,683	INFO -- Cluster was not stable, waiting for retry window (24 seconds) to try again
2019-08-08 18:41:17,282	INFO -- Cluster was not stable, waiting for retry window (24 seconds) to try again
2019-08-08 18:41:41,880	INFO -- Cluster was not stable, waiting for retry window (24 seconds) to try again
2019-08-08 18:42:06,526	INFO -- Cluster was not stable, waiting for retry window (24 seconds) to try again
2019-08-08 18:42:31,172	INFO -- Cluster was not stable, waiting for retry window (24 seconds) to try again
2019-08-08 18:42:55,767	INFO -- Cluster was not stable, waiting for retry window (24 seconds) to try again
2019-08-08 18:43:20,369	INFO -- Cluster was not stable, waiting for retry window (24 seconds) to try again
2019-08-08 18:43:45,023	INFO -- Cluster was not stable, waiting for retry window (24 seconds) to try again
2019-08-08 18:44:09,680	INFO -- Cluster was not stable, waiting for retry window (24 seconds) to try again
2019-08-08 18:44:34,296	INFO -- Cluster was not stable, waiting for retry window (24 seconds) to try again
2019-08-08 18:44:58,927	INFO -- Cluster was not stable, waiting for retry window (24 seconds) to try again
2019-08-08 18:45:23,578	INFO -- Cluster was not stable, waiting for retry window (24 seconds) to try again
2019-08-08 18:45:48,243	INFO -- Cluster was not stable, waiting for retry window (24 seconds) to try again
2019-08-08 18:46:12,886	INFO -- Cluster was not stable, waiting for retry window (24 seconds) to try again
2019-08-08 18:46:37,535	INFO -- Cluster was not stable, waiting for retry window (24 seconds) to try again
2019-08-08 18:47:01,848	INFO -- Cluster was not stable, waiting for retry window (24 seconds) to try again
2019-08-08 18:47:26,215	INFO -- Cluster was not stable, waiting for retry window (24 seconds) to try again
2019-08-08 18:47:50,535	INFO -- Cluster was not stable, waiting for retry window (24 seconds) to try again
2019-08-08 18:48:14,878	INFO -- Cluster was not stable, waiting for retry window (24 seconds) to try again
2019-08-08 18:48:39,199	INFO -- Cluster was not stable, waiting for retry window (24 seconds) to try again
2019-08-08 18:49:03,522	INFO -- Cluster was not stable, waiting for retry window (24 seconds) to try again
2019-08-08 18:49:27,854	INFO -- Cluster was not stable, waiting for retry window (24 seconds) to try again
2019-08-08 18:49:52,180	INFO -- Cluster was not stable, waiting for retry window (24 seconds) to try again
2019-08-08 18:50:23,438	INFO -- Cluster was not stable, waiting for retry window (24 seconds) to try again
2019-08-08 18:50:48,057	INFO -- Cluster was not stable, waiting for retry window (24 seconds) to try again
2019-08-08 18:51:12,778	INFO -- Cluster was stable for 240 seconds till 2019-08-08 18:51:12.082109, calculating best transition
2019-08-08 18:51:13,526	INFO -- Execution was added to the knowledge base with load: 9706.12687608656
2019-08-08 18:51:14,077	INFO -- No node could be shutdown for improvement, because all the resources are needed
2019-08-08 18:51:14,232	INFO -- Costs for all options: current= 0.3350131881713867, removal= inf, old_best= 0.33501318817138676
2019-08-08 18:51:14,232	INFO -- Update step finished: 2019-08-08 18:51:14.232388
2019-08-08 18:51:14,232	INFO -- Current scores
                 Not stable: 0
                 All nodes full: 0
                 Migration correct: 0 wrong: 1 chance blocked: 6
                 Node removal correct: 0 wrong: 0
                 Old state correct: 0 wrong: 0
2019-08-08 18:51:14,232	INFO -- Going to sleep for 240 seconds
2019-08-08 18:55:14,333	INFO -- Time for an update_step iteration! 2019-08-08 18:55:14.333173
2019-08-08 18:55:14,944	INFO -- Cluster was stable for 240 seconds till 2019-08-08 18:55:14.333502, calculating best transition
2019-08-08 18:55:15,695	INFO -- Execution was added to the knowledge base with load: 10464.684444444447
2019-08-08 18:55:16,177	INFO -- No node could be shutdown for improvement, because all the resources are needed
2019-08-08 18:55:16,454	INFO -- Costs for all options: current= 0.3350131881713867, removal= inf, old_best= 0.33501318817138676
2019-08-08 18:55:16,455	INFO -- Staying with current execution, but randomly changing one random pod
2019-08-08 18:55:16,865	INFO -- All nodes to full to do random move
2019-08-08 18:55:16,866	INFO -- Update step finished: 2019-08-08 18:55:16.866277
2019-08-08 18:55:16,866	INFO -- Current scores
                 Not stable: 0
                 All nodes full: 1
                 Migration correct: 0 wrong: 1 chance blocked: 6
                 Node removal correct: 0 wrong: 0
                 Old state correct: 0 wrong: 0
2019-08-08 18:55:16,866	INFO -- Going to sleep for 240 seconds
2019-08-08 18:59:16,965	INFO -- Time for an update_step iteration! 2019-08-08 18:59:16.965377
2019-08-08 18:59:17,645	INFO -- Cluster was not stable, waiting for retry window (24 seconds) to try again
2019-08-08 18:59:42,276	INFO -- Cluster was not stable, waiting for retry window (24 seconds) to try again
2019-08-08 19:00:06,903	INFO -- Cluster was not stable, waiting for retry window (24 seconds) to try again
2019-08-08 19:00:31,528	INFO -- Cluster was not stable, waiting for retry window (24 seconds) to try again
2019-08-08 19:01:15,707	INFO -- Cluster was stable for 240 seconds till 2019-08-08 19:00:55.543935, calculating best transition
2019-08-08 19:01:16,436	INFO -- Execution was added to the knowledge base with load: 10226.951774605886
2019-08-08 19:01:16,913	INFO -- No node could be shutdown for improvement, because all the resources are needed
2019-08-08 19:01:18,002	INFO -- Costs for all options: current= 0.3350131881713867, removal= inf, old_best= 0.33501318817138676
2019-08-08 19:01:18,003	INFO -- Update step finished: 2019-08-08 19:01:18.003128
2019-08-08 19:01:18,003	INFO -- Current scores
                 Not stable: 0
                 All nodes full: 1
                 Migration correct: 0 wrong: 1 chance blocked: 7
                 Node removal correct: 0 wrong: 0
                 Old state correct: 0 wrong: 0
2019-08-08 19:01:18,003	INFO -- Going to sleep for 240 seconds
2019-08-08 19:05:18,093	INFO -- Time for an update_step iteration! 2019-08-08 19:05:18.093302
2019-08-08 19:05:18,454	INFO -- Cluster was not stable, waiting for retry window (24 seconds) to try again
2019-08-08 19:05:42,806	INFO -- Cluster was not stable, waiting for retry window (24 seconds) to try again
2019-08-08 19:06:07,161	INFO -- Cluster was not stable, waiting for retry window (24 seconds) to try again
2019-08-08 19:06:31,508	INFO -- Cluster was not stable, waiting for retry window (24 seconds) to try again
2019-08-08 19:06:55,813	INFO -- Cluster was not stable, waiting for retry window (24 seconds) to try again
2019-08-08 19:07:20,391	INFO -- Cluster was stable for 240 seconds till 2019-08-08 19:07:19.835860, calculating best transition
2019-08-08 19:07:21,158	INFO -- Execution was added to the knowledge base with load: 10537.611154926088
2019-08-08 19:07:21,676	INFO -- No node could be shutdown for improvement, because all the resources are needed
2019-08-08 19:07:22,096	INFO -- Costs for all options: current= 0.418766463470459, removal= inf, old_best= 0.33501318817138676
2019-08-08 19:07:22,096	INFO -- Changing to old_best_execution found in time: 2019-08-08 18:51:14.333000
2019-08-08 19:07:23,112	INFO -- Deleting pod: php-apache-5f657688bc-4kwxs
2019-08-08 19:07:35,262	INFO -- Deletion pod: php-apache-5f657688bc-4kwxs successful
2019-08-08 19:07:35,944	INFO -- Deleting pod: php-apache-5f657688bc-5gtql
2019-08-08 19:07:55,194	INFO -- Deletion pod: php-apache-5f657688bc-5gtql successful
2019-08-08 19:07:55,528	INFO -- went wrong: <class 'SmartKubernetesSchedular.enforcer.PodHasScaledWhileEnforcingException'>
2019-08-08 19:07:55,528	INFO -- Update step finished: 2019-08-08 19:07:55.528523
2019-08-08 19:07:55,528	INFO -- Current scores
                 Not stable: 0
                 All nodes full: 1
                 Migration correct: 0 wrong: 1 chance blocked: 7
                 Node removal correct: 0 wrong: 0
                 Old state correct: 0 wrong: 1
2019-08-08 19:07:55,528	INFO -- Going to sleep for 240 seconds
2019-08-08 19:11:55,629	INFO -- Time for an update_step iteration! 2019-08-08 19:11:55.629020
2019-08-08 19:11:56,212	INFO -- Cluster was not stable, waiting for retry window (24 seconds) to try again
2019-08-08 19:12:20,838	INFO -- Cluster was not stable, waiting for retry window (24 seconds) to try again
2019-08-08 19:12:45,453	INFO -- Cluster was not stable, waiting for retry window (24 seconds) to try again
2019-08-08 19:13:10,099	INFO -- Cluster was not stable, waiting for retry window (24 seconds) to try again
2019-08-08 19:13:34,690	INFO -- Cluster was not stable, waiting for retry window (24 seconds) to try again
2019-08-08 19:13:59,344	INFO -- Cluster was stable for 240 seconds till 2019-08-08 19:13:58.714725, calculating best transition
2019-08-08 19:14:00,043	INFO -- Execution was added to the knowledge base with load: 9846.608323152557
2019-08-08 19:14:00,816	INFO -- Costs for all options: current= 0.418766463470459, removal= 0.3350131881713867, old_best= 0.3350131881713867
2019-08-08 19:14:00,817	INFO -- Removing node: gke-demo-cluster-1-default-pool-6f471531-pk09
2019-08-08 19:14:01,597	INFO -- moving: php-apache-5f657688bc-rg77s to gke-demo-cluster-1-default-pool-6f471531-v7qx using deployment name: php-apache
2019-08-08 19:14:04,446	INFO -- pod php-apache-5f657688bc-rg77s is deleted
2019-08-08 19:14:04,714	INFO -- Movement succeeded
2019-08-08 19:14:05,592	INFO -- moving: php-apache-5f657688bc-wr2hv to gke-demo-cluster-1-default-pool-6f471531-v7qx using deployment name: php-apache
2019-08-08 19:14:08,524	INFO -- pod php-apache-5f657688bc-wr2hv is deleted
2019-08-08 19:14:08,778	INFO -- Movement succeeded
2019-08-08 19:14:09,597	INFO -- NODE_REMOVAL=gke-demo-cluster-1-default-pool-6f471531-pk09
2019-08-08 19:14:09,597	INFO -- went correct
2019-08-08 19:14:09,598	INFO -- Update step finished: 2019-08-08 19:14:09.598100
2019-08-08 19:14:09,598	INFO -- Current scores
                 Not stable: 0
                 All nodes full: 1
                 Migration correct: 0 wrong: 1 chance blocked: 7
                 Node removal correct: 1 wrong: 0
                 Old state correct: 0 wrong: 1
2019-08-08 19:14:09,598	INFO -- Going to sleep for 240 seconds
2019-08-08 19:18:09,697	INFO -- Time for an update_step iteration! 2019-08-08 19:18:09.697145
2019-08-08 19:18:10,325	INFO -- Cluster was not stable, waiting for retry window (24 seconds) to try again
2019-08-08 19:18:34,666	INFO -- Cluster was not stable, waiting for retry window (24 seconds) to try again
2019-08-08 19:18:58,967	INFO -- Cluster was not stable, waiting for retry window (24 seconds) to try again
2019-08-08 19:19:23,289	INFO -- Cluster was not stable, waiting for retry window (24 seconds) to try again
2019-08-08 19:19:47,613	INFO -- Cluster was not stable, waiting for retry window (24 seconds) to try again
2019-08-08 19:20:11,901	INFO -- Cluster was not stable, waiting for retry window (24 seconds) to try again
2019-08-08 19:20:36,213	INFO -- Cluster was not stable, waiting for retry window (24 seconds) to try again
2019-08-08 19:21:00,573	INFO -- Cluster was not stable, waiting for retry window (24 seconds) to try again
2019-08-08 19:21:24,880	INFO -- Cluster was not stable, waiting for retry window (24 seconds) to try again
2019-08-08 19:21:49,199	INFO -- Cluster was not stable, waiting for retry window (24 seconds) to try again
2019-08-08 19:22:13,519	INFO -- Cluster was not stable, waiting for retry window (24 seconds) to try again
2019-08-08 19:22:38,151	INFO -- Cluster was stable for 240 seconds till 2019-08-08 19:22:37.541160, calculating best transition
2019-08-08 19:22:39,321	INFO -- Execution was added to the knowledge base with load: 10288.862056615288
2019-08-08 19:22:39,647	INFO -- No node could be shutdown for improvement, because all the resources are needed
2019-08-08 19:22:40,151	INFO -- Costs for all options: current= 0.3350131881713867, removal= inf, old_best= 0.3350131881713867
2019-08-08 19:22:40,151	INFO -- Staying with current execution, but randomly changing one random pod
2019-08-08 19:22:41,135	INFO -- moving: php-apache-5f657688bc-7zbmx to gke-demo-cluster-1-default-pool-6f471531-v7qx using deployment name: php-apache
2019-08-08 19:22:47,054	INFO -- pod php-apache-5f657688bc-7zbmx is deleted
2019-08-08 19:22:47,312	INFO -- Movement succeeded
2019-08-08 19:22:48,114	INFO -- went correct
2019-08-08 19:22:48,115	INFO -- Update step finished: 2019-08-08 19:22:48.115140
2019-08-08 19:22:48,115	INFO -- Current scores
                 Not stable: 0
                 All nodes full: 1
                 Migration correct: 1 wrong: 1 chance blocked: 7
                 Node removal correct: 1 wrong: 0
                 Old state correct: 0 wrong: 1
2019-08-08 19:22:48,115	INFO -- Going to sleep for 240 seconds
2019-08-08 19:26:48,185	INFO -- Time for an update_step iteration! 2019-08-08 19:26:48.185180
2019-08-08 19:26:48,782	INFO -- Cluster was not stable, waiting for retry window (24 seconds) to try again
2019-08-08 19:27:13,400	INFO -- Cluster was stable for 240 seconds till 2019-08-08 19:27:12.807335, calculating best transition
2019-08-08 19:27:14,041	INFO -- Execution was added to the knowledge base with load: 10195.786002441506
2019-08-08 19:27:14,449	INFO -- No node could be shutdown for improvement, because all the resources are needed
2019-08-08 19:27:15,025	INFO -- Costs for all options: current= 0.3350131881713867, removal= inf, old_best= 0.33501318817138676
2019-08-08 19:27:15,025	INFO -- Staying with current execution, but randomly changing one random pod
2019-08-08 19:27:16,109	INFO -- moving: php-apache-5f657688bc-2xqkj to gke-demo-cluster-1-default-pool-6f471531-v7qx using deployment name: php-apache
2019-08-08 19:27:27,084	INFO -- pod php-apache-5f657688bc-2xqkj is deleted
2019-08-08 19:27:27,362	INFO -- Movement succeeded
2019-08-08 19:27:28,191	INFO -- went correct
2019-08-08 19:27:28,192	INFO -- Update step finished: 2019-08-08 19:27:28.192309
2019-08-08 19:27:28,192	INFO -- Current scores
                 Not stable: 0
                 All nodes full: 1
                 Migration correct: 2 wrong: 1 chance blocked: 7
                 Node removal correct: 1 wrong: 0
                 Old state correct: 0 wrong: 1
2019-08-08 19:27:28,193	INFO -- Going to sleep for 240 seconds
2019-08-08 19:31:28,201	INFO -- Time for an update_step iteration! 2019-08-08 19:31:28.201722
2019-08-08 19:31:28,775	INFO -- Cluster was not stable, waiting for retry window (24 seconds) to try again
2019-08-08 19:31:53,396	INFO -- Cluster was not stable, waiting for retry window (24 seconds) to try again
2019-08-08 19:32:18,005	INFO -- Cluster was not stable, waiting for retry window (24 seconds) to try again
2019-08-08 19:32:42,599	INFO -- Cluster was not stable, waiting for retry window (24 seconds) to try again
2019-08-08 19:33:07,220	INFO -- Cluster was not stable, waiting for retry window (24 seconds) to try again
2019-08-08 19:33:31,825	INFO -- Cluster was not stable, waiting for retry window (24 seconds) to try again
2019-08-08 19:33:56,435	INFO -- Cluster was not stable, waiting for retry window (24 seconds) to try again
2019-08-08 19:34:21,019	INFO -- Cluster was not stable, waiting for retry window (24 seconds) to try again
2019-08-08 19:34:45,643	INFO -- Cluster was not stable, waiting for retry window (24 seconds) to try again
2019-08-08 19:35:10,277	INFO -- Cluster was not stable, waiting for retry window (24 seconds) to try again
2019-08-08 19:35:34,882	INFO -- Cluster was not stable, waiting for retry window (24 seconds) to try again
2019-08-08 19:35:59,542	INFO -- Cluster was not stable, waiting for retry window (24 seconds) to try again
2019-08-08 19:36:24,167	INFO -- Cluster was not stable, waiting for retry window (24 seconds) to try again
2019-08-08 19:36:48,751	INFO -- Cluster was not stable, waiting for retry window (24 seconds) to try again
2019-08-08 19:37:13,354	INFO -- Cluster was not stable, waiting for retry window (24 seconds) to try again
2019-08-08 19:37:37,978	INFO -- Cluster was not stable, waiting for retry window (24 seconds) to try again
2019-08-08 19:38:02,591	INFO -- Cluster was not stable, waiting for retry window (24 seconds) to try again
2019-08-08 19:38:27,202	INFO -- Cluster was not stable, waiting for retry window (24 seconds) to try again
2019-08-08 19:38:51,807	INFO -- Cluster was not stable, waiting for retry window (24 seconds) to try again
2019-08-08 19:39:16,399	INFO -- Cluster was not stable, waiting for retry window (24 seconds) to try again
2019-08-08 19:39:41,047	INFO -- Cluster was not stable, waiting for retry window (24 seconds) to try again
2019-08-08 19:40:05,644	INFO -- Cluster was not stable, waiting for retry window (24 seconds) to try again
2019-08-08 19:40:30,241	INFO -- Cluster was stable for 240 seconds till 2019-08-08 19:40:29.669445, calculating best transition
2019-08-08 19:40:30,803	INFO -- Execution was added to the knowledge base with load: 2951.81607909303
2019-08-08 19:40:32,085	INFO -- Costs for all options: current= 0.3350131881713867, removal= 0.2512598838806152, old_best= 0.25125988388061526
2019-08-08 19:40:32,085	INFO -- Removing node: gke-demo-cluster-1-default-pool-6f471531-v7qx
2019-08-08 19:40:32,714	INFO -- moving: php-apache-5f657688bc-527v8 to gke-demo-cluster-1-default-pool-6f471531-16jt using deployment name: php-apache
2019-08-08 19:40:35,308	INFO -- pod php-apache-5f657688bc-527v8 is deleted
2019-08-08 19:40:35,545	INFO -- Movement succeeded
2019-08-08 19:40:36,315	INFO -- moving: php-apache-5f657688bc-xg76b to gke-demo-cluster-1-default-pool-6f471531-16jt using deployment name: php-apache
2019-08-08 19:40:46,511	INFO -- pod php-apache-5f657688bc-xg76b is deleted
2019-08-08 19:40:46,806	INFO -- Movement succeeded
2019-08-08 19:40:47,664	INFO -- NODE_REMOVAL=gke-demo-cluster-1-default-pool-6f471531-v7qx
2019-08-08 19:40:47,664	INFO -- went correct
2019-08-08 19:40:47,664	INFO -- Update step finished: 2019-08-08 19:40:47.664723
2019-08-08 19:40:47,664	INFO -- Current scores
                 Not stable: 0
                 All nodes full: 1
                 Migration correct: 2 wrong: 1 chance blocked: 7
                 Node removal correct: 2 wrong: 0
                 Old state correct: 0 wrong: 1
2019-08-08 19:40:47,665	INFO -- Going to sleep for 240 seconds
2019-08-08 19:44:47,765	INFO -- Time for an update_step iteration! 2019-08-08 19:44:47.765624
2019-08-08 19:44:48,341	INFO -- Cluster was not stable, waiting for retry window (24 seconds) to try again
2019-08-08 19:45:12,945	INFO -- Cluster was not stable, waiting for retry window (24 seconds) to try again
2019-08-08 19:45:37,598	INFO -- Cluster was not stable, waiting for retry window (24 seconds) to try again
2019-08-08 19:46:02,295	INFO -- Cluster was not stable, waiting for retry window (24 seconds) to try again
2019-08-08 19:46:26,895	INFO -- Cluster was not stable, waiting for retry window (24 seconds) to try again
2019-08-08 19:46:51,223	INFO -- Cluster was not stable, waiting for retry window (24 seconds) to try again
2019-08-08 19:47:15,542	INFO -- Cluster was not stable, waiting for retry window (24 seconds) to try again
2019-08-08 19:47:39,872	INFO -- Cluster was not stable, waiting for retry window (24 seconds) to try again
2019-08-08 19:48:04,182	INFO -- Cluster was not stable, waiting for retry window (24 seconds) to try again
2019-08-08 19:48:28,481	INFO -- Cluster was not stable, waiting for retry window (24 seconds) to try again
2019-08-08 19:48:52,786	INFO -- Cluster was not stable, waiting for retry window (24 seconds) to try again
2019-08-08 19:49:17,095	INFO -- Cluster was not stable, waiting for retry window (24 seconds) to try again
2019-08-08 19:49:41,421	INFO -- Cluster was not stable, waiting for retry window (24 seconds) to try again
2019-08-08 19:50:05,707	INFO -- Cluster was not stable, waiting for retry window (24 seconds) to try again
2019-08-08 19:50:30,310	INFO -- Cluster was not stable, waiting for retry window (24 seconds) to try again
2019-08-08 19:50:54,923	INFO -- Cluster was stable for 240 seconds till 2019-08-08 19:50:54.335476, calculating best transition
2019-08-08 19:50:55,495	INFO -- Execution was added to the knowledge base with load: 2990.1714457867597
2019-08-08 19:50:55,959	INFO -- No node could be shutdown for improvement, because all nodes have a statefull set
2019-08-08 19:50:57,015	INFO -- Costs for all options: current= 0.2512598838806152, removal= inf, old_best= 0.25125988388061526
2019-08-08 19:50:57,015	INFO -- Staying with current execution, but randomly changing one random pod
2019-08-08 19:50:57,936	INFO -- moving: php-apache-5f657688bc-7zlvt to gke-demo-cluster-1-default-pool-6f471531-16jt using deployment name: php-apache
2019-08-08 19:51:01,576	INFO -- pod php-apache-5f657688bc-7zlvt is deleted
2019-08-08 19:51:01,827	INFO -- Movement succeeded
2019-08-08 19:51:02,613	INFO -- went correct
2019-08-08 19:51:02,614	INFO -- Update step finished: 2019-08-08 19:51:02.614327
2019-08-08 19:51:02,614	INFO -- Current scores
                 Not stable: 0
                 All nodes full: 1
                 Migration correct: 3 wrong: 1 chance blocked: 7
                 Node removal correct: 2 wrong: 0
                 Old state correct: 0 wrong: 1
2019-08-08 19:51:02,614	INFO -- Going to sleep for 240 seconds
2019-08-08 19:55:02,714	INFO -- Time for an update_step iteration! 2019-08-08 19:55:02.714782
2019-08-08 19:55:03,280	INFO -- Cluster was stable for 240 seconds till 2019-08-08 19:55:02.715324, calculating best transition
2019-08-08 19:55:03,761	INFO -- Execution was added to the knowledge base with load: 3077.0044444444443
2019-08-08 19:55:04,072	INFO -- No node could be shutdown for improvement, because all nodes have a statefull set
2019-08-08 19:55:05,226	INFO -- Costs for all options: current= 0.2512598838806152, removal= inf, old_best= 0.25125988388061526
2019-08-08 19:55:05,226	INFO -- Staying with current execution, but randomly changing one random pod
2019-08-08 19:55:05,993	INFO -- moving: php-apache-5f657688bc-fb99m to gke-demo-cluster-1-default-pool-6f471531-5n82 using deployment name: php-apache
2019-08-08 19:55:17,052	INFO -- pod php-apache-5f657688bc-fb99m is deleted
2019-08-08 19:55:17,260	INFO -- Movement succeeded
2019-08-08 19:55:17,962	INFO -- went correct
2019-08-08 19:55:17,962	INFO -- Update step finished: 2019-08-08 19:55:17.962863
2019-08-08 19:55:17,963	INFO -- Current scores
                 Not stable: 0
                 All nodes full: 1
                 Migration correct: 4 wrong: 1 chance blocked: 7
                 Node removal correct: 2 wrong: 0
                 Old state correct: 0 wrong: 1
2019-08-08 19:55:17,964	INFO -- Going to sleep for 240 seconds
2019-08-08 19:59:18,044	INFO -- Time for an update_step iteration! 2019-08-08 19:59:18.044248
2019-08-08 19:59:18,629	INFO -- Cluster was not stable, waiting for retry window (24 seconds) to try again
2019-08-08 19:59:43,223	INFO -- Cluster was stable for 240 seconds till 2019-08-08 19:59:42.654132, calculating best transition
2019-08-08 19:59:43,705	INFO -- Execution was added to the knowledge base with load: 3017.6695405555556
2019-08-08 19:59:44,022	INFO -- No node could be shutdown for improvement, because all nodes have a statefull set
2019-08-08 19:59:45,373	INFO -- Costs for all options: current= 0.2512598838806152, removal= inf, old_best= 0.25125988388061526
2019-08-08 19:59:45,374	INFO -- Update step finished: 2019-08-08 19:59:45.374640
2019-08-08 19:59:45,375	INFO -- Current scores
                 Not stable: 0
                 All nodes full: 1
                 Migration correct: 4 wrong: 1 chance blocked: 8
                 Node removal correct: 2 wrong: 0
                 Old state correct: 0 wrong: 1
2019-08-08 19:59:45,375	INFO -- Going to sleep for 240 seconds
2019-08-08 20:03:45,476	INFO -- Time for an update_step iteration! 2019-08-08 20:03:45.476394
2019-08-08 20:03:46,071	INFO -- Cluster was stable for 240 seconds till 2019-08-08 20:03:45.477255, calculating best transition
2019-08-08 20:03:46,568	INFO -- Execution was added to the knowledge base with load: 3032.506666666666
2019-08-08 20:03:46,820	INFO -- No node could be shutdown for improvement, because all nodes have a statefull set
2019-08-08 20:03:48,256	INFO -- Costs for all options: current= 0.2512598838806152, removal= inf, old_best= 0.25125988388061526
2019-08-08 20:03:48,257	INFO -- Update step finished: 2019-08-08 20:03:48.257590
2019-08-08 20:03:48,258	INFO -- Current scores
                 Not stable: 0
                 All nodes full: 1
                 Migration correct: 4 wrong: 1 chance blocked: 9
                 Node removal correct: 2 wrong: 0
                 Old state correct: 0 wrong: 1
2019-08-08 20:03:48,258	INFO -- Going to sleep for 240 seconds
2019-08-08 20:07:48,359	INFO -- Time for an update_step iteration! 2019-08-08 20:07:48.359446
2019-08-08 20:07:48,945	INFO -- Cluster was stable for 240 seconds till 2019-08-08 20:07:48.360258, calculating best transition
2019-08-08 20:07:49,423	INFO -- Execution was added to the knowledge base with load: 3055.4755555555553
2019-08-08 20:07:49,755	INFO -- No node could be shutdown for improvement, because all nodes have a statefull set
2019-08-08 20:07:51,343	INFO -- Costs for all options: current= 0.2512598838806152, removal= inf, old_best= 0.25125988388061526
2019-08-08 20:07:51,344	INFO -- Update step finished: 2019-08-08 20:07:51.344095
2019-08-08 20:07:51,344	INFO -- Current scores
                 Not stable: 0
                 All nodes full: 1
                 Migration correct: 4 wrong: 1 chance blocked: 10
                 Node removal correct: 2 wrong: 0
                 Old state correct: 0 wrong: 1
2019-08-08 20:07:51,345	INFO -- Going to sleep for 240 seconds
2019-08-08 20:11:51,445	INFO -- Time for an update_step iteration! 2019-08-08 20:11:51.445794
2019-08-08 20:11:52,045	INFO -- Cluster was not stable, waiting for retry window (24 seconds) to try again
2019-08-08 20:12:16,752	INFO -- Cluster was not stable, waiting for retry window (24 seconds) to try again
2019-08-08 20:12:41,375	INFO -- Cluster was not stable, waiting for retry window (24 seconds) to try again
2019-08-08 20:13:05,991	INFO -- Cluster was not stable, waiting for retry window (24 seconds) to try again
2019-08-08 20:13:30,585	INFO -- Cluster was not stable, waiting for retry window (24 seconds) to try again
2019-08-08 20:13:55,438	INFO -- Cluster was not stable, waiting for retry window (24 seconds) to try again
2019-08-08 20:14:20,062	INFO -- Cluster was not stable, waiting for retry window (24 seconds) to try again
2019-08-08 20:14:44,750	INFO -- Cluster was not stable, waiting for retry window (24 seconds) to try again
2019-08-08 20:15:09,492	INFO -- Cluster was not stable, waiting for retry window (24 seconds) to try again
2019-08-08 20:15:34,128	INFO -- Cluster was not stable, waiting for retry window (24 seconds) to try again
2019-08-08 20:15:58,710	INFO -- Cluster was not stable, waiting for retry window (24 seconds) to try again
2019-08-08 20:16:23,054	INFO -- Cluster was not stable, waiting for retry window (24 seconds) to try again
2019-08-08 20:16:47,451	INFO -- Cluster was not stable, waiting for retry window (24 seconds) to try again
2019-08-08 20:17:11,754	INFO -- Cluster was not stable, waiting for retry window (24 seconds) to try again
2019-08-08 20:17:36,079	INFO -- Cluster was not stable, waiting for retry window (24 seconds) to try again
2019-08-08 20:18:00,409	INFO -- Cluster was not stable, waiting for retry window (24 seconds) to try again
2019-08-08 20:18:24,829	INFO -- Cluster was not stable, waiting for retry window (24 seconds) to try again
2019-08-08 20:18:49,163	INFO -- Cluster was not stable, waiting for retry window (24 seconds) to try again
2019-08-08 20:19:13,499	INFO -- Cluster was not stable, waiting for retry window (24 seconds) to try again
2019-08-08 20:19:37,850	INFO -- Cluster was not stable, waiting for retry window (24 seconds) to try again
2019-08-08 20:20:02,496	INFO -- Cluster was not stable, waiting for retry window (24 seconds) to try again
2019-08-08 20:20:27,107	INFO -- Cluster was stable for 240 seconds till 2019-08-08 20:20:26.521068, calculating best transition
2019-08-08 20:20:27,804	INFO -- Execution was added to the knowledge base with load: 8834.799574087005
2019-08-08 20:20:28,287	INFO -- No node could be shutdown for improvement, because all the resources are needed
2019-08-08 20:20:28,582	INFO -- Costs for all options: current= 0.33501318817138676, removal= inf, old_best= 0.33501318817138676
2019-08-08 20:20:28,582	INFO -- Update step finished: 2019-08-08 20:20:28.582638
2019-08-08 20:20:28,582	INFO -- Current scores
                 Not stable: 0
                 All nodes full: 1
                 Migration correct: 4 wrong: 1 chance blocked: 11
                 Node removal correct: 2 wrong: 0
                 Old state correct: 0 wrong: 1
2019-08-08 20:20:28,583	INFO -- Going to sleep for 240 seconds
2019-08-08 20:24:28,683	INFO -- Time for an update_step iteration! 2019-08-08 20:24:28.683513
2019-08-08 20:24:29,358	INFO -- Cluster was stable for 240 seconds till 2019-08-08 20:24:28.683901, calculating best transition
2019-08-08 20:24:30,715	INFO -- Execution was added to the knowledge base with load: 10332.889075339157
2019-08-08 20:24:31,155	INFO -- No node could be shutdown for improvement, because all the resources are needed
2019-08-08 20:24:31,919	INFO -- Costs for all options: current= 0.33501318817138676, removal= inf, old_best= 0.33501318817138676
2019-08-08 20:24:31,919	INFO -- Update step finished: 2019-08-08 20:24:31.919949
2019-08-08 20:24:31,920	INFO -- Current scores
                 Not stable: 0
                 All nodes full: 1
                 Migration correct: 4 wrong: 1 chance blocked: 12
                 Node removal correct: 2 wrong: 0
                 Old state correct: 0 wrong: 1
2019-08-08 20:24:31,920	INFO -- Going to sleep for 240 seconds
2019-08-08 20:28:32,021	INFO -- Time for an update_step iteration! 2019-08-08 20:28:32.021025
2019-08-08 20:28:32,594	INFO -- Cluster was stable for 240 seconds till 2019-08-08 20:28:32.021394, calculating best transition
2019-08-08 20:28:33,333	INFO -- Execution was added to the knowledge base with load: 10272.086446857847
2019-08-08 20:28:33,779	INFO -- No node could be shutdown for improvement, because all the resources are needed
2019-08-08 20:28:34,731	INFO -- Costs for all options: current= 0.33501318817138676, removal= inf, old_best= 0.33501318817138676
2019-08-08 20:28:34,731	INFO -- Update step finished: 2019-08-08 20:28:34.731888
2019-08-08 20:28:34,732	INFO -- Current scores
                 Not stable: 0
                 All nodes full: 1
                 Migration correct: 4 wrong: 1 chance blocked: 13
                 Node removal correct: 2 wrong: 0
                 Old state correct: 0 wrong: 1
2019-08-08 20:28:34,732	INFO -- Going to sleep for 240 seconds
2019-08-08 20:32:34,829	INFO -- Time for an update_step iteration! 2019-08-08 20:32:34.829655
2019-08-08 20:32:35,496	INFO -- Cluster was stable for 240 seconds till 2019-08-08 20:32:34.830062, calculating best transition
2019-08-08 20:32:36,187	INFO -- Execution was added to the knowledge base with load: 10119.857522785785
2019-08-08 20:32:36,695	INFO -- No node could be shutdown for improvement, because all the resources are needed
2019-08-08 20:32:37,716	INFO -- Costs for all options: current= 0.33501318817138676, removal= inf, old_best= 0.33501318817138676
2019-08-08 20:32:37,716	INFO -- Staying with current execution, but randomly changing one random pod
2019-08-08 20:32:39,009	INFO -- moving: php-apache-5f657688bc-flqtw to gke-demo-cluster-1-default-pool-6f471531-2zhc using deployment name: php-apache
2019-08-08 20:32:47,066	INFO -- pod php-apache-5f657688bc-flqtw is deleted
2019-08-08 20:32:47,418	INFO -- Movement succeeded
2019-08-08 20:32:48,304	INFO -- went correct
2019-08-08 20:32:48,305	INFO -- Update step finished: 2019-08-08 20:32:48.305329
2019-08-08 20:32:48,305	INFO -- Current scores
                 Not stable: 0
                 All nodes full: 1
                 Migration correct: 5 wrong: 1 chance blocked: 13
                 Node removal correct: 2 wrong: 0
                 Old state correct: 0 wrong: 1
2019-08-08 20:32:48,305	INFO -- Going to sleep for 240 seconds
2019-08-08 20:36:48,405	INFO -- Time for an update_step iteration! 2019-08-08 20:36:48.405144
2019-08-08 20:36:49,028	INFO -- Cluster was not stable, waiting for retry window (24 seconds) to try again
2019-08-08 20:37:13,630	INFO -- Cluster was stable for 240 seconds till 2019-08-08 20:37:13.044043, calculating best transition
2019-08-08 20:37:14,276	INFO -- Execution was added to the knowledge base with load: 10329.887701188705
2019-08-08 20:37:14,675	INFO -- No node could be shutdown for improvement, because all the resources are needed
2019-08-08 20:37:15,870	INFO -- Costs for all options: current= 0.33501318817138676, removal= inf, old_best= 0.33501318817138676
2019-08-08 20:37:15,870	INFO -- Staying with current execution, but randomly changing one random pod
2019-08-08 20:37:16,997	INFO -- moving: php-apache-5f657688bc-2qkxs to gke-demo-cluster-1-default-pool-6f471531-2zhc using deployment name: php-apache
2019-08-08 20:37:27,113	INFO -- pod php-apache-5f657688bc-2qkxs is deleted
2019-08-08 20:37:27,415	INFO -- Movement succeeded
2019-08-08 20:37:28,308	INFO -- went correct
2019-08-08 20:37:28,308	INFO -- Update step finished: 2019-08-08 20:37:28.308732
2019-08-08 20:37:28,309	INFO -- Current scores
                 Not stable: 0
                 All nodes full: 1
                 Migration correct: 6 wrong: 1 chance blocked: 13
                 Node removal correct: 2 wrong: 0
                 Old state correct: 0 wrong: 1
2019-08-08 20:37:28,309	INFO -- Going to sleep for 240 seconds
2019-08-08 20:41:28,333	INFO -- Time for an update_step iteration! 2019-08-08 20:41:28.333384
2019-08-08 20:41:28,995	INFO -- Cluster was not stable, waiting for retry window (24 seconds) to try again
2019-08-08 20:41:53,699	INFO -- Cluster was stable for 240 seconds till 2019-08-08 20:41:53.019875, calculating best transition
2019-08-08 20:41:54,369	INFO -- Execution was added to the knowledge base with load: 10309.18697602863
2019-08-08 20:41:54,804	INFO -- No node could be shutdown for improvement, because all the resources are needed
2019-08-08 20:41:56,246	INFO -- Costs for all options: current= 0.33501318817138676, removal= inf, old_best= 0.33501318817138676
2019-08-08 20:41:56,246	INFO -- Update step finished: 2019-08-08 20:41:56.246527
2019-08-08 20:41:56,246	INFO -- Current scores
                 Not stable: 0
                 All nodes full: 1
                 Migration correct: 6 wrong: 1 chance blocked: 14
                 Node removal correct: 2 wrong: 0
                 Old state correct: 0 wrong: 1
2019-08-08 20:41:56,247	INFO -- Going to sleep for 240 seconds
2019-08-08 20:45:56,334	INFO -- Time for an update_step iteration! 2019-08-08 20:45:56.334316
2019-08-08 20:45:56,926	INFO -- Cluster was stable for 240 seconds till 2019-08-08 20:45:56.334699, calculating best transition
2019-08-08 20:45:57,583	INFO -- Execution was added to the knowledge base with load: 10271.276010372392
2019-08-08 20:45:57,993	INFO -- No node could be shutdown for improvement, because all the resources are needed
2019-08-08 20:45:59,582	INFO -- Costs for all options: current= 0.33501318817138676, removal= inf, old_best= 0.33501318817138676
2019-08-08 20:45:59,582	INFO -- Staying with current execution, but randomly changing one random pod
2019-08-08 20:46:00,970	INFO -- moving: php-apache-5f657688bc-vl9kj to gke-demo-cluster-1-default-pool-6f471531-16jt using deployment name: php-apache
2019-08-08 20:46:04,560	INFO -- pod php-apache-5f657688bc-vl9kj is deleted
2019-08-08 20:46:04,922	INFO -- Movement succeeded
2019-08-08 20:46:06,032	INFO -- went correct
2019-08-08 20:46:06,033	INFO -- Update step finished: 2019-08-08 20:46:06.033066
2019-08-08 20:46:06,033	INFO -- Current scores
                 Not stable: 0
                 All nodes full: 1
                 Migration correct: 7 wrong: 1 chance blocked: 14
                 Node removal correct: 2 wrong: 0
                 Old state correct: 0 wrong: 1
2019-08-08 20:46:06,033	INFO -- Going to sleep for 240 seconds
2019-08-08 20:50:06,133	INFO -- Time for an update_step iteration! 2019-08-08 20:50:06.133508
2019-08-08 20:50:06,732	INFO -- Cluster was stable for 240 seconds till 2019-08-08 20:50:06.133857, calculating best transition
2019-08-08 20:50:07,443	INFO -- Execution was added to the knowledge base with load: 10237.0269313766
2019-08-08 20:50:07,955	INFO -- No node could be shutdown for improvement, because all the resources are needed
2019-08-08 20:50:09,631	INFO -- Costs for all options: current= 0.33501318817138676, removal= inf, old_best= 0.33501318817138676
2019-08-08 20:50:09,631	INFO -- Update step finished: 2019-08-08 20:50:09.631804
2019-08-08 20:50:09,632	INFO -- Current scores
                 Not stable: 0
                 All nodes full: 1
                 Migration correct: 7 wrong: 1 chance blocked: 15
                 Node removal correct: 2 wrong: 0
                 Old state correct: 0 wrong: 1
2019-08-08 20:50:09,632	INFO -- Going to sleep for 240 seconds
2019-08-08 20:54:09,732	INFO -- Time for an update_step iteration! 2019-08-08 20:54:09.732660
2019-08-08 20:54:10,410	INFO -- Cluster was stable for 240 seconds till 2019-08-08 20:54:09.732987, calculating best transition
2019-08-08 20:54:11,153	INFO -- Execution was added to the knowledge base with load: 10281.933346723981
2019-08-08 20:54:11,678	INFO -- No node could be shutdown for improvement, because all the resources are needed
2019-08-08 20:54:13,485	INFO -- Costs for all options: current= 0.33501318817138676, removal= inf, old_best= 0.33501318817138676
2019-08-08 20:54:13,486	INFO -- Update step finished: 2019-08-08 20:54:13.486155
2019-08-08 20:54:13,486	INFO -- Current scores
                 Not stable: 0
                 All nodes full: 1
                 Migration correct: 7 wrong: 1 chance blocked: 16
                 Node removal correct: 2 wrong: 0
                 Old state correct: 0 wrong: 1
2019-08-08 20:54:13,486	INFO -- Going to sleep for 240 seconds
2019-08-08 20:58:13,587	INFO -- Time for an update_step iteration! 2019-08-08 20:58:13.586914
2019-08-08 20:58:14,183	INFO -- Cluster was stable for 240 seconds till 2019-08-08 20:58:13.587723, calculating best transition
2019-08-08 20:58:15,031	INFO -- Execution was added to the knowledge base with load: 10257.90837825639
2019-08-08 20:58:15,568	INFO -- No node could be shutdown for improvement, because all the resources are needed
2019-08-08 20:58:17,502	INFO -- Costs for all options: current= 0.33501318817138676, removal= inf, old_best= 0.33501318817138676
2019-08-08 20:58:17,503	INFO -- Staying with current execution, but randomly changing one random pod
2019-08-08 20:58:18,695	INFO -- moving: php-apache-5f657688bc-hkxwk to gke-demo-cluster-1-default-pool-6f471531-5n82 using deployment name: php-apache
2019-08-08 20:58:21,629	INFO -- pod php-apache-5f657688bc-hkxwk is deleted
2019-08-08 20:58:21,931	INFO -- Movement succeeded
2019-08-08 20:58:22,871	INFO -- went correct
2019-08-08 20:58:22,872	INFO -- Update step finished: 2019-08-08 20:58:22.872263
2019-08-08 20:58:22,872	INFO -- Current scores
                 Not stable: 0
                 All nodes full: 1
                 Migration correct: 8 wrong: 1 chance blocked: 16
                 Node removal correct: 2 wrong: 0
                 Old state correct: 0 wrong: 1
2019-08-08 20:58:22,872	INFO -- Going to sleep for 240 seconds
2019-08-08 21:02:22,973	INFO -- Time for an update_step iteration! 2019-08-08 21:02:22.973255
2019-08-08 21:02:23,570	INFO -- Cluster was not stable, waiting for retry window (24 seconds) to try again
2019-08-08 21:02:48,230	INFO -- Cluster was not stable, waiting for retry window (24 seconds) to try again
2019-08-08 21:03:12,869	INFO -- Cluster was not stable, waiting for retry window (24 seconds) to try again
2019-08-08 21:03:37,522	INFO -- Cluster was not stable, waiting for retry window (24 seconds) to try again
2019-08-08 21:04:02,224	INFO -- Cluster was not stable, waiting for retry window (24 seconds) to try again
2019-08-08 21:04:26,845	INFO -- Cluster was not stable, waiting for retry window (24 seconds) to try again
2019-08-08 21:04:51,460	INFO -- Cluster was not stable, waiting for retry window (24 seconds) to try again
2019-08-08 21:05:16,098	INFO -- Cluster was not stable, waiting for retry window (24 seconds) to try again
2019-08-08 21:05:40,712	INFO -- Cluster was not stable, waiting for retry window (24 seconds) to try again
2019-08-08 21:06:05,403	INFO -- Cluster was not stable, waiting for retry window (24 seconds) to try again
2019-08-08 21:06:30,072	INFO -- Cluster was not stable, waiting for retry window (24 seconds) to try again
2019-08-08 21:06:54,855	INFO -- Cluster was not stable, waiting for retry window (24 seconds) to try again
2019-08-08 21:07:19,520	INFO -- Cluster was not stable, waiting for retry window (24 seconds) to try again
2019-08-08 21:07:44,208	INFO -- Cluster was not stable, waiting for retry window (24 seconds) to try again
2019-08-08 21:08:08,862	INFO -- Cluster was not stable, waiting for retry window (24 seconds) to try again
2019-08-08 21:08:33,476	INFO -- Cluster was not stable, waiting for retry window (24 seconds) to try again
2019-08-08 21:08:58,156	INFO -- Cluster was not stable, waiting for retry window (24 seconds) to try again
2019-08-08 21:09:22,800	INFO -- Cluster was stable for 240 seconds till 2019-08-08 21:09:22.181336, calculating best transition
2019-08-08 21:09:23,527	INFO -- Execution was added to the knowledge base with load: 2940.602471444751
2019-08-08 21:09:25,764	INFO -- Costs for all options: current= 0.33501318817138676, removal= 0.2512598838806152, old_best= 0.25125988388061526
2019-08-08 21:09:25,764	INFO -- Removing node: gke-demo-cluster-1-default-pool-6f471531-2zhc
2019-08-08 21:09:26,636	INFO -- NODE_REMOVAL=gke-demo-cluster-1-default-pool-6f471531-2zhc
2019-08-08 21:09:26,636	INFO -- went correct
2019-08-08 21:09:26,637	INFO -- Update step finished: 2019-08-08 21:09:26.636993
2019-08-08 21:09:26,637	INFO -- Current scores
                 Not stable: 0
                 All nodes full: 1
                 Migration correct: 8 wrong: 1 chance blocked: 16
                 Node removal correct: 3 wrong: 0
                 Old state correct: 0 wrong: 1
2019-08-08 21:09:26,637	INFO -- Going to sleep for 240 seconds
2019-08-08 21:13:26,738	INFO -- Time for an update_step iteration! 2019-08-08 21:13:26.737996
2019-08-08 21:13:27,040	INFO -- Cluster was not stable, waiting for retry window (24 seconds) to try again
2019-08-08 21:13:51,349	INFO -- Cluster was not stable, waiting for retry window (24 seconds) to try again
2019-08-08 21:14:15,665	INFO -- Cluster was not stable, waiting for retry window (24 seconds) to try again
2019-08-08 21:14:39,983	INFO -- Cluster was not stable, waiting for retry window (24 seconds) to try again
2019-08-08 21:15:04,350	INFO -- Cluster was not stable, waiting for retry window (24 seconds) to try again
2019-08-08 21:15:28,714	INFO -- Cluster was not stable, waiting for retry window (24 seconds) to try again
2019-08-08 21:15:53,048	INFO -- Cluster was not stable, waiting for retry window (24 seconds) to try again
2019-08-08 21:16:17,400	INFO -- Cluster was not stable, waiting for retry window (24 seconds) to try again
2019-08-08 21:16:41,782	INFO -- Cluster was not stable, waiting for retry window (24 seconds) to try again
2019-08-08 21:17:06,384	INFO -- Cluster was not stable, waiting for retry window (24 seconds) to try again
2019-08-08 21:17:30,977	INFO -- Cluster was not stable, waiting for retry window (24 seconds) to try again
2019-08-08 21:17:55,700	INFO -- Cluster was not stable, waiting for retry window (24 seconds) to try again
2019-08-08 21:18:20,397	INFO -- Cluster was not stable, waiting for retry window (24 seconds) to try again
2019-08-08 21:18:45,009	INFO -- Cluster was not stable, waiting for retry window (24 seconds) to try again
2019-08-08 21:19:09,643	INFO -- Cluster was not stable, waiting for retry window (24 seconds) to try again
2019-08-08 21:19:34,271	INFO -- Cluster was not stable, waiting for retry window (24 seconds) to try again
2019-08-08 21:19:58,925	INFO -- Cluster was not stable, waiting for retry window (24 seconds) to try again
2019-08-08 21:20:23,696	INFO -- Cluster was not stable, waiting for retry window (24 seconds) to try again
2019-08-08 21:20:48,482	INFO -- Cluster was stable for 240 seconds till 2019-08-08 21:20:47.721009, calculating best transition
2019-08-08 21:20:49,176	INFO -- Execution was added to the knowledge base with load: 3078.6887312698414
2019-08-08 21:20:49,683	INFO -- No node could be shutdown for improvement, because all nodes have a statefull set
2019-08-08 21:20:51,797	INFO -- Costs for all options: current= 0.2512598838806152, removal= inf, old_best= 0.25125988388061526
2019-08-08 21:20:51,798	INFO -- Update step finished: 2019-08-08 21:20:51.797947
2019-08-08 21:20:51,798	INFO -- Current scores
                 Not stable: 0
                 All nodes full: 1
                 Migration correct: 8 wrong: 1 chance blocked: 17
                 Node removal correct: 3 wrong: 0
                 Old state correct: 0 wrong: 1
2019-08-08 21:20:51,798	INFO -- Going to sleep for 240 seconds
2019-08-08 21:24:51,807	INFO -- Time for an update_step iteration! 2019-08-08 21:24:51.807545
2019-08-08 21:24:52,468	INFO -- Cluster was stable for 240 seconds till 2019-08-08 21:24:51.808275, calculating best transition
2019-08-08 21:24:53,717	INFO -- Execution was added to the knowledge base with load: 3033.1356848104506
2019-08-08 21:24:54,132	INFO -- No node could be shutdown for improvement, because all nodes have a statefull set
2019-08-08 21:24:56,326	INFO -- Costs for all options: current= 0.2512598838806152, removal= inf, old_best= 0.25125988388061526
2019-08-08 21:24:56,327	INFO -- Update step finished: 2019-08-08 21:24:56.327753
2019-08-08 21:24:56,328	INFO -- Current scores
                 Not stable: 0
                 All nodes full: 1
                 Migration correct: 8 wrong: 1 chance blocked: 18
                 Node removal correct: 3 wrong: 0
                 Old state correct: 0 wrong: 1
2019-08-08 21:24:56,329	INFO -- Going to sleep for 240 seconds
2019-08-08 21:28:56,429	INFO -- Time for an update_step iteration! 2019-08-08 21:28:56.429711
2019-08-08 21:28:57,168	INFO -- Cluster was stable for 240 seconds till 2019-08-08 21:28:56.430455, calculating best transition
2019-08-08 21:28:57,845	INFO -- Execution was added to the knowledge base with load: 3089.4201966527257
2019-08-08 21:28:58,349	INFO -- No node could be shutdown for improvement, because all nodes have a statefull set
2019-08-08 21:29:00,619	INFO -- Costs for all options: current= 0.2512598838806152, removal= inf, old_best= 0.25125988388061526
2019-08-08 21:29:00,620	INFO -- Staying with current execution, but randomly changing one random pod
2019-08-08 21:29:01,635	INFO -- moving: php-apache-5f657688bc-djnzp to gke-demo-cluster-1-default-pool-6f471531-5n82 using deployment name: php-apache
2019-08-08 21:29:15,533	INFO -- pod php-apache-5f657688bc-djnzp is deleted
2019-08-08 21:29:15,785	INFO -- Movement succeeded
2019-08-08 21:29:16,606	INFO -- went correct
2019-08-08 21:29:16,607	INFO -- Update step finished: 2019-08-08 21:29:16.607481
2019-08-08 21:29:16,608	INFO -- Current scores
                 Not stable: 0
                 All nodes full: 1
                 Migration correct: 9 wrong: 1 chance blocked: 18
                 Node removal correct: 3 wrong: 0
                 Old state correct: 0 wrong: 1
2019-08-08 21:29:16,608	INFO -- Going to sleep for 240 seconds
2019-08-08 21:33:16,621	INFO -- Time for an update_step iteration! 2019-08-08 21:33:16.621226
2019-08-08 21:33:17,280	INFO -- Cluster was not stable, waiting for retry window (24 seconds) to try again
2019-08-08 21:33:41,892	INFO -- Cluster was not stable, waiting for retry window (24 seconds) to try again
2019-08-08 21:34:06,524	INFO -- Cluster was stable for 240 seconds till 2019-08-08 21:34:05.901690, calculating best transition
2019-08-08 21:34:07,214	INFO -- Execution was added to the knowledge base with load: 3035.4010056573397
2019-08-08 21:34:07,729	INFO -- No node could be shutdown for improvement, because all nodes have a statefull set
2019-08-08 21:34:10,162	INFO -- Costs for all options: current= 0.2512598838806152, removal= inf, old_best= 0.25125988388061526
2019-08-08 21:34:10,163	INFO -- Update step finished: 2019-08-08 21:34:10.163095
2019-08-08 21:34:10,163	INFO -- Current scores
                 Not stable: 0
                 All nodes full: 1
                 Migration correct: 9 wrong: 1 chance blocked: 19
                 Node removal correct: 3 wrong: 0
                 Old state correct: 0 wrong: 1
2019-08-08 21:34:10,164	INFO -- Going to sleep for 240 seconds
2019-08-08 21:38:10,226	INFO -- Time for an update_step iteration! 2019-08-08 21:38:10.226665
2019-08-08 21:38:10,824	INFO -- Cluster was stable for 240 seconds till 2019-08-08 21:38:10.227426, calculating best transition
2019-08-08 21:38:11,487	INFO -- Execution was added to the knowledge base with load: 3039.98614031746
2019-08-08 21:38:11,956	INFO -- No node could be shutdown for improvement, because all nodes have a statefull set
2019-08-08 21:38:14,611	INFO -- Costs for all options: current= 0.2512598838806152, removal= inf, old_best= 0.25125988388061526
2019-08-08 21:38:14,612	INFO -- Update step finished: 2019-08-08 21:38:14.612610
2019-08-08 21:38:14,613	INFO -- Current scores
                 Not stable: 0
                 All nodes full: 1
                 Migration correct: 9 wrong: 1 chance blocked: 20
                 Node removal correct: 3 wrong: 0
                 Old state correct: 0 wrong: 1
2019-08-08 21:38:14,613	INFO -- Going to sleep for 240 seconds
