2019-08-08 13:39:53,384	INFO -- Settings: TopologyGenerator/settings-php_apache.json
2019-08-08 13:39:53,474	INFO -- Graphdatabase emptied
2019-08-08 13:39:53,475	INFO -- Waiting for warmup to finish. 1800 seconds
2019-08-08 14:09:53,518	INFO -- Going to sleep for 240 seconds
2019-08-08 14:13:53,601	INFO -- Time for an update_step iteration! 2019-08-08 14:13:53.601836
2019-08-08 14:13:53,608	INFO -- Prometheus connection died, reconnecting
2019-08-08 14:13:54,617	INFO -- Prometheus connection died, reconnecting
2019-08-08 14:13:56,233	INFO -- Cluster was stable for 240 seconds till 2019-08-08 14:13:53.602605, calculating best transition
2019-08-08 14:13:56,879	INFO -- Execution was added to the knowledge base with load: 3084.496124271722
2019-08-08 14:13:57,187	INFO -- No node could be shutdown for improvement, because all nodes have a statefull set
2019-08-08 14:13:57,336	INFO -- Costs for all options: current= 0.2512598838806152, removal= inf, old_best= 0.2512598838806152
2019-08-08 14:13:57,337	INFO -- Staying with current execution, but randomly changing one random pod
2019-08-08 14:13:58,059	INFO -- moving: php-apache-5f657688bc-r4n7f to gke-demo-cluster-1-default-pool-6f471531-5n82 using deployment name: php-apache
2019-08-08 14:14:07,059	INFO -- pod php-apache-5f657688bc-r4n7f is deleted
2019-08-08 14:14:23,298	INFO -- went wrong: <class 'kubernetes_tools.migrate_pod.VerificationTookTooLongException'>
2019-08-08 14:14:23,299	INFO -- Update step finished: 2019-08-08 14:14:23.299690
2019-08-08 14:14:23,300	INFO -- Current scores
                 Not stable: 0
                 All nodes full: 0
                 Migration correct: 0 wrong: 1 chance blocked: 0
                 Node removal correct: 0 wrong: 0
                 Old state correct: 0 wrong: 0
2019-08-08 14:14:23,301	INFO -- Going to sleep for 240 seconds
2019-08-08 14:18:23,401	INFO -- Time for an update_step iteration! 2019-08-08 14:18:23.401536
2019-08-08 14:18:23,961	INFO -- Cluster was stable for 240 seconds till 2019-08-08 14:18:23.402349, calculating best transition
2019-08-08 14:18:24,710	INFO -- Execution was added to the knowledge base with load: 3013.446223461538
2019-08-08 14:18:25,215	INFO -- No node could be shutdown for improvement, because all nodes have a statefull set
2019-08-08 14:18:25,522	INFO -- Costs for all options: current= 0.2512598838806152, removal= inf, old_best= 0.2512598838806152
2019-08-08 14:18:25,523	INFO -- Staying with current execution, but randomly changing one random pod
2019-08-08 14:18:26,517	INFO -- moving: php-apache-5f657688bc-dxmhk to gke-demo-cluster-1-default-pool-6f471531-16jt using deployment name: php-apache
2019-08-08 14:18:34,318	INFO -- pod php-apache-5f657688bc-dxmhk is deleted
2019-08-08 14:18:34,513	INFO -- Movement succeeded
2019-08-08 14:18:35,229	INFO -- went correct
2019-08-08 14:18:35,230	INFO -- Update step finished: 2019-08-08 14:18:35.230459
2019-08-08 14:18:35,231	INFO -- Current scores
                 Not stable: 0
                 All nodes full: 0
                 Migration correct: 1 wrong: 1 chance blocked: 0
                 Node removal correct: 0 wrong: 0
                 Old state correct: 0 wrong: 0
2019-08-08 14:18:35,231	INFO -- Going to sleep for 240 seconds
2019-08-08 14:22:35,309	INFO -- Time for an update_step iteration! 2019-08-08 14:22:35.309513
2019-08-08 14:22:35,894	INFO -- Cluster was not stable, waiting for retry window (24 seconds) to try again
2019-08-08 14:23:00,518	INFO -- Cluster was stable for 240 seconds till 2019-08-08 14:22:59.918908, calculating best transition
2019-08-08 14:23:01,032	INFO -- Execution was added to the knowledge base with load: 3034.960075542363
2019-08-08 14:23:01,390	INFO -- No node could be shutdown for improvement, because all nodes have a statefull set
2019-08-08 14:23:01,831	INFO -- Costs for all options: current= 0.2512598838806152, removal= inf, old_best= 0.2512598838806152
2019-08-08 14:23:01,832	INFO -- Update step finished: 2019-08-08 14:23:01.832751
2019-08-08 14:23:01,833	INFO -- Current scores
                 Not stable: 0
                 All nodes full: 0
                 Migration correct: 1 wrong: 1 chance blocked: 1
                 Node removal correct: 0 wrong: 0
                 Old state correct: 0 wrong: 0
2019-08-08 14:23:01,833	INFO -- Going to sleep for 240 seconds
2019-08-08 14:27:01,934	INFO -- Time for an update_step iteration! 2019-08-08 14:27:01.934114
2019-08-08 14:27:02,519	INFO -- Cluster was not stable, waiting for retry window (24 seconds) to try again
2019-08-08 14:27:27,133	INFO -- Cluster was not stable, waiting for retry window (24 seconds) to try again
2019-08-08 14:27:51,727	INFO -- Cluster was stable for 240 seconds till 2019-08-08 14:27:51.139970, calculating best transition
2019-08-08 14:27:52,247	INFO -- Execution was added to the knowledge base with load: 3013.5193923094585
2019-08-08 14:27:52,550	INFO -- No node could be shutdown for improvement, because all nodes have a statefull set
2019-08-08 14:27:53,174	INFO -- Costs for all options: current= 0.2512598838806152, removal= inf, old_best= 0.2512598838806152
2019-08-08 14:27:53,175	INFO -- Update step finished: 2019-08-08 14:27:53.175572
2019-08-08 14:27:53,176	INFO -- Current scores
                 Not stable: 0
                 All nodes full: 0
                 Migration correct: 1 wrong: 1 chance blocked: 2
                 Node removal correct: 0 wrong: 0
                 Old state correct: 0 wrong: 0
2019-08-08 14:27:53,176	INFO -- Going to sleep for 240 seconds
2019-08-08 14:31:53,272	INFO -- Time for an update_step iteration! 2019-08-08 14:31:53.272625
2019-08-08 14:31:53,895	INFO -- Cluster was stable for 240 seconds till 2019-08-08 14:31:53.273444, calculating best transition
2019-08-08 14:31:54,496	INFO -- Execution was added to the knowledge base with load: 3106.631111111111
2019-08-08 14:31:54,839	INFO -- No node could be shutdown for improvement, because all nodes have a statefull set
2019-08-08 14:31:55,579	INFO -- Costs for all options: current= 0.2512598838806152, removal= inf, old_best= 0.2512598838806152
2019-08-08 14:31:55,579	INFO -- Staying with current execution, but randomly changing one random pod
2019-08-08 14:31:56,387	INFO -- moving: php-apache-5f657688bc-s59cx to gke-demo-cluster-1-default-pool-6f471531-sxjh using deployment name: php-apache
2019-08-08 14:32:04,325	INFO -- pod php-apache-5f657688bc-s59cx is deleted
2019-08-08 14:32:04,562	INFO -- Movement succeeded
2019-08-08 14:32:05,331	INFO -- went correct
2019-08-08 14:32:05,332	INFO -- Update step finished: 2019-08-08 14:32:05.332035
2019-08-08 14:32:05,332	INFO -- Current scores
                 Not stable: 0
                 All nodes full: 0
                 Migration correct: 2 wrong: 1 chance blocked: 2
                 Node removal correct: 0 wrong: 0
                 Old state correct: 0 wrong: 0
2019-08-08 14:32:05,333	INFO -- Going to sleep for 240 seconds
2019-08-08 14:36:05,337	INFO -- Time for an update_step iteration! 2019-08-08 14:36:05.337430
2019-08-08 14:36:05,999	INFO -- Cluster was not stable, waiting for retry window (24 seconds) to try again
2019-08-08 14:36:30,583	INFO -- Cluster was stable for 240 seconds till 2019-08-08 14:36:30.008706, calculating best transition
2019-08-08 14:36:31,163	INFO -- Execution was added to the knowledge base with load: 3104.9995231819353
2019-08-08 14:36:31,517	INFO -- No node could be shutdown for improvement, because all nodes have a statefull set
2019-08-08 14:36:32,367	INFO -- Costs for all options: current= 0.2512598838806152, removal= inf, old_best= 0.2512598838806152
2019-08-08 14:36:32,368	INFO -- Update step finished: 2019-08-08 14:36:32.367963
2019-08-08 14:36:32,368	INFO -- Current scores
                 Not stable: 0
                 All nodes full: 0
                 Migration correct: 2 wrong: 1 chance blocked: 3
                 Node removal correct: 0 wrong: 0
                 Old state correct: 0 wrong: 0
2019-08-08 14:36:32,369	INFO -- Going to sleep for 240 seconds
2019-08-08 14:40:32,409	INFO -- Time for an update_step iteration! 2019-08-08 14:40:32.409580
2019-08-08 14:40:33,017	INFO -- Cluster was stable for 240 seconds till 2019-08-08 14:40:32.410423, calculating best transition
2019-08-08 14:40:33,623	INFO -- Execution was added to the knowledge base with load: 3162.7703407274394
2019-08-08 14:40:34,030	INFO -- No node could be shutdown for improvement, because all nodes have a statefull set
2019-08-08 14:40:35,181	INFO -- Costs for all options: current= 0.2512598838806152, removal= inf, old_best= 0.2512598838806152
2019-08-08 14:40:35,182	INFO -- Update step finished: 2019-08-08 14:40:35.182843
2019-08-08 14:40:35,183	INFO -- Current scores
                 Not stable: 0
                 All nodes full: 0
                 Migration correct: 2 wrong: 1 chance blocked: 4
                 Node removal correct: 0 wrong: 0
                 Old state correct: 0 wrong: 0
2019-08-08 14:40:35,184	INFO -- Going to sleep for 240 seconds
2019-08-08 14:44:35,281	INFO -- Time for an update_step iteration! 2019-08-08 14:44:35.281318
2019-08-08 14:44:35,960	INFO -- Cluster was not stable, waiting for retry window (24 seconds) to try again
2019-08-08 14:45:00,678	INFO -- Cluster was not stable, waiting for retry window (24 seconds) to try again
2019-08-08 14:45:24,993	INFO -- Cluster was not stable, waiting for retry window (24 seconds) to try again
2019-08-08 14:45:49,507	INFO -- Cluster was not stable, waiting for retry window (24 seconds) to try again
2019-08-08 14:46:13,870	INFO -- Cluster was not stable, waiting for retry window (24 seconds) to try again
2019-08-08 14:46:38,325	INFO -- Cluster was not stable, waiting for retry window (24 seconds) to try again
2019-08-08 14:47:02,780	INFO -- Cluster was not stable, waiting for retry window (24 seconds) to try again
2019-08-08 14:47:27,086	INFO -- Cluster was not stable, waiting for retry window (24 seconds) to try again
2019-08-08 14:47:51,425	INFO -- Cluster was not stable, waiting for retry window (24 seconds) to try again
2019-08-08 14:48:15,740	INFO -- Cluster was not stable, waiting for retry window (24 seconds) to try again
2019-08-08 14:48:40,119	INFO -- Cluster was not stable, waiting for retry window (24 seconds) to try again
2019-08-08 14:49:04,491	INFO -- Cluster was not stable, waiting for retry window (24 seconds) to try again
2019-08-08 14:49:29,140	INFO -- Cluster was not stable, waiting for retry window (24 seconds) to try again
2019-08-08 14:49:53,791	INFO -- Cluster was stable for 240 seconds till 2019-08-08 14:49:53.164654, calculating best transition
2019-08-08 14:49:54,643	INFO -- Execution was added to the knowledge base with load: 8400.036209270009
2019-08-08 14:49:55,203	INFO -- No node could be shutdown for improvement, because all the resources are needed
2019-08-08 14:49:55,355	INFO -- Costs for all options: current= 0.3350131881713867, removal= inf, old_best= 0.33501318817138676
2019-08-08 14:49:55,355	INFO -- Staying with current execution, but randomly changing one random pod
2019-08-08 14:49:56,522	INFO -- moving: php-apache-5f657688bc-vvrvt to gke-demo-cluster-1-default-pool-6f471531-jkk8 using deployment name: php-apache
2019-08-08 14:49:59,921	INFO -- pod php-apache-5f657688bc-vvrvt is deleted
2019-08-08 14:50:00,261	INFO -- Movement succeeded
2019-08-08 14:50:01,142	INFO -- went correct
2019-08-08 14:50:01,143	INFO -- Update step finished: 2019-08-08 14:50:01.143103
2019-08-08 14:50:01,143	INFO -- Current scores
                 Not stable: 0
                 All nodes full: 0
                 Migration correct: 3 wrong: 1 chance blocked: 4
                 Node removal correct: 0 wrong: 0
                 Old state correct: 0 wrong: 0
2019-08-08 14:50:01,143	INFO -- Going to sleep for 240 seconds
2019-08-08 14:54:01,241	INFO -- Time for an update_step iteration! 2019-08-08 14:54:01.241393
2019-08-08 14:54:01,820	INFO -- Cluster was not stable, waiting for retry window (24 seconds) to try again
2019-08-08 14:54:26,454	INFO -- Cluster was stable for 240 seconds till 2019-08-08 14:54:25.845109, calculating best transition
2019-08-08 14:54:27,124	INFO -- Execution was added to the knowledge base with load: 10288.080315617097
2019-08-08 14:54:27,572	INFO -- No node could be shutdown for improvement, because all the resources are needed
2019-08-08 14:54:27,716	INFO -- Costs for all options: current= 0.3350131881713867, removal= inf, old_best= 0.33501318817138676
2019-08-08 14:54:27,716	INFO -- Staying with current execution, but randomly changing one random pod
2019-08-08 14:54:28,801	INFO -- moving: php-apache-5f657688bc-nqw48 to gke-demo-cluster-1-default-pool-6f471531-jkk8 using deployment name: php-apache
2019-08-08 14:54:37,068	INFO -- pod php-apache-5f657688bc-nqw48 is deleted
2019-08-08 14:54:37,362	INFO -- Movement succeeded
2019-08-08 14:54:38,188	INFO -- went correct
2019-08-08 14:54:38,188	INFO -- Update step finished: 2019-08-08 14:54:38.188370
2019-08-08 14:54:38,188	INFO -- Current scores
                 Not stable: 0
                 All nodes full: 0
                 Migration correct: 4 wrong: 1 chance blocked: 4
                 Node removal correct: 0 wrong: 0
                 Old state correct: 0 wrong: 0
2019-08-08 14:54:38,188	INFO -- Going to sleep for 240 seconds
2019-08-08 14:58:38,289	INFO -- Time for an update_step iteration! 2019-08-08 14:58:38.289103
2019-08-08 14:58:38,875	INFO -- Cluster was stable for 240 seconds till 2019-08-08 14:58:38.289461, calculating best transition
2019-08-08 14:58:39,535	INFO -- Execution was added to the knowledge base with load: 10084.734735493572
2019-08-08 14:58:39,942	INFO -- No node could be shutdown for improvement, because all the resources are needed
2019-08-08 14:58:40,266	INFO -- Costs for all options: current= 0.3350131881713867, removal= inf, old_best= 0.33501318817138676
2019-08-08 14:58:40,267	INFO -- Update step finished: 2019-08-08 14:58:40.267110
2019-08-08 14:58:40,267	INFO -- Current scores
                 Not stable: 0
                 All nodes full: 0
                 Migration correct: 4 wrong: 1 chance blocked: 5
                 Node removal correct: 0 wrong: 0
                 Old state correct: 0 wrong: 0
2019-08-08 14:58:40,267	INFO -- Going to sleep for 240 seconds
2019-08-08 15:02:40,367	INFO -- Time for an update_step iteration! 2019-08-08 15:02:40.367735
2019-08-08 15:02:40,998	INFO -- Cluster was stable for 240 seconds till 2019-08-08 15:02:40.368125, calculating best transition
2019-08-08 15:02:41,652	INFO -- Execution was added to the knowledge base with load: 10169.990699340102
2019-08-08 15:02:42,083	INFO -- No node could be shutdown for improvement, because all the resources are needed
2019-08-08 15:02:42,529	INFO -- Costs for all options: current= 0.3350131881713867, removal= inf, old_best= 0.33501318817138676
2019-08-08 15:02:42,529	INFO -- Update step finished: 2019-08-08 15:02:42.529639
2019-08-08 15:02:42,529	INFO -- Current scores
                 Not stable: 0
                 All nodes full: 0
                 Migration correct: 4 wrong: 1 chance blocked: 6
                 Node removal correct: 0 wrong: 0
                 Old state correct: 0 wrong: 0
2019-08-08 15:02:42,530	INFO -- Going to sleep for 240 seconds
2019-08-08 15:06:42,629	INFO -- Time for an update_step iteration! 2019-08-08 15:06:42.629343
2019-08-08 15:06:43,187	INFO -- Cluster was stable for 240 seconds till 2019-08-08 15:06:42.629683, calculating best transition
2019-08-08 15:06:43,939	INFO -- Execution was added to the knowledge base with load: 10357.505864261364
2019-08-08 15:06:44,426	INFO -- No node could be shutdown for improvement, because all the resources are needed
2019-08-08 15:06:45,068	INFO -- Costs for all options: current= 0.3350131881713867, removal= inf, old_best= 0.33501318817138676
2019-08-08 15:06:45,069	INFO -- Update step finished: 2019-08-08 15:06:45.069021
2019-08-08 15:06:45,069	INFO -- Current scores
                 Not stable: 0
                 All nodes full: 0
                 Migration correct: 4 wrong: 1 chance blocked: 7
                 Node removal correct: 0 wrong: 0
                 Old state correct: 0 wrong: 0
2019-08-08 15:06:45,069	INFO -- Going to sleep for 240 seconds
2019-08-08 15:10:45,169	INFO -- Time for an update_step iteration! 2019-08-08 15:10:45.169781
2019-08-08 15:10:45,831	INFO -- Cluster was not stable, waiting for retry window (24 seconds) to try again
2019-08-08 15:11:10,492	INFO -- Cluster was not stable, waiting for retry window (24 seconds) to try again
2019-08-08 15:11:35,121	INFO -- Cluster was not stable, waiting for retry window (24 seconds) to try again
2019-08-08 15:11:59,735	INFO -- Cluster was not stable, waiting for retry window (24 seconds) to try again
2019-08-08 15:12:24,373	INFO -- Cluster was not stable, waiting for retry window (24 seconds) to try again
2019-08-08 15:12:49,037	INFO -- Cluster was not stable, waiting for retry window (24 seconds) to try again
2019-08-08 15:13:13,696	INFO -- Cluster was not stable, waiting for retry window (24 seconds) to try again
2019-08-08 15:13:38,380	INFO -- Cluster was not stable, waiting for retry window (24 seconds) to try again
2019-08-08 15:14:03,029	INFO -- Cluster was stable for 240 seconds till 2019-08-08 15:14:02.405030, calculating best transition
2019-08-08 15:14:04,423	INFO -- Execution was added to the knowledge base with load: 10186.816085208044
2019-08-08 15:14:04,865	INFO -- No node could be shutdown for improvement, because all the resources are needed
2019-08-08 15:14:05,625	INFO -- Costs for all options: current= 0.3350131881713867, removal= inf, old_best= 0.33501318817138676
2019-08-08 15:14:05,625	INFO -- Update step finished: 2019-08-08 15:14:05.625722
2019-08-08 15:14:05,625	INFO -- Current scores
                 Not stable: 0
                 All nodes full: 0
                 Migration correct: 4 wrong: 1 chance blocked: 8
                 Node removal correct: 0 wrong: 0
                 Old state correct: 0 wrong: 0
2019-08-08 15:14:05,626	INFO -- Going to sleep for 240 seconds
2019-08-08 15:18:05,726	INFO -- Time for an update_step iteration! 2019-08-08 15:18:05.726541
2019-08-08 15:18:06,387	INFO -- Cluster was stable for 240 seconds till 2019-08-08 15:18:05.726873, calculating best transition
2019-08-08 15:18:07,086	INFO -- Execution was added to the knowledge base with load: 10165.966771381678
2019-08-08 15:18:07,562	INFO -- No node could be shutdown for improvement, because all the resources are needed
2019-08-08 15:18:08,478	INFO -- Costs for all options: current= 0.3350131881713867, removal= inf, old_best= 0.33501318817138676
2019-08-08 15:18:08,478	INFO -- Update step finished: 2019-08-08 15:18:08.478421
2019-08-08 15:18:08,478	INFO -- Current scores
                 Not stable: 0
                 All nodes full: 0
                 Migration correct: 4 wrong: 1 chance blocked: 9
                 Node removal correct: 0 wrong: 0
                 Old state correct: 0 wrong: 0
2019-08-08 15:18:08,478	INFO -- Going to sleep for 240 seconds
2019-08-08 15:22:08,579	INFO -- Time for an update_step iteration! 2019-08-08 15:22:08.579254
2019-08-08 15:22:09,194	INFO -- Cluster was stable for 240 seconds till 2019-08-08 15:22:08.579589, calculating best transition
2019-08-08 15:22:09,974	INFO -- Execution was added to the knowledge base with load: 10338.381449168866
2019-08-08 15:22:10,401	INFO -- No node could be shutdown for improvement, because all the resources are needed
2019-08-08 15:22:11,410	INFO -- Costs for all options: current= 0.3350131881713867, removal= inf, old_best= 0.33501318817138676
2019-08-08 15:22:11,410	INFO -- Update step finished: 2019-08-08 15:22:11.410919
2019-08-08 15:22:11,411	INFO -- Current scores
                 Not stable: 0
                 All nodes full: 0
                 Migration correct: 4 wrong: 1 chance blocked: 10
                 Node removal correct: 0 wrong: 0
                 Old state correct: 0 wrong: 0
2019-08-08 15:22:11,411	INFO -- Going to sleep for 240 seconds
2019-08-08 15:26:11,507	INFO -- Time for an update_step iteration! 2019-08-08 15:26:11.507190
2019-08-08 15:26:12,105	INFO -- Cluster was stable for 240 seconds till 2019-08-08 15:26:11.507976, calculating best transition
2019-08-08 15:26:12,872	INFO -- Execution was added to the knowledge base with load: 10438.579157658043
2019-08-08 15:26:13,364	INFO -- No node could be shutdown for improvement, because all the resources are needed
2019-08-08 15:26:14,580	INFO -- Costs for all options: current= 0.3350131881713867, removal= inf, old_best= 0.33501318817138676
2019-08-08 15:26:14,581	INFO -- Staying with current execution, but randomly changing one random pod
2019-08-08 15:26:15,816	INFO -- moving: php-apache-5f657688bc-tvsh4 to gke-demo-cluster-1-default-pool-6f471531-16jt using deployment name: php-apache
2019-08-08 15:26:18,814	INFO -- pod php-apache-5f657688bc-tvsh4 is deleted
2019-08-08 15:26:19,105	INFO -- Movement succeeded
2019-08-08 15:26:20,053	INFO -- went correct
2019-08-08 15:26:20,054	INFO -- Update step finished: 2019-08-08 15:26:20.054191
2019-08-08 15:26:20,054	INFO -- Current scores
                 Not stable: 0
                 All nodes full: 0
                 Migration correct: 5 wrong: 1 chance blocked: 10
                 Node removal correct: 0 wrong: 0
                 Old state correct: 0 wrong: 0
2019-08-08 15:26:20,054	INFO -- Going to sleep for 240 seconds
2019-08-08 15:30:20,155	INFO -- Time for an update_step iteration! 2019-08-08 15:30:20.155214
2019-08-08 15:30:20,723	INFO -- Cluster was stable for 240 seconds till 2019-08-08 15:30:20.155981, calculating best transition
2019-08-08 15:30:21,279	INFO -- Execution was added to the knowledge base with load: 10003.2635107865
2019-08-08 15:30:21,704	INFO -- No node could be shutdown for improvement, because all the resources are needed
2019-08-08 15:30:23,007	INFO -- Costs for all options: current= 0.3350131881713867, removal= inf, old_best= 0.33501318817138676
2019-08-08 15:30:23,008	INFO -- Update step finished: 2019-08-08 15:30:23.008017
2019-08-08 15:30:23,008	INFO -- Current scores
                 Not stable: 0
                 All nodes full: 0
                 Migration correct: 5 wrong: 1 chance blocked: 11
                 Node removal correct: 0 wrong: 0
                 Old state correct: 0 wrong: 0
2019-08-08 15:30:23,008	INFO -- Going to sleep for 240 seconds
2019-08-08 15:34:23,109	INFO -- Time for an update_step iteration! 2019-08-08 15:34:23.109499
2019-08-08 15:34:23,692	INFO -- Cluster was not stable, waiting for retry window (24 seconds) to try again
2019-08-08 15:34:48,316	INFO -- Cluster was not stable, waiting for retry window (24 seconds) to try again
2019-08-08 15:35:12,910	INFO -- Cluster was not stable, waiting for retry window (24 seconds) to try again
2019-08-08 15:35:37,512	INFO -- Cluster was not stable, waiting for retry window (24 seconds) to try again
2019-08-08 15:36:02,175	INFO -- Cluster was not stable, waiting for retry window (24 seconds) to try again
2019-08-08 15:36:26,773	INFO -- Cluster was not stable, waiting for retry window (24 seconds) to try again
2019-08-08 15:36:51,379	INFO -- Cluster was not stable, waiting for retry window (24 seconds) to try again
2019-08-08 15:37:15,939	INFO -- Cluster was not stable, waiting for retry window (24 seconds) to try again
2019-08-08 15:37:40,544	INFO -- Cluster was not stable, waiting for retry window (24 seconds) to try again
2019-08-08 15:38:05,167	INFO -- Cluster was not stable, waiting for retry window (24 seconds) to try again
2019-08-08 15:38:29,828	INFO -- Cluster was not stable, waiting for retry window (24 seconds) to try again
2019-08-08 15:38:54,426	INFO -- Cluster was not stable, waiting for retry window (24 seconds) to try again
2019-08-08 15:39:19,020	INFO -- Cluster was not stable, waiting for retry window (24 seconds) to try again
2019-08-08 15:39:43,604	INFO -- Cluster was stable for 240 seconds till 2019-08-08 15:39:43.029317, calculating best transition
2019-08-08 15:39:44,167	INFO -- Execution was added to the knowledge base with load: 2912.340693743548
2019-08-08 15:39:45,572	INFO -- Costs for all options: current= 0.3350131881713867, removal= 0.2512598838806152, old_best= 0.2512598838806152
2019-08-08 15:39:45,572	INFO -- Removing node: gke-demo-cluster-1-default-pool-6f471531-jkk8
2019-08-08 15:39:46,162	INFO -- Deleting node: gke-demo-cluster-1-default-pool-6f471531-jkk8
2019-08-08 15:39:47,449	INFO -- Deletion successful, node: gke-demo-cluster-1-default-pool-6f471531-jkk8
2019-08-08 15:39:47,450	INFO -- NODE_REMOVAL=gke-demo-cluster-1-default-pool-6f471531-jkk8
2019-08-08 15:39:47,451	INFO -- went correct
2019-08-08 15:39:47,451	INFO -- Update step finished: 2019-08-08 15:39:47.451467
2019-08-08 15:39:47,451	INFO -- Current scores
                 Not stable: 0
                 All nodes full: 0
                 Migration correct: 5 wrong: 1 chance blocked: 11
                 Node removal correct: 1 wrong: 0
                 Old state correct: 0 wrong: 0
2019-08-08 15:39:47,451	INFO -- Going to sleep for 240 seconds
2019-08-08 15:43:47,552	INFO -- Time for an update_step iteration! 2019-08-08 15:43:47.552138
2019-08-08 15:43:47,832	INFO -- Cluster was not stable, waiting for retry window (24 seconds) to try again
2019-08-08 15:44:12,435	INFO -- Cluster was stable for 240 seconds till 2019-08-08 15:44:11.857718, calculating best transition
2019-08-08 15:44:12,930	INFO -- Execution was added to the knowledge base with load: 3160.800255746386
2019-08-08 15:44:13,215	INFO -- No node could be shutdown for improvement, because all nodes have a statefull set
2019-08-08 15:44:14,353	INFO -- Costs for all options: current= 0.2512598838806152, removal= inf, old_best= 0.2512598838806152
2019-08-08 15:44:14,354	INFO -- Staying with current execution, but randomly changing one random pod
2019-08-08 15:44:15,334	INFO -- moving: php-apache-5f657688bc-xtznp to gke-demo-cluster-1-default-pool-6f471531-5n82 using deployment name: php-apache
2019-08-08 15:44:27,057	INFO -- pod php-apache-5f657688bc-xtznp is deleted
2019-08-08 15:44:27,290	INFO -- Movement succeeded
2019-08-08 15:44:28,103	INFO -- went correct
2019-08-08 15:44:28,104	INFO -- Update step finished: 2019-08-08 15:44:28.104342
2019-08-08 15:44:28,104	INFO -- Current scores
                 Not stable: 0
                 All nodes full: 0
                 Migration correct: 6 wrong: 1 chance blocked: 11
                 Node removal correct: 1 wrong: 0
                 Old state correct: 0 wrong: 0
2019-08-08 15:44:28,105	INFO -- Going to sleep for 240 seconds
2019-08-08 15:48:28,205	INFO -- Time for an update_step iteration! 2019-08-08 15:48:28.205532
2019-08-08 15:48:28,817	INFO -- Cluster was not stable, waiting for retry window (24 seconds) to try again
2019-08-08 15:48:53,463	INFO -- Cluster was not stable, waiting for retry window (24 seconds) to try again
2019-08-08 15:49:18,066	INFO -- Cluster was not stable, waiting for retry window (24 seconds) to try again
2019-08-08 15:49:42,658	INFO -- Cluster was not stable, waiting for retry window (24 seconds) to try again
2019-08-08 15:50:07,274	INFO -- Cluster was not stable, waiting for retry window (24 seconds) to try again
2019-08-08 15:50:31,937	INFO -- Cluster was stable for 240 seconds till 2019-08-08 15:50:31.297245, calculating best transition
2019-08-08 15:50:32,466	INFO -- Execution was added to the knowledge base with load: 2960.9783334950735
2019-08-08 15:50:32,784	INFO -- No node could be shutdown for improvement, because all nodes have a statefull set
2019-08-08 15:50:34,076	INFO -- Costs for all options: current= 0.2512598838806152, removal= inf, old_best= 0.2512598838806152
2019-08-08 15:50:34,077	INFO -- Update step finished: 2019-08-08 15:50:34.077072
2019-08-08 15:50:34,077	INFO -- Current scores
                 Not stable: 0
                 All nodes full: 0
                 Migration correct: 6 wrong: 1 chance blocked: 12
                 Node removal correct: 1 wrong: 0
                 Old state correct: 0 wrong: 0
2019-08-08 15:50:34,077	INFO -- Going to sleep for 240 seconds
2019-08-08 15:54:34,178	INFO -- Time for an update_step iteration! 2019-08-08 15:54:34.178107
2019-08-08 15:54:34,534	INFO -- Cluster was not stable, waiting for retry window (24 seconds) to try again
2019-08-08 15:54:58,823	INFO -- Cluster was not stable, waiting for retry window (24 seconds) to try again
2019-08-08 15:55:23,150	INFO -- Cluster was not stable, waiting for retry window (24 seconds) to try again
2019-08-08 15:55:47,471	INFO -- Cluster was not stable, waiting for retry window (24 seconds) to try again
2019-08-08 15:56:11,777	INFO -- Cluster was not stable, waiting for retry window (24 seconds) to try again
2019-08-08 15:56:36,075	INFO -- Cluster was not stable, waiting for retry window (24 seconds) to try again
2019-08-08 15:57:00,374	INFO -- Cluster was not stable, waiting for retry window (24 seconds) to try again
2019-08-08 15:57:24,682	INFO -- Cluster was not stable, waiting for retry window (24 seconds) to try again
2019-08-08 15:57:48,988	INFO -- Cluster was not stable, waiting for retry window (24 seconds) to try again
2019-08-08 15:58:13,604	INFO -- Cluster was stable for 240 seconds till 2019-08-08 15:58:13.013269, calculating best transition
2019-08-08 15:58:14,197	INFO -- Execution was added to the knowledge base with load: 3191.4517900513038
2019-08-08 15:58:15,891	INFO -- Costs for all options: current= 0.3350131881713867, removal= 0.2512598838806152, old_best= 0.2512598838806152
2019-08-08 15:58:15,891	INFO -- Removing node: gke-demo-cluster-1-default-pool-6f471531-jkk8
2019-08-08 15:58:16,631	INFO -- Deleting node: gke-demo-cluster-1-default-pool-6f471531-jkk8
2019-08-08 15:58:17,960	INFO -- Deletion successful, node: gke-demo-cluster-1-default-pool-6f471531-jkk8
2019-08-08 15:58:17,961	INFO -- NODE_REMOVAL=gke-demo-cluster-1-default-pool-6f471531-jkk8
2019-08-08 15:58:17,962	INFO -- went correct
2019-08-08 15:58:17,963	INFO -- Update step finished: 2019-08-08 15:58:17.963335
2019-08-08 15:58:17,963	INFO -- Current scores
                 Not stable: 0
                 All nodes full: 0
                 Migration correct: 6 wrong: 1 chance blocked: 12
                 Node removal correct: 2 wrong: 0
                 Old state correct: 0 wrong: 0
2019-08-08 15:58:17,964	INFO -- Going to sleep for 240 seconds
2019-08-08 16:02:17,997	INFO -- Time for an update_step iteration! 2019-08-08 16:02:17.997373
2019-08-08 16:02:18,276	INFO -- Cluster was not stable, waiting for retry window (24 seconds) to try again
2019-08-08 16:02:42,877	INFO -- Cluster was stable for 240 seconds till 2019-08-08 16:02:42.301574, calculating best transition
2019-08-08 16:02:43,449	INFO -- Execution was added to the knowledge base with load: 3072.8081146108484
2019-08-08 16:02:43,795	INFO -- No node could be shutdown for improvement, because all nodes have a statefull set
2019-08-08 16:02:45,267	INFO -- Costs for all options: current= 0.2512598838806152, removal= inf, old_best= 0.2512598838806152
2019-08-08 16:02:45,267	INFO -- Staying with current execution, but randomly changing one random pod
2019-08-08 16:02:46,400	INFO -- moving: php-apache-5f657688bc-f6rns to gke-demo-cluster-1-default-pool-6f471531-5n82 using deployment name: php-apache
2019-08-08 16:02:55,480	INFO -- pod php-apache-5f657688bc-f6rns is deleted
2019-08-08 16:03:11,898	INFO -- went wrong: <class 'kubernetes_tools.migrate_pod.VerificationTookTooLongException'>
2019-08-08 16:03:11,900	INFO -- Update step finished: 2019-08-08 16:03:11.900365
2019-08-08 16:03:11,901	INFO -- Current scores
                 Not stable: 0
                 All nodes full: 0
                 Migration correct: 6 wrong: 2 chance blocked: 12
                 Node removal correct: 2 wrong: 0
                 Old state correct: 0 wrong: 0
2019-08-08 16:03:11,901	INFO -- Going to sleep for 240 seconds
2019-08-08 16:07:12,001	INFO -- Time for an update_step iteration! 2019-08-08 16:07:12.001232
2019-08-08 16:07:12,568	INFO -- Cluster was stable for 240 seconds till 2019-08-08 16:07:12.002005, calculating best transition
2019-08-08 16:07:13,113	INFO -- Execution was added to the knowledge base with load: 2940.408896645299
2019-08-08 16:07:13,419	INFO -- No node could be shutdown for improvement, because all nodes have a statefull set
2019-08-08 16:07:15,142	INFO -- Costs for all options: current= 0.2512598838806152, removal= inf, old_best= 0.2512598838806152
2019-08-08 16:07:15,142	INFO -- Staying with current execution, but randomly changing one random pod
2019-08-08 16:07:15,941	INFO -- moving: php-apache-5f657688bc-x79bg to gke-demo-cluster-1-default-pool-6f471531-sxjh using deployment name: php-apache
2019-08-08 16:07:27,065	INFO -- pod php-apache-5f657688bc-x79bg is deleted
2019-08-08 16:07:43,417	INFO -- went wrong: <class 'kubernetes_tools.migrate_pod.VerificationTookTooLongException'>
2019-08-08 16:07:43,418	INFO -- Update step finished: 2019-08-08 16:07:43.418542
2019-08-08 16:07:43,418	INFO -- Current scores
                 Not stable: 0
                 All nodes full: 0
                 Migration correct: 6 wrong: 3 chance blocked: 12
                 Node removal correct: 2 wrong: 0
                 Old state correct: 0 wrong: 0
2019-08-08 16:07:43,418	INFO -- Going to sleep for 240 seconds
2019-08-08 16:11:43,501	INFO -- Time for an update_step iteration! 2019-08-08 16:11:43.501512
2019-08-08 16:11:43,906	INFO -- Cluster was not stable, waiting for retry window (24 seconds) to try again
2019-08-08 16:12:08,254	INFO -- Cluster was not stable, waiting for retry window (24 seconds) to try again
2019-08-08 16:12:33,029	INFO -- Cluster was not stable, waiting for retry window (24 seconds) to try again
2019-08-08 16:12:57,339	INFO -- Cluster was not stable, waiting for retry window (24 seconds) to try again
2019-08-08 16:13:21,660	INFO -- Cluster was not stable, waiting for retry window (24 seconds) to try again
2019-08-08 16:13:46,281	INFO -- Cluster was not stable, waiting for retry window (24 seconds) to try again
2019-08-08 16:14:10,890	INFO -- Cluster was not stable, waiting for retry window (24 seconds) to try again
2019-08-08 16:14:35,514	INFO -- Cluster was not stable, waiting for retry window (24 seconds) to try again
2019-08-08 16:15:00,380	INFO -- Cluster was not stable, waiting for retry window (24 seconds) to try again
2019-08-08 16:15:25,024	INFO -- Cluster was not stable, waiting for retry window (24 seconds) to try again
2019-08-08 16:15:49,621	INFO -- Cluster was not stable, waiting for retry window (24 seconds) to try again
2019-08-08 16:16:14,420	INFO -- Cluster was not stable, waiting for retry window (24 seconds) to try again
2019-08-08 16:16:39,022	INFO -- Cluster was not stable, waiting for retry window (24 seconds) to try again
2019-08-08 16:17:03,620	INFO -- Cluster was not stable, waiting for retry window (24 seconds) to try again
2019-08-08 16:17:28,269	INFO -- Cluster was not stable, waiting for retry window (24 seconds) to try again
2019-08-08 16:17:52,881	INFO -- Cluster was not stable, waiting for retry window (24 seconds) to try again
2019-08-08 16:18:17,478	INFO -- Cluster was not stable, waiting for retry window (24 seconds) to try again
2019-08-08 16:18:42,131	INFO -- Cluster was not stable, waiting for retry window (24 seconds) to try again
2019-08-08 16:19:06,722	INFO -- Cluster was not stable, waiting for retry window (24 seconds) to try again
2019-08-08 16:19:31,375	INFO -- Cluster was stable for 240 seconds till 2019-08-08 16:19:30.738915, calculating best transition
2019-08-08 16:19:32,683	INFO -- Execution was added to the knowledge base with load: 8082.591173039773
2019-08-08 16:19:33,209	INFO -- No node could be shutdown for improvement, because all the resources are needed
2019-08-08 16:19:33,359	INFO -- Costs for all options: current= 0.3350131591796875, removal= inf, old_best= 0.33501315917968755
2019-08-08 16:19:33,360	INFO -- Update step finished: 2019-08-08 16:19:33.360181
2019-08-08 16:19:33,360	INFO -- Current scores
                 Not stable: 0
                 All nodes full: 0
                 Migration correct: 6 wrong: 3 chance blocked: 13
                 Node removal correct: 2 wrong: 0
                 Old state correct: 0 wrong: 0
2019-08-08 16:19:33,360	INFO -- Going to sleep for 240 seconds
2019-08-08 16:23:33,427	INFO -- Time for an update_step iteration! 2019-08-08 16:23:33.427800
2019-08-08 16:23:33,974	INFO -- Cluster was stable for 240 seconds till 2019-08-08 16:23:33.428136, calculating best transition
2019-08-08 16:23:34,694	INFO -- Execution was added to the knowledge base with load: 10206.977777777778
2019-08-08 16:23:35,172	INFO -- No node could be shutdown for improvement, because all the resources are needed
2019-08-08 16:23:35,323	INFO -- Costs for all options: current= 0.3350131591796875, removal= inf, old_best= 0.33501315917968755
2019-08-08 16:23:35,323	INFO -- Staying with current execution, but randomly changing one random pod
2019-08-08 16:23:36,453	INFO -- moving: php-apache-5f657688bc-hfmn9 to gke-demo-cluster-1-default-pool-6f471531-jkk8 using deployment name: php-apache
2019-08-08 16:23:44,365	INFO -- pod php-apache-5f657688bc-hfmn9 is deleted
2019-08-08 16:23:44,667	INFO -- Movement succeeded
2019-08-08 16:23:45,522	INFO -- went correct
2019-08-08 16:23:45,523	INFO -- Update step finished: 2019-08-08 16:23:45.523438
2019-08-08 16:23:45,523	INFO -- Current scores
                 Not stable: 0
                 All nodes full: 0
                 Migration correct: 7 wrong: 3 chance blocked: 13
                 Node removal correct: 2 wrong: 0
                 Old state correct: 0 wrong: 0
2019-08-08 16:23:45,524	INFO -- Going to sleep for 240 seconds
2019-08-08 16:27:45,624	INFO -- Time for an update_step iteration! 2019-08-08 16:27:45.624511
2019-08-08 16:27:46,224	INFO -- Cluster was not stable, waiting for retry window (24 seconds) to try again
2019-08-08 16:28:10,811	INFO -- Cluster was stable for 240 seconds till 2019-08-08 16:28:10.237160, calculating best transition
2019-08-08 16:28:11,489	INFO -- Execution was added to the knowledge base with load: 10213.671304248874
2019-08-08 16:28:11,971	INFO -- No node could be shutdown for improvement, because all the resources are needed
2019-08-08 16:28:12,268	INFO -- Costs for all options: current= 0.3350131591796875, removal= inf, old_best= 0.33501315917968755
2019-08-08 16:28:12,268	INFO -- Update step finished: 2019-08-08 16:28:12.268394
2019-08-08 16:28:12,268	INFO -- Current scores
                 Not stable: 0
                 All nodes full: 0
                 Migration correct: 7 wrong: 3 chance blocked: 14
                 Node removal correct: 2 wrong: 0
                 Old state correct: 0 wrong: 0
2019-08-08 16:28:12,268	INFO -- Going to sleep for 240 seconds
2019-08-08 16:32:12,346	INFO -- Time for an update_step iteration! 2019-08-08 16:32:12.346683
2019-08-08 16:32:13,003	INFO -- Cluster was not stable, waiting for retry window (24 seconds) to try again
2019-08-08 16:32:37,608	INFO -- Cluster was stable for 240 seconds till 2019-08-08 16:32:37.028591, calculating best transition
2019-08-08 16:32:38,286	INFO -- Execution was added to the knowledge base with load: 10249.048888888889
2019-08-08 16:32:38,732	INFO -- No node could be shutdown for improvement, because all the resources are needed
2019-08-08 16:32:39,168	INFO -- Costs for all options: current= 0.3350131591796875, removal= inf, old_best= 0.33501315917968755
2019-08-08 16:32:39,168	INFO -- Staying with current execution, but randomly changing one random pod
2019-08-08 16:32:40,236	INFO -- moving: php-apache-5f657688bc-tq5fk to gke-demo-cluster-1-default-pool-6f471531-5n82 using deployment name: php-apache
2019-08-08 16:32:44,852	INFO -- pod php-apache-5f657688bc-tq5fk is deleted
2019-08-08 16:32:45,158	INFO -- Movement succeeded
2019-08-08 16:32:46,023	INFO -- went correct
2019-08-08 16:32:46,023	INFO -- Update step finished: 2019-08-08 16:32:46.023828
2019-08-08 16:32:46,024	INFO -- Current scores
                 Not stable: 0
                 All nodes full: 0
                 Migration correct: 8 wrong: 3 chance blocked: 14
                 Node removal correct: 2 wrong: 0
                 Old state correct: 0 wrong: 0
2019-08-08 16:32:46,024	INFO -- Going to sleep for 240 seconds
2019-08-08 16:36:46,089	INFO -- Time for an update_step iteration! 2019-08-08 16:36:46.089457
2019-08-08 16:36:46,662	INFO -- Cluster was not stable, waiting for retry window (24 seconds) to try again
2019-08-08 16:37:11,276	INFO -- Cluster was stable for 240 seconds till 2019-08-08 16:37:10.687370, calculating best transition
2019-08-08 16:37:11,807	INFO -- Execution was added to the knowledge base with load: 10201.008992346042
2019-08-08 16:37:12,167	INFO -- No node could be shutdown for improvement, because all the resources are needed
2019-08-08 16:37:12,303	INFO -- Costs for all options: current= 0.3350131591796875, removal= inf, old_best= 0.3350131591796875
2019-08-08 16:37:12,303	INFO -- Update step finished: 2019-08-08 16:37:12.303577
2019-08-08 16:37:12,303	INFO -- Current scores
                 Not stable: 0
                 All nodes full: 0
                 Migration correct: 8 wrong: 3 chance blocked: 15
                 Node removal correct: 2 wrong: 0
                 Old state correct: 0 wrong: 0
2019-08-08 16:37:12,304	INFO -- Going to sleep for 240 seconds
2019-08-08 16:41:12,333	INFO -- Time for an update_step iteration! 2019-08-08 16:41:12.333438
2019-08-08 16:41:12,890	INFO -- Cluster was stable for 240 seconds till 2019-08-08 16:41:12.333815, calculating best transition
2019-08-08 16:41:13,533	INFO -- Execution was added to the knowledge base with load: 10184.001267916745
2019-08-08 16:41:13,922	INFO -- No node could be shutdown for improvement, because all the resources are needed
2019-08-08 16:41:14,061	INFO -- Costs for all options: current= 0.3350131591796875, removal= inf, old_best= 0.3350131591796875
2019-08-08 16:41:14,061	INFO -- Staying with current execution, but randomly changing one random pod
2019-08-08 16:41:15,072	INFO -- moving: php-apache-5f657688bc-b7rvx to gke-demo-cluster-1-default-pool-6f471531-sxjh using deployment name: php-apache
2019-08-08 16:41:27,054	INFO -- pod php-apache-5f657688bc-b7rvx is deleted
2019-08-08 16:41:27,305	INFO -- Movement succeeded
2019-08-08 16:41:28,256	INFO -- went correct
2019-08-08 16:41:28,256	INFO -- Update step finished: 2019-08-08 16:41:28.256983
2019-08-08 16:41:28,257	INFO -- Current scores
                 Not stable: 0
                 All nodes full: 0
                 Migration correct: 9 wrong: 3 chance blocked: 15
                 Node removal correct: 2 wrong: 0
                 Old state correct: 0 wrong: 0
2019-08-08 16:41:28,257	INFO -- Going to sleep for 240 seconds
2019-08-08 16:45:28,357	INFO -- Time for an update_step iteration! 2019-08-08 16:45:28.357140
2019-08-08 16:45:28,938	INFO -- Cluster was stable for 240 seconds till 2019-08-08 16:45:28.357489, calculating best transition
2019-08-08 16:45:29,550	INFO -- Execution was added to the knowledge base with load: 10138.510264285715
2019-08-08 16:45:29,959	INFO -- No node could be shutdown for improvement, because all the resources are needed
2019-08-08 16:45:30,097	INFO -- Costs for all options: current= 0.3350131591796875, removal= inf, old_best= 0.3350131591796875
2019-08-08 16:45:30,098	INFO -- Staying with current execution, but randomly changing one random pod
2019-08-08 16:45:31,166	INFO -- moving: php-apache-5f657688bc-s7kzf to gke-demo-cluster-1-default-pool-6f471531-sxjh using deployment name: php-apache
2019-08-08 16:45:34,536	INFO -- pod php-apache-5f657688bc-s7kzf is deleted
2019-08-08 16:45:34,794	INFO -- Movement succeeded
2019-08-08 16:45:35,623	INFO -- went correct
2019-08-08 16:45:35,624	INFO -- Update step finished: 2019-08-08 16:45:35.624001
2019-08-08 16:45:35,624	INFO -- Current scores
                 Not stable: 0
                 All nodes full: 0
                 Migration correct: 10 wrong: 3 chance blocked: 15
                 Node removal correct: 2 wrong: 0
                 Old state correct: 0 wrong: 0
2019-08-08 16:45:35,624	INFO -- Going to sleep for 240 seconds
2019-08-08 16:49:35,670	INFO -- Time for an update_step iteration! 2019-08-08 16:49:35.670856
2019-08-08 16:49:36,279	INFO -- Cluster was not stable, waiting for retry window (24 seconds) to try again
2019-08-08 16:50:00,918	INFO -- Cluster was stable for 240 seconds till 2019-08-08 16:50:00.285427, calculating best transition
2019-08-08 16:50:01,530	INFO -- Execution was added to the knowledge base with load: 10148.878361921388
2019-08-08 16:50:01,937	INFO -- No node could be shutdown for improvement, because all the resources are needed
2019-08-08 16:50:02,077	INFO -- Costs for all options: current= 0.3350131591796875, removal= inf, old_best= 0.3350131591796875
2019-08-08 16:50:02,078	INFO -- Staying with current execution, but randomly changing one random pod
2019-08-08 16:50:03,116	INFO -- moving: php-apache-5f657688bc-pc6cl to gke-demo-cluster-1-default-pool-6f471531-5n82 using deployment name: php-apache
2019-08-08 16:50:07,088	INFO -- pod php-apache-5f657688bc-pc6cl is deleted
2019-08-08 16:50:07,382	INFO -- Movement succeeded
2019-08-08 16:50:08,199	INFO -- went correct
2019-08-08 16:50:08,199	INFO -- Update step finished: 2019-08-08 16:50:08.199898
2019-08-08 16:50:08,200	INFO -- Current scores
                 Not stable: 0
                 All nodes full: 0
                 Migration correct: 11 wrong: 3 chance blocked: 15
                 Node removal correct: 2 wrong: 0
                 Old state correct: 0 wrong: 0
2019-08-08 16:50:08,200	INFO -- Going to sleep for 240 seconds
2019-08-08 16:54:08,202	INFO -- Time for an update_step iteration! 2019-08-08 16:54:08.202687
2019-08-08 16:54:08,794	INFO -- Cluster was stable for 240 seconds till 2019-08-08 16:54:08.203064, calculating best transition
2019-08-08 16:54:09,432	INFO -- Execution was added to the knowledge base with load: 10324.554626449633
2019-08-08 16:54:09,825	INFO -- No node could be shutdown for improvement, because all the resources are needed
2019-08-08 16:54:10,022	INFO -- Costs for all options: current= 0.3350131591796875, removal= inf, old_best= 0.3350131591796875
2019-08-08 16:54:10,022	INFO -- Staying with current execution, but randomly changing one random pod
2019-08-08 16:54:11,074	INFO -- moving: php-apache-5f657688bc-gplq8 to gke-demo-cluster-1-default-pool-6f471531-16jt using deployment name: php-apache
2019-08-08 16:54:24,852	INFO -- pod php-apache-5f657688bc-gplq8 is deleted
2019-08-08 16:54:25,135	INFO -- Movement succeeded
2019-08-08 16:54:25,989	INFO -- went correct
2019-08-08 16:54:25,990	INFO -- Update step finished: 2019-08-08 16:54:25.990247
2019-08-08 16:54:25,990	INFO -- Current scores
                 Not stable: 0
                 All nodes full: 0
                 Migration correct: 12 wrong: 3 chance blocked: 15
                 Node removal correct: 2 wrong: 0
                 Old state correct: 0 wrong: 0
2019-08-08 16:54:25,990	INFO -- Going to sleep for 240 seconds
2019-08-08 16:58:26,052	INFO -- Time for an update_step iteration! 2019-08-08 16:58:26.052731
2019-08-08 16:58:26,679	INFO -- Cluster was not stable, waiting for retry window (24 seconds) to try again
2019-08-08 16:58:51,283	INFO -- Cluster was stable for 240 seconds till 2019-08-08 16:58:50.704638, calculating best transition
2019-08-08 16:58:51,925	INFO -- Execution was added to the knowledge base with load: 10184.528060305129
2019-08-08 16:58:52,350	INFO -- No node could be shutdown for improvement, because all the resources are needed
2019-08-08 16:58:52,512	INFO -- Costs for all options: current= 0.3350131591796875, removal= inf, old_best= 0.3350131591796875
2019-08-08 16:58:52,513	INFO -- Staying with current execution, but randomly changing one random pod
2019-08-08 16:58:53,555	INFO -- moving: php-apache-5f657688bc-nt4wm to gke-demo-cluster-1-default-pool-6f471531-jkk8 using deployment name: php-apache
2019-08-08 16:58:55,632	INFO -- pod php-apache-5f657688bc-nt4wm is deleted
2019-08-08 16:58:55,922	INFO -- Movement succeeded
2019-08-08 16:58:56,760	INFO -- went correct
2019-08-08 16:58:56,760	INFO -- Update step finished: 2019-08-08 16:58:56.760513
2019-08-08 16:58:56,760	INFO -- Current scores
                 Not stable: 0
                 All nodes full: 0
                 Migration correct: 13 wrong: 3 chance blocked: 15
                 Node removal correct: 2 wrong: 0
                 Old state correct: 0 wrong: 0
2019-08-08 16:58:56,760	INFO -- Going to sleep for 240 seconds
2019-08-08 17:02:56,861	INFO -- Time for an update_step iteration! 2019-08-08 17:02:56.861234
2019-08-08 17:02:57,463	INFO -- Cluster was not stable, waiting for retry window (24 seconds) to try again
2019-08-08 17:03:22,158	INFO -- Cluster was not stable, waiting for retry window (24 seconds) to try again
2019-08-08 17:03:46,745	INFO -- Cluster was not stable, waiting for retry window (24 seconds) to try again
2019-08-08 17:04:11,327	INFO -- Cluster was not stable, waiting for retry window (24 seconds) to try again
2019-08-08 17:04:35,934	INFO -- Cluster was not stable, waiting for retry window (24 seconds) to try again
2019-08-08 17:05:00,556	INFO -- Cluster was not stable, waiting for retry window (24 seconds) to try again
2019-08-08 17:05:25,185	INFO -- Cluster was not stable, waiting for retry window (24 seconds) to try again
2019-08-08 17:05:49,817	INFO -- Cluster was not stable, waiting for retry window (24 seconds) to try again
2019-08-08 17:06:14,393	INFO -- Cluster was not stable, waiting for retry window (24 seconds) to try again
2019-08-08 17:06:39,020	INFO -- Cluster was not stable, waiting for retry window (24 seconds) to try again
2019-08-08 17:07:03,626	INFO -- Cluster was not stable, waiting for retry window (24 seconds) to try again
2019-08-08 17:07:28,239	INFO -- Cluster was not stable, waiting for retry window (24 seconds) to try again
2019-08-08 17:07:52,845	INFO -- Cluster was not stable, waiting for retry window (24 seconds) to try again
2019-08-08 17:08:17,431	INFO -- Cluster was stable for 240 seconds till 2019-08-08 17:08:16.852861, calculating best transition
2019-08-08 17:08:17,902	INFO -- Execution was added to the knowledge base with load: 3016.2745665613784
2019-08-08 17:08:19,815	INFO -- Costs for all options: current= 0.3350131591796875, removal= 0.2512598838806152, old_best= 0.2512598838806152
2019-08-08 17:08:19,815	INFO -- Removing node: gke-demo-cluster-1-default-pool-6f471531-jkk8
2019-08-08 17:08:20,521	INFO -- Deleting node: gke-demo-cluster-1-default-pool-6f471531-jkk8
2019-08-08 17:08:21,777	INFO -- Deletion successful, node: gke-demo-cluster-1-default-pool-6f471531-jkk8
2019-08-08 17:08:21,778	INFO -- NODE_REMOVAL=gke-demo-cluster-1-default-pool-6f471531-jkk8
2019-08-08 17:08:21,780	INFO -- went correct
2019-08-08 17:08:21,780	INFO -- Update step finished: 2019-08-08 17:08:21.780610
2019-08-08 17:08:21,781	INFO -- Current scores
                 Not stable: 0
                 All nodes full: 0
                 Migration correct: 13 wrong: 3 chance blocked: 15
                 Node removal correct: 3 wrong: 0
                 Old state correct: 0 wrong: 0
2019-08-08 17:08:21,781	INFO -- Going to sleep for 240 seconds
2019-08-08 17:12:21,830	INFO -- Time for an update_step iteration! 2019-08-08 17:12:21.830520
2019-08-08 17:12:22,120	INFO -- Cluster was not stable, waiting for retry window (24 seconds) to try again
2019-08-08 17:12:46,706	INFO -- Cluster was not stable, waiting for retry window (24 seconds) to try again
2019-08-08 17:13:11,312	INFO -- Cluster was not stable, waiting for retry window (24 seconds) to try again
2019-08-08 17:13:35,907	INFO -- Cluster was not stable, waiting for retry window (24 seconds) to try again
2019-08-08 17:14:00,519	INFO -- Cluster was not stable, waiting for retry window (24 seconds) to try again
2019-08-08 17:14:25,158	INFO -- Cluster was not stable, waiting for retry window (24 seconds) to try again
2019-08-08 17:14:49,769	INFO -- Cluster was not stable, waiting for retry window (24 seconds) to try again
2019-08-08 17:15:14,358	INFO -- Cluster was not stable, waiting for retry window (24 seconds) to try again
2019-08-08 17:15:38,986	INFO -- Cluster was stable for 240 seconds till 2019-08-08 17:15:38.381351, calculating best transition
2019-08-08 17:15:39,550	INFO -- Execution was added to the knowledge base with load: 3050.5530822222217
2019-08-08 17:15:39,906	INFO -- No node could be shutdown for improvement, because all nodes have a statefull set
2019-08-08 17:15:41,652	INFO -- Costs for all options: current= 0.2512598838806152, removal= inf, old_best= 0.2512598838806152
2019-08-08 17:15:41,652	INFO -- Staying with current execution, but randomly changing one random pod
2019-08-08 17:15:42,688	INFO -- moving: php-apache-5f657688bc-r79q2 to gke-demo-cluster-1-default-pool-6f471531-sxjh using deployment name: php-apache
2019-08-08 17:15:45,599	INFO -- pod php-apache-5f657688bc-r79q2 is deleted
2019-08-08 17:15:45,786	INFO -- Movement failed
2019-08-08 17:15:46,111	INFO -- went wrong: <class 'kubernetes_tools.migrate_pod.PodScheduledOnWrongNodeException'>
2019-08-08 17:15:46,112	INFO -- Update step finished: 2019-08-08 17:15:46.112333
2019-08-08 17:15:46,112	INFO -- Current scores
                 Not stable: 0
                 All nodes full: 0
                 Migration correct: 13 wrong: 4 chance blocked: 15
                 Node removal correct: 3 wrong: 0
                 Old state correct: 0 wrong: 0
2019-08-08 17:15:46,112	INFO -- Going to sleep for 240 seconds
2019-08-08 17:19:46,158	INFO -- Time for an update_step iteration! 2019-08-08 17:19:46.158613
2019-08-08 17:19:46,794	INFO -- Cluster was stable for 240 seconds till 2019-08-08 17:19:46.159443, calculating best transition
2019-08-08 17:19:47,725	INFO -- Execution was added to the knowledge base with load: 3010.572698412698
2019-08-08 17:19:47,985	INFO -- No node could be shutdown for improvement, because all nodes have a statefull set
2019-08-08 17:19:49,931	INFO -- Costs for all options: current= 0.2512598838806152, removal= inf, old_best= 0.2512598838806152
2019-08-08 17:19:49,931	INFO -- Staying with current execution, but randomly changing one random pod
2019-08-08 17:19:50,895	INFO -- moving: php-apache-5f657688bc-9z7z8 to gke-demo-cluster-1-default-pool-6f471531-16jt using deployment name: php-apache
2019-08-08 17:19:53,603	INFO -- pod php-apache-5f657688bc-9z7z8 is deleted
2019-08-08 17:19:53,809	INFO -- Movement succeeded
2019-08-08 17:19:54,569	INFO -- went correct
2019-08-08 17:19:54,570	INFO -- Update step finished: 2019-08-08 17:19:54.570278
2019-08-08 17:19:54,570	INFO -- Current scores
                 Not stable: 0
                 All nodes full: 0
                 Migration correct: 14 wrong: 4 chance blocked: 15
                 Node removal correct: 3 wrong: 0
                 Old state correct: 0 wrong: 0
2019-08-08 17:19:54,571	INFO -- Going to sleep for 240 seconds
2019-08-08 17:23:54,592	INFO -- Time for an update_step iteration! 2019-08-08 17:23:54.592844
2019-08-08 17:23:54,879	INFO -- Cluster was not stable, waiting for retry window (24 seconds) to try again
2019-08-08 17:24:19,212	INFO -- Cluster was not stable, waiting for retry window (24 seconds) to try again
2019-08-08 17:24:43,526	INFO -- Cluster was not stable, waiting for retry window (24 seconds) to try again
2019-08-08 17:25:08,131	INFO -- Cluster was stable for 240 seconds till 2019-08-08 17:25:07.551092, calculating best transition
2019-08-08 17:25:08,610	INFO -- Execution was added to the knowledge base with load: 3122.0631656475252
2019-08-08 17:25:10,884	INFO -- Costs for all options: current= 0.3350131881713867, removal= 0.2512598838806152, old_best= 0.2512598838806152
2019-08-08 17:25:10,885	INFO -- Removing node: gke-demo-cluster-1-default-pool-6f471531-jkk8
2019-08-08 17:25:11,541	INFO -- Deleting node: gke-demo-cluster-1-default-pool-6f471531-jkk8
2019-08-08 17:25:12,564	INFO -- Deletion successful, node: gke-demo-cluster-1-default-pool-6f471531-jkk8
2019-08-08 17:25:12,564	INFO -- NODE_REMOVAL=gke-demo-cluster-1-default-pool-6f471531-jkk8
2019-08-08 17:25:12,564	INFO -- went correct
2019-08-08 17:25:12,565	INFO -- Update step finished: 2019-08-08 17:25:12.565037
2019-08-08 17:25:12,565	INFO -- Current scores
                 Not stable: 0
                 All nodes full: 0
                 Migration correct: 14 wrong: 4 chance blocked: 15
                 Node removal correct: 4 wrong: 0
                 Old state correct: 0 wrong: 0
2019-08-08 17:25:12,565	INFO -- Going to sleep for 240 seconds
2019-08-08 17:29:12,665	INFO -- Time for an update_step iteration! 2019-08-08 17:29:12.665813
2019-08-08 17:29:12,955	INFO -- Cluster was not stable, waiting for retry window (24 seconds) to try again
2019-08-08 17:29:37,567	INFO -- Cluster was stable for 240 seconds till 2019-08-08 17:29:36.977871, calculating best transition
2019-08-08 17:29:38,139	INFO -- Execution was added to the knowledge base with load: 3106.5155555555557
2019-08-08 17:29:38,550	INFO -- No node could be shutdown for improvement, because all nodes have a statefull set
2019-08-08 17:29:40,557	INFO -- Costs for all options: current= 0.2512598838806152, removal= inf, old_best= 0.2512598838806152
2019-08-08 17:29:40,558	INFO -- Update step finished: 2019-08-08 17:29:40.558635
2019-08-08 17:29:40,559	INFO -- Current scores
                 Not stable: 0
                 All nodes full: 0
                 Migration correct: 14 wrong: 4 chance blocked: 16
                 Node removal correct: 4 wrong: 0
                 Old state correct: 0 wrong: 0
2019-08-08 17:29:40,559	INFO -- Going to sleep for 240 seconds
2019-08-08 17:33:40,653	INFO -- Time for an update_step iteration! 2019-08-08 17:33:40.653515
2019-08-08 17:33:41,229	INFO -- Cluster was stable for 240 seconds till 2019-08-08 17:33:40.654308, calculating best transition
2019-08-08 17:33:41,809	INFO -- Execution was added to the knowledge base with load: 3068.4622222222224
2019-08-08 17:33:42,171	INFO -- No node could be shutdown for improvement, because all nodes have a statefull set
2019-08-08 17:33:44,344	INFO -- Costs for all options: current= 0.2512598838806152, removal= inf, old_best= 0.2512598838806152
2019-08-08 17:33:44,345	INFO -- Staying with current execution, but randomly changing one random pod
2019-08-08 17:33:45,291	INFO -- moving: php-apache-5f657688bc-t449j to gke-demo-cluster-1-default-pool-6f471531-sxjh using deployment name: php-apache
2019-08-08 17:33:57,069	INFO -- pod php-apache-5f657688bc-t449j is deleted
2019-08-08 17:34:13,944	INFO -- went wrong: <class 'kubernetes_tools.migrate_pod.VerificationTookTooLongException'>
2019-08-08 17:34:13,946	INFO -- Update step finished: 2019-08-08 17:34:13.946440
2019-08-08 17:34:13,947	INFO -- Current scores
                 Not stable: 0
                 All nodes full: 0
                 Migration correct: 14 wrong: 5 chance blocked: 16
                 Node removal correct: 4 wrong: 0
                 Old state correct: 0 wrong: 0
2019-08-08 17:34:13,947	INFO -- Going to sleep for 240 seconds
2019-08-08 17:38:13,960	INFO -- Time for an update_step iteration! 2019-08-08 17:38:13.960375
2019-08-08 17:38:14,540	INFO -- Cluster was stable for 240 seconds till 2019-08-08 17:38:13.961258, calculating best transition
2019-08-08 17:38:15,290	INFO -- Execution was added to the knowledge base with load: 2863.9537026451276
2019-08-08 17:38:15,777	INFO -- No node could be shutdown for improvement, because all nodes have a statefull set
2019-08-08 17:38:17,862	INFO -- Costs for all options: current= 0.2512598838806152, removal= inf, old_best= 0.2512598838806152
2019-08-08 17:38:17,863	INFO -- Staying with current execution, but randomly changing one random pod
2019-08-08 17:38:18,986	INFO -- moving: php-apache-5f657688bc-94qnq to gke-demo-cluster-1-default-pool-6f471531-sxjh using deployment name: php-apache
2019-08-08 17:38:21,336	INFO -- pod php-apache-5f657688bc-94qnq is deleted
2019-08-08 17:38:21,537	INFO -- Movement failed
2019-08-08 17:38:21,868	INFO -- went wrong: <class 'kubernetes_tools.migrate_pod.PodScheduledOnWrongNodeException'>
2019-08-08 17:38:21,869	INFO -- Update step finished: 2019-08-08 17:38:21.869814
2019-08-08 17:38:21,870	INFO -- Current scores
                 Not stable: 0
                 All nodes full: 0
                 Migration correct: 14 wrong: 6 chance blocked: 16
                 Node removal correct: 4 wrong: 0
                 Old state correct: 0 wrong: 0
2019-08-08 17:38:21,871	INFO -- Going to sleep for 240 seconds
