2019-08-12 02:19:23,356	INFO -- Settings: TopologyGenerator/settings-php_apache.json
2019-08-12 02:19:23,460	INFO -- Graphdatabase emptied
2019-08-12 02:19:23,460	INFO -- Waiting for warmup to finish. 1800 seconds
2019-08-12 02:49:23,542	INFO -- Going to sleep for 240 seconds
2019-08-12 02:53:23,636	INFO -- Time for an update_step iteration! 2019-08-12 02:53:23.636731
2019-08-12 02:53:23,644	INFO -- Prometheus connection died, reconnecting
2019-08-12 02:53:24,649	INFO -- Prometheus connection died, reconnecting
2019-08-12 02:53:25,999	INFO -- Cluster was stable for 240 seconds till 2019-08-12 02:53:23.637521, calculating best transition
2019-08-12 02:53:26,475	INFO -- Execution was added to the knowledge base with load: 2018.9422222222222
2019-08-12 02:53:26,733	INFO -- No node could be shutdown for improvement, because all nodes have a statefull set
2019-08-12 02:53:26,860	INFO -- Costs for all options: current= 0.16750660858154298, removal= inf, old_best= 0.16750660858154298
2019-08-12 02:53:26,861	INFO -- Staying with current execution, but randomly changing one random pod
2019-08-12 02:53:27,371	INFO -- moving: php-apache-5f657688bc-99jl4 to gke-demo-cluster-1-default-pool-6f471531-419d using deployment name: php-apache
2019-08-12 02:53:30,095	INFO -- pod php-apache-5f657688bc-99jl4 is deleted
2019-08-12 02:53:30,240	INFO -- Movement succeeded
2019-08-12 02:53:30,683	INFO -- went correct
2019-08-12 02:53:30,683	INFO -- Update step finished: 2019-08-12 02:53:30.683934
2019-08-12 02:53:30,684	INFO -- Current scores
                 Not stable: 0
                 All nodes full: 0
                 Migration correct: 1 wrong: 0 chance blocked: 0
                 Node removal correct: 0 wrong: 0
                 Old state correct: 0 wrong: 0
2019-08-12 02:53:30,685	INFO -- Going to sleep for 240 seconds
2019-08-12 02:57:30,727	INFO -- Time for an update_step iteration! 2019-08-12 02:57:30.727799
2019-08-12 02:57:31,068	INFO -- Cluster was not stable, waiting for retry window (24 seconds) to try again
2019-08-12 02:57:55,430	INFO -- Cluster was not stable, waiting for retry window (24 seconds) to try again
2019-08-12 02:58:19,815	INFO -- Cluster was not stable, waiting for retry window (24 seconds) to try again
2019-08-12 02:58:44,173	INFO -- Cluster was stable for 240 seconds till 2019-08-12 02:58:43.840863, calculating best transition
2019-08-12 02:58:44,540	INFO -- Execution was added to the knowledge base with load: 2040.9631476806567
2019-08-12 02:58:44,765	INFO -- No node could be shutdown for improvement, because all nodes have a statefull set
2019-08-12 02:58:44,926	INFO -- Costs for all options: current= 0.16750660858154298, removal= inf, old_best= 0.16750660858154298
2019-08-12 02:58:44,927	INFO -- Update step finished: 2019-08-12 02:58:44.927164
2019-08-12 02:58:44,927	INFO -- Current scores
                 Not stable: 0
                 All nodes full: 0
                 Migration correct: 1 wrong: 0 chance blocked: 1
                 Node removal correct: 0 wrong: 0
                 Old state correct: 0 wrong: 0
2019-08-12 02:58:44,927	INFO -- Going to sleep for 240 seconds
2019-08-12 03:02:45,002	INFO -- Time for an update_step iteration! 2019-08-12 03:02:45.002585
2019-08-12 03:02:45,173	INFO -- Cluster was not stable, waiting for retry window (24 seconds) to try again
2019-08-12 03:03:09,391	INFO -- Cluster was not stable, waiting for retry window (24 seconds) to try again
2019-08-12 03:03:33,631	INFO -- Cluster was not stable, waiting for retry window (24 seconds) to try again
2019-08-12 03:03:57,831	INFO -- Cluster was not stable, waiting for retry window (24 seconds) to try again
2019-08-12 03:04:22,054	INFO -- Cluster was not stable, waiting for retry window (24 seconds) to try again
2019-08-12 03:04:46,239	INFO -- Cluster was not stable, waiting for retry window (24 seconds) to try again
2019-08-12 03:05:10,448	INFO -- Cluster was not stable, waiting for retry window (24 seconds) to try again
2019-08-12 03:05:34,635	INFO -- Cluster was not stable, waiting for retry window (24 seconds) to try again
2019-08-12 03:05:59,175	INFO -- Cluster was not stable, waiting for retry window (24 seconds) to try again
2019-08-12 03:06:23,449	INFO -- Cluster was not stable, waiting for retry window (24 seconds) to try again
2019-08-12 03:06:47,626	INFO -- Cluster was not stable, waiting for retry window (24 seconds) to try again
2019-08-12 03:07:11,802	INFO -- Cluster was not stable, waiting for retry window (24 seconds) to try again
2019-08-12 03:07:36,002	INFO -- Cluster was not stable, waiting for retry window (24 seconds) to try again
2019-08-12 03:08:00,203	INFO -- Cluster was not stable, waiting for retry window (24 seconds) to try again
2019-08-12 03:08:24,413	INFO -- Cluster was not stable, waiting for retry window (24 seconds) to try again
2019-08-12 03:08:48,693	INFO -- Cluster was not stable, waiting for retry window (24 seconds) to try again
2019-08-12 03:09:13,012	INFO -- Cluster was not stable, waiting for retry window (24 seconds) to try again
2019-08-12 03:09:37,367	INFO -- Cluster was stable for 240 seconds till 2019-08-12 03:09:37.037005, calculating best transition
2019-08-12 03:09:37,966	INFO -- Execution was added to the knowledge base with load: 8568.52141570144
2019-08-12 03:09:38,266	INFO -- No node could be shutdown for improvement, because all the resources are needed
2019-08-12 03:09:38,380	INFO -- Costs for all options: current= 0.33501318817138676, removal= inf, old_best= 0.3350131881713867
2019-08-12 03:09:38,380	INFO -- Staying with current execution, but randomly changing one random pod
2019-08-12 03:09:39,121	INFO -- moving: php-apache-5f657688bc-vd69q to gke-demo-cluster-1-default-pool-6f471531-166r using deployment name: php-apache
2019-08-12 03:09:51,438	INFO -- pod php-apache-5f657688bc-vd69q is deleted
2019-08-12 03:09:51,643	INFO -- Movement succeeded
2019-08-12 03:09:52,195	INFO -- went correct
2019-08-12 03:09:52,196	INFO -- Update step finished: 2019-08-12 03:09:52.196042
2019-08-12 03:09:52,196	INFO -- Current scores
                 Not stable: 0
                 All nodes full: 0
                 Migration correct: 2 wrong: 0 chance blocked: 1
                 Node removal correct: 0 wrong: 0
                 Old state correct: 0 wrong: 0
2019-08-12 03:09:52,196	INFO -- Going to sleep for 240 seconds
2019-08-12 03:13:52,239	INFO -- Time for an update_step iteration! 2019-08-12 03:13:52.239696
2019-08-12 03:13:52,694	INFO -- Cluster was stable for 240 seconds till 2019-08-12 03:13:52.240093, calculating best transition
2019-08-12 03:13:53,165	INFO -- Execution was added to the knowledge base with load: 10147.662102254488
2019-08-12 03:13:53,459	INFO -- No node could be shutdown for improvement, because all the resources are needed
2019-08-12 03:13:53,550	INFO -- Costs for all options: current= 0.33501318817138676, removal= inf, old_best= 0.33501318817138676
2019-08-12 03:13:53,550	INFO -- Staying with current execution, but randomly changing one random pod
2019-08-12 03:13:54,205	INFO -- moving: php-apache-5f657688bc-sqm48 to gke-demo-cluster-1-default-pool-6f471531-166r using deployment name: php-apache
2019-08-12 03:14:01,090	INFO -- pod php-apache-5f657688bc-sqm48 is deleted
2019-08-12 03:14:01,258	INFO -- Movement succeeded
2019-08-12 03:14:01,816	INFO -- went correct
2019-08-12 03:14:01,816	INFO -- Update step finished: 2019-08-12 03:14:01.816488
2019-08-12 03:14:01,816	INFO -- Current scores
                 Not stable: 0
                 All nodes full: 0
                 Migration correct: 3 wrong: 0 chance blocked: 1
                 Node removal correct: 0 wrong: 0
                 Old state correct: 0 wrong: 0
2019-08-12 03:14:01,816	INFO -- Going to sleep for 240 seconds
2019-08-12 03:18:01,822	INFO -- Time for an update_step iteration! 2019-08-12 03:18:01.822385
2019-08-12 03:18:02,163	INFO -- Cluster was not stable, waiting for retry window (24 seconds) to try again
2019-08-12 03:18:26,538	INFO -- Cluster was stable for 240 seconds till 2019-08-12 03:18:26.188314, calculating best transition
2019-08-12 03:18:26,957	INFO -- Execution was added to the knowledge base with load: 10199.033635943675
2019-08-12 03:18:27,239	INFO -- No node could be shutdown for improvement, because all the resources are needed
2019-08-12 03:18:27,415	INFO -- Costs for all options: current= 0.33501318817138676, removal= inf, old_best= 0.3350131881713867
2019-08-12 03:18:27,416	INFO -- Update step finished: 2019-08-12 03:18:27.416006
2019-08-12 03:18:27,416	INFO -- Current scores
                 Not stable: 0
                 All nodes full: 0
                 Migration correct: 3 wrong: 0 chance blocked: 2
                 Node removal correct: 0 wrong: 0
                 Old state correct: 0 wrong: 0
2019-08-12 03:18:27,417	INFO -- Going to sleep for 240 seconds
2019-08-12 03:22:27,514	INFO -- Time for an update_step iteration! 2019-08-12 03:22:27.514287
2019-08-12 03:22:27,859	INFO -- Cluster was not stable, waiting for retry window (24 seconds) to try again
2019-08-12 03:22:52,241	INFO -- Cluster was not stable, waiting for retry window (24 seconds) to try again
2019-08-12 03:23:16,613	INFO -- Cluster was not stable, waiting for retry window (24 seconds) to try again
2019-08-12 03:23:41,009	INFO -- Cluster was not stable, waiting for retry window (24 seconds) to try again
2019-08-12 03:24:05,380	INFO -- Cluster was not stable, waiting for retry window (24 seconds) to try again
2019-08-12 03:24:29,798	INFO -- Cluster was not stable, waiting for retry window (24 seconds) to try again
2019-08-12 03:24:54,228	INFO -- Cluster was not stable, waiting for retry window (24 seconds) to try again
2019-08-12 03:25:18,595	INFO -- Cluster was not stable, waiting for retry window (24 seconds) to try again
2019-08-12 03:25:42,936	INFO -- Cluster was not stable, waiting for retry window (24 seconds) to try again
2019-08-12 03:26:07,407	INFO -- Cluster was not stable, waiting for retry window (24 seconds) to try again
2019-08-12 03:26:31,764	INFO -- Cluster was not stable, waiting for retry window (24 seconds) to try again
2019-08-12 03:26:55,962	INFO -- Cluster was not stable, waiting for retry window (24 seconds) to try again
2019-08-12 03:27:20,317	INFO -- Cluster was not stable, waiting for retry window (24 seconds) to try again
2019-08-12 03:27:44,707	INFO -- Cluster was not stable, waiting for retry window (24 seconds) to try again
2019-08-12 03:28:09,152	INFO -- Cluster was stable for 240 seconds till 2019-08-12 03:28:08.732395, calculating best transition
2019-08-12 03:28:09,551	INFO -- Execution was added to the knowledge base with load: 1951.5773480001935
2019-08-12 03:28:10,010	INFO -- Costs for all options: current= 0.33501318817138676, removal= 0.2512599128723145, old_best= 0.16750660858154298
2019-08-12 03:28:10,010	INFO -- Changing to old_best_execution found in time: 2019-08-12 02:49:23.637000
2019-08-12 03:28:10,474	INFO -- Deleting pod: php-apache-5f657688bc-vq2x7
2019-08-12 03:30:38,615	INFO -- went wrong: <class 'kubernetes_tools.migrate_pod.VerificationTookTooLongException'>
2019-08-12 03:30:38,616	INFO -- Update step finished: 2019-08-12 03:30:38.616890
2019-08-12 03:30:38,617	INFO -- Current scores
                 Not stable: 0
                 All nodes full: 0
                 Migration correct: 3 wrong: 0 chance blocked: 2
                 Node removal correct: 0 wrong: 0
                 Old state correct: 0 wrong: 1
2019-08-12 03:30:38,618	INFO -- Going to sleep for 240 seconds
2019-08-12 03:34:38,678	INFO -- Time for an update_step iteration! 2019-08-12 03:34:38.678367
2019-08-12 03:34:38,862	INFO -- Cluster was not stable, waiting for retry window (24 seconds) to try again
2019-08-12 03:35:03,067	INFO -- Cluster was not stable, waiting for retry window (24 seconds) to try again
2019-08-12 03:35:27,455	INFO -- Cluster was not stable, waiting for retry window (24 seconds) to try again
2019-08-12 03:35:51,637	INFO -- Cluster was not stable, waiting for retry window (24 seconds) to try again
2019-08-12 03:36:15,832	INFO -- Cluster was not stable, waiting for retry window (24 seconds) to try again
2019-08-12 03:36:39,997	INFO -- Cluster was not stable, waiting for retry window (24 seconds) to try again
2019-08-12 03:37:04,201	INFO -- Cluster was not stable, waiting for retry window (24 seconds) to try again
2019-08-12 03:37:28,428	INFO -- Cluster was not stable, waiting for retry window (24 seconds) to try again
2019-08-12 03:37:52,633	INFO -- Cluster was not stable, waiting for retry window (24 seconds) to try again
2019-08-12 03:38:16,809	INFO -- Cluster was not stable, waiting for retry window (24 seconds) to try again
2019-08-12 03:38:41,136	INFO -- Cluster was not stable, waiting for retry window (24 seconds) to try again
2019-08-12 03:39:05,502	INFO -- Cluster was not stable, waiting for retry window (24 seconds) to try again
2019-08-12 03:39:29,691	INFO -- Cluster was not stable, waiting for retry window (24 seconds) to try again
2019-08-12 03:39:54,132	INFO -- Cluster was stable for 240 seconds till 2019-08-12 03:39:53.714212, calculating best transition
2019-08-12 03:39:54,610	INFO -- Execution was added to the knowledge base with load: 8586.35846204379
2019-08-12 03:39:54,912	INFO -- No node could be shutdown for improvement, because all the resources are needed
2019-08-12 03:39:55,081	INFO -- Costs for all options: current= 0.33501318817138676, removal= inf, old_best= 0.33501318817138676
2019-08-12 03:39:55,081	INFO -- Staying with current execution, but randomly changing one random pod
2019-08-12 03:39:55,597	INFO -- Deleting pod: php-apache-5f657688bc-ss9tr
2019-08-12 03:40:13,172	INFO -- Deletion pod: php-apache-5f657688bc-ss9tr successful
2019-08-12 03:40:13,818	INFO -- Creating pod: php-apache on gke-demo-cluster-1-default-pool-6f471531-q95r
2019-08-12 03:40:14,531	INFO -- Addition succeeded, pod name: php-apache-5f657688bc-4mdg7
2019-08-12 03:40:14,982	INFO -- went wrong: <class 'SmartKubernetesSchedular.enforcer.PodHasScaledWhileEnforcingException'>
2019-08-12 03:40:14,983	INFO -- Update step finished: 2019-08-12 03:40:14.983709
2019-08-12 03:40:14,984	INFO -- Current scores
                 Not stable: 0
                 All nodes full: 0
                 Migration correct: 3 wrong: 1 chance blocked: 2
                 Node removal correct: 0 wrong: 0
                 Old state correct: 0 wrong: 1
2019-08-12 03:40:14,984	INFO -- Going to sleep for 240 seconds
2019-08-12 03:44:15,026	INFO -- Time for an update_step iteration! 2019-08-12 03:44:15.026350
2019-08-12 03:44:15,370	INFO -- Cluster was not stable, waiting for retry window (24 seconds) to try again
2019-08-12 03:44:39,729	INFO -- Cluster was stable for 240 seconds till 2019-08-12 03:44:39.394618, calculating best transition
2019-08-12 03:44:40,178	INFO -- Execution was added to the knowledge base with load: 10151.383126882169
2019-08-12 03:44:40,469	INFO -- No node could be shutdown for improvement, because all the resources are needed
2019-08-12 03:44:40,733	INFO -- Costs for all options: current= 0.33501318817138676, removal= inf, old_best= 0.33501318817138676
2019-08-12 03:44:40,734	INFO -- Update step finished: 2019-08-12 03:44:40.734710
2019-08-12 03:44:40,735	INFO -- Current scores
                 Not stable: 0
                 All nodes full: 0
                 Migration correct: 3 wrong: 1 chance blocked: 3
                 Node removal correct: 0 wrong: 0
                 Old state correct: 0 wrong: 1
2019-08-12 03:44:40,735	INFO -- Going to sleep for 240 seconds
2019-08-12 03:48:40,737	INFO -- Time for an update_step iteration! 2019-08-12 03:48:40.737349
2019-08-12 03:48:41,128	INFO -- Cluster was stable for 240 seconds till 2019-08-12 03:48:40.738136, calculating best transition
2019-08-12 03:48:41,577	INFO -- Execution was added to the knowledge base with load: 10276.282564842684
2019-08-12 03:48:41,860	INFO -- No node could be shutdown for improvement, because all the resources are needed
2019-08-12 03:48:42,188	INFO -- Costs for all options: current= 0.33501318817138676, removal= inf, old_best= 0.3350131881713867
2019-08-12 03:48:42,189	INFO -- Staying with current execution, but randomly changing one random pod
2019-08-12 03:48:42,696	INFO -- Deleting pod: php-apache-5f657688bc-hft2t
2019-08-12 03:50:17,470	INFO -- Deletion pod: php-apache-5f657688bc-hft2t successful
2019-08-12 03:50:17,700	INFO -- went wrong: <class 'SmartKubernetesSchedular.enforcer.PodHasScaledWhileEnforcingException'>
2019-08-12 03:50:17,701	INFO -- Update step finished: 2019-08-12 03:50:17.701260
2019-08-12 03:50:17,701	INFO -- Current scores
                 Not stable: 0
                 All nodes full: 0
                 Migration correct: 3 wrong: 2 chance blocked: 3
                 Node removal correct: 0 wrong: 0
                 Old state correct: 0 wrong: 1
2019-08-12 03:50:17,702	INFO -- Going to sleep for 240 seconds
2019-08-12 03:54:17,760	INFO -- Time for an update_step iteration! 2019-08-12 03:54:17.760526
2019-08-12 03:54:18,096	INFO -- Cluster was not stable, waiting for retry window (24 seconds) to try again
2019-08-12 03:54:42,461	INFO -- Cluster was not stable, waiting for retry window (24 seconds) to try again
2019-08-12 03:55:06,923	INFO -- Cluster was not stable, waiting for retry window (24 seconds) to try again
2019-08-12 03:55:31,306	INFO -- Cluster was not stable, waiting for retry window (24 seconds) to try again
2019-08-12 03:55:55,662	INFO -- Cluster was not stable, waiting for retry window (24 seconds) to try again
2019-08-12 03:56:20,023	INFO -- Cluster was not stable, waiting for retry window (24 seconds) to try again
2019-08-12 03:56:44,398	INFO -- Cluster was not stable, waiting for retry window (24 seconds) to try again
2019-08-12 03:57:08,751	INFO -- Cluster was not stable, waiting for retry window (24 seconds) to try again
2019-08-12 03:57:33,115	INFO -- Cluster was not stable, waiting for retry window (24 seconds) to try again
2019-08-12 03:57:57,484	INFO -- Cluster was not stable, waiting for retry window (24 seconds) to try again
2019-08-12 03:58:21,888	INFO -- Cluster was not stable, waiting for retry window (24 seconds) to try again
2019-08-12 03:58:46,248	INFO -- Cluster was not stable, waiting for retry window (24 seconds) to try again
2019-08-12 03:59:10,649	INFO -- Cluster was stable for 240 seconds till 2019-08-12 03:59:10.272190, calculating best transition
2019-08-12 03:59:11,459	INFO -- Execution was added to the knowledge base with load: 1939.620065722053
2019-08-12 03:59:11,814	INFO -- Costs for all options: current= 0.33501318817138676, removal= 0.25125988388061526, old_best= 0.16750660858154298
2019-08-12 03:59:11,814	INFO -- Changing to old_best_execution found in time: 2019-08-12 02:54:43.840000
2019-08-12 03:59:12,554	INFO -- Creating pod: php-apache on gke-demo-cluster-1-default-pool-6f471531-419d
2019-08-12 03:59:15,710	INFO -- Addition succeeded, pod name: php-apache-5f657688bc-phb7h
2019-08-12 03:59:16,048	INFO -- Deleting node: gke-demo-cluster-1-default-pool-6f471531-k7mh
2019-08-12 03:59:16,729	INFO -- Deletion successful, node: gke-demo-cluster-1-default-pool-6f471531-k7mh
2019-08-12 03:59:16,730	INFO -- NODE_REMOVAL=gke-demo-cluster-1-default-pool-6f471531-k7mh
2019-08-12 03:59:16,731	INFO -- Deleting node: gke-demo-cluster-1-default-pool-6f471531-q95r
2019-08-12 03:59:17,357	INFO -- Deletion successful, node: gke-demo-cluster-1-default-pool-6f471531-q95r
2019-08-12 03:59:17,358	INFO -- NODE_REMOVAL=gke-demo-cluster-1-default-pool-6f471531-q95r
2019-08-12 03:59:17,359	INFO -- went correct
2019-08-12 03:59:17,360	INFO -- Update step finished: 2019-08-12 03:59:17.360341
2019-08-12 03:59:17,360	INFO -- Current scores
                 Not stable: 0
                 All nodes full: 0
                 Migration correct: 3 wrong: 2 chance blocked: 3
                 Node removal correct: 0 wrong: 0
                 Old state correct: 1 wrong: 1
2019-08-12 03:59:17,361	INFO -- Going to sleep for 240 seconds
2019-08-12 04:03:17,461	INFO -- Time for an update_step iteration! 2019-08-12 04:03:17.461855
2019-08-12 04:03:17,687	INFO -- Cluster was not stable, waiting for retry window (24 seconds) to try again
2019-08-12 04:03:42,090	INFO -- Cluster was not stable, waiting for retry window (24 seconds) to try again
2019-08-12 04:04:06,506	INFO -- Cluster was not stable, waiting for retry window (24 seconds) to try again
2019-08-12 04:04:30,905	INFO -- Cluster was not stable, waiting for retry window (24 seconds) to try again
2019-08-12 04:04:55,354	INFO -- Cluster was not stable, waiting for retry window (24 seconds) to try again
2019-08-12 04:05:19,581	INFO -- Cluster was not stable, waiting for retry window (24 seconds) to try again
2019-08-12 04:05:43,918	INFO -- Cluster was not stable, waiting for retry window (24 seconds) to try again
2019-08-12 04:06:08,306	INFO -- Cluster was stable for 240 seconds till 2019-08-12 04:06:07.943104, calculating best transition
2019-08-12 04:06:08,703	INFO -- Execution was added to the knowledge base with load: 3225.9380050850414
2019-08-12 04:06:08,704	INFO -- went wrong: <class 'SmartKubernetesSchedular.time_window.PodHasScaledWhileAnalysingException'>
2019-08-12 04:06:08,704	INFO -- Update step finished: 2019-08-12 04:06:08.704492
2019-08-12 04:06:08,704	INFO -- Current scores
                 Not stable: 0
                 All nodes full: 0
                 Migration correct: 3 wrong: 2 chance blocked: 3
                 Node removal correct: 0 wrong: 0
                 Old state correct: 1 wrong: 1
2019-08-12 04:06:08,704	INFO -- Going to sleep for 240 seconds
2019-08-12 04:10:08,802	INFO -- Time for an update_step iteration! 2019-08-12 04:10:08.802232
2019-08-12 04:10:09,305	INFO -- Cluster was stable for 240 seconds till 2019-08-12 04:10:08.802660, calculating best transition
2019-08-12 04:10:09,751	INFO -- Execution was added to the knowledge base with load: 8336.696787562207
2019-08-12 04:10:09,751	INFO -- went wrong: <class 'SmartKubernetesSchedular.time_window.PodHasScaledWhileAnalysingException'>
2019-08-12 04:10:09,752	INFO -- Update step finished: 2019-08-12 04:10:09.752049
2019-08-12 04:10:09,752	INFO -- Current scores
                 Not stable: 0
                 All nodes full: 0
                 Migration correct: 3 wrong: 2 chance blocked: 3
                 Node removal correct: 0 wrong: 0
                 Old state correct: 1 wrong: 1
2019-08-12 04:10:09,752	INFO -- Going to sleep for 240 seconds
2019-08-12 04:14:09,852	INFO -- Time for an update_step iteration! 2019-08-12 04:14:09.852448
2019-08-12 04:14:10,094	INFO -- Cluster was not stable, waiting for retry window (24 seconds) to try again
2019-08-12 04:14:34,431	INFO -- Cluster was not stable, waiting for retry window (24 seconds) to try again
2019-08-12 04:14:58,624	INFO -- Cluster was not stable, waiting for retry window (24 seconds) to try again
2019-08-12 04:15:23,356	INFO -- Cluster was not stable, waiting for retry window (24 seconds) to try again
2019-08-12 04:15:47,595	INFO -- Cluster was not stable, waiting for retry window (24 seconds) to try again
2019-08-12 04:16:11,796	INFO -- Cluster was not stable, waiting for retry window (24 seconds) to try again
2019-08-12 04:16:36,002	INFO -- Cluster was not stable, waiting for retry window (24 seconds) to try again
2019-08-12 04:17:00,193	INFO -- Cluster was not stable, waiting for retry window (24 seconds) to try again
2019-08-12 04:17:24,393	INFO -- Cluster was not stable, waiting for retry window (24 seconds) to try again
2019-08-12 04:17:48,614	INFO -- Cluster was not stable, waiting for retry window (24 seconds) to try again
2019-08-12 04:18:12,801	INFO -- Cluster was not stable, waiting for retry window (24 seconds) to try again
2019-08-12 04:18:36,992	INFO -- Cluster was not stable, waiting for retry window (24 seconds) to try again
2019-08-12 04:19:01,184	INFO -- Cluster was not stable, waiting for retry window (24 seconds) to try again
2019-08-12 04:19:25,375	INFO -- Cluster was not stable, waiting for retry window (24 seconds) to try again
2019-08-12 04:19:49,562	INFO -- Cluster was not stable, waiting for retry window (24 seconds) to try again
2019-08-12 04:20:13,786	INFO -- Cluster was not stable, waiting for retry window (24 seconds) to try again
2019-08-12 04:20:38,152	INFO -- Cluster was stable for 240 seconds till 2019-08-12 04:20:37.811394, calculating best transition
2019-08-12 04:20:38,800	INFO -- Execution was added to the knowledge base with load: 11151.878203354629
2019-08-12 04:20:39,271	INFO -- No node could be shutdown for improvement, because all the resources are needed
2019-08-12 04:20:39,638	INFO -- Costs for all options: current= 0.41876649246215825, removal= inf, old_best= 0.3350131881713867
2019-08-12 04:20:39,638	INFO -- Changing to old_best_execution found in time: 2019-08-12 03:44:40.738000
2019-08-12 04:20:40,292	INFO -- Deleting pod: php-apache-5f657688bc-wfpm9
2019-08-12 04:21:00,179	INFO -- Deletion pod: php-apache-5f657688bc-wfpm9 successful
2019-08-12 04:21:00,632	INFO -- Deleting pod: php-apache-5f657688bc-2bd9w
2019-08-12 04:21:47,150	INFO -- Deletion pod: php-apache-5f657688bc-2bd9w successful
2019-08-12 04:21:47,388	INFO -- went wrong: <class 'SmartKubernetesSchedular.enforcer.PodHasScaledWhileEnforcingException'>
2019-08-12 04:21:47,389	INFO -- Update step finished: 2019-08-12 04:21:47.389372
2019-08-12 04:21:47,390	INFO -- Current scores
                 Not stable: 0
                 All nodes full: 0
                 Migration correct: 3 wrong: 2 chance blocked: 3
                 Node removal correct: 0 wrong: 0
                 Old state correct: 1 wrong: 2
2019-08-12 04:21:47,390	INFO -- Going to sleep for 240 seconds
2019-08-12 04:25:47,491	INFO -- Time for an update_step iteration! 2019-08-12 04:25:47.491327
2019-08-12 04:25:47,880	INFO -- Cluster was not stable, waiting for retry window (24 seconds) to try again
2019-08-12 04:26:12,265	INFO -- Cluster was not stable, waiting for retry window (24 seconds) to try again
2019-08-12 04:26:36,634	INFO -- Cluster was not stable, waiting for retry window (24 seconds) to try again
2019-08-12 04:27:00,986	INFO -- Cluster was not stable, waiting for retry window (24 seconds) to try again
2019-08-12 04:27:25,348	INFO -- Cluster was not stable, waiting for retry window (24 seconds) to try again
2019-08-12 04:27:49,709	INFO -- Cluster was not stable, waiting for retry window (24 seconds) to try again
2019-08-12 04:28:14,103	INFO -- Cluster was not stable, waiting for retry window (24 seconds) to try again
2019-08-12 04:28:38,498	INFO -- Cluster was not stable, waiting for retry window (24 seconds) to try again
2019-08-12 04:29:02,876	INFO -- Cluster was not stable, waiting for retry window (24 seconds) to try again
2019-08-12 04:29:27,267	INFO -- Cluster was not stable, waiting for retry window (24 seconds) to try again
2019-08-12 04:29:51,684	INFO -- Cluster was not stable, waiting for retry window (24 seconds) to try again
2019-08-12 04:30:16,101	INFO -- Cluster was not stable, waiting for retry window (24 seconds) to try again
2019-08-12 04:30:40,526	INFO -- Cluster was not stable, waiting for retry window (24 seconds) to try again
2019-08-12 04:31:04,911	INFO -- Cluster was not stable, waiting for retry window (24 seconds) to try again
2019-08-12 04:31:29,321	INFO -- Cluster was not stable, waiting for retry window (24 seconds) to try again
2019-08-12 04:31:53,714	INFO -- Cluster was not stable, waiting for retry window (24 seconds) to try again
2019-08-12 04:32:17,904	INFO -- Cluster was not stable, waiting for retry window (24 seconds) to try again
2019-08-12 04:32:42,115	INFO -- Cluster was not stable, waiting for retry window (24 seconds) to try again
2019-08-12 04:33:06,326	INFO -- Cluster was not stable, waiting for retry window (24 seconds) to try again
2019-08-12 04:33:30,552	INFO -- Cluster was not stable, waiting for retry window (24 seconds) to try again
2019-08-12 04:33:54,727	INFO -- Cluster was not stable, waiting for retry window (24 seconds) to try again
2019-08-12 04:34:19,012	INFO -- Cluster was not stable, waiting for retry window (24 seconds) to try again
2019-08-12 04:34:43,209	INFO -- Cluster was not stable, waiting for retry window (24 seconds) to try again
2019-08-12 04:35:07,425	INFO -- Cluster was not stable, waiting for retry window (24 seconds) to try again
2019-08-12 04:35:31,647	INFO -- Cluster was not stable, waiting for retry window (24 seconds) to try again
2019-08-12 04:35:55,873	INFO -- Cluster was not stable, waiting for retry window (24 seconds) to try again
2019-08-12 04:36:20,308	INFO -- Cluster was not stable, waiting for retry window (24 seconds) to try again
2019-08-12 04:36:44,496	INFO -- Cluster was not stable, waiting for retry window (24 seconds) to try again
2019-08-12 04:37:08,683	INFO -- Cluster was not stable, waiting for retry window (24 seconds) to try again
2019-08-12 04:37:32,918	INFO -- Cluster was not stable, waiting for retry window (24 seconds) to try again
2019-08-12 04:37:57,103	INFO -- Cluster was not stable, waiting for retry window (24 seconds) to try again
2019-08-12 04:38:21,308	INFO -- Cluster was not stable, waiting for retry window (24 seconds) to try again
2019-08-12 04:38:45,577	INFO -- Cluster was not stable, waiting for retry window (24 seconds) to try again
2019-08-12 04:39:09,755	INFO -- Cluster was not stable, waiting for retry window (24 seconds) to try again
2019-08-12 04:39:34,116	INFO -- Cluster was stable for 240 seconds till 2019-08-12 04:39:33.778223, calculating best transition
2019-08-12 04:39:34,604	INFO -- Execution was added to the knowledge base with load: 8404.004122881413
2019-08-12 04:39:34,940	INFO -- No node could be shutdown for improvement, because all the resources are needed
2019-08-12 04:39:35,187	INFO -- Costs for all options: current= 0.33501318817138676, removal= inf, old_best= 0.33501318817138676
2019-08-12 04:39:35,187	INFO -- Update step finished: 2019-08-12 04:39:35.187692
2019-08-12 04:39:35,187	INFO -- Current scores
                 Not stable: 0
                 All nodes full: 0
                 Migration correct: 3 wrong: 2 chance blocked: 4
                 Node removal correct: 0 wrong: 0
                 Old state correct: 1 wrong: 2
2019-08-12 04:39:35,188	INFO -- Going to sleep for 240 seconds
2019-08-12 04:43:35,263	INFO -- Time for an update_step iteration! 2019-08-12 04:43:35.263601
2019-08-12 04:43:35,720	INFO -- Cluster was stable for 240 seconds till 2019-08-12 04:43:35.264081, calculating best transition
2019-08-12 04:43:36,196	INFO -- Execution was added to the knowledge base with load: 10269.420505453658
2019-08-12 04:43:36,469	INFO -- No node could be shutdown for improvement, because all the resources are needed
2019-08-12 04:43:36,857	INFO -- Costs for all options: current= 0.33501318817138676, removal= inf, old_best= 0.3350131881713867
2019-08-12 04:43:36,857	INFO -- Staying with current execution, but randomly changing one random pod
2019-08-12 04:43:37,395	INFO -- Deleting pod: php-apache-5f657688bc-6d96s
2019-08-12 04:43:47,069	INFO -- Deletion pod: php-apache-5f657688bc-6d96s successful
2019-08-12 04:43:47,767	INFO -- Creating pod: php-apache on gke-demo-cluster-1-default-pool-6f471531-w78r
2019-08-12 04:43:50,580	INFO -- Addition succeeded, pod name: php-apache-5f657688bc-cntdc
2019-08-12 04:43:51,200	INFO -- went wrong: <class 'SmartKubernetesSchedular.enforcer.PodHasScaledWhileEnforcingException'>
2019-08-12 04:43:51,201	INFO -- Update step finished: 2019-08-12 04:43:51.201378
2019-08-12 04:43:51,201	INFO -- Current scores
                 Not stable: 0
                 All nodes full: 0
                 Migration correct: 3 wrong: 3 chance blocked: 4
                 Node removal correct: 0 wrong: 0
                 Old state correct: 1 wrong: 2
2019-08-12 04:43:51,202	INFO -- Going to sleep for 240 seconds
2019-08-12 04:47:51,302	INFO -- Time for an update_step iteration! 2019-08-12 04:47:51.302363
2019-08-12 04:47:51,692	INFO -- Cluster was not stable, waiting for retry window (24 seconds) to try again
2019-08-12 04:48:16,071	INFO -- Cluster was stable for 240 seconds till 2019-08-12 04:48:15.702500, calculating best transition
2019-08-12 04:48:16,462	INFO -- Execution was added to the knowledge base with load: 10305.261400865327
2019-08-12 04:48:16,723	INFO -- No node could be shutdown for improvement, because all the resources are needed
2019-08-12 04:48:17,160	INFO -- Costs for all options: current= 0.33501318817138676, removal= inf, old_best= 0.3350131881713867
2019-08-12 04:48:17,161	INFO -- Update step finished: 2019-08-12 04:48:17.161116
2019-08-12 04:48:17,161	INFO -- Current scores
                 Not stable: 0
                 All nodes full: 0
                 Migration correct: 3 wrong: 3 chance blocked: 5
                 Node removal correct: 0 wrong: 0
                 Old state correct: 1 wrong: 2
2019-08-12 04:48:17,162	INFO -- Going to sleep for 240 seconds
2019-08-12 04:52:17,238	INFO -- Time for an update_step iteration! 2019-08-12 04:52:17.238541
2019-08-12 04:52:17,582	INFO -- Cluster was not stable, waiting for retry window (24 seconds) to try again
2019-08-12 04:52:41,938	INFO -- Cluster was not stable, waiting for retry window (24 seconds) to try again
2019-08-12 04:53:06,336	INFO -- Cluster was not stable, waiting for retry window (24 seconds) to try again
2019-08-12 04:53:30,712	INFO -- Cluster was not stable, waiting for retry window (24 seconds) to try again
2019-08-12 04:53:55,086	INFO -- Cluster was not stable, waiting for retry window (24 seconds) to try again
2019-08-12 04:54:19,488	INFO -- Cluster was not stable, waiting for retry window (24 seconds) to try again
2019-08-12 04:54:43,892	INFO -- Cluster was not stable, waiting for retry window (24 seconds) to try again
2019-08-12 04:55:08,264	INFO -- Cluster was not stable, waiting for retry window (24 seconds) to try again
2019-08-12 04:55:32,633	INFO -- Cluster was not stable, waiting for retry window (24 seconds) to try again
2019-08-12 04:55:56,996	INFO -- Cluster was not stable, waiting for retry window (24 seconds) to try again
2019-08-12 04:56:21,364	INFO -- Cluster was not stable, waiting for retry window (24 seconds) to try again
2019-08-12 04:56:45,711	INFO -- Cluster was not stable, waiting for retry window (24 seconds) to try again
2019-08-12 04:57:10,060	INFO -- Cluster was not stable, waiting for retry window (24 seconds) to try again
2019-08-12 04:57:34,434	INFO -- Cluster was not stable, waiting for retry window (24 seconds) to try again
2019-08-12 04:57:58,795	INFO -- Cluster was not stable, waiting for retry window (24 seconds) to try again
2019-08-12 04:58:23,196	INFO -- Cluster was stable for 240 seconds till 2019-08-12 04:58:22.820676, calculating best transition
2019-08-12 04:58:23,588	INFO -- Execution was added to the knowledge base with load: 1960.3621329822279
2019-08-12 04:58:24,081	INFO -- Costs for all options: current= 0.33501318817138676, removal= 0.2512599128723145, old_best= 0.33501318817138676
2019-08-12 04:58:24,081	INFO -- Removing node: gke-demo-cluster-1-default-pool-6f471531-k7mh
2019-08-12 04:58:24,453	INFO -- Deleting node: gke-demo-cluster-1-default-pool-6f471531-k7mh
2019-08-12 04:58:25,507	INFO -- Deletion successful, node: gke-demo-cluster-1-default-pool-6f471531-k7mh
2019-08-12 04:58:25,507	INFO -- NODE_REMOVAL=gke-demo-cluster-1-default-pool-6f471531-k7mh
2019-08-12 04:58:25,508	INFO -- went correct
2019-08-12 04:58:25,508	INFO -- Update step finished: 2019-08-12 04:58:25.508266
2019-08-12 04:58:25,508	INFO -- Current scores
                 Not stable: 0
                 All nodes full: 0
                 Migration correct: 3 wrong: 3 chance blocked: 5
                 Node removal correct: 1 wrong: 0
                 Old state correct: 1 wrong: 2
2019-08-12 04:58:25,508	INFO -- Going to sleep for 240 seconds
2019-08-12 05:02:25,608	INFO -- Time for an update_step iteration! 2019-08-12 05:02:25.608802
2019-08-12 05:02:25,862	INFO -- Cluster was not stable, waiting for retry window (24 seconds) to try again
2019-08-12 05:02:50,245	INFO -- Cluster was not stable, waiting for retry window (24 seconds) to try again
2019-08-12 05:03:14,619	INFO -- Cluster was not stable, waiting for retry window (24 seconds) to try again
2019-08-12 05:03:39,081	INFO -- Cluster was not stable, waiting for retry window (24 seconds) to try again
2019-08-12 05:04:03,724	INFO -- Cluster was not stable, waiting for retry window (24 seconds) to try again
2019-08-12 05:04:28,182	INFO -- Cluster was not stable, waiting for retry window (24 seconds) to try again
2019-08-12 05:04:52,589	INFO -- Cluster was not stable, waiting for retry window (24 seconds) to try again
2019-08-12 05:05:16,963	INFO -- Cluster was not stable, waiting for retry window (24 seconds) to try again
2019-08-12 05:05:41,343	INFO -- Cluster was not stable, waiting for retry window (24 seconds) to try again
2019-08-12 05:06:05,711	INFO -- Cluster was not stable, waiting for retry window (24 seconds) to try again
2019-08-12 05:06:30,081	INFO -- Cluster was not stable, waiting for retry window (24 seconds) to try again
2019-08-12 05:06:54,471	INFO -- Cluster was not stable, waiting for retry window (24 seconds) to try again
2019-08-12 05:07:18,890	INFO -- Cluster was not stable, waiting for retry window (24 seconds) to try again
2019-08-12 05:07:43,324	INFO -- Cluster was not stable, waiting for retry window (24 seconds) to try again
2019-08-12 05:08:07,721	INFO -- Cluster was not stable, waiting for retry window (24 seconds) to try again
2019-08-12 05:08:32,066	INFO -- Cluster was not stable, waiting for retry window (24 seconds) to try again
2019-08-12 05:08:56,489	INFO -- Cluster was stable for 240 seconds till 2019-08-12 05:08:56.090286, calculating best transition
2019-08-12 05:08:57,327	INFO -- Execution was added to the knowledge base with load: 7591.957533557615
2019-08-12 05:08:57,327	INFO -- went wrong: <class 'SmartKubernetesSchedular.time_window.PodHasScaledWhileAnalysingException'>
2019-08-12 05:08:57,328	INFO -- Update step finished: 2019-08-12 05:08:57.328584
2019-08-12 05:08:57,329	INFO -- Current scores
                 Not stable: 0
                 All nodes full: 0
                 Migration correct: 3 wrong: 3 chance blocked: 5
                 Node removal correct: 1 wrong: 0
                 Old state correct: 1 wrong: 2
2019-08-12 05:08:57,329	INFO -- Going to sleep for 240 seconds
2019-08-12 05:12:57,426	INFO -- Time for an update_step iteration! 2019-08-12 05:12:57.426204
2019-08-12 05:12:57,823	INFO -- Cluster was stable for 240 seconds till 2019-08-12 05:12:57.426538, calculating best transition
2019-08-12 05:12:58,272	INFO -- Execution was added to the knowledge base with load: 10244.039487724609
2019-08-12 05:12:58,273	INFO -- went wrong: <class 'SmartKubernetesSchedular.time_window.PodHasScaledWhileAnalysingException'>
2019-08-12 05:12:58,273	INFO -- Update step finished: 2019-08-12 05:12:58.273333
2019-08-12 05:12:58,273	INFO -- Current scores
                 Not stable: 0
                 All nodes full: 0
                 Migration correct: 3 wrong: 3 chance blocked: 5
                 Node removal correct: 1 wrong: 0
                 Old state correct: 1 wrong: 2
2019-08-12 05:12:58,273	INFO -- Going to sleep for 240 seconds
2019-08-12 05:16:58,373	INFO -- Time for an update_step iteration! 2019-08-12 05:16:58.373853
2019-08-12 05:16:58,540	INFO -- Cluster was not stable, waiting for retry window (24 seconds) to try again
2019-08-12 05:17:22,740	INFO -- Cluster was not stable, waiting for retry window (24 seconds) to try again
2019-08-12 05:17:46,943	INFO -- Cluster was not stable, waiting for retry window (24 seconds) to try again
2019-08-12 05:18:11,182	INFO -- Cluster was not stable, waiting for retry window (24 seconds) to try again
2019-08-12 05:18:35,523	INFO -- Cluster was stable for 240 seconds till 2019-08-12 05:18:35.185360, calculating best transition
2019-08-12 05:18:36,039	INFO -- Execution was added to the knowledge base with load: 10306.700614890002
2019-08-12 05:18:36,332	INFO -- No node could be shutdown for improvement, because all the resources are needed
2019-08-12 05:18:36,896	INFO -- Costs for all options: current= 0.33501321716308596, removal= inf, old_best= 0.3350131881713867
2019-08-12 05:18:36,896	INFO -- Staying with current execution, but randomly changing one random pod
2019-08-12 05:18:37,472	INFO -- Deleting pod: php-apache-5f657688bc-74njr
2019-08-12 05:18:58,322	INFO -- Deletion pod: php-apache-5f657688bc-74njr successful
2019-08-12 05:18:59,078	INFO -- Creating pod: php-apache on gke-demo-cluster-1-default-pool-6f471531-k7mh
2019-08-12 05:18:59,753	INFO -- Addition succeeded, pod name: php-apache-5f657688bc-l66jh
2019-08-12 05:19:00,089	INFO -- went correct
2019-08-12 05:19:00,090	INFO -- Update step finished: 2019-08-12 05:19:00.090536
2019-08-12 05:19:00,091	INFO -- Current scores
                 Not stable: 0
                 All nodes full: 0
                 Migration correct: 4 wrong: 3 chance blocked: 5
                 Node removal correct: 1 wrong: 0
                 Old state correct: 1 wrong: 2
2019-08-12 05:19:00,091	INFO -- Going to sleep for 240 seconds
2019-08-12 05:23:00,094	INFO -- Time for an update_step iteration! 2019-08-12 05:23:00.094297
2019-08-12 05:23:00,447	INFO -- Cluster was not stable, waiting for retry window (24 seconds) to try again
2019-08-12 05:23:24,813	INFO -- Cluster was not stable, waiting for retry window (24 seconds) to try again
2019-08-12 05:23:49,182	INFO -- Cluster was not stable, waiting for retry window (24 seconds) to try again
2019-08-12 05:24:13,531	INFO -- Cluster was not stable, waiting for retry window (24 seconds) to try again
2019-08-12 05:24:37,903	INFO -- Cluster was not stable, waiting for retry window (24 seconds) to try again
2019-08-12 05:25:02,277	INFO -- Cluster was not stable, waiting for retry window (24 seconds) to try again
2019-08-12 05:25:26,654	INFO -- Cluster was not stable, waiting for retry window (24 seconds) to try again
2019-08-12 05:25:51,071	INFO -- Cluster was not stable, waiting for retry window (24 seconds) to try again
2019-08-12 05:26:15,421	INFO -- Cluster was not stable, waiting for retry window (24 seconds) to try again
2019-08-12 05:26:39,768	INFO -- Cluster was not stable, waiting for retry window (24 seconds) to try again
2019-08-12 05:27:04,118	INFO -- Cluster was not stable, waiting for retry window (24 seconds) to try again
2019-08-12 05:27:28,468	INFO -- Cluster was not stable, waiting for retry window (24 seconds) to try again
2019-08-12 05:27:52,825	INFO -- Cluster was not stable, waiting for retry window (24 seconds) to try again
2019-08-12 05:28:17,200	INFO -- Cluster was not stable, waiting for retry window (24 seconds) to try again
2019-08-12 05:28:41,600	INFO -- Cluster was not stable, waiting for retry window (24 seconds) to try again
2019-08-12 05:29:05,963	INFO -- Cluster was not stable, waiting for retry window (24 seconds) to try again
2019-08-12 05:29:30,336	INFO -- Cluster was stable for 240 seconds till 2019-08-12 05:29:29.985833, calculating best transition
2019-08-12 05:29:30,687	INFO -- Execution was added to the knowledge base with load: 1866.8665762496962
2019-08-12 05:29:31,154	INFO -- Costs for all options: current= 0.33501321716308596, removal= 0.2512599128723145, old_best= 0.33501318817138676
2019-08-12 05:29:31,155	INFO -- Removing node: gke-demo-cluster-1-default-pool-6f471531-w78r
2019-08-12 05:29:31,562	INFO -- Deleting node: gke-demo-cluster-1-default-pool-6f471531-w78r
2019-08-12 05:29:32,557	INFO -- Deletion successful, node: gke-demo-cluster-1-default-pool-6f471531-w78r
2019-08-12 05:29:32,559	INFO -- NODE_REMOVAL=gke-demo-cluster-1-default-pool-6f471531-w78r
2019-08-12 05:29:32,560	INFO -- went correct
2019-08-12 05:29:32,560	INFO -- Update step finished: 2019-08-12 05:29:32.560827
2019-08-12 05:29:32,561	INFO -- Current scores
                 Not stable: 0
                 All nodes full: 0
                 Migration correct: 4 wrong: 3 chance blocked: 5
                 Node removal correct: 2 wrong: 0
                 Old state correct: 1 wrong: 2
2019-08-12 05:29:32,561	INFO -- Going to sleep for 240 seconds
2019-08-12 05:33:32,630	INFO -- Time for an update_step iteration! 2019-08-12 05:33:32.630522
2019-08-12 05:33:33,090	INFO -- Cluster was not stable, waiting for retry window (24 seconds) to try again
2019-08-12 05:33:57,680	INFO -- Cluster was not stable, waiting for retry window (24 seconds) to try again
2019-08-12 05:34:22,157	INFO -- Cluster was not stable, waiting for retry window (24 seconds) to try again
2019-08-12 05:34:46,586	INFO -- Cluster was not stable, waiting for retry window (24 seconds) to try again
2019-08-12 05:35:10,991	INFO -- Cluster was not stable, waiting for retry window (24 seconds) to try again
2019-08-12 05:35:35,559	INFO -- Cluster was not stable, waiting for retry window (24 seconds) to try again
2019-08-12 05:35:59,938	INFO -- Cluster was not stable, waiting for retry window (24 seconds) to try again
2019-08-12 05:36:24,296	INFO -- Cluster was not stable, waiting for retry window (24 seconds) to try again
2019-08-12 05:36:48,788	INFO -- Cluster was not stable, waiting for retry window (24 seconds) to try again
2019-08-12 05:37:13,164	INFO -- Cluster was not stable, waiting for retry window (24 seconds) to try again
2019-08-12 05:37:37,716	INFO -- Cluster was not stable, waiting for retry window (24 seconds) to try again
2019-08-12 05:38:02,168	INFO -- Cluster was not stable, waiting for retry window (24 seconds) to try again
2019-08-12 05:38:26,359	INFO -- Cluster was not stable, waiting for retry window (24 seconds) to try again
2019-08-12 05:38:50,757	INFO -- Cluster was stable for 240 seconds till 2019-08-12 05:38:50.382222, calculating best transition
2019-08-12 05:38:51,161	INFO -- Execution was added to the knowledge base with load: 7465.400792046258
2019-08-12 05:38:51,162	INFO -- went wrong: <class 'SmartKubernetesSchedular.time_window.PodHasScaledWhileAnalysingException'>
2019-08-12 05:38:51,162	INFO -- Update step finished: 2019-08-12 05:38:51.162159
2019-08-12 05:38:51,162	INFO -- Current scores
                 Not stable: 0
                 All nodes full: 0
                 Migration correct: 4 wrong: 3 chance blocked: 5
                 Node removal correct: 2 wrong: 0
                 Old state correct: 1 wrong: 2
2019-08-12 05:38:51,162	INFO -- Going to sleep for 240 seconds
2019-08-12 05:42:51,254	INFO -- Time for an update_step iteration! 2019-08-12 05:42:51.254639
2019-08-12 05:42:51,640	INFO -- Cluster was stable for 240 seconds till 2019-08-12 05:42:51.254937, calculating best transition
2019-08-12 05:42:52,205	INFO -- Execution was added to the knowledge base with load: 10231.679333859027
2019-08-12 05:42:52,205	INFO -- went wrong: <class 'SmartKubernetesSchedular.time_window.PodHasScaledWhileAnalysingException'>
2019-08-12 05:42:52,206	INFO -- Update step finished: 2019-08-12 05:42:52.206032
2019-08-12 05:42:52,206	INFO -- Current scores
                 Not stable: 0
                 All nodes full: 0
                 Migration correct: 4 wrong: 3 chance blocked: 5
                 Node removal correct: 2 wrong: 0
                 Old state correct: 1 wrong: 2
2019-08-12 05:42:52,206	INFO -- Going to sleep for 240 seconds
2019-08-12 05:46:52,306	INFO -- Time for an update_step iteration! 2019-08-12 05:46:52.306380
2019-08-12 05:46:52,479	INFO -- Cluster was not stable, waiting for retry window (24 seconds) to try again
2019-08-12 05:47:16,689	INFO -- Cluster was not stable, waiting for retry window (24 seconds) to try again
2019-08-12 05:47:40,864	INFO -- Cluster was not stable, waiting for retry window (24 seconds) to try again
2019-08-12 05:48:05,067	INFO -- Cluster was not stable, waiting for retry window (24 seconds) to try again
2019-08-12 05:48:29,459	INFO -- Cluster was stable for 240 seconds till 2019-08-12 05:48:29.086999, calculating best transition
2019-08-12 05:48:29,900	INFO -- Execution was added to the knowledge base with load: 10295.876188937442
2019-08-12 05:48:30,225	INFO -- No node could be shutdown for improvement, because all the resources are needed
2019-08-12 05:48:30,764	INFO -- Costs for all options: current= 0.33501318817138676, removal= inf, old_best= 0.3350131881713867
2019-08-12 05:48:30,765	INFO -- Update step finished: 2019-08-12 05:48:30.765375
2019-08-12 05:48:30,766	INFO -- Current scores
                 Not stable: 0
                 All nodes full: 0
                 Migration correct: 4 wrong: 3 chance blocked: 6
                 Node removal correct: 2 wrong: 0
                 Old state correct: 1 wrong: 2
2019-08-12 05:48:30,766	INFO -- Going to sleep for 240 seconds
2019-08-12 05:52:30,848	INFO -- Time for an update_step iteration! 2019-08-12 05:52:30.848298
2019-08-12 05:52:31,188	INFO -- Cluster was not stable, waiting for retry window (24 seconds) to try again
2019-08-12 05:52:55,594	INFO -- Cluster was not stable, waiting for retry window (24 seconds) to try again
2019-08-12 05:53:19,941	INFO -- Cluster was not stable, waiting for retry window (24 seconds) to try again
2019-08-12 05:53:44,372	INFO -- Cluster was not stable, waiting for retry window (24 seconds) to try again
2019-08-12 05:54:08,748	INFO -- Cluster was not stable, waiting for retry window (24 seconds) to try again
2019-08-12 05:54:33,168	INFO -- Cluster was not stable, waiting for retry window (24 seconds) to try again
2019-08-12 05:54:57,549	INFO -- Cluster was not stable, waiting for retry window (24 seconds) to try again
2019-08-12 05:55:21,925	INFO -- Cluster was not stable, waiting for retry window (24 seconds) to try again
2019-08-12 05:55:46,321	INFO -- Cluster was not stable, waiting for retry window (24 seconds) to try again
2019-08-12 05:56:10,720	INFO -- Cluster was not stable, waiting for retry window (24 seconds) to try again
2019-08-12 05:56:35,194	INFO -- Cluster was not stable, waiting for retry window (24 seconds) to try again
2019-08-12 05:56:59,567	INFO -- Cluster was not stable, waiting for retry window (24 seconds) to try again
2019-08-12 05:57:23,948	INFO -- Cluster was not stable, waiting for retry window (24 seconds) to try again
2019-08-12 05:57:48,339	INFO -- Cluster was not stable, waiting for retry window (24 seconds) to try again
2019-08-12 05:58:12,721	INFO -- Cluster was not stable, waiting for retry window (24 seconds) to try again
2019-08-12 05:58:37,093	INFO -- Cluster was not stable, waiting for retry window (24 seconds) to try again
2019-08-12 05:59:01,476	INFO -- Cluster was stable for 240 seconds till 2019-08-12 05:59:01.103939, calculating best transition
2019-08-12 05:59:01,837	INFO -- Execution was added to the knowledge base with load: 1911.725232143388
2019-08-12 05:59:02,486	INFO -- Costs for all options: current= 0.33501318817138676, removal= 0.25125988388061526, old_best= 0.33501318817138676
2019-08-12 05:59:02,486	INFO -- Removing node: gke-demo-cluster-1-default-pool-6f471531-k7mh
2019-08-12 05:59:02,882	INFO -- Deleting node: gke-demo-cluster-1-default-pool-6f471531-k7mh
2019-08-12 05:59:04,040	INFO -- Deletion successful, node: gke-demo-cluster-1-default-pool-6f471531-k7mh
2019-08-12 05:59:04,041	INFO -- NODE_REMOVAL=gke-demo-cluster-1-default-pool-6f471531-k7mh
2019-08-12 05:59:04,042	INFO -- went correct
2019-08-12 05:59:04,043	INFO -- Update step finished: 2019-08-12 05:59:04.042977
2019-08-12 05:59:04,043	INFO -- Current scores
                 Not stable: 0
                 All nodes full: 0
                 Migration correct: 4 wrong: 3 chance blocked: 6
                 Node removal correct: 3 wrong: 0
                 Old state correct: 1 wrong: 2
2019-08-12 05:59:04,043	INFO -- Going to sleep for 240 seconds
2019-08-12 06:03:04,074	INFO -- Time for an update_step iteration! 2019-08-12 06:03:04.074739
2019-08-12 06:03:04,260	INFO -- Cluster was not stable, waiting for retry window (24 seconds) to try again
2019-08-12 06:03:28,674	INFO -- Cluster was not stable, waiting for retry window (24 seconds) to try again
2019-08-12 06:03:53,092	INFO -- Cluster was not stable, waiting for retry window (24 seconds) to try again
2019-08-12 06:04:17,536	INFO -- Cluster was not stable, waiting for retry window (24 seconds) to try again
2019-08-12 06:04:41,901	INFO -- Cluster was not stable, waiting for retry window (24 seconds) to try again
2019-08-12 06:05:06,287	INFO -- Cluster was not stable, waiting for retry window (24 seconds) to try again
2019-08-12 06:05:30,683	INFO -- Cluster was not stable, waiting for retry window (24 seconds) to try again
2019-08-12 06:05:55,202	INFO -- Cluster was not stable, waiting for retry window (24 seconds) to try again
2019-08-12 06:06:19,622	INFO -- Cluster was not stable, waiting for retry window (24 seconds) to try again
2019-08-12 06:06:44,112	INFO -- Cluster was not stable, waiting for retry window (24 seconds) to try again
2019-08-12 06:07:08,588	INFO -- Cluster was not stable, waiting for retry window (24 seconds) to try again
2019-08-12 06:07:32,967	INFO -- Cluster was not stable, waiting for retry window (24 seconds) to try again
2019-08-12 06:07:57,412	INFO -- Cluster was not stable, waiting for retry window (24 seconds) to try again
2019-08-12 06:08:21,822	INFO -- Cluster was stable for 240 seconds till 2019-08-12 06:08:21.434231, calculating best transition
2019-08-12 06:08:22,206	INFO -- Execution was added to the knowledge base with load: 6552.742561776952
2019-08-12 06:08:22,206	INFO -- went wrong: <class 'SmartKubernetesSchedular.time_window.PodHasScaledWhileAnalysingException'>
2019-08-12 06:08:22,206	INFO -- Update step finished: 2019-08-12 06:08:22.206683
2019-08-12 06:08:22,206	INFO -- Current scores
                 Not stable: 0
                 All nodes full: 0
                 Migration correct: 4 wrong: 3 chance blocked: 6
                 Node removal correct: 3 wrong: 0
                 Old state correct: 1 wrong: 2
2019-08-12 06:08:22,206	INFO -- Going to sleep for 240 seconds
2019-08-12 06:12:22,224	INFO -- Time for an update_step iteration! 2019-08-12 06:12:22.224242
2019-08-12 06:12:22,799	INFO -- Cluster was stable for 240 seconds till 2019-08-12 06:12:22.224652, calculating best transition
2019-08-12 06:12:23,684	INFO -- Execution was added to the knowledge base with load: 10254.097777777779
2019-08-12 06:12:23,685	INFO -- went wrong: <class 'SmartKubernetesSchedular.time_window.PodHasScaledWhileAnalysingException'>
2019-08-12 06:12:23,685	INFO -- Update step finished: 2019-08-12 06:12:23.685424
2019-08-12 06:12:23,685	INFO -- Current scores
                 Not stable: 0
                 All nodes full: 0
                 Migration correct: 4 wrong: 3 chance blocked: 6
                 Node removal correct: 3 wrong: 0
                 Old state correct: 1 wrong: 2
2019-08-12 06:12:23,686	INFO -- Going to sleep for 240 seconds
2019-08-12 06:16:23,758	INFO -- Time for an update_step iteration! 2019-08-12 06:16:23.758484
2019-08-12 06:16:23,957	INFO -- Cluster was not stable, waiting for retry window (24 seconds) to try again
2019-08-12 06:16:48,191	INFO -- Cluster was not stable, waiting for retry window (24 seconds) to try again
2019-08-12 06:17:12,369	INFO -- Cluster was not stable, waiting for retry window (24 seconds) to try again
2019-08-12 06:17:36,571	INFO -- Cluster was not stable, waiting for retry window (24 seconds) to try again
2019-08-12 06:18:00,977	INFO -- Cluster was not stable, waiting for retry window (24 seconds) to try again
2019-08-12 06:18:25,389	INFO -- Cluster was stable for 240 seconds till 2019-08-12 06:18:25.002240, calculating best transition
2019-08-12 06:18:25,856	INFO -- Execution was added to the knowledge base with load: 10280.39900378292
2019-08-12 06:18:26,116	INFO -- No node could be shutdown for improvement, because all the resources are needed
2019-08-12 06:18:26,214	INFO -- Costs for all options: current= 0.33501315917968755, removal= inf, old_best= 0.3350131591796875
2019-08-12 06:18:26,215	INFO -- Staying with current execution, but randomly changing one random pod
2019-08-12 06:18:26,736	INFO -- Deleting pod: php-apache-5f657688bc-985dt
