2019-08-12 14:19:32,308	INFO -- Settings: TopologyGenerator/settings-php_apache.json
2019-08-12 14:19:32,406	INFO -- Graphdatabase emptied
2019-08-12 14:19:32,406	INFO -- Waiting for warmup to finish. 1800 seconds
2019-08-12 14:49:32,506	INFO -- Going to sleep for 240 seconds
2019-08-12 14:53:32,607	INFO -- Time for an update_step iteration! 2019-08-12 14:53:32.607214
2019-08-12 14:53:32,615	INFO -- Prometheus connection died, reconnecting
2019-08-12 14:53:33,619	INFO -- Prometheus connection died, reconnecting
2019-08-12 14:53:34,980	INFO -- Cluster was stable for 240 seconds till 2019-08-12 14:53:32.608031, calculating best transition
2019-08-12 14:53:35,489	INFO -- Execution was added to the knowledge base with load: 3076.269163011127
2019-08-12 14:53:35,700	INFO -- No node could be shutdown for improvement, because all nodes have a statefull set
2019-08-12 14:53:35,793	INFO -- Costs for all options: current= 0.16750660858154298, removal= inf, old_best= 0.16750660858154298
2019-08-12 14:53:35,794	INFO -- Update step finished: 2019-08-12 14:53:35.794685
2019-08-12 14:53:35,795	INFO -- Current scores
                 Not stable: 0
                 All nodes full: 0
                 Migration correct: 0 wrong: 0 chance blocked: 1
                 Node removal correct: 0 wrong: 0
                 Old state correct: 0 wrong: 0
2019-08-12 14:53:35,796	INFO -- Going to sleep for 240 seconds
2019-08-12 14:57:35,891	INFO -- Time for an update_step iteration! 2019-08-12 14:57:35.891377
2019-08-12 14:57:36,268	INFO -- Cluster was stable for 240 seconds till 2019-08-12 14:57:35.891992, calculating best transition
2019-08-12 14:57:36,647	INFO -- Execution was added to the knowledge base with load: 3072.095666558517
2019-08-12 14:57:36,920	INFO -- No node could be shutdown for improvement, because all nodes have a statefull set
2019-08-12 14:57:37,120	INFO -- Costs for all options: current= 0.16750660858154298, removal= inf, old_best= 0.16750660858154298
2019-08-12 14:57:37,121	INFO -- Update step finished: 2019-08-12 14:57:37.121657
2019-08-12 14:57:37,122	INFO -- Current scores
                 Not stable: 0
                 All nodes full: 0
                 Migration correct: 0 wrong: 0 chance blocked: 2
                 Node removal correct: 0 wrong: 0
                 Old state correct: 0 wrong: 0
2019-08-12 14:57:37,122	INFO -- Going to sleep for 240 seconds
2019-08-12 15:01:37,144	INFO -- Time for an update_step iteration! 2019-08-12 15:01:37.144741
2019-08-12 15:01:37,524	INFO -- Cluster was stable for 240 seconds till 2019-08-12 15:01:37.145522, calculating best transition
2019-08-12 15:01:37,938	INFO -- Execution was added to the knowledge base with load: 3114.96
2019-08-12 15:01:38,169	INFO -- No node could be shutdown for improvement, because all nodes have a statefull set
2019-08-12 15:01:38,429	INFO -- Costs for all options: current= 0.16750660858154298, removal= inf, old_best= 0.16750660858154298
2019-08-12 15:01:38,430	INFO -- Staying with current execution, but randomly changing one random pod
2019-08-12 15:01:38,965	INFO -- moving: php-apache-5f657688bc-4jtlp to gke-demo-cluster-1-default-pool-6f471531-5xdr using deployment name: php-apache
2019-08-12 15:01:51,461	INFO -- pod php-apache-5f657688bc-4jtlp is deleted
2019-08-12 15:01:51,608	INFO -- Movement succeeded
2019-08-12 15:01:52,068	INFO -- went correct
2019-08-12 15:01:52,069	INFO -- Update step finished: 2019-08-12 15:01:52.069416
2019-08-12 15:01:52,070	INFO -- Current scores
                 Not stable: 0
                 All nodes full: 0
                 Migration correct: 1 wrong: 0 chance blocked: 2
                 Node removal correct: 0 wrong: 0
                 Old state correct: 0 wrong: 0
2019-08-12 15:01:52,070	INFO -- Going to sleep for 240 seconds
2019-08-12 15:05:52,157	INFO -- Time for an update_step iteration! 2019-08-12 15:05:52.157439
2019-08-12 15:05:52,628	INFO -- Cluster was not stable, waiting for retry window (24 seconds) to try again
2019-08-12 15:06:17,056	INFO -- Cluster was stable for 240 seconds till 2019-08-12 15:06:16.653278, calculating best transition
2019-08-12 15:06:17,385	INFO -- Execution was added to the knowledge base with load: 3126.6573098398185
2019-08-12 15:06:17,610	INFO -- No node could be shutdown for improvement, because all nodes have a statefull set
2019-08-12 15:06:17,994	INFO -- Costs for all options: current= 0.16750660858154298, removal= inf, old_best= 0.16750660858154298
2019-08-12 15:06:17,995	INFO -- Update step finished: 2019-08-12 15:06:17.995709
2019-08-12 15:06:17,996	INFO -- Current scores
                 Not stable: 0
                 All nodes full: 0
                 Migration correct: 1 wrong: 0 chance blocked: 3
                 Node removal correct: 0 wrong: 0
                 Old state correct: 0 wrong: 0
2019-08-12 15:06:17,996	INFO -- Going to sleep for 240 seconds
2019-08-12 15:10:18,019	INFO -- Time for an update_step iteration! 2019-08-12 15:10:18.019678
2019-08-12 15:10:18,372	INFO -- Cluster was stable for 240 seconds till 2019-08-12 15:10:18.020434, calculating best transition
2019-08-12 15:10:18,762	INFO -- Execution was added to the knowledge base with load: 3031.222222222222
2019-08-12 15:10:18,957	INFO -- No node could be shutdown for improvement, because all nodes have a statefull set
2019-08-12 15:10:19,398	INFO -- Costs for all options: current= 0.16750660858154298, removal= inf, old_best= 0.16750660858154298
2019-08-12 15:10:19,398	INFO -- Staying with current execution, but randomly changing one random pod
2019-08-12 15:10:19,941	INFO -- moving: php-apache-5f657688bc-c6lbr to gke-demo-cluster-1-default-pool-6f471531-5xdr using deployment name: php-apache
2019-08-12 15:10:31,421	INFO -- pod php-apache-5f657688bc-c6lbr is deleted
2019-08-12 15:10:31,539	INFO -- Movement succeeded
2019-08-12 15:10:31,969	INFO -- went correct
2019-08-12 15:10:31,970	INFO -- Update step finished: 2019-08-12 15:10:31.970844
2019-08-12 15:10:31,971	INFO -- Current scores
                 Not stable: 0
                 All nodes full: 0
                 Migration correct: 2 wrong: 0 chance blocked: 3
                 Node removal correct: 0 wrong: 0
                 Old state correct: 0 wrong: 0
2019-08-12 15:10:31,972	INFO -- Going to sleep for 240 seconds
2019-08-12 15:14:32,060	INFO -- Time for an update_step iteration! 2019-08-12 15:14:32.060454
2019-08-12 15:14:32,411	INFO -- Cluster was stable for 240 seconds till 2019-08-12 15:14:32.061250, calculating best transition
2019-08-12 15:14:32,733	INFO -- Execution was added to the knowledge base with load: 3060.1936507936507
2019-08-12 15:14:32,925	INFO -- No node could be shutdown for improvement, because all nodes have a statefull set
2019-08-12 15:14:33,487	INFO -- Costs for all options: current= 0.16750660858154298, removal= inf, old_best= 0.16750660858154298
2019-08-12 15:14:33,488	INFO -- Staying with current execution, but randomly changing one random pod
2019-08-12 15:14:33,950	INFO -- moving: php-apache-5f657688bc-74w9r to gke-demo-cluster-1-default-pool-6f471531-419d using deployment name: php-apache
2019-08-12 15:14:41,556	INFO -- pod php-apache-5f657688bc-74w9r is deleted
2019-08-12 15:14:41,671	INFO -- Movement succeeded
2019-08-12 15:14:42,112	INFO -- went correct
2019-08-12 15:14:42,113	INFO -- Update step finished: 2019-08-12 15:14:42.113681
2019-08-12 15:14:42,114	INFO -- Current scores
                 Not stable: 0
                 All nodes full: 0
                 Migration correct: 3 wrong: 0 chance blocked: 3
                 Node removal correct: 0 wrong: 0
                 Old state correct: 0 wrong: 0
2019-08-12 15:14:42,114	INFO -- Going to sleep for 240 seconds
2019-08-12 15:18:42,215	INFO -- Time for an update_step iteration! 2019-08-12 15:18:42.215265
2019-08-12 15:18:42,589	INFO -- Cluster was not stable, waiting for retry window (24 seconds) to try again
2019-08-12 15:19:06,955	INFO -- Cluster was stable for 240 seconds till 2019-08-12 15:19:06.614142, calculating best transition
2019-08-12 15:19:07,343	INFO -- Execution was added to the knowledge base with load: 2961.08711569886
2019-08-12 15:19:07,654	INFO -- No node could be shutdown for improvement, because all nodes have a statefull set
2019-08-12 15:19:08,395	INFO -- Costs for all options: current= 0.16750660858154298, removal= inf, old_best= 0.16750660858154298
2019-08-12 15:19:08,396	INFO -- Update step finished: 2019-08-12 15:19:08.396379
2019-08-12 15:19:08,397	INFO -- Current scores
                 Not stable: 0
                 All nodes full: 0
                 Migration correct: 3 wrong: 0 chance blocked: 4
                 Node removal correct: 0 wrong: 0
                 Old state correct: 0 wrong: 0
2019-08-12 15:19:08,397	INFO -- Going to sleep for 240 seconds
2019-08-12 15:23:08,490	INFO -- Time for an update_step iteration! 2019-08-12 15:23:08.490901
2019-08-12 15:23:08,666	INFO -- Cluster was not stable, waiting for retry window (24 seconds) to try again
2019-08-12 15:23:32,871	INFO -- Cluster was not stable, waiting for retry window (24 seconds) to try again
2019-08-12 15:23:57,107	INFO -- Cluster was not stable, waiting for retry window (24 seconds) to try again
2019-08-12 15:24:21,277	INFO -- Cluster was not stable, waiting for retry window (24 seconds) to try again
2019-08-12 15:24:45,471	INFO -- Cluster was not stable, waiting for retry window (24 seconds) to try again
2019-08-12 15:25:09,722	INFO -- Cluster was not stable, waiting for retry window (24 seconds) to try again
2019-08-12 15:25:34,143	INFO -- Cluster was not stable, waiting for retry window (24 seconds) to try again
2019-08-12 15:25:58,346	INFO -- Cluster was not stable, waiting for retry window (24 seconds) to try again
2019-08-12 15:26:22,573	INFO -- Cluster was not stable, waiting for retry window (24 seconds) to try again
2019-08-12 15:26:46,784	INFO -- Cluster was not stable, waiting for retry window (24 seconds) to try again
2019-08-12 15:27:10,986	INFO -- Cluster was not stable, waiting for retry window (24 seconds) to try again
2019-08-12 15:27:35,190	INFO -- Cluster was not stable, waiting for retry window (24 seconds) to try again
2019-08-12 15:27:59,492	INFO -- Cluster was not stable, waiting for retry window (24 seconds) to try again
2019-08-12 15:28:23,968	INFO -- Cluster was not stable, waiting for retry window (24 seconds) to try again
2019-08-12 15:28:48,195	INFO -- Cluster was not stable, waiting for retry window (24 seconds) to try again
2019-08-12 15:29:12,431	INFO -- Cluster was not stable, waiting for retry window (24 seconds) to try again
2019-08-12 15:29:36,804	INFO -- Cluster was stable for 240 seconds till 2019-08-12 15:29:36.452306, calculating best transition
2019-08-12 15:29:37,332	INFO -- Execution was added to the knowledge base with load: 8555.06910696366
2019-08-12 15:29:37,742	INFO -- No node could be shutdown for improvement, because all the resources are needed
2019-08-12 15:29:37,842	INFO -- Costs for all options: current= 0.33501321716308596, removal= inf, old_best= 0.33501321716308596
2019-08-12 15:29:37,842	INFO -- Staying with current execution, but randomly changing one random pod
2019-08-12 15:29:38,437	INFO -- Deleting pod: php-apache-5f657688bc-jmr8v
2019-08-12 15:32:10,697	INFO -- went wrong: <class 'kubernetes_tools.migrate_pod.VerificationTookTooLongException'>
2019-08-12 15:32:10,697	INFO -- Update step finished: 2019-08-12 15:32:10.697564
2019-08-12 15:32:10,697	INFO -- Current scores
                 Not stable: 0
                 All nodes full: 0
                 Migration correct: 3 wrong: 1 chance blocked: 4
                 Node removal correct: 0 wrong: 0
                 Old state correct: 0 wrong: 0
2019-08-12 15:32:10,698	INFO -- Going to sleep for 240 seconds
2019-08-12 15:36:10,798	INFO -- Time for an update_step iteration! 2019-08-12 15:36:10.798160
2019-08-12 15:36:11,156	INFO -- Cluster was stable for 240 seconds till 2019-08-12 15:36:10.798522, calculating best transition
2019-08-12 15:36:11,693	INFO -- Execution was added to the knowledge base with load: 10332.061070369733
2019-08-12 15:36:12,007	INFO -- No node could be shutdown for improvement, because all the resources are needed
2019-08-12 15:36:12,116	INFO -- Costs for all options: current= 0.33501321716308596, removal= inf, old_best= 0.33501321716308596
2019-08-12 15:36:12,116	INFO -- Staying with current execution, but randomly changing one random pod
2019-08-12 15:36:12,672	INFO -- Deleting pod: php-apache-5f657688bc-lnfvr
2019-08-12 15:36:29,212	INFO -- Deletion pod: php-apache-5f657688bc-lnfvr successful
2019-08-12 15:36:30,014	INFO -- Creating pod: php-apache on gke-demo-cluster-1-default-pool-6f471531-zhc6
2019-08-12 15:36:30,719	ERROR -- Addition failed
2019-08-12 15:36:30,949	INFO -- went wrong: <class 'kubernetes_tools.migrate_pod.PodScheduledOnWrongNodeException'>
2019-08-12 15:36:30,951	INFO -- Update step finished: 2019-08-12 15:36:30.951095
2019-08-12 15:36:30,951	INFO -- Current scores
                 Not stable: 0
                 All nodes full: 0
                 Migration correct: 3 wrong: 2 chance blocked: 4
                 Node removal correct: 0 wrong: 0
                 Old state correct: 0 wrong: 0
2019-08-12 15:36:30,951	INFO -- Going to sleep for 240 seconds
2019-08-12 15:40:31,050	INFO -- Time for an update_step iteration! 2019-08-12 15:40:31.050209
2019-08-12 15:40:31,442	INFO -- Cluster was not stable, waiting for retry window (24 seconds) to try again
2019-08-12 15:40:55,810	INFO -- Cluster was stable for 240 seconds till 2019-08-12 15:40:55.467632, calculating best transition
2019-08-12 15:40:56,291	INFO -- Execution was added to the knowledge base with load: 10128.929018795245
2019-08-12 15:40:56,547	INFO -- No node could be shutdown for improvement, because all the resources are needed
2019-08-12 15:40:56,753	INFO -- Costs for all options: current= 0.33501321716308596, removal= inf, old_best= 0.33501321716308596
2019-08-12 15:40:56,754	INFO -- Staying with current execution, but randomly changing one random pod
2019-08-12 15:40:57,266	INFO -- Deleting pod: php-apache-5f657688bc-v7dnc
2019-08-12 15:41:13,503	INFO -- Deletion pod: php-apache-5f657688bc-v7dnc successful
2019-08-12 15:41:14,212	INFO -- Creating pod: php-apache on gke-demo-cluster-1-default-pool-6f471531-5xdr
2019-08-12 15:41:14,877	ERROR -- Addition failed
2019-08-12 15:41:15,093	INFO -- went wrong: <class 'kubernetes_tools.migrate_pod.PodScheduledOnWrongNodeException'>
2019-08-12 15:41:15,095	INFO -- Update step finished: 2019-08-12 15:41:15.095222
2019-08-12 15:41:15,095	INFO -- Current scores
                 Not stable: 0
                 All nodes full: 0
                 Migration correct: 3 wrong: 3 chance blocked: 4
                 Node removal correct: 0 wrong: 0
                 Old state correct: 0 wrong: 0
2019-08-12 15:41:15,096	INFO -- Going to sleep for 240 seconds
2019-08-12 15:45:15,194	INFO -- Time for an update_step iteration! 2019-08-12 15:45:15.194206
2019-08-12 15:45:15,525	INFO -- Cluster was not stable, waiting for retry window (24 seconds) to try again
2019-08-12 15:45:39,920	INFO -- Cluster was not stable, waiting for retry window (24 seconds) to try again
2019-08-12 15:46:04,321	INFO -- Cluster was not stable, waiting for retry window (24 seconds) to try again
2019-08-12 15:46:28,691	INFO -- Cluster was stable for 240 seconds till 2019-08-12 15:46:28.345695, calculating best transition
2019-08-12 15:46:29,176	INFO -- Execution was added to the knowledge base with load: 10307.520616109907
2019-08-12 15:46:29,428	INFO -- No node could be shutdown for improvement, because all the resources are needed
2019-08-12 15:46:29,675	INFO -- Costs for all options: current= 0.33501321716308596, removal= inf, old_best= 0.33501321716308596
2019-08-12 15:46:29,676	INFO -- Update step finished: 2019-08-12 15:46:29.675991
2019-08-12 15:46:29,676	INFO -- Current scores
                 Not stable: 0
                 All nodes full: 0
                 Migration correct: 3 wrong: 3 chance blocked: 5
                 Node removal correct: 0 wrong: 0
                 Old state correct: 0 wrong: 0
2019-08-12 15:46:29,676	INFO -- Going to sleep for 240 seconds
2019-08-12 15:50:29,776	INFO -- Time for an update_step iteration! 2019-08-12 15:50:29.776110
2019-08-12 15:50:30,150	INFO -- Cluster was stable for 240 seconds till 2019-08-12 15:50:29.776559, calculating best transition
2019-08-12 15:50:30,614	INFO -- Execution was added to the knowledge base with load: 10303.284503565696
2019-08-12 15:50:30,886	INFO -- No node could be shutdown for improvement, because all the resources are needed
2019-08-12 15:50:31,230	INFO -- Costs for all options: current= 0.33501321716308596, removal= inf, old_best= 0.33501321716308596
2019-08-12 15:50:31,230	INFO -- Update step finished: 2019-08-12 15:50:31.230825
2019-08-12 15:50:31,231	INFO -- Current scores
                 Not stable: 0
                 All nodes full: 0
                 Migration correct: 3 wrong: 3 chance blocked: 6
                 Node removal correct: 0 wrong: 0
                 Old state correct: 0 wrong: 0
2019-08-12 15:50:31,231	INFO -- Going to sleep for 240 seconds
2019-08-12 15:54:31,330	INFO -- Time for an update_step iteration! 2019-08-12 15:54:31.330207
2019-08-12 15:54:31,813	INFO -- Cluster was stable for 240 seconds till 2019-08-12 15:54:31.330538, calculating best transition
2019-08-12 15:54:32,652	INFO -- Execution was added to the knowledge base with load: 10239.04379727695
2019-08-12 15:54:32,955	INFO -- No node could be shutdown for improvement, because all the resources are needed
2019-08-12 15:54:33,387	INFO -- Costs for all options: current= 0.33501321716308596, removal= inf, old_best= 0.33501321716308596
2019-08-12 15:54:33,387	INFO -- Staying with current execution, but randomly changing one random pod
2019-08-12 15:54:33,902	INFO -- Deleting pod: php-apache-5f657688bc-b4q2s
2019-08-12 15:57:06,735	INFO -- went wrong: <class 'kubernetes_tools.migrate_pod.VerificationTookTooLongException'>
2019-08-12 15:57:06,735	INFO -- Update step finished: 2019-08-12 15:57:06.735831
2019-08-12 15:57:06,735	INFO -- Current scores
                 Not stable: 0
                 All nodes full: 0
                 Migration correct: 3 wrong: 4 chance blocked: 6
                 Node removal correct: 0 wrong: 0
                 Old state correct: 0 wrong: 0
2019-08-12 15:57:06,736	INFO -- Going to sleep for 240 seconds
2019-08-12 16:01:06,834	INFO -- Time for an update_step iteration! 2019-08-12 16:01:06.834201
2019-08-12 16:01:07,213	INFO -- Cluster was stable for 240 seconds till 2019-08-12 16:01:06.834544, calculating best transition
2019-08-12 16:01:07,660	INFO -- Execution was added to the knowledge base with load: 10419.750833159958
2019-08-12 16:01:07,985	INFO -- No node could be shutdown for improvement, because all the resources are needed
2019-08-12 16:01:08,537	INFO -- Costs for all options: current= 0.33501321716308596, removal= inf, old_best= 0.33501321716308596
2019-08-12 16:01:08,537	INFO -- Update step finished: 2019-08-12 16:01:08.537540
2019-08-12 16:01:08,537	INFO -- Current scores
                 Not stable: 0
                 All nodes full: 0
                 Migration correct: 3 wrong: 4 chance blocked: 7
                 Node removal correct: 0 wrong: 0
                 Old state correct: 0 wrong: 0
2019-08-12 16:01:08,537	INFO -- Going to sleep for 240 seconds
2019-08-12 16:05:08,571	INFO -- Time for an update_step iteration! 2019-08-12 16:05:08.571707
2019-08-12 16:05:08,953	INFO -- Cluster was stable for 240 seconds till 2019-08-12 16:05:08.572324, calculating best transition
2019-08-12 16:05:09,483	INFO -- Execution was added to the knowledge base with load: 10297.304724288904
2019-08-12 16:05:09,775	INFO -- No node could be shutdown for improvement, because all the resources are needed
2019-08-12 16:05:10,495	INFO -- Costs for all options: current= 0.33501321716308596, removal= inf, old_best= 0.33501321716308596
2019-08-12 16:05:10,496	INFO -- Staying with current execution, but randomly changing one random pod
2019-08-12 16:05:11,020	INFO -- Deleting pod: php-apache-5f657688bc-ndt5g
2019-08-12 16:07:32,725	INFO -- went wrong: <class 'kubernetes_tools.migrate_pod.VerificationTookTooLongException'>
2019-08-12 16:07:32,727	INFO -- Update step finished: 2019-08-12 16:07:32.727080
2019-08-12 16:07:32,727	INFO -- Current scores
                 Not stable: 0
                 All nodes full: 0
                 Migration correct: 3 wrong: 5 chance blocked: 7
                 Node removal correct: 0 wrong: 0
                 Old state correct: 0 wrong: 0
2019-08-12 16:07:32,728	INFO -- Going to sleep for 240 seconds
2019-08-12 16:11:32,782	INFO -- Time for an update_step iteration! 2019-08-12 16:11:32.782340
2019-08-12 16:11:33,172	INFO -- Cluster was not stable, waiting for retry window (24 seconds) to try again
2019-08-12 16:11:57,534	INFO -- Cluster was not stable, waiting for retry window (24 seconds) to try again
2019-08-12 16:12:21,918	INFO -- Cluster was not stable, waiting for retry window (24 seconds) to try again
2019-08-12 16:12:46,281	INFO -- Cluster was not stable, waiting for retry window (24 seconds) to try again
2019-08-12 16:13:10,659	INFO -- Cluster was not stable, waiting for retry window (24 seconds) to try again
2019-08-12 16:13:35,221	INFO -- Cluster was not stable, waiting for retry window (24 seconds) to try again
2019-08-12 16:13:59,623	INFO -- Cluster was not stable, waiting for retry window (24 seconds) to try again
2019-08-12 16:14:23,994	INFO -- Cluster was not stable, waiting for retry window (24 seconds) to try again
2019-08-12 16:14:48,365	INFO -- Cluster was not stable, waiting for retry window (24 seconds) to try again
2019-08-12 16:15:12,749	INFO -- Cluster was not stable, waiting for retry window (24 seconds) to try again
2019-08-12 16:15:37,161	INFO -- Cluster was not stable, waiting for retry window (24 seconds) to try again
2019-08-12 16:16:01,548	INFO -- Cluster was not stable, waiting for retry window (24 seconds) to try again
2019-08-12 16:16:25,970	INFO -- Cluster was not stable, waiting for retry window (24 seconds) to try again
2019-08-12 16:16:50,336	INFO -- Cluster was not stable, waiting for retry window (24 seconds) to try again
2019-08-12 16:17:14,781	INFO -- Cluster was not stable, waiting for retry window (24 seconds) to try again
2019-08-12 16:17:39,194	INFO -- Cluster was not stable, waiting for retry window (24 seconds) to try again
2019-08-12 16:18:03,584	INFO -- Cluster was stable for 240 seconds till 2019-08-12 16:18:03.204212, calculating best transition
2019-08-12 16:18:04,005	INFO -- Execution was added to the knowledge base with load: 2989.7306244181095
2019-08-12 16:18:04,863	INFO -- Costs for all options: current= 0.33501321716308596, removal= 0.2512599128723145, old_best= 0.16750660858154298
2019-08-12 16:18:04,864	INFO -- Changing to old_best_execution found in time: 2019-08-12 15:10:32.061000
2019-08-12 16:18:05,462	INFO -- moving: php-apache-5f657688bc-x95f6 to gke-demo-cluster-1-default-pool-6f471531-5xdr using deployment name: php-apache
2019-08-12 16:18:11,417	INFO -- pod php-apache-5f657688bc-x95f6 is deleted
2019-08-12 16:18:11,565	INFO -- Movement succeeded
2019-08-12 16:18:12,062	INFO -- moving: php-apache-5f657688bc-rjdsm to gke-demo-cluster-1-default-pool-6f471531-5xdr using deployment name: php-apache
2019-08-12 16:18:21,441	INFO -- pod php-apache-5f657688bc-rjdsm is deleted
2019-08-12 16:18:21,600	INFO -- Movement succeeded
2019-08-12 16:18:22,115	INFO -- Deleting node: gke-demo-cluster-1-default-pool-6f471531-k2jj
2019-08-12 16:18:22,873	INFO -- Deletion successful, node: gke-demo-cluster-1-default-pool-6f471531-k2jj
2019-08-12 16:18:22,875	INFO -- NODE_REMOVAL=gke-demo-cluster-1-default-pool-6f471531-k2jj
2019-08-12 16:18:22,875	INFO -- Deleting node: gke-demo-cluster-1-default-pool-6f471531-zhc6
2019-08-12 16:18:23,483	INFO -- Deletion successful, node: gke-demo-cluster-1-default-pool-6f471531-zhc6
2019-08-12 16:18:23,484	INFO -- NODE_REMOVAL=gke-demo-cluster-1-default-pool-6f471531-zhc6
2019-08-12 16:18:23,485	INFO -- went correct
2019-08-12 16:18:23,486	INFO -- Update step finished: 2019-08-12 16:18:23.486626
2019-08-12 16:18:23,487	INFO -- Current scores
                 Not stable: 0
                 All nodes full: 0
                 Migration correct: 3 wrong: 5 chance blocked: 7
                 Node removal correct: 0 wrong: 0
                 Old state correct: 1 wrong: 0
2019-08-12 16:18:23,487	INFO -- Going to sleep for 240 seconds
2019-08-12 16:22:23,490	INFO -- Time for an update_step iteration! 2019-08-12 16:22:23.490398
2019-08-12 16:22:23,696	INFO -- Cluster was not stable, waiting for retry window (24 seconds) to try again
2019-08-12 16:22:48,108	INFO -- Cluster was stable for 240 seconds till 2019-08-12 16:22:47.721579, calculating best transition
2019-08-12 16:22:48,470	INFO -- Execution was added to the knowledge base with load: 3044.7249709058738
2019-08-12 16:22:48,685	INFO -- No node could be shutdown for improvement, because all nodes have a statefull set
2019-08-12 16:22:49,283	INFO -- Costs for all options: current= 0.16750660858154298, removal= inf, old_best= 0.16750660858154298
2019-08-12 16:22:49,284	INFO -- Update step finished: 2019-08-12 16:22:49.284322
2019-08-12 16:22:49,284	INFO -- Current scores
                 Not stable: 0
                 All nodes full: 0
                 Migration correct: 3 wrong: 5 chance blocked: 8
                 Node removal correct: 0 wrong: 0
                 Old state correct: 1 wrong: 0
2019-08-12 16:22:49,285	INFO -- Going to sleep for 240 seconds
2019-08-12 16:26:49,386	INFO -- Time for an update_step iteration! 2019-08-12 16:26:49.386408
2019-08-12 16:26:49,741	INFO -- Cluster was stable for 240 seconds till 2019-08-12 16:26:49.387204, calculating best transition
2019-08-12 16:26:50,162	INFO -- Execution was added to the knowledge base with load: 3136.782222222222
2019-08-12 16:26:50,398	INFO -- No node could be shutdown for improvement, because all nodes have a statefull set
2019-08-12 16:26:51,158	INFO -- Costs for all options: current= 0.16750660858154298, removal= inf, old_best= 0.16750660858154298
2019-08-12 16:26:51,159	INFO -- Update step finished: 2019-08-12 16:26:51.159810
2019-08-12 16:26:51,160	INFO -- Current scores
                 Not stable: 0
                 All nodes full: 0
                 Migration correct: 3 wrong: 5 chance blocked: 9
                 Node removal correct: 0 wrong: 0
                 Old state correct: 1 wrong: 0
2019-08-12 16:26:51,161	INFO -- Going to sleep for 240 seconds
2019-08-12 16:30:51,186	INFO -- Time for an update_step iteration! 2019-08-12 16:30:51.186111
2019-08-12 16:30:51,370	INFO -- Cluster was not stable, waiting for retry window (24 seconds) to try again
2019-08-12 16:31:15,577	INFO -- Cluster was not stable, waiting for retry window (24 seconds) to try again
2019-08-12 16:31:39,789	INFO -- Cluster was not stable, waiting for retry window (24 seconds) to try again
2019-08-12 16:32:03,965	INFO -- Cluster was not stable, waiting for retry window (24 seconds) to try again
2019-08-12 16:32:28,140	INFO -- Cluster was not stable, waiting for retry window (24 seconds) to try again
2019-08-12 16:32:52,345	INFO -- Cluster was not stable, waiting for retry window (24 seconds) to try again
2019-08-12 16:33:16,540	INFO -- Cluster was not stable, waiting for retry window (24 seconds) to try again
2019-08-12 16:33:40,741	INFO -- Cluster was not stable, waiting for retry window (24 seconds) to try again
2019-08-12 16:34:04,917	INFO -- Cluster was not stable, waiting for retry window (24 seconds) to try again
2019-08-12 16:34:29,138	INFO -- Cluster was not stable, waiting for retry window (24 seconds) to try again
2019-08-12 16:34:53,478	INFO -- Cluster was not stable, waiting for retry window (24 seconds) to try again
2019-08-12 16:35:17,673	INFO -- Cluster was not stable, waiting for retry window (24 seconds) to try again
2019-08-12 16:35:41,879	INFO -- Cluster was not stable, waiting for retry window (24 seconds) to try again
2019-08-12 16:36:06,077	INFO -- Cluster was not stable, waiting for retry window (24 seconds) to try again
2019-08-12 16:36:30,266	INFO -- Cluster was not stable, waiting for retry window (24 seconds) to try again
2019-08-12 16:36:54,706	INFO -- Cluster was not stable, waiting for retry window (24 seconds) to try again
2019-08-12 16:37:19,088	INFO -- Cluster was not stable, waiting for retry window (24 seconds) to try again
2019-08-12 16:37:43,511	INFO -- Cluster was not stable, waiting for retry window (24 seconds) to try again
2019-08-12 16:38:07,873	INFO -- Cluster was stable for 240 seconds till 2019-08-12 16:38:07.537087, calculating best transition
2019-08-12 16:38:08,275	INFO -- Execution was added to the knowledge base with load: 3112.6166227847407
2019-08-12 16:38:09,234	INFO -- Costs for all options: current= 0.33501318817138676, removal= 0.2512599128723145, old_best= 0.16750660858154298
2019-08-12 16:38:09,234	INFO -- Changing to old_best_execution found in time: 2019-08-12 15:06:18.020000
2019-08-12 16:38:09,702	INFO -- Deleting pod: php-apache-5f657688bc-lc55h
2019-08-12 16:39:26,536	INFO -- Deletion pod: php-apache-5f657688bc-lc55h successful
2019-08-12 16:39:26,883	INFO -- Deleting pod: php-apache-5f657688bc-2p2cp
2019-08-12 16:39:33,718	INFO -- Deletion pod: php-apache-5f657688bc-2p2cp successful
2019-08-12 16:39:33,884	INFO -- went wrong: <class 'SmartKubernetesSchedular.enforcer.PodHasScaledWhileEnforcingException'>
2019-08-12 16:39:33,884	INFO -- Update step finished: 2019-08-12 16:39:33.884740
2019-08-12 16:39:33,884	INFO -- Current scores
                 Not stable: 0
                 All nodes full: 0
                 Migration correct: 3 wrong: 5 chance blocked: 9
                 Node removal correct: 0 wrong: 0
                 Old state correct: 1 wrong: 1
2019-08-12 16:39:33,885	INFO -- Going to sleep for 240 seconds
2019-08-12 16:43:33,985	INFO -- Time for an update_step iteration! 2019-08-12 16:43:33.985559
2019-08-12 16:43:34,176	INFO -- Cluster was not stable, waiting for retry window (24 seconds) to try again
2019-08-12 16:43:58,380	INFO -- Cluster was not stable, waiting for retry window (24 seconds) to try again
2019-08-12 16:44:22,574	INFO -- Cluster was not stable, waiting for retry window (24 seconds) to try again
2019-08-12 16:44:46,776	INFO -- Cluster was not stable, waiting for retry window (24 seconds) to try again
2019-08-12 16:45:10,960	INFO -- Cluster was not stable, waiting for retry window (24 seconds) to try again
2019-08-12 16:45:35,159	INFO -- Cluster was not stable, waiting for retry window (24 seconds) to try again
2019-08-12 16:45:59,373	INFO -- Cluster was not stable, waiting for retry window (24 seconds) to try again
2019-08-12 16:46:23,659	INFO -- Cluster was not stable, waiting for retry window (24 seconds) to try again
2019-08-12 16:46:48,067	INFO -- Cluster was stable for 240 seconds till 2019-08-12 16:46:47.684908, calculating best transition
2019-08-12 16:46:48,483	INFO -- Execution was added to the knowledge base with load: 3107.09007475058
2019-08-12 16:46:48,694	INFO -- No node could be shutdown for improvement, because all nodes have a statefull set
2019-08-12 16:46:49,485	INFO -- Costs for all options: current= 0.16750660858154298, removal= inf, old_best= 0.16750660858154298
2019-08-12 16:46:49,485	INFO -- Staying with current execution, but randomly changing one random pod
2019-08-12 16:46:50,021	INFO -- moving: php-apache-5f657688bc-4mlmt to gke-demo-cluster-1-default-pool-6f471531-419d using deployment name: php-apache
2019-08-12 16:47:01,576	INFO -- pod php-apache-5f657688bc-4mlmt is deleted
2019-08-12 16:47:01,714	INFO -- Movement succeeded
2019-08-12 16:47:02,192	INFO -- went correct
2019-08-12 16:47:02,193	INFO -- Update step finished: 2019-08-12 16:47:02.193810
2019-08-12 16:47:02,194	INFO -- Current scores
                 Not stable: 0
                 All nodes full: 0
                 Migration correct: 4 wrong: 5 chance blocked: 9
                 Node removal correct: 0 wrong: 0
                 Old state correct: 1 wrong: 1
2019-08-12 16:47:02,194	INFO -- Going to sleep for 240 seconds
2019-08-12 16:51:02,271	INFO -- Time for an update_step iteration! 2019-08-12 16:51:02.271327
2019-08-12 16:51:02,995	INFO -- Cluster was not stable, waiting for retry window (24 seconds) to try again
2019-08-12 16:51:27,392	INFO -- Cluster was not stable, waiting for retry window (24 seconds) to try again
2019-08-12 16:51:51,897	INFO -- Cluster was not stable, waiting for retry window (24 seconds) to try again
2019-08-12 16:52:16,289	INFO -- Cluster was not stable, waiting for retry window (24 seconds) to try again
2019-08-12 16:52:40,686	INFO -- Cluster was not stable, waiting for retry window (24 seconds) to try again
2019-08-12 16:53:04,889	INFO -- Cluster was not stable, waiting for retry window (24 seconds) to try again
2019-08-12 16:53:29,077	INFO -- Cluster was not stable, waiting for retry window (24 seconds) to try again
2019-08-12 16:53:53,318	INFO -- Cluster was not stable, waiting for retry window (24 seconds) to try again
2019-08-12 16:54:17,774	INFO -- Cluster was not stable, waiting for retry window (24 seconds) to try again
2019-08-12 16:54:42,153	INFO -- Cluster was not stable, waiting for retry window (24 seconds) to try again
2019-08-12 16:55:06,373	INFO -- Cluster was not stable, waiting for retry window (24 seconds) to try again
2019-08-12 16:55:30,572	INFO -- Cluster was not stable, waiting for retry window (24 seconds) to try again
2019-08-12 16:55:54,812	INFO -- Cluster was not stable, waiting for retry window (24 seconds) to try again
2019-08-12 16:56:19,022	INFO -- Cluster was not stable, waiting for retry window (24 seconds) to try again
2019-08-12 16:56:43,199	INFO -- Cluster was not stable, waiting for retry window (24 seconds) to try again
2019-08-12 16:57:07,515	INFO -- Cluster was not stable, waiting for retry window (24 seconds) to try again
2019-08-12 16:57:31,865	INFO -- Cluster was not stable, waiting for retry window (24 seconds) to try again
2019-08-12 16:57:56,228	INFO -- Cluster was not stable, waiting for retry window (24 seconds) to try again
2019-08-12 16:58:20,431	INFO -- Cluster was not stable, waiting for retry window (24 seconds) to try again
2019-08-12 16:58:44,650	INFO -- Cluster was not stable, waiting for retry window (24 seconds) to try again
2019-08-12 16:59:08,864	INFO -- Cluster was not stable, waiting for retry window (24 seconds) to try again
2019-08-12 16:59:33,068	INFO -- Cluster was not stable, waiting for retry window (24 seconds) to try again
2019-08-12 16:59:57,518	INFO -- Cluster was stable for 240 seconds till 2019-08-12 16:59:57.074047, calculating best transition
2019-08-12 16:59:58,374	INFO -- Execution was added to the knowledge base with load: 8958.586223461787
2019-08-12 16:59:58,685	INFO -- No node could be shutdown for improvement, because all the resources are needed
2019-08-12 16:59:58,773	INFO -- Costs for all options: current= 0.33501315917968755, removal= inf, old_best= 0.33501315917968755
2019-08-12 16:59:58,773	INFO -- Staying with current execution, but randomly changing one random pod
2019-08-12 16:59:59,310	INFO -- Deleting pod: php-apache-5f657688bc-kcfww
2019-08-12 17:00:18,835	INFO -- Deletion pod: php-apache-5f657688bc-kcfww successful
2019-08-12 17:00:19,522	INFO -- Creating pod: php-apache on gke-demo-cluster-1-default-pool-6f471531-zjjn
2019-08-12 17:00:20,436	INFO -- went wrong: <class 'kubernetes_tools.add_pod.MultiplePodsCreatedException'>
2019-08-12 17:00:20,436	INFO -- Update step finished: 2019-08-12 17:00:20.436873
2019-08-12 17:00:20,437	INFO -- Current scores
                 Not stable: 0
                 All nodes full: 0
                 Migration correct: 4 wrong: 6 chance blocked: 9
                 Node removal correct: 0 wrong: 0
                 Old state correct: 1 wrong: 1
2019-08-12 17:00:20,437	INFO -- Going to sleep for 240 seconds
2019-08-12 17:04:20,470	INFO -- Time for an update_step iteration! 2019-08-12 17:04:20.470586
2019-08-12 17:04:20,886	INFO -- Cluster was not stable, waiting for retry window (24 seconds) to try again
2019-08-12 17:04:45,537	INFO -- Cluster was stable for 240 seconds till 2019-08-12 17:04:44.911282, calculating best transition
2019-08-12 17:04:45,947	INFO -- Execution was added to the knowledge base with load: 10130.942718139697
2019-08-12 17:04:46,211	INFO -- No node could be shutdown for improvement, because all the resources are needed
2019-08-12 17:04:46,344	INFO -- Costs for all options: current= 0.33501315917968755, removal= inf, old_best= 0.3350131591796875
2019-08-12 17:04:46,344	INFO -- Update step finished: 2019-08-12 17:04:46.344869
2019-08-12 17:04:46,345	INFO -- Current scores
                 Not stable: 0
                 All nodes full: 0
                 Migration correct: 4 wrong: 6 chance blocked: 10
                 Node removal correct: 0 wrong: 0
                 Old state correct: 1 wrong: 1
2019-08-12 17:04:46,345	INFO -- Going to sleep for 240 seconds
2019-08-12 17:08:46,444	INFO -- Time for an update_step iteration! 2019-08-12 17:08:46.444756
2019-08-12 17:08:46,800	INFO -- Cluster was stable for 240 seconds till 2019-08-12 17:08:46.445148, calculating best transition
2019-08-12 17:08:47,289	INFO -- Execution was added to the knowledge base with load: 10266.622222222222
2019-08-12 17:08:47,584	INFO -- No node could be shutdown for improvement, because all the resources are needed
2019-08-12 17:08:47,805	INFO -- Costs for all options: current= 0.33501315917968755, removal= inf, old_best= 0.33501315917968755
2019-08-12 17:08:47,806	INFO -- Update step finished: 2019-08-12 17:08:47.806249
2019-08-12 17:08:47,806	INFO -- Current scores
                 Not stable: 0
                 All nodes full: 0
                 Migration correct: 4 wrong: 6 chance blocked: 11
                 Node removal correct: 0 wrong: 0
                 Old state correct: 1 wrong: 1
2019-08-12 17:08:47,806	INFO -- Going to sleep for 240 seconds
2019-08-12 17:12:47,906	INFO -- Time for an update_step iteration! 2019-08-12 17:12:47.906957
2019-08-12 17:12:48,268	INFO -- Cluster was stable for 240 seconds till 2019-08-12 17:12:47.907290, calculating best transition
2019-08-12 17:12:48,719	INFO -- Execution was added to the knowledge base with load: 10314.69333333333
2019-08-12 17:12:48,995	INFO -- No node could be shutdown for improvement, because all the resources are needed
2019-08-12 17:12:49,076	INFO -- Costs for all options: current= 0.33501315917968755, removal= inf, old_best= 0.3350131591796875
2019-08-12 17:12:49,077	INFO -- Staying with current execution, but randomly changing one random pod
2019-08-12 17:12:49,613	INFO -- Deleting pod: php-apache-5f657688bc-928gt
2019-08-12 17:15:21,838	INFO -- went wrong: <class 'kubernetes_tools.migrate_pod.VerificationTookTooLongException'>
2019-08-12 17:15:21,838	INFO -- Update step finished: 2019-08-12 17:15:21.838579
2019-08-12 17:15:21,838	INFO -- Current scores
                 Not stable: 0
                 All nodes full: 0
                 Migration correct: 4 wrong: 7 chance blocked: 11
                 Node removal correct: 0 wrong: 0
                 Old state correct: 1 wrong: 1
2019-08-12 17:15:21,838	INFO -- Going to sleep for 240 seconds
2019-08-12 17:19:21,923	INFO -- Time for an update_step iteration! 2019-08-12 17:19:21.923424
2019-08-12 17:19:22,289	INFO -- Cluster was stable for 240 seconds till 2019-08-12 17:19:21.923650, calculating best transition
2019-08-12 17:19:22,809	INFO -- Execution was added to the knowledge base with load: 10179.405940454595
2019-08-12 17:19:23,098	INFO -- No node could be shutdown for improvement, because all the resources are needed
2019-08-12 17:19:23,182	INFO -- Costs for all options: current= 0.33501315917968755, removal= inf, old_best= 0.3350131591796875
2019-08-12 17:19:23,183	INFO -- Staying with current execution, but randomly changing one random pod
2019-08-12 17:19:23,746	INFO -- Deleting pod: php-apache-5f657688bc-hth7v
2019-08-12 17:21:49,473	INFO -- went wrong: <class 'kubernetes_tools.migrate_pod.VerificationTookTooLongException'>
2019-08-12 17:21:49,473	INFO -- Update step finished: 2019-08-12 17:21:49.473602
2019-08-12 17:21:49,473	INFO -- Current scores
                 Not stable: 0
                 All nodes full: 0
                 Migration correct: 4 wrong: 8 chance blocked: 11
                 Node removal correct: 0 wrong: 0
                 Old state correct: 1 wrong: 1
2019-08-12 17:21:49,473	INFO -- Going to sleep for 240 seconds
2019-08-12 17:25:49,572	INFO -- Time for an update_step iteration! 2019-08-12 17:25:49.572646
2019-08-12 17:25:50,065	INFO -- Cluster was stable for 240 seconds till 2019-08-12 17:25:49.573048, calculating best transition
2019-08-12 17:25:50,859	INFO -- Execution was added to the knowledge base with load: 10288.256221268633
2019-08-12 17:25:51,165	INFO -- No node could be shutdown for improvement, because all the resources are needed
2019-08-12 17:25:51,265	INFO -- Costs for all options: current= 0.33501315917968755, removal= inf, old_best= 0.3350131591796875
2019-08-12 17:25:51,266	INFO -- Update step finished: 2019-08-12 17:25:51.266139
2019-08-12 17:25:51,266	INFO -- Current scores
                 Not stable: 0
                 All nodes full: 0
                 Migration correct: 4 wrong: 8 chance blocked: 12
                 Node removal correct: 0 wrong: 0
                 Old state correct: 1 wrong: 1
2019-08-12 17:25:51,266	INFO -- Going to sleep for 240 seconds
2019-08-12 17:29:51,342	INFO -- Time for an update_step iteration! 2019-08-12 17:29:51.342210
2019-08-12 17:29:51,732	INFO -- Cluster was stable for 240 seconds till 2019-08-12 17:29:51.342556, calculating best transition
2019-08-12 17:29:52,316	INFO -- Execution was added to the knowledge base with load: 10280.58051862114
2019-08-12 17:29:52,589	INFO -- No node could be shutdown for improvement, because all the resources are needed
2019-08-12 17:29:52,671	INFO -- Costs for all options: current= 0.33501315917968755, removal= inf, old_best= 0.3350131591796875
2019-08-12 17:29:52,672	INFO -- Staying with current execution, but randomly changing one random pod
2019-08-12 17:29:53,260	INFO -- Deleting pod: php-apache-5f657688bc-grlwc
2019-08-12 17:30:02,806	INFO -- Deletion pod: php-apache-5f657688bc-grlwc successful
2019-08-12 17:30:03,449	INFO -- Creating pod: php-apache on gke-demo-cluster-1-default-pool-6f471531-tbn9
2019-08-12 17:30:06,469	INFO -- Addition succeeded, pod name: php-apache-5f657688bc-w2lfh
2019-08-12 17:30:06,859	INFO -- went correct
2019-08-12 17:30:06,859	INFO -- Update step finished: 2019-08-12 17:30:06.859832
2019-08-12 17:30:06,860	INFO -- Current scores
                 Not stable: 0
                 All nodes full: 0
                 Migration correct: 5 wrong: 8 chance blocked: 12
                 Node removal correct: 0 wrong: 0
                 Old state correct: 1 wrong: 1
2019-08-12 17:30:06,860	INFO -- Going to sleep for 240 seconds
2019-08-12 17:34:06,957	INFO -- Time for an update_step iteration! 2019-08-12 17:34:06.957521
2019-08-12 17:34:07,310	INFO -- Cluster was not stable, waiting for retry window (24 seconds) to try again
2019-08-12 17:34:31,701	INFO -- Cluster was stable for 240 seconds till 2019-08-12 17:34:31.334958, calculating best transition
2019-08-12 17:34:32,131	INFO -- Execution was added to the knowledge base with load: 10253.967133120312
2019-08-12 17:34:32,399	INFO -- No node could be shutdown for improvement, because all the resources are needed
2019-08-12 17:34:32,503	INFO -- Costs for all options: current= 0.33501315917968755, removal= inf, old_best= 0.3350131591796875
2019-08-12 17:34:32,504	INFO -- Update step finished: 2019-08-12 17:34:32.504200
2019-08-12 17:34:32,504	INFO -- Current scores
                 Not stable: 0
                 All nodes full: 0
                 Migration correct: 5 wrong: 8 chance blocked: 13
                 Node removal correct: 0 wrong: 0
                 Old state correct: 1 wrong: 1
2019-08-12 17:34:32,504	INFO -- Going to sleep for 240 seconds
2019-08-12 17:38:32,547	INFO -- Time for an update_step iteration! 2019-08-12 17:38:32.547599
2019-08-12 17:38:32,929	INFO -- Cluster was stable for 240 seconds till 2019-08-12 17:38:32.548403, calculating best transition
2019-08-12 17:38:33,578	INFO -- Execution was added to the knowledge base with load: 10331.678613025986
2019-08-12 17:38:33,875	INFO -- No node could be shutdown for improvement, because all the resources are needed
2019-08-12 17:38:33,961	INFO -- Costs for all options: current= 0.33501315917968755, removal= inf, old_best= 0.3350131591796875
2019-08-12 17:38:33,962	INFO -- Staying with current execution, but randomly changing one random pod
2019-08-12 17:38:34,499	INFO -- Deleting pod: php-apache-5f657688bc-smbfz
2019-08-12 17:39:46,585	INFO -- Deletion pod: php-apache-5f657688bc-smbfz successful
2019-08-12 17:39:46,812	INFO -- went wrong: <class 'SmartKubernetesSchedular.enforcer.PodHasScaledWhileEnforcingException'>
2019-08-12 17:39:46,813	INFO -- Update step finished: 2019-08-12 17:39:46.813575
2019-08-12 17:39:46,814	INFO -- Current scores
                 Not stable: 0
                 All nodes full: 0
                 Migration correct: 5 wrong: 9 chance blocked: 13
                 Node removal correct: 0 wrong: 0
                 Old state correct: 1 wrong: 1
2019-08-12 17:39:46,814	INFO -- Going to sleep for 240 seconds
2019-08-12 17:43:46,915	INFO -- Time for an update_step iteration! 2019-08-12 17:43:46.915566
2019-08-12 17:43:47,276	INFO -- Cluster was not stable, waiting for retry window (24 seconds) to try again
2019-08-12 17:44:11,660	INFO -- Cluster was not stable, waiting for retry window (24 seconds) to try again
2019-08-12 17:44:36,058	INFO -- Cluster was not stable, waiting for retry window (24 seconds) to try again
2019-08-12 17:45:00,471	INFO -- Cluster was not stable, waiting for retry window (24 seconds) to try again
2019-08-12 17:45:24,872	INFO -- Cluster was not stable, waiting for retry window (24 seconds) to try again
2019-08-12 17:45:49,308	INFO -- Cluster was not stable, waiting for retry window (24 seconds) to try again
2019-08-12 17:46:13,690	INFO -- Cluster was not stable, waiting for retry window (24 seconds) to try again
2019-08-12 17:46:38,058	INFO -- Cluster was not stable, waiting for retry window (24 seconds) to try again
2019-08-12 17:47:02,425	INFO -- Cluster was not stable, waiting for retry window (24 seconds) to try again
2019-08-12 17:47:26,793	INFO -- Cluster was not stable, waiting for retry window (24 seconds) to try again
2019-08-12 17:47:51,161	INFO -- Cluster was not stable, waiting for retry window (24 seconds) to try again
2019-08-12 17:48:15,573	INFO -- Cluster was not stable, waiting for retry window (24 seconds) to try again
2019-08-12 17:48:39,997	INFO -- Cluster was stable for 240 seconds till 2019-08-12 17:48:39.597531, calculating best transition
2019-08-12 17:48:40,460	INFO -- Execution was added to the knowledge base with load: 2989.864935307607
2019-08-12 17:48:41,432	INFO -- Costs for all options: current= 0.33501315917968755, removal= 0.25125988388061526, old_best= 0.16750660858154298
2019-08-12 17:48:41,433	INFO -- Changing to old_best_execution found in time: 2019-08-12 14:53:35.891000
2019-08-12 17:48:42,126	INFO -- Deleting node: gke-demo-cluster-1-default-pool-6f471531-tbn9
2019-08-12 17:48:43,093	INFO -- Deletion successful, node: gke-demo-cluster-1-default-pool-6f471531-tbn9
2019-08-12 17:48:43,094	INFO -- NODE_REMOVAL=gke-demo-cluster-1-default-pool-6f471531-tbn9
2019-08-12 17:48:43,095	INFO -- Deleting node: gke-demo-cluster-1-default-pool-6f471531-zjjn
2019-08-12 17:48:43,677	INFO -- Deletion successful, node: gke-demo-cluster-1-default-pool-6f471531-zjjn
2019-08-12 17:48:43,679	INFO -- NODE_REMOVAL=gke-demo-cluster-1-default-pool-6f471531-zjjn
2019-08-12 17:48:43,680	INFO -- went correct
2019-08-12 17:48:43,680	INFO -- Update step finished: 2019-08-12 17:48:43.680846
2019-08-12 17:48:43,681	INFO -- Current scores
                 Not stable: 0
                 All nodes full: 0
                 Migration correct: 5 wrong: 9 chance blocked: 13
                 Node removal correct: 0 wrong: 0
                 Old state correct: 2 wrong: 1
2019-08-12 17:48:43,681	INFO -- Going to sleep for 240 seconds
2019-08-12 17:52:43,774	INFO -- Time for an update_step iteration! 2019-08-12 17:52:43.773910
2019-08-12 17:52:43,938	INFO -- Cluster was not stable, waiting for retry window (24 seconds) to try again
2019-08-12 17:53:08,324	INFO -- Cluster was stable for 240 seconds till 2019-08-12 17:53:07.963687, calculating best transition
2019-08-12 17:53:08,634	INFO -- Execution was added to the knowledge base with load: 3039.331050300964
2019-08-12 17:53:08,813	INFO -- No node could be shutdown for improvement, because all nodes have a statefull set
2019-08-12 17:53:09,552	INFO -- Costs for all options: current= 0.16750660858154298, removal= inf, old_best= 0.16750660858154298
2019-08-12 17:53:09,553	INFO -- Update step finished: 2019-08-12 17:53:09.553250
2019-08-12 17:53:09,553	INFO -- Current scores
                 Not stable: 0
                 All nodes full: 0
                 Migration correct: 5 wrong: 9 chance blocked: 14
                 Node removal correct: 0 wrong: 0
                 Old state correct: 2 wrong: 1
2019-08-12 17:53:09,554	INFO -- Going to sleep for 240 seconds
2019-08-12 17:57:09,655	INFO -- Time for an update_step iteration! 2019-08-12 17:57:09.654920
2019-08-12 17:57:10,022	INFO -- Cluster was stable for 240 seconds till 2019-08-12 17:57:09.655733, calculating best transition
2019-08-12 17:57:10,390	INFO -- Execution was added to the knowledge base with load: 3072.646282563502
2019-08-12 17:57:10,619	INFO -- No node could be shutdown for improvement, because all nodes have a statefull set
2019-08-12 17:57:11,465	INFO -- Costs for all options: current= 0.16750660858154298, removal= inf, old_best= 0.16750660858154298
2019-08-12 17:57:11,465	INFO -- Update step finished: 2019-08-12 17:57:11.465889
2019-08-12 17:57:11,466	INFO -- Current scores
                 Not stable: 0
                 All nodes full: 0
                 Migration correct: 5 wrong: 9 chance blocked: 15
                 Node removal correct: 0 wrong: 0
                 Old state correct: 2 wrong: 1
2019-08-12 17:57:11,467	INFO -- Going to sleep for 240 seconds
2019-08-12 18:01:11,567	INFO -- Time for an update_step iteration! 2019-08-12 18:01:11.567805
2019-08-12 18:01:11,732	INFO -- Cluster was not stable, waiting for retry window (24 seconds) to try again
2019-08-12 18:01:35,960	INFO -- Cluster was not stable, waiting for retry window (24 seconds) to try again
2019-08-12 18:02:00,135	INFO -- Cluster was not stable, waiting for retry window (24 seconds) to try again
2019-08-12 18:02:24,409	INFO -- Cluster was not stable, waiting for retry window (24 seconds) to try again
2019-08-12 18:02:48,702	INFO -- Cluster was not stable, waiting for retry window (24 seconds) to try again
2019-08-12 18:03:12,941	INFO -- Cluster was not stable, waiting for retry window (24 seconds) to try again
2019-08-12 18:03:37,140	INFO -- Cluster was not stable, waiting for retry window (24 seconds) to try again
2019-08-12 18:04:01,327	INFO -- Cluster was not stable, waiting for retry window (24 seconds) to try again
2019-08-12 18:04:25,514	INFO -- Cluster was not stable, waiting for retry window (24 seconds) to try again
2019-08-12 18:04:49,699	INFO -- Cluster was not stable, waiting for retry window (24 seconds) to try again
2019-08-12 18:05:13,885	INFO -- Cluster was not stable, waiting for retry window (24 seconds) to try again
2019-08-12 18:05:38,100	INFO -- Cluster was not stable, waiting for retry window (24 seconds) to try again
2019-08-12 18:06:02,346	INFO -- Cluster was not stable, waiting for retry window (24 seconds) to try again
2019-08-12 18:06:26,523	INFO -- Cluster was not stable, waiting for retry window (24 seconds) to try again
2019-08-12 18:06:50,732	INFO -- Cluster was not stable, waiting for retry window (24 seconds) to try again
2019-08-12 18:07:14,932	INFO -- Cluster was not stable, waiting for retry window (24 seconds) to try again
2019-08-12 18:07:39,160	INFO -- Cluster was not stable, waiting for retry window (24 seconds) to try again
2019-08-12 18:08:03,552	INFO -- Cluster was stable for 240 seconds till 2019-08-12 18:08:03.182351, calculating best transition
2019-08-12 18:08:04,381	INFO -- Execution was added to the knowledge base with load: 3130.1866666666665
2019-08-12 18:08:05,428	INFO -- Costs for all options: current= 0.33501318817138676, removal= 0.2512599128723145, old_best= 0.16750660858154298
2019-08-12 18:08:05,428	INFO -- Changing to old_best_execution found in time: 2019-08-12 15:02:16.653000
2019-08-12 18:08:06,079	INFO -- moving: php-apache-5f657688bc-ccsln to gke-demo-cluster-1-default-pool-6f471531-5xdr using deployment name: php-apache
2019-08-12 18:08:11,421	INFO -- pod php-apache-5f657688bc-ccsln is deleted
2019-08-12 18:08:11,580	INFO -- Movement succeeded
2019-08-12 18:08:12,071	INFO -- Deleting node: gke-demo-cluster-1-default-pool-6f471531-tbn9
2019-08-12 18:08:12,780	INFO -- Deletion successful, node: gke-demo-cluster-1-default-pool-6f471531-tbn9
2019-08-12 18:08:12,782	INFO -- NODE_REMOVAL=gke-demo-cluster-1-default-pool-6f471531-tbn9
2019-08-12 18:08:12,782	INFO -- Deleting node: gke-demo-cluster-1-default-pool-6f471531-zjjn
2019-08-12 18:08:13,358	INFO -- Deletion successful, node: gke-demo-cluster-1-default-pool-6f471531-zjjn
2019-08-12 18:08:13,359	INFO -- NODE_REMOVAL=gke-demo-cluster-1-default-pool-6f471531-zjjn
2019-08-12 18:08:13,359	INFO -- went correct
2019-08-12 18:08:13,360	INFO -- Update step finished: 2019-08-12 18:08:13.359994
2019-08-12 18:08:13,360	INFO -- Current scores
                 Not stable: 0
                 All nodes full: 0
                 Migration correct: 5 wrong: 9 chance blocked: 15
                 Node removal correct: 0 wrong: 0
                 Old state correct: 3 wrong: 1
2019-08-12 18:08:13,360	INFO -- Going to sleep for 240 seconds
2019-08-12 18:12:13,409	INFO -- Time for an update_step iteration! 2019-08-12 18:12:13.409083
2019-08-12 18:12:13,589	INFO -- Cluster was not stable, waiting for retry window (24 seconds) to try again
2019-08-12 18:12:37,981	INFO -- Cluster was stable for 240 seconds till 2019-08-12 18:12:37.614623, calculating best transition
2019-08-12 18:12:38,337	INFO -- Execution was added to the knowledge base with load: 2990.8261256258934
2019-08-12 18:12:38,537	INFO -- No node could be shutdown for improvement, because all nodes have a statefull set
2019-08-12 18:12:39,355	INFO -- Costs for all options: current= 0.16750660858154298, removal= inf, old_best= 0.16750660858154298
2019-08-12 18:12:39,356	INFO -- Update step finished: 2019-08-12 18:12:39.356033
2019-08-12 18:12:39,356	INFO -- Current scores
                 Not stable: 0
                 All nodes full: 0
                 Migration correct: 5 wrong: 9 chance blocked: 16
                 Node removal correct: 0 wrong: 0
                 Old state correct: 3 wrong: 1
2019-08-12 18:12:39,357	INFO -- Going to sleep for 240 seconds
2019-08-12 18:16:39,394	INFO -- Time for an update_step iteration! 2019-08-12 18:16:39.394358
2019-08-12 18:16:39,773	INFO -- Cluster was stable for 240 seconds till 2019-08-12 18:16:39.395123, calculating best transition
2019-08-12 18:16:40,201	INFO -- Execution was added to the knowledge base with load: 3085.4400000000005
2019-08-12 18:16:40,428	INFO -- No node could be shutdown for improvement, because all nodes have a statefull set
2019-08-12 18:16:41,277	INFO -- Costs for all options: current= 0.16750660858154298, removal= inf, old_best= 0.16750660858154298
2019-08-12 18:16:41,278	INFO -- Staying with current execution, but randomly changing one random pod
2019-08-12 18:16:41,810	INFO -- moving: php-apache-5f657688bc-2ff6q to gke-demo-cluster-1-default-pool-6f471531-419d using deployment name: php-apache
2019-08-12 18:16:43,919	INFO -- pod php-apache-5f657688bc-2ff6q is deleted
2019-08-12 18:16:44,048	INFO -- Movement succeeded
2019-08-12 18:16:44,508	INFO -- went correct
2019-08-12 18:16:44,509	INFO -- Update step finished: 2019-08-12 18:16:44.509059
2019-08-12 18:16:44,509	INFO -- Current scores
                 Not stable: 0
                 All nodes full: 0
                 Migration correct: 6 wrong: 9 chance blocked: 16
                 Node removal correct: 0 wrong: 0
                 Old state correct: 3 wrong: 1
2019-08-12 18:16:44,510	INFO -- Going to sleep for 240 seconds
