2019-07-11 12:27:27,774	INFO -- Settings: settings-php_apache.json
2019-07-11 12:27:27,774	INFO -- Time for an update_step iteration! 2019-07-11 12:27:27.774914
2019-07-11 12:27:28,006	INFO -- Cluster was stable for 150 seconds till 2019-07-11 12:27:27.775008, calculating best transition
2019-07-11 12:27:28,269	INFO -- Execution was added to the knowledge base with load: 3103.5300280545875
2019-07-11 12:27:28,588	INFO -- No node could be shutdown for improvement, because all nodes have a statefull set
2019-07-11 12:27:28,697	INFO -- Costs for all options: current= 0.2071672554252625, removal= inf, old_best= 0.2071672554252625
2019-07-11 12:27:28,697	INFO -- Staying with current execution, but randomly changing one random pod
2019-07-11 12:27:28,966	INFO -- moving: php-apache-5f657688bc-dj7tj to gke-demo-cluster-1-default-pool-6f471531-fwjk using deployment name: php-apache
2019-07-11 12:27:41,220	INFO -- pod php-apache-5f657688bc-dj7tj is deleted
2019-07-11 12:27:41,291	INFO -- Movement succeeded
2019-07-11 12:27:41,542	INFO -- went correct
2019-07-11 12:27:41,542	INFO -- Update step finished: 2019-07-11 12:27:41.542819
2019-07-11 12:27:41,542	INFO -- Current scores
                 Not stable: 0
                 All nodes full: 0
                 Migration correct: 1 wrong: 0
                 Node removal correct: 0 wrong: 0
                 Old state correct: 0 wrong: 0
2019-07-11 12:27:41,542	INFO -- Going back to sleep
2019-07-11 12:30:11,641	INFO -- Time for an update_step iteration! 2019-07-11 12:30:11.641945
2019-07-11 12:30:11,851	INFO -- Cluster was not stable, waiting for the next time_window to check stability
2019-07-11 12:30:11,851	INFO -- Update step finished: 2019-07-11 12:30:11.851568
2019-07-11 12:30:11,851	INFO -- Current scores
                 Not stable: 1
                 All nodes full: 0
                 Migration correct: 1 wrong: 0
                 Node removal correct: 0 wrong: 0
                 Old state correct: 0 wrong: 0
2019-07-11 12:30:11,851	INFO -- Going back to sleep
2019-07-11 12:32:41,941	INFO -- Time for an update_step iteration! 2019-07-11 12:32:41.941076
2019-07-11 12:32:42,213	INFO -- Cluster was stable for 150 seconds till 2019-07-11 12:32:41.941368, calculating best transition
2019-07-11 12:32:42,547	INFO -- Execution was added to the knowledge base with load: 3063.688888888889
2019-07-11 12:32:42,717	INFO -- No node could be shutdown for improvement, because all nodes have a statefull set
2019-07-11 12:32:42,856	INFO -- Costs for all options: current= 0.2071672554252625, removal= inf, old_best= 0.2071672554252625
2019-07-11 12:32:42,857	INFO -- Staying with current execution, but randomly changing one random pod
2019-07-11 12:32:43,115	INFO -- moving: php-apache-5f657688bc-jzd78 to gke-demo-cluster-1-default-pool-6f471531-h77x using deployment name: php-apache
2019-07-11 12:32:49,869	INFO -- pod php-apache-5f657688bc-jzd78 is deleted
2019-07-11 12:32:49,924	INFO -- Movement succeeded
2019-07-11 12:32:50,169	INFO -- went correct
2019-07-11 12:32:50,169	INFO -- Update step finished: 2019-07-11 12:32:50.169778
2019-07-11 12:32:50,169	INFO -- Current scores
                 Not stable: 1
                 All nodes full: 0
                 Migration correct: 2 wrong: 0
                 Node removal correct: 0 wrong: 0
                 Old state correct: 0 wrong: 0
2019-07-11 12:32:50,170	INFO -- Going back to sleep
2019-07-11 12:35:20,254	INFO -- Time for an update_step iteration! 2019-07-11 12:35:20.254064
2019-07-11 12:35:20,528	INFO -- Cluster was not stable, waiting for the next time_window to check stability
2019-07-11 12:35:20,529	INFO -- Update step finished: 2019-07-11 12:35:20.529096
2019-07-11 12:35:20,529	INFO -- Current scores
                 Not stable: 2
                 All nodes full: 0
                 Migration correct: 2 wrong: 0
                 Node removal correct: 0 wrong: 0
                 Old state correct: 0 wrong: 0
2019-07-11 12:35:20,529	INFO -- Going back to sleep
2019-07-11 12:37:50,629	INFO -- Time for an update_step iteration! 2019-07-11 12:37:50.629307
2019-07-11 12:37:50,848	INFO -- Cluster was stable for 150 seconds till 2019-07-11 12:37:50.629671, calculating best transition
2019-07-11 12:37:51,331	INFO -- Execution was added to the knowledge base with load: 3026.3042871353896
2019-07-11 12:37:51,443	INFO -- No node could be shutdown for improvement, because all nodes have a statefull set
2019-07-11 12:37:51,617	INFO -- Costs for all options: current= 0.2071672554252625, removal= inf, old_best= 0.2071672554252625
2019-07-11 12:37:51,618	INFO -- Staying with current execution, but randomly changing one random pod
2019-07-11 12:37:51,852	INFO -- moving: php-apache-5f657688bc-85tnj to gke-demo-cluster-1-default-pool-6f471531-fwjk using deployment name: php-apache
2019-07-11 12:38:01,171	INFO -- pod php-apache-5f657688bc-85tnj is deleted
2019-07-11 12:38:01,221	INFO -- Movement succeeded
2019-07-11 12:38:01,498	INFO -- went correct
2019-07-11 12:38:01,498	INFO -- Update step finished: 2019-07-11 12:38:01.498313
2019-07-11 12:38:01,498	INFO -- Current scores
                 Not stable: 2
                 All nodes full: 0
                 Migration correct: 3 wrong: 0
                 Node removal correct: 0 wrong: 0
                 Old state correct: 0 wrong: 0
2019-07-11 12:38:01,498	INFO -- Going back to sleep
2019-07-11 12:40:31,534	INFO -- Time for an update_step iteration! 2019-07-11 12:40:31.534239
2019-07-11 12:40:31,616	INFO -- Cluster was not stable, waiting for the next time_window to check stability
2019-07-11 12:40:31,617	INFO -- Update step finished: 2019-07-11 12:40:31.617219
2019-07-11 12:40:31,617	INFO -- Current scores
                 Not stable: 3
                 All nodes full: 0
                 Migration correct: 3 wrong: 0
                 Node removal correct: 0 wrong: 0
                 Old state correct: 0 wrong: 0
2019-07-11 12:40:31,617	INFO -- Going back to sleep
2019-07-11 12:43:01,645	INFO -- Time for an update_step iteration! 2019-07-11 12:43:01.645932
2019-07-11 12:43:01,815	INFO -- Cluster was not stable, waiting for the next time_window to check stability
2019-07-11 12:43:01,815	INFO -- Update step finished: 2019-07-11 12:43:01.815361
2019-07-11 12:43:01,815	INFO -- Current scores
                 Not stable: 4
                 All nodes full: 0
                 Migration correct: 3 wrong: 0
                 Node removal correct: 0 wrong: 0
                 Old state correct: 0 wrong: 0
2019-07-11 12:43:01,815	INFO -- Going back to sleep
2019-07-11 12:45:31,914	INFO -- Time for an update_step iteration! 2019-07-11 12:45:31.914014
2019-07-11 12:45:32,145	INFO -- Cluster was stable for 150 seconds till 2019-07-11 12:45:31.914692, calculating best transition
2019-07-11 12:45:32,443	INFO -- Execution was added to the knowledge base with load: 6328.557200781427
2019-07-11 12:45:32,587	INFO -- No node could be shutdown for improvement, because all the resources are needed
2019-07-11 12:45:32,636	INFO -- Costs for all options: current= 0.41433447529220585, removal= inf, old_best= 0.41433447529220585
2019-07-11 12:45:32,636	INFO -- Staying with current execution, but randomly changing one random pod
2019-07-11 12:45:33,009	INFO -- moving: php-apache-5f657688bc-4ppkt to gke-demo-cluster-1-default-pool-6f471531-04bc using deployment name: php-apache
2019-07-11 12:45:34,844	INFO -- pod php-apache-5f657688bc-4ppkt is deleted
2019-07-11 12:45:34,923	INFO -- Movement succeeded
2019-07-11 12:45:35,221	INFO -- went correct
2019-07-11 12:45:35,221	INFO -- Update step finished: 2019-07-11 12:45:35.221880
2019-07-11 12:45:35,222	INFO -- Current scores
                 Not stable: 4
                 All nodes full: 0
                 Migration correct: 4 wrong: 0
                 Node removal correct: 0 wrong: 0
                 Old state correct: 0 wrong: 0
2019-07-11 12:45:35,222	INFO -- Going back to sleep
2019-07-11 12:48:05,322	INFO -- Time for an update_step iteration! 2019-07-11 12:48:05.322303
2019-07-11 12:48:05,630	INFO -- Cluster was not stable, waiting for the next time_window to check stability
2019-07-11 12:48:05,630	INFO -- Update step finished: 2019-07-11 12:48:05.630416
2019-07-11 12:48:05,630	INFO -- Current scores
                 Not stable: 5
                 All nodes full: 0
                 Migration correct: 4 wrong: 0
                 Node removal correct: 0 wrong: 0
                 Old state correct: 0 wrong: 0
2019-07-11 12:48:05,630	INFO -- Going back to sleep
2019-07-11 12:50:35,729	INFO -- Time for an update_step iteration! 2019-07-11 12:50:35.729920
2019-07-11 12:50:35,929	INFO -- Cluster was stable for 150 seconds till 2019-07-11 12:50:35.730152, calculating best transition
2019-07-11 12:50:36,214	INFO -- Execution was added to the knowledge base with load: 3001.0968809167152
2019-07-11 12:50:36,466	INFO -- Costs for all options: current= 0.41433447529220585, removal= 0.31075088313789373, old_best= 0.2071672554252625
2019-07-11 12:50:36,466	INFO -- Changing to old_best_execution found in time: 2019-07-11 12:30:11.941000
2019-07-11 12:50:36,795	INFO -- Deleting node: gke-demo-cluster-1-default-pool-6f471531-04bc
2019-07-11 12:50:37,541	INFO -- Deletion successful, node: gke-demo-cluster-1-default-pool-6f471531-04bc
2019-07-11 12:50:37,541	INFO -- Deleting node: gke-demo-cluster-1-default-pool-6f471531-6fjs
2019-07-11 12:50:38,027	INFO -- Deletion successful, node: gke-demo-cluster-1-default-pool-6f471531-6fjs
2019-07-11 12:50:38,027	INFO -- went correct
2019-07-11 12:50:38,027	INFO -- Update step finished: 2019-07-11 12:50:38.027721
2019-07-11 12:50:38,027	INFO -- Current scores
                 Not stable: 5
                 All nodes full: 0
                 Migration correct: 4 wrong: 0
                 Node removal correct: 0 wrong: 0
                 Old state correct: 1 wrong: 0
2019-07-11 12:50:38,027	INFO -- Going back to sleep
2019-07-11 12:53:08,125	INFO -- Time for an update_step iteration! 2019-07-11 12:53:08.125929
2019-07-11 12:53:08,234	INFO -- Cluster was not stable, waiting for the next time_window to check stability
2019-07-11 12:53:08,235	INFO -- Update step finished: 2019-07-11 12:53:08.235260
2019-07-11 12:53:08,235	INFO -- Current scores
                 Not stable: 6
                 All nodes full: 0
                 Migration correct: 4 wrong: 0
                 Node removal correct: 0 wrong: 0
                 Old state correct: 1 wrong: 0
2019-07-11 12:53:08,235	INFO -- Going back to sleep
2019-07-11 12:55:38,333	INFO -- Time for an update_step iteration! 2019-07-11 12:55:38.333918
2019-07-11 12:55:38,545	INFO -- Cluster was stable for 150 seconds till 2019-07-11 12:55:38.334220, calculating best transition
2019-07-11 12:55:38,758	INFO -- Execution was added to the knowledge base with load: 3095.0513557238396
2019-07-11 12:55:38,842	INFO -- No node could be shutdown for improvement, because all nodes have a statefull set
2019-07-11 12:55:39,001	INFO -- Costs for all options: current= 0.2071672554252625, removal= inf, old_best= 0.2071672554252625
2019-07-11 12:55:39,001	INFO -- Staying with current execution, but randomly changing one random pod
2019-07-11 12:55:39,211	INFO -- moving: php-apache-5f657688bc-zhkws to gke-demo-cluster-1-default-pool-6f471531-h77x using deployment name: php-apache
2019-07-11 12:55:41,965	INFO -- pod php-apache-5f657688bc-zhkws is deleted
2019-07-11 12:55:42,040	INFO -- Movement succeeded
2019-07-11 12:55:42,303	INFO -- went correct
2019-07-11 12:55:42,303	INFO -- Update step finished: 2019-07-11 12:55:42.303869
2019-07-11 12:55:42,304	INFO -- Current scores
                 Not stable: 6
                 All nodes full: 0
                 Migration correct: 5 wrong: 0
                 Node removal correct: 0 wrong: 0
                 Old state correct: 1 wrong: 0
2019-07-11 12:55:42,304	INFO -- Going back to sleep
2019-07-11 12:58:12,385	INFO -- Time for an update_step iteration! 2019-07-11 12:58:12.385958
2019-07-11 12:58:12,642	INFO -- Cluster was not stable, waiting for the next time_window to check stability
2019-07-11 12:58:12,642	INFO -- Update step finished: 2019-07-11 12:58:12.642441
2019-07-11 12:58:12,642	INFO -- Current scores
                 Not stable: 7
                 All nodes full: 0
                 Migration correct: 5 wrong: 0
                 Node removal correct: 0 wrong: 0
                 Old state correct: 1 wrong: 0
2019-07-11 12:58:12,642	INFO -- Going back to sleep
2019-07-11 13:00:42,741	INFO -- Time for an update_step iteration! 2019-07-11 13:00:42.741932
2019-07-11 13:00:42,987	INFO -- Cluster was stable for 150 seconds till 2019-07-11 13:00:42.742266, calculating best transition
2019-07-11 13:00:43,224	INFO -- Execution was added to the knowledge base with load: 2798.9350789629634
2019-07-11 13:00:43,330	INFO -- No node could be shutdown for improvement, because all nodes have a statefull set
2019-07-11 13:00:43,447	INFO -- Costs for all options: current= 0.2071672554252625, removal= inf, old_best= 0.2071672554252625
2019-07-11 13:00:43,447	INFO -- Staying with current execution, but randomly changing one random pod
2019-07-11 13:00:43,659	INFO -- moving: php-apache-5f657688bc-m4w54 to gke-demo-cluster-1-default-pool-6f471531-fwjk using deployment name: php-apache
2019-07-11 13:00:51,188	INFO -- pod php-apache-5f657688bc-m4w54 is deleted
2019-07-11 13:00:51,280	INFO -- Movement succeeded
2019-07-11 13:00:51,511	INFO -- went correct
2019-07-11 13:00:51,511	INFO -- Update step finished: 2019-07-11 13:00:51.511627
2019-07-11 13:00:51,512	INFO -- Current scores
                 Not stable: 7
                 All nodes full: 0
                 Migration correct: 6 wrong: 0
                 Node removal correct: 0 wrong: 0
                 Old state correct: 1 wrong: 0
2019-07-11 13:00:51,512	INFO -- Going back to sleep
2019-07-11 13:03:21,610	INFO -- Time for an update_step iteration! 2019-07-11 13:03:21.609967
2019-07-11 13:03:21,729	INFO -- Cluster was not stable, waiting for the next time_window to check stability
2019-07-11 13:03:21,729	INFO -- Update step finished: 2019-07-11 13:03:21.729601
2019-07-11 13:03:21,729	INFO -- Current scores
                 Not stable: 8
                 All nodes full: 0
                 Migration correct: 6 wrong: 0
                 Node removal correct: 0 wrong: 0
                 Old state correct: 1 wrong: 0
2019-07-11 13:03:21,729	INFO -- Going back to sleep
2019-07-11 13:05:51,825	INFO -- Time for an update_step iteration! 2019-07-11 13:05:51.825918
2019-07-11 13:05:51,921	INFO -- Cluster was not stable, waiting for the next time_window to check stability
2019-07-11 13:05:51,921	INFO -- Update step finished: 2019-07-11 13:05:51.921733
2019-07-11 13:05:51,921	INFO -- Current scores
                 Not stable: 9
                 All nodes full: 0
                 Migration correct: 6 wrong: 0
                 Node removal correct: 0 wrong: 0
                 Old state correct: 1 wrong: 0
2019-07-11 13:05:51,921	INFO -- Going back to sleep
2019-07-11 13:08:22,021	INFO -- Time for an update_step iteration! 2019-07-11 13:08:22.021921
2019-07-11 13:08:22,275	INFO -- Cluster was stable for 150 seconds till 2019-07-11 13:08:22.022124, calculating best transition
2019-07-11 13:08:22,515	INFO -- Execution was added to the knowledge base with load: 3131.5703703703703
2019-07-11 13:08:22,785	INFO -- Costs for all options: current= 0.41433443973388673, removal= 0.3107508475795746, old_best= 0.2071672554252625
2019-07-11 13:08:22,785	INFO -- Changing to old_best_execution found in time: 2019-07-11 12:53:08.334000
2019-07-11 13:08:23,125	INFO -- Deleting node: gke-demo-cluster-1-default-pool-6f471531-04bc
2019-07-11 13:08:23,758	INFO -- Deletion successful, node: gke-demo-cluster-1-default-pool-6f471531-04bc
2019-07-11 13:08:23,758	INFO -- Deleting node: gke-demo-cluster-1-default-pool-6f471531-6fjs
2019-07-11 13:08:24,244	INFO -- Deletion successful, node: gke-demo-cluster-1-default-pool-6f471531-6fjs
2019-07-11 13:08:24,244	INFO -- went correct
2019-07-11 13:08:24,245	INFO -- Update step finished: 2019-07-11 13:08:24.245002
2019-07-11 13:08:24,245	INFO -- Current scores
                 Not stable: 9
                 All nodes full: 0
                 Migration correct: 6 wrong: 0
                 Node removal correct: 0 wrong: 0
                 Old state correct: 2 wrong: 0
2019-07-11 13:08:24,245	INFO -- Going back to sleep
2019-07-11 13:10:54,340	INFO -- Time for an update_step iteration! 2019-07-11 13:10:54.340960
2019-07-11 13:10:54,630	INFO -- Cluster was not stable, waiting for the next time_window to check stability
2019-07-11 13:10:54,630	INFO -- Update step finished: 2019-07-11 13:10:54.630906
2019-07-11 13:10:54,631	INFO -- Current scores
                 Not stable: 10
                 All nodes full: 0
                 Migration correct: 6 wrong: 0
                 Node removal correct: 0 wrong: 0
                 Old state correct: 2 wrong: 0
2019-07-11 13:10:54,631	INFO -- Going back to sleep
2019-07-11 13:13:24,731	INFO -- Time for an update_step iteration! 2019-07-11 13:13:24.731403
2019-07-11 13:13:25,059	INFO -- Cluster was stable for 150 seconds till 2019-07-11 13:13:24.731713, calculating best transition
2019-07-11 13:13:25,300	INFO -- Execution was added to the knowledge base with load: 3174.9476592628807
2019-07-11 13:13:25,300	INFO -- went wrong: <class 'SmartKubernetesSchedular.time_window.PodHasScaledWhileAnalysingException'>
2019-07-11 13:13:25,300	INFO -- Update step finished: 2019-07-11 13:13:25.300604
2019-07-11 13:13:25,300	INFO -- Current scores
                 Not stable: 10
                 All nodes full: 0
                 Migration correct: 6 wrong: 0
                 Node removal correct: 0 wrong: 0
                 Old state correct: 2 wrong: 0
2019-07-11 13:13:25,300	INFO -- Going back to sleep
2019-07-11 13:15:55,400	INFO -- Time for an update_step iteration! 2019-07-11 13:15:55.400963
2019-07-11 13:15:56,406	INFO -- Cluster was not stable, waiting for the next time_window to check stability
2019-07-11 13:15:56,406	INFO -- Update step finished: 2019-07-11 13:15:56.406871
2019-07-11 13:15:56,407	INFO -- Current scores
                 Not stable: 11
                 All nodes full: 0
                 Migration correct: 6 wrong: 0
                 Node removal correct: 0 wrong: 0
                 Old state correct: 2 wrong: 0
2019-07-11 13:15:56,407	INFO -- Going back to sleep
2019-07-11 13:18:26,505	INFO -- Time for an update_step iteration! 2019-07-11 13:18:26.505925
2019-07-11 13:18:26,932	INFO -- Cluster was stable for 150 seconds till 2019-07-11 13:18:26.506347, calculating best transition
2019-07-11 13:18:27,232	INFO -- Execution was added to the knowledge base with load: 8211.293512591266
2019-07-11 13:18:27,232	INFO -- went wrong: <class 'SmartKubernetesSchedular.time_window.PodHasScaledWhileAnalysingException'>
2019-07-11 13:18:27,233	INFO -- Update step finished: 2019-07-11 13:18:27.233174
2019-07-11 13:18:27,233	INFO -- Current scores
                 Not stable: 11
                 All nodes full: 0
                 Migration correct: 6 wrong: 0
                 Node removal correct: 0 wrong: 0
                 Old state correct: 2 wrong: 0
2019-07-11 13:18:27,233	INFO -- Going back to sleep
2019-07-11 13:20:57,329	INFO -- Time for an update_step iteration! 2019-07-11 13:20:57.329933
2019-07-11 13:20:57,970	INFO -- Cluster was stable for 150 seconds till 2019-07-11 13:20:57.330230, calculating best transition
2019-07-11 13:20:58,443	INFO -- Execution was added to the knowledge base with load: 5000.074238048668
2019-07-11 13:20:58,443	INFO -- went wrong: <class 'SmartKubernetesSchedular.time_window.PodHasScaledWhileAnalysingException'>
2019-07-11 13:20:58,443	INFO -- Update step finished: 2019-07-11 13:20:58.443693
2019-07-11 13:20:58,443	INFO -- Current scores
                 Not stable: 11
                 All nodes full: 0
                 Migration correct: 6 wrong: 0
                 Node removal correct: 0 wrong: 0
                 Old state correct: 2 wrong: 0
2019-07-11 13:20:58,443	INFO -- Going back to sleep
2019-07-11 13:23:28,541	INFO -- Time for an update_step iteration! 2019-07-11 13:23:28.541936
2019-07-11 13:23:28,662	INFO -- Cluster was not stable, waiting for the next time_window to check stability
2019-07-11 13:23:28,663	INFO -- Update step finished: 2019-07-11 13:23:28.663272
2019-07-11 13:23:28,663	INFO -- Current scores
                 Not stable: 12
                 All nodes full: 0
                 Migration correct: 6 wrong: 0
                 Node removal correct: 0 wrong: 0
                 Old state correct: 2 wrong: 0
2019-07-11 13:23:28,663	INFO -- Going back to sleep
2019-07-11 13:25:58,761	INFO -- Time for an update_step iteration! 2019-07-11 13:25:58.761964
2019-07-11 13:25:58,868	INFO -- Cluster was not stable, waiting for the next time_window to check stability
2019-07-11 13:25:58,868	INFO -- Update step finished: 2019-07-11 13:25:58.868489
2019-07-11 13:25:58,868	INFO -- Current scores
                 Not stable: 13
                 All nodes full: 0
                 Migration correct: 6 wrong: 0
                 Node removal correct: 0 wrong: 0
                 Old state correct: 2 wrong: 0
2019-07-11 13:25:58,868	INFO -- Going back to sleep
2019-07-11 13:28:28,967	INFO -- Time for an update_step iteration! 2019-07-11 13:28:28.967744
2019-07-11 13:28:29,275	INFO -- Cluster was not stable, waiting for the next time_window to check stability
2019-07-11 13:28:29,275	INFO -- Update step finished: 2019-07-11 13:28:29.275395
2019-07-11 13:28:29,275	INFO -- Current scores
                 Not stable: 14
                 All nodes full: 0
                 Migration correct: 6 wrong: 0
                 Node removal correct: 0 wrong: 0
                 Old state correct: 2 wrong: 0
2019-07-11 13:28:29,275	INFO -- Going back to sleep
2019-07-11 13:30:59,353	INFO -- Time for an update_step iteration! 2019-07-11 13:30:59.353924
2019-07-11 13:30:59,609	INFO -- Cluster was stable for 150 seconds till 2019-07-11 13:30:59.354266, calculating best transition
2019-07-11 13:30:59,838	INFO -- Execution was added to the knowledge base with load: 2918.938583587028
2019-07-11 13:31:00,160	INFO -- Costs for all options: current= 0.414334510850525, removal= 0.31075088313789373, old_best= 0.2071672554252625
2019-07-11 13:31:00,161	INFO -- Changing to old_best_execution found in time: 2019-07-11 12:58:12.742000
2019-07-11 13:31:00,396	INFO -- Deleting pod: php-apache-5f657688bc-vdztz
2019-07-11 13:33:23,425	INFO -- went wrong: <class 'kubernetes_tools.migrate_pod.VerificationTookTooLongException'>
2019-07-11 13:33:23,426	INFO -- Update step finished: 2019-07-11 13:33:23.426350
2019-07-11 13:33:23,426	INFO -- Current scores
                 Not stable: 14
                 All nodes full: 0
                 Migration correct: 6 wrong: 0
                 Node removal correct: 0 wrong: 0
                 Old state correct: 2 wrong: 1
2019-07-11 13:33:23,426	INFO -- Going back to sleep
2019-07-11 13:35:53,525	INFO -- Time for an update_step iteration! 2019-07-11 13:35:53.525933
2019-07-11 13:35:54,066	INFO -- Cluster was stable for 150 seconds till 2019-07-11 13:35:53.526157, calculating best transition
2019-07-11 13:35:54,571	INFO -- Execution was added to the knowledge base with load: 2935.8874416200924
2019-07-11 13:35:55,239	INFO -- Costs for all options: current= 0.414334510850525, removal= 0.31075088313789373, old_best= 0.2071672554252625
2019-07-11 13:35:55,239	INFO -- Changing to old_best_execution found in time: 2019-07-11 12:35:20.629000
2019-07-11 13:35:55,701	INFO -- Deleting pod: php-apache-5f657688bc-p4pcc
2019-07-11 13:35:58,757	INFO -- Deletion pod: php-apache-5f657688bc-p4pcc successful
2019-07-11 13:35:59,475	INFO -- moving: php-apache-5f657688bc-9vqdw to gke-demo-cluster-1-default-pool-6f471531-h77x using deployment name: php-apache
2019-07-11 13:36:05,247	INFO -- pod php-apache-5f657688bc-9vqdw is deleted
2019-07-11 13:36:07,398	INFO -- Movement succeeded
2019-07-11 13:36:07,671	INFO -- Deleting node: gke-demo-cluster-1-default-pool-6f471531-6fjs
2019-07-11 13:36:08,212	INFO -- Deletion successful, node: gke-demo-cluster-1-default-pool-6f471531-6fjs
2019-07-11 13:36:08,213	INFO -- Deleting node: gke-demo-cluster-1-default-pool-6f471531-ggl5
2019-07-11 13:36:08,713	INFO -- Deletion successful, node: gke-demo-cluster-1-default-pool-6f471531-ggl5
2019-07-11 13:36:08,713	INFO -- went correct
2019-07-11 13:36:08,714	INFO -- Update step finished: 2019-07-11 13:36:08.714577
2019-07-11 13:36:08,714	INFO -- Current scores
                 Not stable: 14
                 All nodes full: 0
                 Migration correct: 6 wrong: 0
                 Node removal correct: 0 wrong: 0
                 Old state correct: 3 wrong: 1
2019-07-11 13:36:08,715	INFO -- Going back to sleep
2019-07-11 13:38:38,813	INFO -- Time for an update_step iteration! 2019-07-11 13:38:38.813918
2019-07-11 13:38:38,903	INFO -- Cluster was not stable, waiting for the next time_window to check stability
2019-07-11 13:38:38,903	INFO -- Update step finished: 2019-07-11 13:38:38.903483
2019-07-11 13:38:38,904	INFO -- Current scores
                 Not stable: 15
                 All nodes full: 0
                 Migration correct: 6 wrong: 0
                 Node removal correct: 0 wrong: 0
                 Old state correct: 3 wrong: 1
2019-07-11 13:38:38,904	INFO -- Going back to sleep
2019-07-11 13:41:09,002	INFO -- Time for an update_step iteration! 2019-07-11 13:41:09.002865
2019-07-11 13:41:09,223	INFO -- Cluster was stable for 150 seconds till 2019-07-11 13:41:09.003140, calculating best transition
2019-07-11 13:41:09,755	INFO -- Execution was added to the knowledge base with load: 3048.5666732980617
2019-07-11 13:41:09,853	INFO -- No node could be shutdown for improvement, because all nodes have a statefull set
2019-07-11 13:41:10,005	INFO -- Costs for all options: current= 0.2071672554252625, removal= inf, old_best= 0.2071672554252625
2019-07-11 13:41:10,005	INFO -- Staying with current execution, but randomly changing one random pod
2019-07-11 13:41:10,226	INFO -- moving: php-apache-5f657688bc-47pck to gke-demo-cluster-1-default-pool-6f471531-fwjk using deployment name: php-apache
2019-07-11 13:41:21,232	INFO -- pod php-apache-5f657688bc-47pck is deleted
2019-07-11 13:41:21,281	INFO -- Movement succeeded
2019-07-11 13:41:21,528	INFO -- went correct
2019-07-11 13:41:21,529	INFO -- Update step finished: 2019-07-11 13:41:21.529144
2019-07-11 13:41:21,529	INFO -- Current scores
                 Not stable: 15
                 All nodes full: 0
                 Migration correct: 7 wrong: 0
                 Node removal correct: 0 wrong: 0
                 Old state correct: 3 wrong: 1
2019-07-11 13:41:21,529	INFO -- Going back to sleep
2019-07-11 13:43:51,629	INFO -- Time for an update_step iteration! 2019-07-11 13:43:51.629319
2019-07-11 13:43:51,806	INFO -- Cluster was not stable, waiting for the next time_window to check stability
2019-07-11 13:43:51,806	INFO -- Update step finished: 2019-07-11 13:43:51.806254
2019-07-11 13:43:51,806	INFO -- Current scores
                 Not stable: 16
                 All nodes full: 0
                 Migration correct: 7 wrong: 0
                 Node removal correct: 0 wrong: 0
                 Old state correct: 3 wrong: 1
2019-07-11 13:43:51,806	INFO -- Going back to sleep
2019-07-11 13:46:21,905	INFO -- Time for an update_step iteration! 2019-07-11 13:46:21.905920
2019-07-11 13:46:22,175	INFO -- Cluster was stable for 150 seconds till 2019-07-11 13:46:21.906243, calculating best transition
2019-07-11 13:46:22,399	INFO -- Execution was added to the knowledge base with load: 3070.216666666667
2019-07-11 13:46:22,489	INFO -- No node could be shutdown for improvement, because all nodes have a statefull set
2019-07-11 13:46:22,661	INFO -- Costs for all options: current= 0.2071672554252625, removal= inf, old_best= 0.2071672554252625
2019-07-11 13:46:22,661	INFO -- Staying with current execution, but randomly changing one random pod
2019-07-11 13:46:22,913	INFO -- moving: php-apache-5f657688bc-2qzsc to gke-demo-cluster-1-default-pool-6f471531-h77x using deployment name: php-apache
2019-07-11 13:46:29,971	INFO -- pod php-apache-5f657688bc-2qzsc is deleted
2019-07-11 13:46:30,151	INFO -- Movement succeeded
2019-07-11 13:46:30,383	INFO -- went correct
2019-07-11 13:46:30,383	INFO -- Update step finished: 2019-07-11 13:46:30.383739
2019-07-11 13:46:30,383	INFO -- Current scores
                 Not stable: 16
                 All nodes full: 0
                 Migration correct: 8 wrong: 0
                 Node removal correct: 0 wrong: 0
                 Old state correct: 3 wrong: 1
2019-07-11 13:46:30,384	INFO -- Going back to sleep
2019-07-11 13:49:00,483	INFO -- Time for an update_step iteration! 2019-07-11 13:49:00.483748
2019-07-11 13:49:00,594	INFO -- Cluster was not stable, waiting for the next time_window to check stability
2019-07-11 13:49:00,595	INFO -- Update step finished: 2019-07-11 13:49:00.595061
2019-07-11 13:49:00,595	INFO -- Current scores
                 Not stable: 17
                 All nodes full: 0
                 Migration correct: 8 wrong: 0
                 Node removal correct: 0 wrong: 0
                 Old state correct: 3 wrong: 1
2019-07-11 13:49:00,595	INFO -- Going back to sleep
