2019-08-12 18:19:37,476	INFO -- Settings: TopologyGenerator/settings-php_apache_no_node_removal.json
2019-08-12 18:19:37,617	INFO -- Graphdatabase emptied
2019-08-12 18:19:37,617	INFO -- Waiting for warmup to finish. 1800 seconds
2019-08-12 18:49:37,652	INFO -- Going to sleep for 240 seconds
2019-08-12 18:53:37,694	INFO -- Time for an update_step iteration! 2019-08-12 18:53:37.694525
2019-08-12 18:53:38,067	INFO -- Cluster was stable for 240 seconds till 2019-08-12 18:53:37.695306, calculating best transition
2019-08-12 18:53:38,414	INFO -- Execution was added to the knowledge base with load: 3042.433256681141
2019-08-12 18:53:38,682	INFO -- No node could be shutdown for improvement, because all nodes have a statefull set
2019-08-12 18:53:38,779	INFO -- Costs for all options: current= 0.16750660858154298, removal= inf, old_best= 0.16750660858154298
2019-08-12 18:53:38,780	INFO -- Update step finished: 2019-08-12 18:53:38.780229
2019-08-12 18:53:38,780	INFO -- Current scores
                 Not stable: 0
                 All nodes full: 0
                 Migration correct: 0 wrong: 0 chance blocked: 1
                 Node removal correct: 0 wrong: 0
                 Old state correct: 0 wrong: 0
2019-08-12 18:53:38,780	INFO -- Going to sleep for 240 seconds
2019-08-12 18:57:38,862	INFO -- Time for an update_step iteration! 2019-08-12 18:57:38.862448
2019-08-12 18:57:39,269	INFO -- Cluster was stable for 240 seconds till 2019-08-12 18:57:38.863281, calculating best transition
2019-08-12 18:57:39,687	INFO -- Execution was added to the knowledge base with load: 3086.2311111111117
2019-08-12 18:57:39,916	INFO -- No node could be shutdown for improvement, because all nodes have a statefull set
2019-08-12 18:57:40,093	INFO -- Costs for all options: current= 0.16750660858154298, removal= inf, old_best= 0.16750660858154298
2019-08-12 18:57:40,094	INFO -- Update step finished: 2019-08-12 18:57:40.094540
2019-08-12 18:57:40,095	INFO -- Current scores
                 Not stable: 0
                 All nodes full: 0
                 Migration correct: 0 wrong: 0 chance blocked: 2
                 Node removal correct: 0 wrong: 0
                 Old state correct: 0 wrong: 0
2019-08-12 18:57:40,095	INFO -- Going to sleep for 240 seconds
2019-08-12 19:01:40,169	INFO -- Time for an update_step iteration! 2019-08-12 19:01:40.169486
2019-08-12 19:01:40,551	INFO -- Cluster was stable for 240 seconds till 2019-08-12 19:01:40.170350, calculating best transition
2019-08-12 19:01:40,966	INFO -- Execution was added to the knowledge base with load: 3052.702222222222
2019-08-12 19:01:41,211	INFO -- No node could be shutdown for improvement, because all nodes have a statefull set
2019-08-12 19:01:41,488	INFO -- Costs for all options: current= 0.16750660858154298, removal= inf, old_best= 0.16750660858154298
2019-08-12 19:01:41,488	INFO -- Staying with current execution, but randomly changing one random pod
2019-08-12 19:01:42,016	INFO -- moving: php-apache-5f657688bc-6nb5d to gke-demo-cluster-1-default-pool-6f471531-5xdr using deployment name: php-apache
2019-08-12 19:01:51,422	INFO -- pod php-apache-5f657688bc-6nb5d is deleted
2019-08-12 19:01:51,576	INFO -- Movement succeeded
2019-08-12 19:01:52,043	INFO -- went correct
2019-08-12 19:01:52,044	INFO -- Update step finished: 2019-08-12 19:01:52.044477
2019-08-12 19:01:52,045	INFO -- Current scores
                 Not stable: 0
                 All nodes full: 0
                 Migration correct: 1 wrong: 0 chance blocked: 2
                 Node removal correct: 0 wrong: 0
                 Old state correct: 0 wrong: 0
2019-08-12 19:01:52,045	INFO -- Going to sleep for 240 seconds
2019-08-12 19:05:52,097	INFO -- Time for an update_step iteration! 2019-08-12 19:05:52.097242
2019-08-12 19:05:52,597	INFO -- Cluster was not stable, waiting for retry window (24 seconds) to try again
2019-08-12 19:06:16,984	INFO -- Cluster was stable for 240 seconds till 2019-08-12 19:06:16.622263, calculating best transition
2019-08-12 19:06:17,384	INFO -- Execution was added to the knowledge base with load: 3012.9027443884897
2019-08-12 19:06:17,649	INFO -- No node could be shutdown for improvement, because all nodes have a statefull set
2019-08-12 19:06:18,041	INFO -- Costs for all options: current= 0.16750660858154298, removal= inf, old_best= 0.16750660858154298
2019-08-12 19:06:18,041	INFO -- Staying with current execution, but randomly changing one random pod
2019-08-12 19:06:18,603	INFO -- moving: php-apache-5f657688bc-fblq9 to gke-demo-cluster-1-default-pool-6f471531-419d using deployment name: php-apache
2019-08-12 19:06:21,629	INFO -- pod php-apache-5f657688bc-fblq9 is deleted
2019-08-12 19:06:21,768	INFO -- Movement succeeded
2019-08-12 19:06:22,239	INFO -- went correct
2019-08-12 19:06:22,240	INFO -- Update step finished: 2019-08-12 19:06:22.240819
2019-08-12 19:06:22,241	INFO -- Current scores
                 Not stable: 0
                 All nodes full: 0
                 Migration correct: 2 wrong: 0 chance blocked: 2
                 Node removal correct: 0 wrong: 0
                 Old state correct: 0 wrong: 0
2019-08-12 19:06:22,242	INFO -- Going to sleep for 240 seconds
2019-08-12 19:10:22,342	INFO -- Time for an update_step iteration! 2019-08-12 19:10:22.342256
2019-08-12 19:10:22,715	INFO -- Cluster was stable for 240 seconds till 2019-08-12 19:10:22.342954, calculating best transition
2019-08-12 19:10:23,467	INFO -- Execution was added to the knowledge base with load: 3094.666666666667
2019-08-12 19:10:23,664	INFO -- No node could be shutdown for improvement, because all nodes have a statefull set
2019-08-12 19:10:24,110	INFO -- Costs for all options: current= 0.16750660858154298, removal= inf, old_best= 0.16750660858154298
2019-08-12 19:10:24,111	INFO -- Staying with current execution, but randomly changing one random pod
2019-08-12 19:10:24,636	INFO -- moving: php-apache-5f657688bc-fh9r6 to gke-demo-cluster-1-default-pool-6f471531-5xdr using deployment name: php-apache
2019-08-12 19:10:31,425	INFO -- pod php-apache-5f657688bc-fh9r6 is deleted
2019-08-12 19:10:31,556	INFO -- Movement succeeded
2019-08-12 19:10:32,022	INFO -- went correct
2019-08-12 19:10:32,023	INFO -- Update step finished: 2019-08-12 19:10:32.023487
2019-08-12 19:10:32,023	INFO -- Current scores
                 Not stable: 0
                 All nodes full: 0
                 Migration correct: 3 wrong: 0 chance blocked: 2
                 Node removal correct: 0 wrong: 0
                 Old state correct: 0 wrong: 0
2019-08-12 19:10:32,023	INFO -- Going to sleep for 240 seconds
2019-08-12 19:14:32,124	INFO -- Time for an update_step iteration! 2019-08-12 19:14:32.124382
2019-08-12 19:14:32,469	INFO -- Cluster was not stable, waiting for retry window (24 seconds) to try again
2019-08-12 19:14:56,822	INFO -- Cluster was stable for 240 seconds till 2019-08-12 19:14:56.471740, calculating best transition
2019-08-12 19:14:57,214	INFO -- Execution was added to the knowledge base with load: 3022.5902317195178
2019-08-12 19:14:57,418	INFO -- No node could be shutdown for improvement, because all nodes have a statefull set
2019-08-12 19:14:57,961	INFO -- Costs for all options: current= 0.16750660858154298, removal= inf, old_best= 0.16750660858154298
2019-08-12 19:14:57,961	INFO -- Staying with current execution, but randomly changing one random pod
2019-08-12 19:14:58,483	INFO -- moving: php-apache-5f657688bc-fntcj to gke-demo-cluster-1-default-pool-6f471531-419d using deployment name: php-apache
2019-08-12 19:15:11,548	INFO -- pod php-apache-5f657688bc-fntcj is deleted
2019-08-12 19:15:11,671	INFO -- Movement succeeded
2019-08-12 19:15:12,239	INFO -- went correct
2019-08-12 19:15:12,240	INFO -- Update step finished: 2019-08-12 19:15:12.240122
2019-08-12 19:15:12,240	INFO -- Current scores
                 Not stable: 0
                 All nodes full: 0
                 Migration correct: 4 wrong: 0 chance blocked: 2
                 Node removal correct: 0 wrong: 0
                 Old state correct: 0 wrong: 0
2019-08-12 19:15:12,240	INFO -- Going to sleep for 240 seconds
2019-08-12 19:19:12,291	INFO -- Time for an update_step iteration! 2019-08-12 19:19:12.291801
2019-08-12 19:19:12,625	INFO -- Cluster was not stable, waiting for retry window (24 seconds) to try again
2019-08-12 19:19:37,016	INFO -- Cluster was stable for 240 seconds till 2019-08-12 19:19:36.650384, calculating best transition
2019-08-12 19:19:37,378	INFO -- Execution was added to the knowledge base with load: 2987.335947584884
2019-08-12 19:19:37,601	INFO -- No node could be shutdown for improvement, because all nodes have a statefull set
2019-08-12 19:19:38,257	INFO -- Costs for all options: current= 0.16750660858154298, removal= inf, old_best= 0.16750660858154298
2019-08-12 19:19:38,257	INFO -- Update step finished: 2019-08-12 19:19:38.257890
2019-08-12 19:19:38,258	INFO -- Current scores
                 Not stable: 0
                 All nodes full: 0
                 Migration correct: 4 wrong: 0 chance blocked: 3
                 Node removal correct: 0 wrong: 0
                 Old state correct: 0 wrong: 0
2019-08-12 19:19:38,259	INFO -- Going to sleep for 240 seconds
2019-08-12 19:23:38,317	INFO -- Time for an update_step iteration! 2019-08-12 19:23:38.317138
2019-08-12 19:23:38,654	INFO -- Cluster was not stable, waiting for retry window (24 seconds) to try again
2019-08-12 19:24:02,888	INFO -- Cluster was not stable, waiting for retry window (24 seconds) to try again
2019-08-12 19:24:27,095	INFO -- Cluster was not stable, waiting for retry window (24 seconds) to try again
2019-08-12 19:24:51,277	INFO -- Cluster was not stable, waiting for retry window (24 seconds) to try again
2019-08-12 19:25:15,715	INFO -- Cluster was not stable, waiting for retry window (24 seconds) to try again
2019-08-12 19:25:40,114	INFO -- Cluster was not stable, waiting for retry window (24 seconds) to try again
2019-08-12 19:26:04,303	INFO -- Cluster was not stable, waiting for retry window (24 seconds) to try again
2019-08-12 19:26:28,520	INFO -- Cluster was not stable, waiting for retry window (24 seconds) to try again
2019-08-12 19:26:52,785	INFO -- Cluster was not stable, waiting for retry window (24 seconds) to try again
2019-08-12 19:27:16,984	INFO -- Cluster was not stable, waiting for retry window (24 seconds) to try again
2019-08-12 19:27:41,180	INFO -- Cluster was not stable, waiting for retry window (24 seconds) to try again
2019-08-12 19:28:05,432	INFO -- Cluster was not stable, waiting for retry window (24 seconds) to try again
2019-08-12 19:28:30,080	INFO -- Cluster was not stable, waiting for retry window (24 seconds) to try again
2019-08-12 19:28:54,605	INFO -- Cluster was stable for 240 seconds till 2019-08-12 19:28:54.082456, calculating best transition
2019-08-12 19:28:55,136	INFO -- Execution was added to the knowledge base with load: 7596.837499459848
2019-08-12 19:28:55,462	INFO -- No node could be shutdown for improvement, because all the resources are needed
2019-08-12 19:28:55,547	INFO -- Costs for all options: current= 0.33501318817138676, removal= inf, old_best= 0.33501318817138676
2019-08-12 19:28:55,547	INFO -- Staying with current execution, but randomly changing one random pod
2019-08-12 19:28:56,097	INFO -- Deleting pod: php-apache-5f657688bc-v8qdw
2019-08-12 19:31:17,990	INFO -- went wrong: <class 'kubernetes_tools.migrate_pod.VerificationTookTooLongException'>
2019-08-12 19:31:17,990	INFO -- Update step finished: 2019-08-12 19:31:17.990757
2019-08-12 19:31:17,991	INFO -- Current scores
                 Not stable: 0
                 All nodes full: 0
                 Migration correct: 4 wrong: 1 chance blocked: 3
                 Node removal correct: 0 wrong: 0
                 Old state correct: 0 wrong: 0
2019-08-12 19:31:17,991	INFO -- Going to sleep for 240 seconds
2019-08-12 19:35:18,089	INFO -- Time for an update_step iteration! 2019-08-12 19:35:18.089512
2019-08-12 19:35:18,501	INFO -- Cluster was stable for 240 seconds till 2019-08-12 19:35:18.089917, calculating best transition
2019-08-12 19:35:19,000	INFO -- Execution was added to the knowledge base with load: 10351.1746059455
2019-08-12 19:35:19,318	INFO -- No node could be shutdown for improvement, because all the resources are needed
2019-08-12 19:35:19,435	INFO -- Costs for all options: current= 0.33501318817138676, removal= inf, old_best= 0.3350131881713867
2019-08-12 19:35:19,435	INFO -- Update step finished: 2019-08-12 19:35:19.435425
2019-08-12 19:35:19,435	INFO -- Current scores
                 Not stable: 0
                 All nodes full: 0
                 Migration correct: 4 wrong: 1 chance blocked: 4
                 Node removal correct: 0 wrong: 0
                 Old state correct: 0 wrong: 0
2019-08-12 19:35:19,435	INFO -- Going to sleep for 240 seconds
2019-08-12 19:39:19,503	INFO -- Time for an update_step iteration! 2019-08-12 19:39:19.503083
2019-08-12 19:39:19,853	INFO -- Cluster was stable for 240 seconds till 2019-08-12 19:39:19.503412, calculating best transition
2019-08-12 19:39:20,323	INFO -- Execution was added to the knowledge base with load: 10174.666666666668
2019-08-12 19:39:20,625	INFO -- No node could be shutdown for improvement, because all the resources are needed
2019-08-12 19:39:20,795	INFO -- Costs for all options: current= 0.33501318817138676, removal= inf, old_best= 0.3350131881713867
2019-08-12 19:39:20,796	INFO -- Update step finished: 2019-08-12 19:39:20.796204
2019-08-12 19:39:20,796	INFO -- Current scores
                 Not stable: 0
                 All nodes full: 0
                 Migration correct: 4 wrong: 1 chance blocked: 5
                 Node removal correct: 0 wrong: 0
                 Old state correct: 0 wrong: 0
2019-08-12 19:39:20,796	INFO -- Going to sleep for 240 seconds
2019-08-12 19:43:20,894	INFO -- Time for an update_step iteration! 2019-08-12 19:43:20.894204
2019-08-12 19:43:21,241	INFO -- Cluster was stable for 240 seconds till 2019-08-12 19:43:20.894657, calculating best transition
2019-08-12 19:43:21,726	INFO -- Execution was added to the knowledge base with load: 10346.779288273005
2019-08-12 19:43:22,027	INFO -- No node could be shutdown for improvement, because all the resources are needed
2019-08-12 19:43:22,348	INFO -- Costs for all options: current= 0.33501318817138676, removal= inf, old_best= 0.3350131881713867
2019-08-12 19:43:22,348	INFO -- Staying with current execution, but randomly changing one random pod
2019-08-12 19:43:23,149	INFO -- moving: php-apache-5f657688bc-wnh7m to gke-demo-cluster-1-default-pool-6f471531-5xdr using deployment name: php-apache
2019-08-12 19:43:31,439	INFO -- pod php-apache-5f657688bc-wnh7m is deleted
2019-08-12 19:43:31,723	INFO -- Movement succeeded
2019-08-12 19:43:32,278	INFO -- went correct
2019-08-12 19:43:32,278	INFO -- Update step finished: 2019-08-12 19:43:32.278902
2019-08-12 19:43:32,279	INFO -- Current scores
                 Not stable: 0
                 All nodes full: 0
                 Migration correct: 5 wrong: 1 chance blocked: 5
                 Node removal correct: 0 wrong: 0
                 Old state correct: 0 wrong: 0
2019-08-12 19:43:32,280	INFO -- Going to sleep for 240 seconds
2019-08-12 19:47:32,380	INFO -- Time for an update_step iteration! 2019-08-12 19:47:32.380726
2019-08-12 19:47:32,786	INFO -- Cluster was stable for 240 seconds till 2019-08-12 19:47:32.381171, calculating best transition
2019-08-12 19:47:33,260	INFO -- Execution was added to the knowledge base with load: 10375.652431937577
2019-08-12 19:47:33,517	INFO -- No node could be shutdown for improvement, because all the resources are needed
2019-08-12 19:47:33,900	INFO -- Costs for all options: current= 0.33501318817138676, removal= inf, old_best= 0.3350131881713867
2019-08-12 19:47:33,900	INFO -- Update step finished: 2019-08-12 19:47:33.900693
2019-08-12 19:47:33,901	INFO -- Current scores
                 Not stable: 0
                 All nodes full: 0
                 Migration correct: 5 wrong: 1 chance blocked: 6
                 Node removal correct: 0 wrong: 0
                 Old state correct: 0 wrong: 0
2019-08-12 19:47:33,901	INFO -- Going to sleep for 240 seconds
2019-08-12 19:51:33,962	INFO -- Time for an update_step iteration! 2019-08-12 19:51:33.962087
2019-08-12 19:51:34,374	INFO -- Cluster was stable for 240 seconds till 2019-08-12 19:51:33.962543, calculating best transition
2019-08-12 19:51:34,834	INFO -- Execution was added to the knowledge base with load: 10271.103291666666
2019-08-12 19:51:35,137	INFO -- No node could be shutdown for improvement, because all the resources are needed
2019-08-12 19:51:35,564	INFO -- Costs for all options: current= 0.33501318817138676, removal= inf, old_best= 0.33501318817138676
2019-08-12 19:51:35,564	INFO -- Update step finished: 2019-08-12 19:51:35.564547
2019-08-12 19:51:35,564	INFO -- Current scores
                 Not stable: 0
                 All nodes full: 0
                 Migration correct: 5 wrong: 1 chance blocked: 7
                 Node removal correct: 0 wrong: 0
                 Old state correct: 0 wrong: 0
2019-08-12 19:51:35,564	INFO -- Going to sleep for 240 seconds
2019-08-12 19:55:35,574	INFO -- Time for an update_step iteration! 2019-08-12 19:55:35.574576
2019-08-12 19:55:36,151	INFO -- Cluster was stable for 240 seconds till 2019-08-12 19:55:35.574922, calculating best transition
2019-08-12 19:55:36,631	INFO -- Execution was added to the knowledge base with load: 10336.97613357768
2019-08-12 19:55:36,937	INFO -- No node could be shutdown for improvement, because all the resources are needed
2019-08-12 19:55:37,455	INFO -- Costs for all options: current= 0.33501318817138676, removal= inf, old_best= 0.33501318817138676
2019-08-12 19:55:37,455	INFO -- Update step finished: 2019-08-12 19:55:37.455665
2019-08-12 19:55:37,455	INFO -- Current scores
                 Not stable: 0
                 All nodes full: 0
                 Migration correct: 5 wrong: 1 chance blocked: 8
                 Node removal correct: 0 wrong: 0
                 Old state correct: 0 wrong: 0
2019-08-12 19:55:37,456	INFO -- Going to sleep for 240 seconds
2019-08-12 19:59:37,554	INFO -- Time for an update_step iteration! 2019-08-12 19:59:37.554207
2019-08-12 19:59:38,053	INFO -- Cluster was stable for 240 seconds till 2019-08-12 19:59:37.554543, calculating best transition
2019-08-12 19:59:38,538	INFO -- Execution was added to the knowledge base with load: 10293.637275203455
2019-08-12 19:59:38,813	INFO -- No node could be shutdown for improvement, because all the resources are needed
2019-08-12 19:59:39,455	INFO -- Costs for all options: current= 0.33501318817138676, removal= inf, old_best= 0.33501318817138676
2019-08-12 19:59:39,456	INFO -- Update step finished: 2019-08-12 19:59:39.456002
2019-08-12 19:59:39,456	INFO -- Current scores
                 Not stable: 0
                 All nodes full: 0
                 Migration correct: 5 wrong: 1 chance blocked: 9
                 Node removal correct: 0 wrong: 0
                 Old state correct: 0 wrong: 0
2019-08-12 19:59:39,456	INFO -- Going to sleep for 240 seconds
2019-08-12 20:03:39,478	INFO -- Time for an update_step iteration! 2019-08-12 20:03:39.478379
2019-08-12 20:03:40,222	INFO -- Cluster was stable for 240 seconds till 2019-08-12 20:03:39.478584, calculating best transition
2019-08-12 20:03:40,660	INFO -- Execution was added to the knowledge base with load: 10267.63111111111
2019-08-12 20:03:40,956	INFO -- No node could be shutdown for improvement, because all the resources are needed
2019-08-12 20:03:41,696	INFO -- Costs for all options: current= 0.33501318817138676, removal= inf, old_best= 0.33501318817138676
2019-08-12 20:03:41,697	INFO -- Update step finished: 2019-08-12 20:03:41.697224
2019-08-12 20:03:41,697	INFO -- Current scores
                 Not stable: 0
                 All nodes full: 0
                 Migration correct: 5 wrong: 1 chance blocked: 10
                 Node removal correct: 0 wrong: 0
                 Old state correct: 0 wrong: 0
2019-08-12 20:03:41,697	INFO -- Going to sleep for 240 seconds
2019-08-12 20:07:41,797	INFO -- Time for an update_step iteration! 2019-08-12 20:07:41.797872
2019-08-12 20:07:42,150	INFO -- Cluster was stable for 240 seconds till 2019-08-12 20:07:41.798595, calculating best transition
2019-08-12 20:07:42,607	INFO -- Execution was added to the knowledge base with load: 10275.852266501539
2019-08-12 20:07:42,889	INFO -- No node could be shutdown for improvement, because all the resources are needed
2019-08-12 20:07:43,791	INFO -- Costs for all options: current= 0.33501318817138676, removal= inf, old_best= 0.33501318817138676
2019-08-12 20:07:43,792	INFO -- Update step finished: 2019-08-12 20:07:43.792461
2019-08-12 20:07:43,793	INFO -- Current scores
                 Not stable: 0
                 All nodes full: 0
                 Migration correct: 5 wrong: 1 chance blocked: 11
                 Node removal correct: 0 wrong: 0
                 Old state correct: 0 wrong: 0
2019-08-12 20:07:43,793	INFO -- Going to sleep for 240 seconds
2019-08-12 20:11:43,862	INFO -- Time for an update_step iteration! 2019-08-12 20:11:43.862625
2019-08-12 20:11:44,206	INFO -- Cluster was not stable, waiting for retry window (24 seconds) to try again
2019-08-12 20:12:08,620	INFO -- Cluster was not stable, waiting for retry window (24 seconds) to try again
2019-08-12 20:12:33,064	INFO -- Cluster was not stable, waiting for retry window (24 seconds) to try again
2019-08-12 20:12:57,432	INFO -- Cluster was not stable, waiting for retry window (24 seconds) to try again
2019-08-12 20:13:21,814	INFO -- Cluster was not stable, waiting for retry window (24 seconds) to try again
2019-08-12 20:13:46,190	INFO -- Cluster was not stable, waiting for retry window (24 seconds) to try again
2019-08-12 20:14:10,584	INFO -- Cluster was not stable, waiting for retry window (24 seconds) to try again
2019-08-12 20:14:34,990	INFO -- Cluster was not stable, waiting for retry window (24 seconds) to try again
2019-08-12 20:14:59,351	INFO -- Cluster was not stable, waiting for retry window (24 seconds) to try again
2019-08-12 20:15:23,833	INFO -- Cluster was not stable, waiting for retry window (24 seconds) to try again
2019-08-12 20:15:48,213	INFO -- Cluster was not stable, waiting for retry window (24 seconds) to try again
2019-08-12 20:16:12,559	INFO -- Cluster was not stable, waiting for retry window (24 seconds) to try again
2019-08-12 20:16:36,940	INFO -- Cluster was not stable, waiting for retry window (24 seconds) to try again
2019-08-12 20:17:01,324	INFO -- Cluster was not stable, waiting for retry window (24 seconds) to try again
2019-08-12 20:17:25,719	INFO -- Cluster was not stable, waiting for retry window (24 seconds) to try again
2019-08-12 20:17:50,101	INFO -- Cluster was not stable, waiting for retry window (24 seconds) to try again
2019-08-12 20:18:14,494	INFO -- Cluster was not stable, waiting for retry window (24 seconds) to try again
2019-08-12 20:18:38,921	INFO -- Cluster was stable for 240 seconds till 2019-08-12 20:18:38.518494, calculating best transition
2019-08-12 20:18:39,713	INFO -- Execution was added to the knowledge base with load: 3105.4158381430307
2019-08-12 20:18:40,655	INFO -- Costs for all options: current= 0.33501318817138676, removal= 0.25125988388061526, old_best= 0.16750660858154298
2019-08-12 20:18:40,656	INFO -- Changing to old_best_execution found in time: 2019-08-12 19:15:36.650000
2019-08-12 20:18:41,363	INFO -- Creating pod: php-apache on gke-demo-cluster-1-default-pool-6f471531-419d
2019-08-12 20:18:42,359	ERROR -- Addition failed
2019-08-12 20:18:42,556	INFO -- went wrong: <class 'kubernetes_tools.migrate_pod.PodScheduledOnWrongNodeException'>
2019-08-12 20:18:42,557	INFO -- Update step finished: 2019-08-12 20:18:42.557698
2019-08-12 20:18:42,558	INFO -- Current scores
                 Not stable: 0
                 All nodes full: 0
                 Migration correct: 5 wrong: 1 chance blocked: 11
                 Node removal correct: 0 wrong: 0
                 Old state correct: 0 wrong: 1
2019-08-12 20:18:42,558	INFO -- Going to sleep for 240 seconds
2019-08-12 20:22:42,658	INFO -- Time for an update_step iteration! 2019-08-12 20:22:42.658280
2019-08-12 20:22:43,061	INFO -- Cluster was not stable, waiting for retry window (24 seconds) to try again
2019-08-12 20:23:07,462	INFO -- Cluster was stable for 240 seconds till 2019-08-12 20:23:07.086910, calculating best transition
2019-08-12 20:23:07,819	INFO -- Execution was added to the knowledge base with load: 3036.071762209452
2019-08-12 20:23:08,569	INFO -- Costs for all options: current= 0.33501318817138676, removal= 0.25125988388061526, old_best= 0.16750660858154298
2019-08-12 20:23:08,570	INFO -- Changing to old_best_execution found in time: 2019-08-12 19:06:22.342000
2019-08-12 20:23:08,984	INFO -- Deleting pod: php-apache-5f657688bc-2n6bq
2019-08-12 20:23:13,052	INFO -- Deletion pod: php-apache-5f657688bc-2n6bq successful
2019-08-12 20:23:13,440	ERROR -- KeyError found, probably because it deployment scaled during enforcing, check this in stacktrace
Traceback (most recent call last):
  File "/media/thijs/SSD2/University/2018-2019/Thesis/DynamicTopologySelection/TopologyGenerator/SmartKubernetesSchedular/enforcer.py", line 92, in enforce
    enforce_migrations(migrations, cur_state)
  File "/media/thijs/SSD2/University/2018-2019/Thesis/DynamicTopologySelection/TopologyGenerator/SmartKubernetesSchedular/enforcer.py", line 58, in enforce_migrations
    migrate_pod(pod_name, destination_node)
  File "/media/thijs/SSD2/University/2018-2019/Thesis/DynamicTopologySelection/TopologyGenerator/kubernetes_tools/migrate_pod.py", line 67, in migrate_pod
    migrating_pod_info = initial_state[pod_name]
KeyError: 'php-apache-5f657688bc-ftd9v'
2019-08-12 20:23:13,458	INFO -- went wrong: <class 'SmartKubernetesSchedular.enforcer.PodHasScaledWhileEnforcingException'>
2019-08-12 20:23:13,459	INFO -- Update step finished: 2019-08-12 20:23:13.459564
2019-08-12 20:23:13,460	INFO -- Current scores
                 Not stable: 0
                 All nodes full: 0
                 Migration correct: 5 wrong: 1 chance blocked: 11
                 Node removal correct: 0 wrong: 0
                 Old state correct: 0 wrong: 2
2019-08-12 20:23:13,460	INFO -- Going to sleep for 240 seconds
2019-08-12 20:27:13,554	INFO -- Time for an update_step iteration! 2019-08-12 20:27:13.554433
2019-08-12 20:27:13,716	INFO -- Cluster was not stable, waiting for retry window (24 seconds) to try again
2019-08-12 20:27:37,952	INFO -- Cluster was not stable, waiting for retry window (24 seconds) to try again
2019-08-12 20:28:02,154	INFO -- Cluster was not stable, waiting for retry window (24 seconds) to try again
2019-08-12 20:28:26,351	INFO -- Cluster was not stable, waiting for retry window (24 seconds) to try again
2019-08-12 20:28:50,610	INFO -- Cluster was not stable, waiting for retry window (24 seconds) to try again
2019-08-12 20:29:14,816	INFO -- Cluster was not stable, waiting for retry window (24 seconds) to try again
2019-08-12 20:29:39,007	INFO -- Cluster was not stable, waiting for retry window (24 seconds) to try again
2019-08-12 20:30:03,200	INFO -- Cluster was not stable, waiting for retry window (24 seconds) to try again
2019-08-12 20:30:27,625	INFO -- Cluster was stable for 240 seconds till 2019-08-12 20:30:27.225394, calculating best transition
2019-08-12 20:30:27,917	INFO -- Execution was added to the knowledge base with load: 2986.9162973169223
2019-08-12 20:30:28,077	INFO -- No node could be shutdown for improvement, because all nodes have a statefull set
2019-08-12 20:30:28,678	INFO -- Costs for all options: current= 0.16750660858154298, removal= inf, old_best= 0.16750660858154298
2019-08-12 20:30:28,679	INFO -- Staying with current execution, but randomly changing one random pod
2019-08-12 20:30:29,106	INFO -- moving: php-apache-5f657688bc-bl5tp to gke-demo-cluster-1-default-pool-6f471531-5xdr using deployment name: php-apache
2019-08-12 20:30:32,145	INFO -- pod php-apache-5f657688bc-bl5tp is deleted
2019-08-12 20:30:32,257	INFO -- Movement succeeded
2019-08-12 20:30:32,762	INFO -- went correct
2019-08-12 20:30:32,763	INFO -- Update step finished: 2019-08-12 20:30:32.763785
2019-08-12 20:30:32,764	INFO -- Current scores
                 Not stable: 0
                 All nodes full: 0
                 Migration correct: 6 wrong: 1 chance blocked: 11
                 Node removal correct: 0 wrong: 0
                 Old state correct: 0 wrong: 2
2019-08-12 20:30:32,765	INFO -- Going to sleep for 240 seconds
2019-08-12 20:34:32,809	INFO -- Time for an update_step iteration! 2019-08-12 20:34:32.809570
2019-08-12 20:34:33,184	INFO -- Cluster was not stable, waiting for retry window (24 seconds) to try again
2019-08-12 20:34:57,552	INFO -- Cluster was stable for 240 seconds till 2019-08-12 20:34:57.191376, calculating best transition
2019-08-12 20:34:57,891	INFO -- Execution was added to the knowledge base with load: 3027.067954925653
2019-08-12 20:34:58,054	INFO -- No node could be shutdown for improvement, because all nodes have a statefull set
2019-08-12 20:34:58,694	INFO -- Costs for all options: current= 0.16750660858154298, removal= inf, old_best= 0.16750660858154298
2019-08-12 20:34:58,695	INFO -- Update step finished: 2019-08-12 20:34:58.694959
2019-08-12 20:34:58,695	INFO -- Current scores
                 Not stable: 0
                 All nodes full: 0
                 Migration correct: 6 wrong: 1 chance blocked: 12
                 Node removal correct: 0 wrong: 0
                 Old state correct: 0 wrong: 2
2019-08-12 20:34:58,696	INFO -- Going to sleep for 240 seconds
2019-08-12 20:38:58,697	INFO -- Time for an update_step iteration! 2019-08-12 20:38:58.697286
2019-08-12 20:38:59,069	INFO -- Cluster was stable for 240 seconds till 2019-08-12 20:38:58.698062, calculating best transition
2019-08-12 20:38:59,406	INFO -- Execution was added to the knowledge base with load: 3085.0133333333333
2019-08-12 20:38:59,600	INFO -- No node could be shutdown for improvement, because all nodes have a statefull set
2019-08-12 20:39:00,292	INFO -- Costs for all options: current= 0.16750660858154298, removal= inf, old_best= 0.16750660858154298
2019-08-12 20:39:00,292	INFO -- Staying with current execution, but randomly changing one random pod
2019-08-12 20:39:00,800	INFO -- moving: php-apache-5f657688bc-nrttb to gke-demo-cluster-1-default-pool-6f471531-419d using deployment name: php-apache
2019-08-12 20:39:11,546	INFO -- pod php-apache-5f657688bc-nrttb is deleted
2019-08-12 20:39:11,667	INFO -- Movement succeeded
2019-08-12 20:39:12,126	INFO -- went correct
2019-08-12 20:39:12,127	INFO -- Update step finished: 2019-08-12 20:39:12.127792
2019-08-12 20:39:12,128	INFO -- Current scores
                 Not stable: 0
                 All nodes full: 0
                 Migration correct: 7 wrong: 1 chance blocked: 12
                 Node removal correct: 0 wrong: 0
                 Old state correct: 0 wrong: 2
2019-08-12 20:39:12,129	INFO -- Going to sleep for 240 seconds
2019-08-12 20:43:12,227	INFO -- Time for an update_step iteration! 2019-08-12 20:43:12.226941
2019-08-12 20:43:12,596	INFO -- Cluster was not stable, waiting for retry window (24 seconds) to try again
2019-08-12 20:43:36,997	INFO -- Cluster was stable for 240 seconds till 2019-08-12 20:43:36.621780, calculating best transition
2019-08-12 20:43:37,360	INFO -- Execution was added to the knowledge base with load: 2993.700433676927
2019-08-12 20:43:37,562	INFO -- No node could be shutdown for improvement, because all nodes have a statefull set
2019-08-12 20:43:38,390	INFO -- Costs for all options: current= 0.16750660858154298, removal= inf, old_best= 0.16750660858154298
2019-08-12 20:43:38,391	INFO -- Update step finished: 2019-08-12 20:43:38.391417
2019-08-12 20:43:38,392	INFO -- Current scores
                 Not stable: 0
                 All nodes full: 0
                 Migration correct: 7 wrong: 1 chance blocked: 13
                 Node removal correct: 0 wrong: 0
                 Old state correct: 0 wrong: 2
2019-08-12 20:43:38,392	INFO -- Going to sleep for 240 seconds
2019-08-12 20:47:38,486	INFO -- Time for an update_step iteration! 2019-08-12 20:47:38.486336
2019-08-12 20:47:38,861	INFO -- Cluster was stable for 240 seconds till 2019-08-12 20:47:38.487164, calculating best transition
2019-08-12 20:47:39,289	INFO -- Execution was added to the knowledge base with load: 3094.134086650429
2019-08-12 20:47:39,586	INFO -- No node could be shutdown for improvement, because all nodes have a statefull set
2019-08-12 20:47:40,563	INFO -- Costs for all options: current= 0.16750660858154298, removal= inf, old_best= 0.16750660858154298
2019-08-12 20:47:40,563	INFO -- Staying with current execution, but randomly changing one random pod
2019-08-12 20:47:41,127	INFO -- moving: php-apache-5f657688bc-wdqs2 to gke-demo-cluster-1-default-pool-6f471531-5xdr using deployment name: php-apache
2019-08-12 20:47:44,102	INFO -- pod php-apache-5f657688bc-wdqs2 is deleted
2019-08-12 20:47:44,255	INFO -- Movement succeeded
2019-08-12 20:47:44,753	INFO -- went correct
2019-08-12 20:47:44,753	INFO -- Update step finished: 2019-08-12 20:47:44.753903
2019-08-12 20:47:44,754	INFO -- Current scores
                 Not stable: 0
                 All nodes full: 0
                 Migration correct: 8 wrong: 1 chance blocked: 13
                 Node removal correct: 0 wrong: 0
                 Old state correct: 0 wrong: 2
2019-08-12 20:47:44,755	INFO -- Going to sleep for 240 seconds
2019-08-12 20:51:44,854	INFO -- Time for an update_step iteration! 2019-08-12 20:51:44.854337
2019-08-12 20:51:45,217	INFO -- Cluster was not stable, waiting for retry window (24 seconds) to try again
2019-08-12 20:52:09,621	INFO -- Cluster was not stable, waiting for retry window (24 seconds) to try again
2019-08-12 20:52:34,022	INFO -- Cluster was not stable, waiting for retry window (24 seconds) to try again
2019-08-12 20:52:58,426	INFO -- Cluster was not stable, waiting for retry window (24 seconds) to try again
2019-08-12 20:53:22,690	INFO -- Cluster was not stable, waiting for retry window (24 seconds) to try again
2019-08-12 20:53:46,958	INFO -- Cluster was not stable, waiting for retry window (24 seconds) to try again
2019-08-12 20:54:11,181	INFO -- Cluster was not stable, waiting for retry window (24 seconds) to try again
2019-08-12 20:54:35,552	INFO -- Cluster was not stable, waiting for retry window (24 seconds) to try again
2019-08-12 20:55:00,126	INFO -- Cluster was not stable, waiting for retry window (24 seconds) to try again
2019-08-12 20:55:24,432	INFO -- Cluster was not stable, waiting for retry window (24 seconds) to try again
2019-08-12 20:55:48,696	INFO -- Cluster was not stable, waiting for retry window (24 seconds) to try again
2019-08-12 20:56:12,934	INFO -- Cluster was not stable, waiting for retry window (24 seconds) to try again
2019-08-12 20:56:37,172	INFO -- Cluster was not stable, waiting for retry window (24 seconds) to try again
2019-08-12 20:57:01,368	INFO -- Cluster was not stable, waiting for retry window (24 seconds) to try again
2019-08-12 20:57:25,563	INFO -- Cluster was not stable, waiting for retry window (24 seconds) to try again
2019-08-12 20:57:49,755	INFO -- Cluster was not stable, waiting for retry window (24 seconds) to try again
2019-08-12 20:58:14,197	INFO -- Cluster was not stable, waiting for retry window (24 seconds) to try again
2019-08-12 20:58:38,567	INFO -- Cluster was not stable, waiting for retry window (24 seconds) to try again
2019-08-12 20:59:02,794	INFO -- Cluster was not stable, waiting for retry window (24 seconds) to try again
2019-08-12 20:59:26,985	INFO -- Cluster was not stable, waiting for retry window (24 seconds) to try again
2019-08-12 20:59:51,183	INFO -- Cluster was not stable, waiting for retry window (24 seconds) to try again
2019-08-12 21:00:15,602	INFO -- Cluster was stable for 240 seconds till 2019-08-12 21:00:15.206245, calculating best transition
2019-08-12 21:00:16,126	INFO -- Execution was added to the knowledge base with load: 9243.36003683269
2019-08-12 21:00:16,422	INFO -- No node could be shutdown for improvement, because all the resources are needed
2019-08-12 21:00:16,513	INFO -- Costs for all options: current= 0.33501315917968755, removal= inf, old_best= 0.33501315917968755
2019-08-12 21:00:16,513	INFO -- Staying with current execution, but randomly changing one random pod
2019-08-12 21:00:17,221	INFO -- moving: php-apache-5f657688bc-vsd4p to gke-demo-cluster-1-default-pool-6f471531-dg4b using deployment name: php-apache
2019-08-12 21:00:31,564	INFO -- pod php-apache-5f657688bc-vsd4p is deleted
2019-08-12 21:00:31,764	INFO -- Movement succeeded
2019-08-12 21:00:32,325	INFO -- went correct
2019-08-12 21:00:32,326	INFO -- Update step finished: 2019-08-12 21:00:32.326264
2019-08-12 21:00:32,326	INFO -- Current scores
                 Not stable: 0
                 All nodes full: 0
                 Migration correct: 9 wrong: 1 chance blocked: 13
                 Node removal correct: 0 wrong: 0
                 Old state correct: 0 wrong: 2
2019-08-12 21:00:32,327	INFO -- Going to sleep for 240 seconds
2019-08-12 21:04:32,428	INFO -- Time for an update_step iteration! 2019-08-12 21:04:32.427996
2019-08-12 21:04:32,768	INFO -- Cluster was stable for 240 seconds till 2019-08-12 21:04:32.428330, calculating best transition
2019-08-12 21:04:33,188	INFO -- Execution was added to the knowledge base with load: 10013.781669119904
2019-08-12 21:04:33,433	INFO -- No node could be shutdown for improvement, because all the resources are needed
2019-08-12 21:04:33,600	INFO -- Costs for all options: current= 0.33501315917968755, removal= inf, old_best= 0.33501315917968755
2019-08-12 21:04:33,600	INFO -- Update step finished: 2019-08-12 21:04:33.600523
2019-08-12 21:04:33,600	INFO -- Current scores
                 Not stable: 0
                 All nodes full: 0
                 Migration correct: 9 wrong: 1 chance blocked: 14
                 Node removal correct: 0 wrong: 0
                 Old state correct: 0 wrong: 2
2019-08-12 21:04:33,601	INFO -- Going to sleep for 240 seconds
2019-08-12 21:08:33,700	INFO -- Time for an update_step iteration! 2019-08-12 21:08:33.700351
2019-08-12 21:08:34,166	INFO -- Cluster was stable for 240 seconds till 2019-08-12 21:08:33.700694, calculating best transition
2019-08-12 21:08:34,679	INFO -- Execution was added to the knowledge base with load: 10380.057842172553
2019-08-12 21:08:34,960	INFO -- No node could be shutdown for improvement, because all the resources are needed
2019-08-12 21:08:35,156	INFO -- Costs for all options: current= 0.33501315917968755, removal= inf, old_best= 0.3350131591796875
2019-08-12 21:08:35,156	INFO -- Update step finished: 2019-08-12 21:08:35.156493
2019-08-12 21:08:35,156	INFO -- Current scores
                 Not stable: 0
                 All nodes full: 0
                 Migration correct: 9 wrong: 1 chance blocked: 15
                 Node removal correct: 0 wrong: 0
                 Old state correct: 0 wrong: 2
2019-08-12 21:08:35,156	INFO -- Going to sleep for 240 seconds
2019-08-12 21:12:35,168	INFO -- Time for an update_step iteration! 2019-08-12 21:12:35.168394
2019-08-12 21:12:35,591	INFO -- Cluster was stable for 240 seconds till 2019-08-12 21:12:35.168715, calculating best transition
2019-08-12 21:12:36,131	INFO -- Execution was added to the knowledge base with load: 10126.923680425054
2019-08-12 21:12:36,391	INFO -- No node could be shutdown for improvement, because all the resources are needed
2019-08-12 21:12:36,729	INFO -- Costs for all options: current= 0.33501315917968755, removal= inf, old_best= 0.33501315917968755
2019-08-12 21:12:36,729	INFO -- Staying with current execution, but randomly changing one random pod
2019-08-12 21:12:36,916	INFO -- All nodes to full to do random move
2019-08-12 21:12:36,916	INFO -- Update step finished: 2019-08-12 21:12:36.916666
2019-08-12 21:12:36,916	INFO -- Current scores
                 Not stable: 0
                 All nodes full: 1
                 Migration correct: 9 wrong: 1 chance blocked: 15
                 Node removal correct: 0 wrong: 0
                 Old state correct: 0 wrong: 2
2019-08-12 21:12:36,917	INFO -- Going to sleep for 240 seconds
2019-08-12 21:16:37,014	INFO -- Time for an update_step iteration! 2019-08-12 21:16:37.014455
2019-08-12 21:16:37,435	INFO -- Cluster was stable for 240 seconds till 2019-08-12 21:16:37.014806, calculating best transition
2019-08-12 21:16:37,990	INFO -- Execution was added to the knowledge base with load: 10305.922378959578
2019-08-12 21:16:38,240	INFO -- No node could be shutdown for improvement, because all the resources are needed
2019-08-12 21:16:38,593	INFO -- Costs for all options: current= 0.33501315917968755, removal= inf, old_best= 0.33501315917968755
2019-08-12 21:16:38,593	INFO -- Staying with current execution, but randomly changing one random pod
2019-08-12 21:16:38,802	INFO -- All nodes to full to do random move
2019-08-12 21:16:38,802	INFO -- Update step finished: 2019-08-12 21:16:38.802547
2019-08-12 21:16:38,802	INFO -- Current scores
                 Not stable: 0
                 All nodes full: 2
                 Migration correct: 9 wrong: 1 chance blocked: 15
                 Node removal correct: 0 wrong: 0
                 Old state correct: 0 wrong: 2
2019-08-12 21:16:38,803	INFO -- Going to sleep for 240 seconds
2019-08-12 21:20:38,857	INFO -- Time for an update_step iteration! 2019-08-12 21:20:38.857453
2019-08-12 21:20:39,206	INFO -- Cluster was not stable, waiting for retry window (24 seconds) to try again
2019-08-12 21:21:03,698	INFO -- Cluster was not stable, waiting for retry window (24 seconds) to try again
2019-08-12 21:21:28,132	INFO -- Cluster was not stable, waiting for retry window (24 seconds) to try again
2019-08-12 21:21:52,553	INFO -- Cluster was not stable, waiting for retry window (24 seconds) to try again
2019-08-12 21:22:16,925	INFO -- Cluster was not stable, waiting for retry window (24 seconds) to try again
2019-08-12 21:22:41,277	INFO -- Cluster was not stable, waiting for retry window (24 seconds) to try again
2019-08-12 21:23:05,707	INFO -- Cluster was not stable, waiting for retry window (24 seconds) to try again
2019-08-12 21:23:30,131	INFO -- Cluster was not stable, waiting for retry window (24 seconds) to try again
2019-08-12 21:23:54,681	INFO -- Cluster was not stable, waiting for retry window (24 seconds) to try again
2019-08-12 21:24:19,090	INFO -- Cluster was not stable, waiting for retry window (24 seconds) to try again
2019-08-12 21:24:43,473	INFO -- Cluster was stable for 240 seconds till 2019-08-12 21:24:43.114438, calculating best transition
2019-08-12 21:24:44,507	INFO -- Execution was added to the knowledge base with load: 10390.200018162395
2019-08-12 21:24:44,769	INFO -- No node could be shutdown for improvement, because all the resources are needed
2019-08-12 21:24:45,180	INFO -- Costs for all options: current= 0.33501315917968755, removal= inf, old_best= 0.33501315917968755
2019-08-12 21:24:45,181	INFO -- Update step finished: 2019-08-12 21:24:45.181178
2019-08-12 21:24:45,181	INFO -- Current scores
                 Not stable: 0
                 All nodes full: 2
                 Migration correct: 9 wrong: 1 chance blocked: 16
                 Node removal correct: 0 wrong: 0
                 Old state correct: 0 wrong: 2
2019-08-12 21:24:45,182	INFO -- Going to sleep for 240 seconds
2019-08-12 21:28:45,282	INFO -- Time for an update_step iteration! 2019-08-12 21:28:45.282486
2019-08-12 21:28:45,641	INFO -- Cluster was stable for 240 seconds till 2019-08-12 21:28:45.282818, calculating best transition
2019-08-12 21:28:46,035	INFO -- Execution was added to the knowledge base with load: 10188.096294551386
2019-08-12 21:28:46,242	INFO -- No node could be shutdown for improvement, because all the resources are needed
2019-08-12 21:28:46,843	INFO -- Costs for all options: current= 0.33501315917968755, removal= inf, old_best= 0.33501315917968755
2019-08-12 21:28:46,844	INFO -- Update step finished: 2019-08-12 21:28:46.844068
2019-08-12 21:28:46,844	INFO -- Current scores
                 Not stable: 0
                 All nodes full: 2
                 Migration correct: 9 wrong: 1 chance blocked: 17
                 Node removal correct: 0 wrong: 0
                 Old state correct: 0 wrong: 2
2019-08-12 21:28:46,844	INFO -- Going to sleep for 240 seconds
2019-08-12 21:32:46,908	INFO -- Time for an update_step iteration! 2019-08-12 21:32:46.908730
2019-08-12 21:32:47,300	INFO -- Cluster was stable for 240 seconds till 2019-08-12 21:32:46.909150, calculating best transition
2019-08-12 21:32:47,768	INFO -- Execution was added to the knowledge base with load: 10178.04157813906
2019-08-12 21:32:48,009	INFO -- No node could be shutdown for improvement, because all the resources are needed
2019-08-12 21:32:48,095	INFO -- Costs for all options: current= 0.33501315917968755, removal= inf, old_best= 0.3350131591796875
2019-08-12 21:32:48,095	INFO -- Update step finished: 2019-08-12 21:32:48.095598
2019-08-12 21:32:48,095	INFO -- Current scores
                 Not stable: 0
                 All nodes full: 2
                 Migration correct: 9 wrong: 1 chance blocked: 18
                 Node removal correct: 0 wrong: 0
                 Old state correct: 0 wrong: 2
2019-08-12 21:32:48,096	INFO -- Going to sleep for 240 seconds
2019-08-12 21:36:48,194	INFO -- Time for an update_step iteration! 2019-08-12 21:36:48.194288
2019-08-12 21:36:48,585	INFO -- Cluster was stable for 240 seconds till 2019-08-12 21:36:48.194622, calculating best transition
2019-08-12 21:36:49,038	INFO -- Execution was added to the knowledge base with load: 10265.2
2019-08-12 21:36:49,315	INFO -- No node could be shutdown for improvement, because all the resources are needed
2019-08-12 21:36:49,411	INFO -- Costs for all options: current= 0.33501315917968755, removal= inf, old_best= 0.3350131591796875
2019-08-12 21:36:49,412	INFO -- Update step finished: 2019-08-12 21:36:49.412194
2019-08-12 21:36:49,412	INFO -- Current scores
                 Not stable: 0
                 All nodes full: 2
                 Migration correct: 9 wrong: 1 chance blocked: 19
                 Node removal correct: 0 wrong: 0
                 Old state correct: 0 wrong: 2
2019-08-12 21:36:49,413	INFO -- Going to sleep for 240 seconds
2019-08-12 21:40:49,513	INFO -- Time for an update_step iteration! 2019-08-12 21:40:49.513840
2019-08-12 21:40:49,888	INFO -- Cluster was stable for 240 seconds till 2019-08-12 21:40:49.514659, calculating best transition
2019-08-12 21:40:50,320	INFO -- Execution was added to the knowledge base with load: 9739.702134877827
2019-08-12 21:40:50,576	INFO -- No node could be shutdown for improvement, because all the resources are needed
2019-08-12 21:40:50,723	INFO -- Costs for all options: current= 0.33501315917968755, removal= inf, old_best= 0.3350131591796875
2019-08-12 21:40:50,723	INFO -- Update step finished: 2019-08-12 21:40:50.723796
2019-08-12 21:40:50,724	INFO -- Current scores
                 Not stable: 0
                 All nodes full: 2
                 Migration correct: 9 wrong: 1 chance blocked: 20
                 Node removal correct: 0 wrong: 0
                 Old state correct: 0 wrong: 2
2019-08-12 21:40:50,724	INFO -- Going to sleep for 240 seconds
2019-08-12 21:44:50,825	INFO -- Time for an update_step iteration! 2019-08-12 21:44:50.825054
2019-08-12 21:44:51,180	INFO -- Cluster was not stable, waiting for retry window (24 seconds) to try again
2019-08-12 21:45:15,587	INFO -- Cluster was not stable, waiting for retry window (24 seconds) to try again
2019-08-12 21:45:39,995	INFO -- Cluster was not stable, waiting for retry window (24 seconds) to try again
2019-08-12 21:46:04,377	INFO -- Cluster was not stable, waiting for retry window (24 seconds) to try again
2019-08-12 21:46:28,776	INFO -- Cluster was not stable, waiting for retry window (24 seconds) to try again
2019-08-12 21:46:53,230	INFO -- Cluster was not stable, waiting for retry window (24 seconds) to try again
2019-08-12 21:47:17,612	INFO -- Cluster was not stable, waiting for retry window (24 seconds) to try again
2019-08-12 21:47:41,975	INFO -- Cluster was not stable, waiting for retry window (24 seconds) to try again
2019-08-12 21:48:06,329	INFO -- Cluster was not stable, waiting for retry window (24 seconds) to try again
2019-08-12 21:48:30,711	INFO -- Cluster was not stable, waiting for retry window (24 seconds) to try again
2019-08-12 21:48:55,161	INFO -- Cluster was not stable, waiting for retry window (24 seconds) to try again
2019-08-12 21:49:19,604	INFO -- Cluster was stable for 240 seconds till 2019-08-12 21:49:19.185840, calculating best transition
2019-08-12 21:49:19,984	INFO -- Execution was added to the knowledge base with load: 2860.4500914141418
2019-08-12 21:49:21,080	INFO -- Costs for all options: current= 0.33501315917968755, removal= 0.25125988388061526, old_best= 0.16750660858154298
2019-08-12 21:49:21,080	INFO -- Changing to old_best_execution found in time: 2019-08-12 20:39:36.621000
2019-08-12 21:49:21,679	INFO -- moving: php-apache-5f657688bc-mfv2h to gke-demo-cluster-1-default-pool-6f471531-419d using deployment name: php-apache
2019-08-12 21:49:29,109	INFO -- pod php-apache-5f657688bc-mfv2h is deleted
2019-08-12 21:49:29,262	INFO -- Movement succeeded
2019-08-12 21:49:29,768	INFO -- NODE_REMOVAL=gke-demo-cluster-1-default-pool-6f471531-1d47
2019-08-12 21:49:29,768	INFO -- NODE_REMOVAL=gke-demo-cluster-1-default-pool-6f471531-dg4b
2019-08-12 21:49:29,769	INFO -- went correct
2019-08-12 21:49:29,769	INFO -- Update step finished: 2019-08-12 21:49:29.769786
2019-08-12 21:49:29,770	INFO -- Current scores
                 Not stable: 0
                 All nodes full: 2
                 Migration correct: 9 wrong: 1 chance blocked: 20
                 Node removal correct: 0 wrong: 0
                 Old state correct: 1 wrong: 2
2019-08-12 21:49:29,770	INFO -- Going to sleep for 240 seconds
2019-08-12 21:53:29,862	INFO -- Time for an update_step iteration! 2019-08-12 21:53:29.862530
2019-08-12 21:53:30,080	INFO -- Cluster was not stable, waiting for retry window (24 seconds) to try again
2019-08-12 21:53:54,278	INFO -- Cluster was not stable, waiting for retry window (24 seconds) to try again
2019-08-12 21:54:18,473	INFO -- Cluster was not stable, waiting for retry window (24 seconds) to try again
2019-08-12 21:54:42,675	INFO -- Cluster was not stable, waiting for retry window (24 seconds) to try again
2019-08-12 21:55:06,896	INFO -- Cluster was not stable, waiting for retry window (24 seconds) to try again
2019-08-12 21:55:31,095	INFO -- Cluster was not stable, waiting for retry window (24 seconds) to try again
2019-08-12 21:55:55,330	INFO -- Cluster was not stable, waiting for retry window (24 seconds) to try again
2019-08-12 21:56:19,510	INFO -- Cluster was not stable, waiting for retry window (24 seconds) to try again
2019-08-12 21:56:43,898	INFO -- Cluster was not stable, waiting for retry window (24 seconds) to try again
2019-08-12 21:57:08,279	INFO -- Cluster was stable for 240 seconds till 2019-08-12 21:57:07.905792, calculating best transition
2019-08-12 21:57:08,679	INFO -- Execution was added to the knowledge base with load: 2981.3277501265698
2019-08-12 21:57:08,882	INFO -- No node could be shutdown for improvement, because all nodes have a statefull set
2019-08-12 21:57:09,926	INFO -- Costs for all options: current= 0.16750660858154298, removal= inf, old_best= 0.16750660858154298
2019-08-12 21:57:09,927	INFO -- Update step finished: 2019-08-12 21:57:09.927450
2019-08-12 21:57:09,928	INFO -- Current scores
                 Not stable: 0
                 All nodes full: 2
                 Migration correct: 9 wrong: 1 chance blocked: 21
                 Node removal correct: 0 wrong: 0
                 Old state correct: 1 wrong: 2
2019-08-12 21:57:09,928	INFO -- Going to sleep for 240 seconds
2019-08-12 22:01:10,001	INFO -- Time for an update_step iteration! 2019-08-12 22:01:10.001477
2019-08-12 22:01:10,380	INFO -- Cluster was stable for 240 seconds till 2019-08-12 22:01:10.002312, calculating best transition
2019-08-12 22:01:10,730	INFO -- Execution was added to the knowledge base with load: 3090.508692731736
2019-08-12 22:01:10,955	INFO -- No node could be shutdown for improvement, because all nodes have a statefull set
2019-08-12 22:01:12,046	INFO -- Costs for all options: current= 0.16750660858154298, removal= inf, old_best= 0.16750660858154298
2019-08-12 22:01:12,047	INFO -- Update step finished: 2019-08-12 22:01:12.047673
2019-08-12 22:01:12,048	INFO -- Current scores
                 Not stable: 0
                 All nodes full: 2
                 Migration correct: 9 wrong: 1 chance blocked: 22
                 Node removal correct: 0 wrong: 0
                 Old state correct: 1 wrong: 2
2019-08-12 22:01:12,048	INFO -- Going to sleep for 240 seconds
2019-08-12 22:05:12,050	INFO -- Time for an update_step iteration! 2019-08-12 22:05:12.050676
2019-08-12 22:05:12,439	INFO -- Cluster was stable for 240 seconds till 2019-08-12 22:05:12.051460, calculating best transition
2019-08-12 22:05:12,793	INFO -- Execution was added to the knowledge base with load: 3049.1022222222223
2019-08-12 22:05:13,012	INFO -- No node could be shutdown for improvement, because all nodes have a statefull set
2019-08-12 22:05:14,151	INFO -- Costs for all options: current= 0.16750660858154298, removal= inf, old_best= 0.16750660858154298
2019-08-12 22:05:14,151	INFO -- Staying with current execution, but randomly changing one random pod
2019-08-12 22:05:14,672	INFO -- moving: php-apache-5f657688bc-8nfjn to gke-demo-cluster-1-default-pool-6f471531-5xdr using deployment name: php-apache
2019-08-12 22:05:17,769	INFO -- pod php-apache-5f657688bc-8nfjn is deleted
2019-08-12 22:05:17,903	INFO -- Movement succeeded
2019-08-12 22:05:18,378	INFO -- went correct
2019-08-12 22:05:18,378	INFO -- Update step finished: 2019-08-12 22:05:18.378731
2019-08-12 22:05:18,378	INFO -- Current scores
                 Not stable: 0
                 All nodes full: 2
                 Migration correct: 10 wrong: 1 chance blocked: 22
                 Node removal correct: 0 wrong: 0
                 Old state correct: 1 wrong: 2
2019-08-12 22:05:18,379	INFO -- Going to sleep for 240 seconds
2019-08-12 22:09:18,426	INFO -- Time for an update_step iteration! 2019-08-12 22:09:18.426337
2019-08-12 22:09:18,783	INFO -- Cluster was stable for 240 seconds till 2019-08-12 22:09:18.427124, calculating best transition
2019-08-12 22:09:19,119	INFO -- Execution was added to the knowledge base with load: 3059.6977777777774
2019-08-12 22:09:19,309	INFO -- No node could be shutdown for improvement, because all nodes have a statefull set
2019-08-12 22:09:20,460	INFO -- Costs for all options: current= 0.16750660858154298, removal= inf, old_best= 0.16750660858154298
2019-08-12 22:09:20,461	INFO -- Update step finished: 2019-08-12 22:09:20.461483
2019-08-12 22:09:20,462	INFO -- Current scores
                 Not stable: 0
                 All nodes full: 2
                 Migration correct: 10 wrong: 1 chance blocked: 23
                 Node removal correct: 0 wrong: 0
                 Old state correct: 1 wrong: 2
2019-08-12 22:09:20,462	INFO -- Going to sleep for 240 seconds
2019-08-12 22:13:20,563	INFO -- Time for an update_step iteration! 2019-08-12 22:13:20.563204
2019-08-12 22:13:20,936	INFO -- Cluster was stable for 240 seconds till 2019-08-12 22:13:20.563976, calculating best transition
2019-08-12 22:13:21,265	INFO -- Execution was added to the knowledge base with load: 3046.1954926984126
2019-08-12 22:13:21,432	INFO -- No node could be shutdown for improvement, because all nodes have a statefull set
2019-08-12 22:13:22,799	INFO -- Costs for all options: current= 0.16750660858154298, removal= inf, old_best= 0.16750660858154298
2019-08-12 22:13:22,800	INFO -- Update step finished: 2019-08-12 22:13:22.800478
2019-08-12 22:13:22,801	INFO -- Current scores
                 Not stable: 0
                 All nodes full: 2
                 Migration correct: 10 wrong: 1 chance blocked: 24
                 Node removal correct: 0 wrong: 0
                 Old state correct: 1 wrong: 2
2019-08-12 22:13:22,801	INFO -- Going to sleep for 240 seconds
2019-08-12 22:17:22,866	INFO -- Time for an update_step iteration! 2019-08-12 22:17:22.866430
2019-08-12 22:17:23,249	INFO -- Cluster was stable for 240 seconds till 2019-08-12 22:17:22.867278, calculating best transition
2019-08-12 22:17:23,589	INFO -- Execution was added to the knowledge base with load: 3138.96
2019-08-12 22:17:23,756	INFO -- No node could be shutdown for improvement, because all nodes have a statefull set
2019-08-12 22:17:25,041	INFO -- Costs for all options: current= 0.16750660858154298, removal= inf, old_best= 0.16750660858154298
2019-08-12 22:17:25,041	INFO -- Staying with current execution, but randomly changing one random pod
2019-08-12 22:17:25,460	INFO -- moving: php-apache-5f657688bc-md7b6 to gke-demo-cluster-1-default-pool-6f471531-419d using deployment name: php-apache
2019-08-12 22:17:31,557	INFO -- pod php-apache-5f657688bc-md7b6 is deleted
2019-08-12 22:17:31,666	INFO -- Movement succeeded
2019-08-12 22:17:32,121	INFO -- went correct
2019-08-12 22:17:32,121	INFO -- Update step finished: 2019-08-12 22:17:32.121791
2019-08-12 22:17:32,122	INFO -- Current scores
                 Not stable: 0
                 All nodes full: 2
                 Migration correct: 11 wrong: 1 chance blocked: 24
                 Node removal correct: 0 wrong: 0
                 Old state correct: 1 wrong: 2
2019-08-12 22:17:32,122	INFO -- Going to sleep for 240 seconds
