2019-07-15 19:10:21,241	INFO -- Graphdatabase emptied
2019-07-15 19:10:21,242	INFO -- Waiting for warmup to finish. 900 seconds
2019-07-15 19:25:21,319	INFO -- Settings: settings-php_apache.json
2019-07-15 19:25:21,321	INFO -- Time for an update_step iteration! 2019-07-15 19:25:21.321905
2019-07-15 19:25:21,656	INFO -- Cluster was stable for 150 seconds till 2019-07-15 19:25:21.322299, calculating best transition
2019-07-15 19:25:22,315	INFO -- Execution was added to the knowledge base with load: 3044.2513881481477
2019-07-15 19:25:23,024	INFO -- No node could be shutdown for improvement, because all nodes have a statefull set
2019-07-15 19:25:23,186	INFO -- Costs for all options: current= 0.20716721986694336, removal= inf, old_best= 0.20716721986694336
2019-07-15 19:25:23,186	INFO -- Staying with current execution, but randomly changing one random pod
2019-07-15 19:25:23,446	INFO -- moving: php-apache-5f657688bc-q8n9f to gke-demo-cluster-1-default-pool-6f471531-0ld6 using deployment name: php-apache
2019-07-15 19:25:26,196	INFO -- pod php-apache-5f657688bc-q8n9f is deleted
2019-07-15 19:25:26,243	INFO -- Movement succeeded
2019-07-15 19:25:26,585	INFO -- went correct
2019-07-15 19:25:26,586	INFO -- Update step finished: 2019-07-15 19:25:26.586611
2019-07-15 19:25:26,587	INFO -- Current scores
                 Not stable: 0
                 All nodes full: 0
                 Migration correct: 1 wrong: 0 chance blocked: 0
                 Node removal correct: 0 wrong: 0
                 Old state correct: 0 wrong: 0
2019-07-15 19:25:26,587	INFO -- Going back to sleep
2019-07-15 19:27:56,685	INFO -- Time for an update_step iteration! 2019-07-15 19:27:56.685332
2019-07-15 19:27:57,083	INFO -- Cluster was stable for 150 seconds till 2019-07-15 19:27:56.685960, calculating best transition
2019-07-15 19:27:57,372	INFO -- Execution was added to the knowledge base with load: 3097.1740539093157
2019-07-15 19:27:57,592	INFO -- No node could be shutdown for improvement, because all nodes have a statefull set
2019-07-15 19:27:57,781	INFO -- Costs for all options: current= 0.20716721986694336, removal= inf, old_best= 0.20716721986694336
2019-07-15 19:27:57,781	INFO -- Staying with current execution, but randomly changing one random pod
2019-07-15 19:27:58,044	INFO -- moving: php-apache-5f657688bc-9w9wm to gke-demo-cluster-1-default-pool-6f471531-j7f1 using deployment name: php-apache
2019-07-15 19:28:01,826	INFO -- pod php-apache-5f657688bc-9w9wm is deleted
2019-07-15 19:28:01,934	INFO -- Movement succeeded
2019-07-15 19:28:02,722	INFO -- went correct
2019-07-15 19:28:02,723	INFO -- Update step finished: 2019-07-15 19:28:02.723010
2019-07-15 19:28:02,723	INFO -- Current scores
                 Not stable: 0
                 All nodes full: 0
                 Migration correct: 2 wrong: 0 chance blocked: 0
                 Node removal correct: 0 wrong: 0
                 Old state correct: 0 wrong: 0
2019-07-15 19:28:02,724	INFO -- Going back to sleep
2019-07-15 19:30:32,824	INFO -- Time for an update_step iteration! 2019-07-15 19:30:32.824860
2019-07-15 19:30:33,272	INFO -- Cluster was not stable, waiting for the next time_window to check stability
2019-07-15 19:30:33,273	INFO -- Update step finished: 2019-07-15 19:30:33.273346
2019-07-15 19:30:33,273	INFO -- Current scores
                 Not stable: 1
                 All nodes full: 0
                 Migration correct: 2 wrong: 0 chance blocked: 0
                 Node removal correct: 0 wrong: 0
                 Old state correct: 0 wrong: 0
2019-07-15 19:30:33,274	INFO -- Going back to sleep
2019-07-15 19:33:03,357	INFO -- Time for an update_step iteration! 2019-07-15 19:33:03.357471
2019-07-15 19:33:04,392	INFO -- Cluster was stable for 150 seconds till 2019-07-15 19:33:03.358284, calculating best transition
2019-07-15 19:33:05,039	INFO -- Execution was added to the knowledge base with load: 3099.2461969911337
2019-07-15 19:33:05,459	INFO -- No node could be shutdown for improvement, because all nodes have a statefull set
2019-07-15 19:33:06,208	INFO -- Costs for all options: current= 0.20716721986694336, removal= inf, old_best= 0.20716721986694336
2019-07-15 19:33:06,209	INFO -- Staying with current execution, but randomly changing one random pod
2019-07-15 19:33:06,781	INFO -- moving: php-apache-5f657688bc-bhx6w to gke-demo-cluster-1-default-pool-6f471531-j7f1 using deployment name: php-apache
2019-07-15 19:33:14,634	INFO -- pod php-apache-5f657688bc-bhx6w is deleted
2019-07-15 19:33:14,695	INFO -- Movement succeeded
2019-07-15 19:33:15,053	INFO -- went correct
2019-07-15 19:33:15,054	INFO -- Update step finished: 2019-07-15 19:33:15.054537
2019-07-15 19:33:15,055	INFO -- Current scores
                 Not stable: 1
                 All nodes full: 0
                 Migration correct: 3 wrong: 0 chance blocked: 0
                 Node removal correct: 0 wrong: 0
                 Old state correct: 0 wrong: 0
2019-07-15 19:33:15,055	INFO -- Going back to sleep
2019-07-15 19:35:45,153	INFO -- Time for an update_step iteration! 2019-07-15 19:35:45.153395
2019-07-15 19:35:45,479	INFO -- Cluster was not stable, waiting for the next time_window to check stability
2019-07-15 19:35:45,479	INFO -- Update step finished: 2019-07-15 19:35:45.479926
2019-07-15 19:35:45,480	INFO -- Current scores
                 Not stable: 2
                 All nodes full: 0
                 Migration correct: 3 wrong: 0 chance blocked: 0
                 Node removal correct: 0 wrong: 0
                 Old state correct: 0 wrong: 0
2019-07-15 19:35:45,481	INFO -- Going back to sleep
2019-07-15 19:38:15,527	INFO -- Time for an update_step iteration! 2019-07-15 19:38:15.527656
2019-07-15 19:38:15,869	INFO -- Cluster was stable for 150 seconds till 2019-07-15 19:38:15.528499, calculating best transition
2019-07-15 19:38:16,128	INFO -- Execution was added to the knowledge base with load: 3097.2541682407295
2019-07-15 19:38:16,439	INFO -- No node could be shutdown for improvement, because all nodes have a statefull set
2019-07-15 19:38:16,875	INFO -- Costs for all options: current= 0.20716721986694336, removal= inf, old_best= 0.20716721986694336
2019-07-15 19:38:16,876	INFO -- Staying with current execution, but randomly changing one random pod
2019-07-15 19:38:17,113	INFO -- moving: php-apache-5f657688bc-s7vbh to gke-demo-cluster-1-default-pool-6f471531-j7f1 using deployment name: php-apache
2019-07-15 19:38:24,665	INFO -- pod php-apache-5f657688bc-s7vbh is deleted
2019-07-15 19:38:24,716	INFO -- Movement succeeded
2019-07-15 19:38:25,152	INFO -- went correct
2019-07-15 19:38:25,153	INFO -- Update step finished: 2019-07-15 19:38:25.153617
2019-07-15 19:38:25,154	INFO -- Current scores
                 Not stable: 2
                 All nodes full: 0
                 Migration correct: 4 wrong: 0 chance blocked: 0
                 Node removal correct: 0 wrong: 0
                 Old state correct: 0 wrong: 0
2019-07-15 19:38:25,154	INFO -- Going back to sleep
2019-07-15 19:40:55,254	INFO -- Time for an update_step iteration! 2019-07-15 19:40:55.254277
2019-07-15 19:40:55,991	INFO -- Cluster was not stable, waiting for the next time_window to check stability
2019-07-15 19:40:55,992	INFO -- Update step finished: 2019-07-15 19:40:55.991990
2019-07-15 19:40:55,992	INFO -- Current scores
                 Not stable: 3
                 All nodes full: 0
                 Migration correct: 4 wrong: 0 chance blocked: 0
                 Node removal correct: 0 wrong: 0
                 Old state correct: 0 wrong: 0
2019-07-15 19:40:55,993	INFO -- Going back to sleep
2019-07-15 19:43:26,042	INFO -- Time for an update_step iteration! 2019-07-15 19:43:26.042157
2019-07-15 19:43:26,247	INFO -- Cluster was not stable, waiting for the next time_window to check stability
2019-07-15 19:43:26,247	INFO -- Update step finished: 2019-07-15 19:43:26.247492
2019-07-15 19:43:26,247	INFO -- Current scores
                 Not stable: 4
                 All nodes full: 0
                 Migration correct: 4 wrong: 0 chance blocked: 0
                 Node removal correct: 0 wrong: 0
                 Old state correct: 0 wrong: 0
2019-07-15 19:43:26,248	INFO -- Going back to sleep
2019-07-15 19:45:56,285	INFO -- Time for an update_step iteration! 2019-07-15 19:45:56.285356
2019-07-15 19:45:56,464	INFO -- Cluster was not stable, waiting for the next time_window to check stability
2019-07-15 19:45:56,465	INFO -- Update step finished: 2019-07-15 19:45:56.465666
2019-07-15 19:45:56,466	INFO -- Current scores
                 Not stable: 5
                 All nodes full: 0
                 Migration correct: 4 wrong: 0 chance blocked: 0
                 Node removal correct: 0 wrong: 0
                 Old state correct: 0 wrong: 0
2019-07-15 19:45:56,466	INFO -- Going back to sleep
2019-07-15 19:48:26,565	INFO -- Time for an update_step iteration! 2019-07-15 19:48:26.565291
2019-07-15 19:48:26,911	INFO -- Cluster was stable for 150 seconds till 2019-07-15 19:48:26.566062, calculating best transition
2019-07-15 19:48:27,308	INFO -- Execution was added to the knowledge base with load: 6721.175584250271
2019-07-15 19:48:27,489	INFO -- No node could be shutdown for improvement, because all the resources are needed
2019-07-15 19:48:27,586	INFO -- Costs for all options: current= 0.41433447529220585, removal= inf, old_best= 0.41433447529220585
2019-07-15 19:48:27,587	INFO -- Staying with current execution, but randomly changing one random pod
2019-07-15 19:48:27,877	INFO -- moving: php-apache-5f657688bc-9q58h to gke-demo-cluster-1-default-pool-6f471531-pdxk using deployment name: php-apache
2019-07-15 19:48:30,891	INFO -- pod php-apache-5f657688bc-9q58h is deleted
2019-07-15 19:48:31,022	INFO -- Movement succeeded
2019-07-15 19:48:31,406	INFO -- went correct
2019-07-15 19:48:31,407	INFO -- Update step finished: 2019-07-15 19:48:31.407140
2019-07-15 19:48:31,407	INFO -- Current scores
                 Not stable: 5
                 All nodes full: 0
                 Migration correct: 5 wrong: 0 chance blocked: 0
                 Node removal correct: 0 wrong: 0
                 Old state correct: 0 wrong: 0
2019-07-15 19:48:31,408	INFO -- Going back to sleep
2019-07-15 19:51:01,457	INFO -- Time for an update_step iteration! 2019-07-15 19:51:01.457145
2019-07-15 19:51:01,774	INFO -- Cluster was not stable, waiting for the next time_window to check stability
2019-07-15 19:51:01,775	INFO -- Update step finished: 2019-07-15 19:51:01.775206
2019-07-15 19:51:01,775	INFO -- Current scores
                 Not stable: 6
                 All nodes full: 0
                 Migration correct: 5 wrong: 0 chance blocked: 0
                 Node removal correct: 0 wrong: 0
                 Old state correct: 0 wrong: 0
2019-07-15 19:51:01,776	INFO -- Going back to sleep
2019-07-15 19:53:31,876	INFO -- Time for an update_step iteration! 2019-07-15 19:53:31.876769
2019-07-15 19:53:32,232	INFO -- Cluster was not stable, waiting for the next time_window to check stability
2019-07-15 19:53:32,233	INFO -- Update step finished: 2019-07-15 19:53:32.233328
2019-07-15 19:53:32,233	INFO -- Current scores
                 Not stable: 7
                 All nodes full: 0
                 Migration correct: 5 wrong: 0 chance blocked: 0
                 Node removal correct: 0 wrong: 0
                 Old state correct: 0 wrong: 0
2019-07-15 19:53:32,234	INFO -- Going back to sleep
2019-07-15 19:56:02,335	INFO -- Time for an update_step iteration! 2019-07-15 19:56:02.334993
2019-07-15 19:56:03,456	INFO -- Cluster was stable for 150 seconds till 2019-07-15 19:56:02.335798, calculating best transition
2019-07-15 19:56:03,748	INFO -- Execution was added to the knowledge base with load: 3151.3394176366965
2019-07-15 19:56:04,381	INFO -- Costs for all options: current= 0.41433447529220585, removal= 0.3107508475795746, old_best= 0.20716721986694336
2019-07-15 19:56:04,382	INFO -- Changing to old_best_execution found in time: 2019-07-15 19:35:45.528000
2019-07-15 19:56:04,698	INFO -- moving: php-apache-5f657688bc-sq2z6 to gke-demo-cluster-1-default-pool-6f471531-0ld6 using deployment name: php-apache
2019-07-15 19:56:18,272	INFO -- pod php-apache-5f657688bc-sq2z6 is deleted
2019-07-15 19:56:18,356	INFO -- Movement succeeded
2019-07-15 19:56:18,850	INFO -- Creating pod: php-apache on gke-demo-cluster-1-default-pool-6f471531-j7f1
2019-07-15 19:56:19,631	INFO -- Addition succeeded, pod name: php-apache-5f657688bc-55q2j
2019-07-15 19:56:19,903	INFO -- Deleting node: gke-demo-cluster-1-default-pool-6f471531-pdxk
2019-07-15 19:56:20,704	INFO -- Deletion successful, node: gke-demo-cluster-1-default-pool-6f471531-pdxk
2019-07-15 19:56:20,705	INFO -- Deleting node: gke-demo-cluster-1-default-pool-6f471531-pwnj
2019-07-15 19:56:21,451	INFO -- Deletion successful, node: gke-demo-cluster-1-default-pool-6f471531-pwnj
2019-07-15 19:56:21,453	INFO -- went correct
2019-07-15 19:56:21,454	INFO -- Update step finished: 2019-07-15 19:56:21.454329
2019-07-15 19:56:21,455	INFO -- Current scores
                 Not stable: 7
                 All nodes full: 0
                 Migration correct: 5 wrong: 0 chance blocked: 0
                 Node removal correct: 0 wrong: 0
                 Old state correct: 1 wrong: 0
2019-07-15 19:56:21,455	INFO -- Going back to sleep
2019-07-15 19:58:51,553	INFO -- Time for an update_step iteration! 2019-07-15 19:58:51.553279
2019-07-15 19:58:51,745	INFO -- Cluster was not stable, waiting for the next time_window to check stability
2019-07-15 19:58:51,746	INFO -- Update step finished: 2019-07-15 19:58:51.746709
2019-07-15 19:58:51,747	INFO -- Current scores
                 Not stable: 8
                 All nodes full: 0
                 Migration correct: 5 wrong: 0 chance blocked: 0
                 Node removal correct: 0 wrong: 0
                 Old state correct: 1 wrong: 0
2019-07-15 19:58:51,747	INFO -- Going back to sleep
2019-07-15 20:01:21,848	INFO -- Time for an update_step iteration! 2019-07-15 20:01:21.848496
2019-07-15 20:01:22,295	INFO -- Cluster was stable for 150 seconds till 2019-07-15 20:01:21.849399, calculating best transition
2019-07-15 20:01:22,668	INFO -- Execution was added to the knowledge base with load: 3050.1263062272137
2019-07-15 20:01:22,873	INFO -- No node could be shutdown for improvement, because all nodes have a statefull set
2019-07-15 20:01:23,240	INFO -- Costs for all options: current= 0.20716721986694336, removal= inf, old_best= 0.20716721986694336
2019-07-15 20:01:23,240	INFO -- Staying with current execution, but randomly changing one random pod
2019-07-15 20:01:23,507	INFO -- moving: php-apache-5f657688bc-78cwf to gke-demo-cluster-1-default-pool-6f471531-j7f1 using deployment name: php-apache
2019-07-15 20:01:34,686	INFO -- pod php-apache-5f657688bc-78cwf is deleted
2019-07-15 20:01:34,756	INFO -- Movement succeeded
2019-07-15 20:01:35,077	INFO -- went correct
2019-07-15 20:01:35,078	INFO -- Update step finished: 2019-07-15 20:01:35.078437
2019-07-15 20:01:35,078	INFO -- Current scores
                 Not stable: 8
                 All nodes full: 0
                 Migration correct: 6 wrong: 0 chance blocked: 0
                 Node removal correct: 0 wrong: 0
                 Old state correct: 1 wrong: 0
2019-07-15 20:01:35,079	INFO -- Going back to sleep
2019-07-15 20:04:05,180	INFO -- Time for an update_step iteration! 2019-07-15 20:04:05.180185
2019-07-15 20:04:05,513	INFO -- Cluster was not stable, waiting for the next time_window to check stability
2019-07-15 20:04:05,514	INFO -- Update step finished: 2019-07-15 20:04:05.514556
2019-07-15 20:04:05,515	INFO -- Current scores
                 Not stable: 9
                 All nodes full: 0
                 Migration correct: 6 wrong: 0 chance blocked: 0
                 Node removal correct: 0 wrong: 0
                 Old state correct: 1 wrong: 0
2019-07-15 20:04:05,515	INFO -- Going back to sleep
2019-07-15 20:06:35,528	INFO -- Time for an update_step iteration! 2019-07-15 20:06:35.528326
2019-07-15 20:06:35,868	INFO -- Cluster was stable for 150 seconds till 2019-07-15 20:06:35.529109, calculating best transition
2019-07-15 20:06:36,197	INFO -- Execution was added to the knowledge base with load: 3101.512635027864
2019-07-15 20:06:36,405	INFO -- No node could be shutdown for improvement, because all nodes have a statefull set
2019-07-15 20:06:36,945	INFO -- Costs for all options: current= 0.20716721986694336, removal= inf, old_best= 0.20716721986694336
2019-07-15 20:06:36,946	INFO -- Staying with current execution, but randomly changing one random pod
2019-07-15 20:06:37,308	INFO -- moving: php-apache-5f657688bc-d47g9 to gke-demo-cluster-1-default-pool-6f471531-j7f1 using deployment name: php-apache
2019-07-15 20:06:44,659	INFO -- pod php-apache-5f657688bc-d47g9 is deleted
2019-07-15 20:06:59,477	INFO -- went wrong: <class 'kubernetes_tools.migrate_pod.VerificationTookTooLongException'>
2019-07-15 20:06:59,479	INFO -- Update step finished: 2019-07-15 20:06:59.479404
2019-07-15 20:06:59,480	INFO -- Current scores
                 Not stable: 9
                 All nodes full: 0
                 Migration correct: 6 wrong: 1 chance blocked: 0
                 Node removal correct: 0 wrong: 0
                 Old state correct: 1 wrong: 0
2019-07-15 20:06:59,480	INFO -- Going back to sleep
2019-07-15 20:09:29,557	INFO -- Time for an update_step iteration! 2019-07-15 20:09:29.556994
2019-07-15 20:09:29,732	INFO -- Cluster was not stable, waiting for the next time_window to check stability
2019-07-15 20:09:29,733	INFO -- Update step finished: 2019-07-15 20:09:29.733040
2019-07-15 20:09:29,733	INFO -- Current scores
                 Not stable: 10
                 All nodes full: 0
                 Migration correct: 6 wrong: 1 chance blocked: 0
                 Node removal correct: 0 wrong: 0
                 Old state correct: 1 wrong: 0
2019-07-15 20:09:29,734	INFO -- Going back to sleep
2019-07-15 20:11:59,834	INFO -- Time for an update_step iteration! 2019-07-15 20:11:59.834647
2019-07-15 20:12:00,024	INFO -- Cluster was not stable, waiting for the next time_window to check stability
2019-07-15 20:12:00,025	INFO -- Update step finished: 2019-07-15 20:12:00.025105
2019-07-15 20:12:00,025	INFO -- Current scores
                 Not stable: 11
                 All nodes full: 0
                 Migration correct: 6 wrong: 1 chance blocked: 0
                 Node removal correct: 0 wrong: 0
                 Old state correct: 1 wrong: 0
2019-07-15 20:12:00,025	INFO -- Going back to sleep
2019-07-15 20:14:30,067	INFO -- Time for an update_step iteration! 2019-07-15 20:14:30.067338
2019-07-15 20:14:30,500	INFO -- Cluster was stable for 150 seconds till 2019-07-15 20:14:30.068166, calculating best transition
2019-07-15 20:14:31,271	INFO -- Execution was added to the knowledge base with load: 3077.3777777777777
2019-07-15 20:14:32,087	INFO -- Costs for all options: current= 0.41433447529220585, removal= 0.3107508475795746, old_best= 0.20716721986694336
2019-07-15 20:14:32,087	INFO -- Changing to old_best_execution found in time: 2019-07-15 20:04:05.529000
2019-07-15 20:14:32,572	INFO -- Deleting node: gke-demo-cluster-1-default-pool-6f471531-pdxk
2019-07-15 20:14:34,124	INFO -- Deletion successful, node: gke-demo-cluster-1-default-pool-6f471531-pdxk
2019-07-15 20:14:34,125	INFO -- Deleting node: gke-demo-cluster-1-default-pool-6f471531-pwnj
2019-07-15 20:14:34,740	INFO -- Deletion successful, node: gke-demo-cluster-1-default-pool-6f471531-pwnj
2019-07-15 20:14:34,742	INFO -- went correct
2019-07-15 20:14:34,743	INFO -- Update step finished: 2019-07-15 20:14:34.743139
2019-07-15 20:14:34,743	INFO -- Current scores
                 Not stable: 11
                 All nodes full: 0
                 Migration correct: 6 wrong: 1 chance blocked: 0
                 Node removal correct: 0 wrong: 0
                 Old state correct: 2 wrong: 0
2019-07-15 20:14:34,744	INFO -- Going back to sleep
2019-07-15 20:17:04,841	INFO -- Time for an update_step iteration! 2019-07-15 20:17:04.841331
2019-07-15 20:17:05,036	INFO -- Cluster was not stable, waiting for the next time_window to check stability
2019-07-15 20:17:05,036	INFO -- Update step finished: 2019-07-15 20:17:05.036918
2019-07-15 20:17:05,037	INFO -- Current scores
                 Not stable: 12
                 All nodes full: 0
                 Migration correct: 6 wrong: 1 chance blocked: 0
                 Node removal correct: 0 wrong: 0
                 Old state correct: 2 wrong: 0
2019-07-15 20:17:05,038	INFO -- Going back to sleep
2019-07-15 20:19:35,048	INFO -- Time for an update_step iteration! 2019-07-15 20:19:35.048848
2019-07-15 20:19:35,399	INFO -- Cluster was stable for 150 seconds till 2019-07-15 20:19:35.049661, calculating best transition
2019-07-15 20:19:35,683	INFO -- Execution was added to the knowledge base with load: 3161.0962962962963
2019-07-15 20:19:35,818	INFO -- No node could be shutdown for improvement, because all nodes have a statefull set
2019-07-15 20:19:36,304	INFO -- Costs for all options: current= 0.20716721986694336, removal= inf, old_best= 0.20716721986694336
2019-07-15 20:19:36,305	INFO -- Staying with current execution, but randomly changing one random pod
2019-07-15 20:19:36,655	INFO -- moving: php-apache-5f657688bc-rrkt7 to gke-demo-cluster-1-default-pool-6f471531-0ld6 using deployment name: php-apache
2019-07-15 20:19:49,948	INFO -- pod php-apache-5f657688bc-rrkt7 is deleted
2019-07-15 20:20:04,878	INFO -- went wrong: <class 'kubernetes_tools.migrate_pod.VerificationTookTooLongException'>
2019-07-15 20:20:04,879	INFO -- Update step finished: 2019-07-15 20:20:04.879654
2019-07-15 20:20:04,880	INFO -- Current scores
                 Not stable: 12
                 All nodes full: 0
                 Migration correct: 6 wrong: 2 chance blocked: 0
                 Node removal correct: 0 wrong: 0
                 Old state correct: 2 wrong: 0
2019-07-15 20:20:04,880	INFO -- Going back to sleep
2019-07-15 20:22:34,981	INFO -- Time for an update_step iteration! 2019-07-15 20:22:34.981499
2019-07-15 20:22:35,361	INFO -- Cluster was stable for 150 seconds till 2019-07-15 20:22:34.982315, calculating best transition
2019-07-15 20:22:35,651	INFO -- Execution was added to the knowledge base with load: 2495.6649446349206
2019-07-15 20:22:35,797	INFO -- No node could be shutdown for improvement, because all nodes have a statefull set
2019-07-15 20:22:35,895	INFO -- Costs for all options: current= 0.20716721986694336, removal= inf, old_best= 0.20716721986694336
2019-07-15 20:22:35,895	INFO -- Staying with current execution, but randomly changing one random pod
2019-07-15 20:22:36,285	INFO -- moving: php-apache-5f657688bc-cxt4j to gke-demo-cluster-1-default-pool-6f471531-j7f1 using deployment name: php-apache
2019-07-15 20:22:39,057	INFO -- pod php-apache-5f657688bc-cxt4j is deleted
2019-07-15 20:22:39,128	INFO -- Movement succeeded
2019-07-15 20:22:39,479	INFO -- went correct
2019-07-15 20:22:39,480	INFO -- Update step finished: 2019-07-15 20:22:39.480069
2019-07-15 20:22:39,480	INFO -- Current scores
                 Not stable: 12
                 All nodes full: 0
                 Migration correct: 7 wrong: 2 chance blocked: 0
                 Node removal correct: 0 wrong: 0
                 Old state correct: 2 wrong: 0
2019-07-15 20:22:39,481	INFO -- Going back to sleep
2019-07-15 20:25:09,489	INFO -- Time for an update_step iteration! 2019-07-15 20:25:09.489374
2019-07-15 20:25:09,915	INFO -- Cluster was stable for 150 seconds till 2019-07-15 20:25:09.490014, calculating best transition
2019-07-15 20:25:10,338	INFO -- Execution was added to the knowledge base with load: 3017.5259259259255
2019-07-15 20:25:10,469	INFO -- No node could be shutdown for improvement, because all nodes have a statefull set
2019-07-15 20:25:11,056	INFO -- Costs for all options: current= 0.20716721986694336, removal= inf, old_best= 0.20716721986694336
2019-07-15 20:25:11,057	INFO -- Staying with current execution, but randomly changing one random pod
2019-07-15 20:25:11,353	INFO -- moving: php-apache-5f657688bc-pqhhb to gke-demo-cluster-1-default-pool-6f471531-0ld6 using deployment name: php-apache
2019-07-15 20:25:19,958	INFO -- pod php-apache-5f657688bc-pqhhb is deleted
2019-07-15 20:25:20,028	INFO -- Movement succeeded
2019-07-15 20:25:20,490	INFO -- went correct
2019-07-15 20:25:20,491	INFO -- Update step finished: 2019-07-15 20:25:20.491583
2019-07-15 20:25:20,492	INFO -- Current scores
                 Not stable: 12
                 All nodes full: 0
                 Migration correct: 8 wrong: 2 chance blocked: 0
                 Node removal correct: 0 wrong: 0
                 Old state correct: 2 wrong: 0
2019-07-15 20:25:20,493	INFO -- Going back to sleep
2019-07-15 20:27:50,551	INFO -- Time for an update_step iteration! 2019-07-15 20:27:50.551190
2019-07-15 20:27:50,787	INFO -- Cluster was not stable, waiting for the next time_window to check stability
2019-07-15 20:27:50,787	INFO -- Update step finished: 2019-07-15 20:27:50.787729
2019-07-15 20:27:50,788	INFO -- Current scores
                 Not stable: 13
                 All nodes full: 0
                 Migration correct: 8 wrong: 2 chance blocked: 0
                 Node removal correct: 0 wrong: 0
                 Old state correct: 2 wrong: 0
2019-07-15 20:27:50,788	INFO -- Going back to sleep
2019-07-15 20:30:20,889	INFO -- Time for an update_step iteration! 2019-07-15 20:30:20.889304
2019-07-15 20:30:21,282	INFO -- Cluster was stable for 150 seconds till 2019-07-15 20:30:20.890077, calculating best transition
2019-07-15 20:30:21,566	INFO -- Execution was added to the knowledge base with load: 3119.027758710004
2019-07-15 20:30:22,328	INFO -- Costs for all options: current= 0.3107508475795746, removal= 0.20716721986694336, old_best= 0.20716721986694336
2019-07-15 20:30:22,329	INFO -- Removing node: gke-demo-cluster-1-default-pool-6f471531-pwnj
2019-07-15 20:30:22,587	INFO -- Deleting node: gke-demo-cluster-1-default-pool-6f471531-pwnj
2019-07-15 20:30:23,318	INFO -- Deletion successful, node: gke-demo-cluster-1-default-pool-6f471531-pwnj
2019-07-15 20:30:23,320	INFO -- went correct
2019-07-15 20:30:23,321	INFO -- Update step finished: 2019-07-15 20:30:23.321045
2019-07-15 20:30:23,321	INFO -- Current scores
                 Not stable: 13
                 All nodes full: 0
                 Migration correct: 8 wrong: 2 chance blocked: 0
                 Node removal correct: 1 wrong: 0
                 Old state correct: 2 wrong: 0
2019-07-15 20:30:23,322	INFO -- Going back to sleep
2019-07-15 20:32:53,422	INFO -- Time for an update_step iteration! 2019-07-15 20:32:53.422766
2019-07-15 20:32:53,586	INFO -- Cluster was not stable, waiting for the next time_window to check stability
2019-07-15 20:32:53,587	INFO -- Update step finished: 2019-07-15 20:32:53.587101
2019-07-15 20:32:53,587	INFO -- Current scores
                 Not stable: 14
                 All nodes full: 0
                 Migration correct: 8 wrong: 2 chance blocked: 0
                 Node removal correct: 1 wrong: 0
                 Old state correct: 2 wrong: 0
2019-07-15 20:32:53,588	INFO -- Going back to sleep
2019-07-15 20:35:23,688	INFO -- Time for an update_step iteration! 2019-07-15 20:35:23.688731
2019-07-15 20:35:24,063	INFO -- Cluster was stable for 150 seconds till 2019-07-15 20:35:23.689554, calculating best transition
2019-07-15 20:35:24,333	INFO -- Execution was added to the knowledge base with load: 3117.68888888889
2019-07-15 20:35:24,540	INFO -- No node could be shutdown for improvement, because all nodes have a statefull set
2019-07-15 20:35:25,249	INFO -- Costs for all options: current= 0.20716721986694336, removal= inf, old_best= 0.20716721986694336
2019-07-15 20:35:25,250	INFO -- Staying with current execution, but randomly changing one random pod
2019-07-15 20:35:25,553	INFO -- moving: php-apache-5f657688bc-6wz5q to gke-demo-cluster-1-default-pool-6f471531-j7f1 using deployment name: php-apache
2019-07-15 20:35:28,959	INFO -- pod php-apache-5f657688bc-6wz5q is deleted
2019-07-15 20:35:29,141	INFO -- Movement succeeded
2019-07-15 20:35:29,545	INFO -- went correct
2019-07-15 20:35:29,546	INFO -- Update step finished: 2019-07-15 20:35:29.546937
2019-07-15 20:35:29,547	INFO -- Current scores
                 Not stable: 14
                 All nodes full: 0
                 Migration correct: 9 wrong: 2 chance blocked: 0
                 Node removal correct: 1 wrong: 0
                 Old state correct: 2 wrong: 0
2019-07-15 20:35:29,548	INFO -- Going back to sleep
2019-07-15 20:37:59,562	INFO -- Time for an update_step iteration! 2019-07-15 20:37:59.562496
2019-07-15 20:37:59,905	INFO -- Cluster was stable for 150 seconds till 2019-07-15 20:37:59.562899, calculating best transition
2019-07-15 20:38:00,198	INFO -- Execution was added to the knowledge base with load: 3062.3259259259257
2019-07-15 20:38:00,381	INFO -- No node could be shutdown for improvement, because all nodes have a statefull set
2019-07-15 20:38:01,365	INFO -- Costs for all options: current= 0.20716721986694336, removal= inf, old_best= 0.20716721986694336
2019-07-15 20:38:01,365	INFO -- Staying with current execution, but randomly changing one random pod
2019-07-15 20:38:02,167	INFO -- moving: php-apache-5f657688bc-cq9dc to gke-demo-cluster-1-default-pool-6f471531-j7f1 using deployment name: php-apache
2019-07-15 20:38:05,602	INFO -- pod php-apache-5f657688bc-cq9dc is deleted
2019-07-15 20:38:05,735	INFO -- Movement succeeded
2019-07-15 20:38:06,538	INFO -- went correct
2019-07-15 20:38:06,538	INFO -- Update step finished: 2019-07-15 20:38:06.538813
2019-07-15 20:38:06,539	INFO -- Current scores
                 Not stable: 14
                 All nodes full: 0
                 Migration correct: 10 wrong: 2 chance blocked: 0
                 Node removal correct: 1 wrong: 0
                 Old state correct: 2 wrong: 0
2019-07-15 20:38:06,539	INFO -- Going back to sleep
2019-07-15 20:40:36,637	INFO -- Time for an update_step iteration! 2019-07-15 20:40:36.637338
2019-07-15 20:40:36,991	INFO -- Cluster was not stable, waiting for the next time_window to check stability
2019-07-15 20:40:36,992	INFO -- Update step finished: 2019-07-15 20:40:36.991975
2019-07-15 20:40:36,992	INFO -- Current scores
                 Not stable: 15
                 All nodes full: 0
                 Migration correct: 10 wrong: 2 chance blocked: 0
                 Node removal correct: 1 wrong: 0
                 Old state correct: 2 wrong: 0
2019-07-15 20:40:36,993	INFO -- Going back to sleep
2019-07-15 20:43:07,078	INFO -- Time for an update_step iteration! 2019-07-15 20:43:07.078656
2019-07-15 20:43:07,708	INFO -- Cluster was not stable, waiting for the next time_window to check stability
2019-07-15 20:43:07,709	INFO -- Update step finished: 2019-07-15 20:43:07.709255
2019-07-15 20:43:07,709	INFO -- Current scores
                 Not stable: 16
                 All nodes full: 0
                 Migration correct: 10 wrong: 2 chance blocked: 0
                 Node removal correct: 1 wrong: 0
                 Old state correct: 2 wrong: 0
2019-07-15 20:43:07,710	INFO -- Going back to sleep
2019-07-15 20:45:37,811	INFO -- Time for an update_step iteration! 2019-07-15 20:45:37.811117
2019-07-15 20:45:38,242	INFO -- Cluster was not stable, waiting for the next time_window to check stability
2019-07-15 20:45:38,243	INFO -- Update step finished: 2019-07-15 20:45:38.243163
2019-07-15 20:45:38,243	INFO -- Current scores
                 Not stable: 17
                 All nodes full: 0
                 Migration correct: 10 wrong: 2 chance blocked: 0
                 Node removal correct: 1 wrong: 0
                 Old state correct: 2 wrong: 0
2019-07-15 20:45:38,244	INFO -- Going back to sleep
2019-07-15 20:48:08,345	INFO -- Time for an update_step iteration! 2019-07-15 20:48:08.344967
2019-07-15 20:48:08,539	INFO -- Cluster was not stable, waiting for the next time_window to check stability
2019-07-15 20:48:08,540	INFO -- Update step finished: 2019-07-15 20:48:08.540102
2019-07-15 20:48:08,540	INFO -- Current scores
                 Not stable: 18
                 All nodes full: 0
                 Migration correct: 10 wrong: 2 chance blocked: 0
                 Node removal correct: 1 wrong: 0
                 Old state correct: 2 wrong: 0
2019-07-15 20:48:08,541	INFO -- Going back to sleep
2019-07-15 20:50:38,549	INFO -- Time for an update_step iteration! 2019-07-15 20:50:38.549801
2019-07-15 20:50:38,958	INFO -- Cluster was stable for 150 seconds till 2019-07-15 20:50:38.550582, calculating best transition
2019-07-15 20:50:39,236	INFO -- Execution was added to the knowledge base with load: 3.3703703703703707
2019-07-15 20:50:39,573	INFO -- Costs for all options: current= 0.3107508475795746, removal= 0.20716721986694336, old_best= 0.3107508475795746
2019-07-15 20:50:39,573	INFO -- Removing node: gke-demo-cluster-1-default-pool-6f471531-pwnj
2019-07-15 20:50:39,770	INFO -- Deleting node: gke-demo-cluster-1-default-pool-6f471531-pwnj
2019-07-15 20:50:40,857	INFO -- Deletion successful, node: gke-demo-cluster-1-default-pool-6f471531-pwnj
2019-07-15 20:50:40,859	INFO -- went correct
2019-07-15 20:50:40,860	INFO -- Update step finished: 2019-07-15 20:50:40.860239
2019-07-15 20:50:40,860	INFO -- Current scores
                 Not stable: 18
                 All nodes full: 0
                 Migration correct: 10 wrong: 2 chance blocked: 0
                 Node removal correct: 2 wrong: 0
                 Old state correct: 2 wrong: 0
2019-07-15 20:50:40,861	INFO -- Going back to sleep
2019-07-15 20:53:10,962	INFO -- Time for an update_step iteration! 2019-07-15 20:53:10.961933
2019-07-15 20:53:11,152	INFO -- Cluster was not stable, waiting for the next time_window to check stability
2019-07-15 20:53:11,153	INFO -- Update step finished: 2019-07-15 20:53:11.153057
2019-07-15 20:53:11,153	INFO -- Current scores
                 Not stable: 19
                 All nodes full: 0
                 Migration correct: 10 wrong: 2 chance blocked: 0
                 Node removal correct: 2 wrong: 0
                 Old state correct: 2 wrong: 0
2019-07-15 20:53:11,154	INFO -- Going back to sleep
2019-07-15 20:55:41,181	INFO -- Time for an update_step iteration! 2019-07-15 20:55:41.181283
2019-07-15 20:55:41,600	INFO -- Cluster was stable for 150 seconds till 2019-07-15 20:55:41.182090, calculating best transition
2019-07-15 20:55:42,033	INFO -- Execution was added to the knowledge base with load: 0.0
2019-07-15 20:55:42,152	INFO -- No node could be shutdown for improvement, because all nodes have a statefull set
2019-07-15 20:55:42,266	INFO -- Costs for all options: current= 0.20716721986694336, removal= inf, old_best= 0.20716721986694336
2019-07-15 20:55:42,267	INFO -- Staying with current execution, but randomly changing one random pod
2019-07-15 20:55:42,533	INFO -- moving: php-apache-5f657688bc-752m7 to gke-demo-cluster-1-default-pool-6f471531-j7f1 using deployment name: php-apache
2019-07-15 20:55:45,281	INFO -- pod php-apache-5f657688bc-752m7 is deleted
2019-07-15 20:55:45,361	INFO -- Movement failed
2019-07-15 20:55:45,822	INFO -- went wrong: <class 'kubernetes_tools.migrate_pod.PodScheduledOnWrongNodeException'>
2019-07-15 20:55:45,824	INFO -- Update step finished: 2019-07-15 20:55:45.824217
2019-07-15 20:55:45,824	INFO -- Current scores
                 Not stable: 19
                 All nodes full: 0
                 Migration correct: 10 wrong: 3 chance blocked: 0
                 Node removal correct: 2 wrong: 0
                 Old state correct: 2 wrong: 0
2019-07-15 20:55:45,825	INFO -- Going back to sleep
2019-07-15 20:58:15,925	INFO -- Time for an update_step iteration! 2019-07-15 20:58:15.925286
2019-07-15 20:58:16,276	INFO -- Cluster was stable for 150 seconds till 2019-07-15 20:58:15.926130, calculating best transition
2019-07-15 20:58:16,534	INFO -- Execution was added to the knowledge base with load: 0.0
2019-07-15 20:58:16,645	INFO -- No node could be shutdown for improvement, because all nodes have a statefull set
2019-07-15 20:58:16,872	INFO -- Costs for all options: current= 0.20716721986694336, removal= inf, old_best= 0.20716721986694336
2019-07-15 20:58:16,873	INFO -- Staying with current execution, but randomly changing one random pod
2019-07-15 20:58:17,156	INFO -- moving: php-apache-5f657688bc-52qkt to gke-demo-cluster-1-default-pool-6f471531-j7f1 using deployment name: php-apache
2019-07-15 20:58:24,731	INFO -- pod php-apache-5f657688bc-52qkt is deleted
2019-07-15 20:58:39,384	INFO -- went wrong: <class 'kubernetes_tools.migrate_pod.VerificationTookTooLongException'>
2019-07-15 20:58:39,385	INFO -- Update step finished: 2019-07-15 20:58:39.385816
2019-07-15 20:58:39,386	INFO -- Current scores
                 Not stable: 19
                 All nodes full: 0
                 Migration correct: 10 wrong: 4 chance blocked: 0
                 Node removal correct: 2 wrong: 0
                 Old state correct: 2 wrong: 0
2019-07-15 20:58:39,386	INFO -- Going back to sleep
2019-07-15 21:01:09,444	INFO -- Time for an update_step iteration! 2019-07-15 21:01:09.444654
2019-07-15 21:01:09,823	INFO -- Cluster was stable for 150 seconds till 2019-07-15 21:01:09.445554, calculating best transition
2019-07-15 21:01:10,163	INFO -- Execution was added to the knowledge base with load: 0.0
2019-07-15 21:01:10,423	INFO -- No node could be shutdown for improvement, because all nodes have a statefull set
2019-07-15 21:01:10,970	INFO -- Costs for all options: current= 0.20716721986694336, removal= inf, old_best= 0.20716721986694336
2019-07-15 21:01:10,971	INFO -- Staying with current execution, but randomly changing one random pod
2019-07-15 21:01:11,320	INFO -- moving: php-apache-5f657688bc-rvvnr to gke-demo-cluster-1-default-pool-6f471531-0ld6 using deployment name: php-apache
2019-07-15 21:01:20,044	INFO -- pod php-apache-5f657688bc-rvvnr is deleted
2019-07-15 21:01:20,118	INFO -- Movement succeeded
2019-07-15 21:01:20,514	INFO -- went correct
2019-07-15 21:01:20,515	INFO -- Update step finished: 2019-07-15 21:01:20.515874
2019-07-15 21:01:20,516	INFO -- Current scores
                 Not stable: 19
                 All nodes full: 0
                 Migration correct: 11 wrong: 4 chance blocked: 0
                 Node removal correct: 2 wrong: 0
                 Old state correct: 2 wrong: 0
2019-07-15 21:01:20,517	INFO -- Going back to sleep
2019-07-15 21:03:50,617	INFO -- Time for an update_step iteration! 2019-07-15 21:03:50.617324
2019-07-15 21:03:50,987	INFO -- Cluster was not stable, waiting for the next time_window to check stability
2019-07-15 21:03:50,988	INFO -- Update step finished: 2019-07-15 21:03:50.988060
2019-07-15 21:03:50,988	INFO -- Current scores
                 Not stable: 20
                 All nodes full: 0
                 Migration correct: 11 wrong: 4 chance blocked: 0
                 Node removal correct: 2 wrong: 0
                 Old state correct: 2 wrong: 0
2019-07-15 21:03:50,989	INFO -- Going back to sleep
2019-07-15 21:06:21,090	INFO -- Time for an update_step iteration! 2019-07-15 21:06:21.089972
2019-07-15 21:06:21,448	INFO -- Cluster was stable for 150 seconds till 2019-07-15 21:06:21.090785, calculating best transition
2019-07-15 21:06:21,797	INFO -- Execution was added to the knowledge base with load: 0.0
2019-07-15 21:06:22,174	INFO -- Costs for all options: current= 0.3107508120212555, removal= 0.20716721986694336, old_best= 0.20716721986694336
2019-07-15 21:06:22,175	INFO -- Removing node: gke-demo-cluster-1-default-pool-6f471531-pwnj
2019-07-15 21:06:22,498	INFO -- Deleting node: gke-demo-cluster-1-default-pool-6f471531-pwnj
2019-07-15 21:06:23,214	INFO -- Deletion successful, node: gke-demo-cluster-1-default-pool-6f471531-pwnj
2019-07-15 21:06:23,215	INFO -- went correct
2019-07-15 21:06:23,216	INFO -- Update step finished: 2019-07-15 21:06:23.216209
2019-07-15 21:06:23,216	INFO -- Current scores
                 Not stable: 20
                 All nodes full: 0
                 Migration correct: 11 wrong: 4 chance blocked: 0
                 Node removal correct: 3 wrong: 0
                 Old state correct: 2 wrong: 0
2019-07-15 21:06:23,217	INFO -- Going back to sleep
2019-07-15 21:08:53,314	INFO -- Time for an update_step iteration! 2019-07-15 21:08:53.314492
2019-07-15 21:08:53,676	INFO -- Cluster was not stable, waiting for the next time_window to check stability
2019-07-15 21:08:53,676	INFO -- Update step finished: 2019-07-15 21:08:53.676754
2019-07-15 21:08:53,677	INFO -- Current scores
                 Not stable: 21
                 All nodes full: 0
                 Migration correct: 11 wrong: 4 chance blocked: 0
                 Node removal correct: 3 wrong: 0
                 Old state correct: 2 wrong: 0
2019-07-15 21:08:53,678	INFO -- Going back to sleep
2019-07-15 21:11:23,698	INFO -- Time for an update_step iteration! 2019-07-15 21:11:23.698443
2019-07-15 21:11:24,258	INFO -- Cluster was stable for 150 seconds till 2019-07-15 21:11:23.699259, calculating best transition
2019-07-15 21:11:24,558	INFO -- Execution was added to the knowledge base with load: 0.0
2019-07-15 21:11:24,711	INFO -- No node could be shutdown for improvement, because all nodes have a statefull set
2019-07-15 21:11:25,063	INFO -- Costs for all options: current= 0.20716721986694336, removal= inf, old_best= 0.20716721986694336
2019-07-15 21:11:25,064	INFO -- Staying with current execution, but randomly changing one random pod
2019-07-15 21:11:25,396	INFO -- moving: php-apache-5f657688bc-9zbq5 to gke-demo-cluster-1-default-pool-6f471531-j7f1 using deployment name: php-apache
2019-07-15 21:11:34,657	INFO -- pod php-apache-5f657688bc-9zbq5 is deleted
2019-07-15 21:11:34,724	INFO -- Movement failed
2019-07-15 21:11:34,934	INFO -- went wrong: <class 'kubernetes_tools.migrate_pod.PodScheduledOnWrongNodeException'>
2019-07-15 21:11:34,936	INFO -- Update step finished: 2019-07-15 21:11:34.935963
2019-07-15 21:11:34,936	INFO -- Current scores
                 Not stable: 21
                 All nodes full: 0
                 Migration correct: 11 wrong: 5 chance blocked: 0
                 Node removal correct: 3 wrong: 0
                 Old state correct: 2 wrong: 0
2019-07-15 21:11:34,937	INFO -- Going back to sleep
2019-07-15 21:14:05,037	INFO -- Time for an update_step iteration! 2019-07-15 21:14:05.037840
2019-07-15 21:14:05,392	INFO -- Cluster was stable for 150 seconds till 2019-07-15 21:14:05.038657, calculating best transition
2019-07-15 21:14:05,646	INFO -- Execution was added to the knowledge base with load: 0.0
2019-07-15 21:14:05,829	INFO -- No node could be shutdown for improvement, because all nodes have a statefull set
2019-07-15 21:14:06,531	INFO -- Costs for all options: current= 0.20716721986694336, removal= inf, old_best= 0.20716721986694336
2019-07-15 21:14:06,532	INFO -- Staying with current execution, but randomly changing one random pod
2019-07-15 21:14:06,863	INFO -- moving: php-apache-5f657688bc-7nc6b to gke-demo-cluster-1-default-pool-6f471531-j7f1 using deployment name: php-apache
2019-07-15 21:14:09,383	INFO -- pod php-apache-5f657688bc-7nc6b is deleted
2019-07-15 21:14:09,515	INFO -- Movement failed
2019-07-15 21:14:09,731	INFO -- went wrong: <class 'kubernetes_tools.migrate_pod.PodScheduledOnWrongNodeException'>
2019-07-15 21:14:09,733	INFO -- Update step finished: 2019-07-15 21:14:09.733397
2019-07-15 21:14:09,733	INFO -- Current scores
                 Not stable: 21
                 All nodes full: 0
                 Migration correct: 11 wrong: 6 chance blocked: 0
                 Node removal correct: 3 wrong: 0
                 Old state correct: 2 wrong: 0
2019-07-15 21:14:09,734	INFO -- Going back to sleep
2019-07-15 21:16:39,740	INFO -- Time for an update_step iteration! 2019-07-15 21:16:39.740740
2019-07-15 21:16:40,217	INFO -- Cluster was stable for 150 seconds till 2019-07-15 21:16:39.741593, calculating best transition
2019-07-15 21:16:41,341	INFO -- Execution was added to the knowledge base with load: 0.0
2019-07-15 21:16:41,535	INFO -- No node could be shutdown for improvement, because all nodes have a statefull set
2019-07-15 21:16:42,022	INFO -- Costs for all options: current= 0.20716721986694336, removal= inf, old_best= 0.20716721986694336
2019-07-15 21:16:42,023	INFO -- Staying with current execution, but randomly changing one random pod
2019-07-15 21:16:42,370	INFO -- moving: php-apache-5f657688bc-4x9mj to gke-demo-cluster-1-default-pool-6f471531-j7f1 using deployment name: php-apache
2019-07-15 21:16:54,659	INFO -- pod php-apache-5f657688bc-4x9mj is deleted
2019-07-15 21:16:54,728	INFO -- Movement failed
2019-07-15 21:16:54,966	INFO -- went wrong: <class 'kubernetes_tools.migrate_pod.PodScheduledOnWrongNodeException'>
2019-07-15 21:16:54,968	INFO -- Update step finished: 2019-07-15 21:16:54.968078
2019-07-15 21:16:54,968	INFO -- Current scores
                 Not stable: 21
                 All nodes full: 0
                 Migration correct: 11 wrong: 7 chance blocked: 0
                 Node removal correct: 3 wrong: 0
                 Old state correct: 2 wrong: 0
2019-07-15 21:16:54,969	INFO -- Going back to sleep
2019-07-15 21:19:25,069	INFO -- Time for an update_step iteration! 2019-07-15 21:19:25.069373
2019-07-15 21:19:25,489	INFO -- Cluster was stable for 150 seconds till 2019-07-15 21:19:25.070182, calculating best transition
2019-07-15 21:19:25,757	INFO -- Execution was added to the knowledge base with load: 0.0
2019-07-15 21:19:25,938	INFO -- No node could be shutdown for improvement, because all nodes have a statefull set
2019-07-15 21:19:26,543	INFO -- Costs for all options: current= 0.20716721986694336, removal= inf, old_best= 0.20716721986694336
2019-07-15 21:19:26,544	INFO -- Staying with current execution, but randomly changing one random pod
2019-07-15 21:19:26,898	INFO -- moving: php-apache-5f657688bc-658xp to gke-demo-cluster-1-default-pool-6f471531-j7f1 using deployment name: php-apache
2019-07-15 21:19:34,710	INFO -- pod php-apache-5f657688bc-658xp is deleted
2019-07-15 21:19:34,778	INFO -- Movement failed
2019-07-15 21:19:34,993	INFO -- went wrong: <class 'kubernetes_tools.migrate_pod.PodScheduledOnWrongNodeException'>
2019-07-15 21:19:34,995	INFO -- Update step finished: 2019-07-15 21:19:34.995354
2019-07-15 21:19:34,996	INFO -- Current scores
                 Not stable: 21
                 All nodes full: 0
                 Migration correct: 11 wrong: 8 chance blocked: 0
                 Node removal correct: 3 wrong: 0
                 Old state correct: 2 wrong: 0
2019-07-15 21:19:34,996	INFO -- Going back to sleep
2019-07-15 21:22:05,095	INFO -- Time for an update_step iteration! 2019-07-15 21:22:05.094941
2019-07-15 21:22:05,569	INFO -- Cluster was stable for 150 seconds till 2019-07-15 21:22:05.095774, calculating best transition
2019-07-15 21:22:05,853	INFO -- Execution was added to the knowledge base with load: 15.75
2019-07-15 21:22:06,075	INFO -- No node could be shutdown for improvement, because all nodes have a statefull set
2019-07-15 21:22:06,191	INFO -- Costs for all options: current= 0.20716721986694336, removal= inf, old_best= 0.20716721986694336
2019-07-15 21:22:06,192	INFO -- Staying with current execution, but randomly changing one random pod
2019-07-15 21:22:06,439	INFO -- moving: php-apache-5f657688bc-v298s to gke-demo-cluster-1-default-pool-6f471531-j7f1 using deployment name: php-apache
2019-07-15 21:22:09,542	INFO -- pod php-apache-5f657688bc-v298s is deleted
2019-07-15 21:22:09,599	INFO -- Movement failed
2019-07-15 21:22:09,807	INFO -- went wrong: <class 'kubernetes_tools.migrate_pod.PodScheduledOnWrongNodeException'>
2019-07-15 21:22:09,808	INFO -- Update step finished: 2019-07-15 21:22:09.808793
2019-07-15 21:22:09,809	INFO -- Current scores
                 Not stable: 21
                 All nodes full: 0
                 Migration correct: 11 wrong: 9 chance blocked: 0
                 Node removal correct: 3 wrong: 0
                 Old state correct: 2 wrong: 0
2019-07-15 21:22:09,809	INFO -- Going back to sleep
2019-07-15 21:24:39,910	INFO -- Time for an update_step iteration! 2019-07-15 21:24:39.910635
2019-07-15 21:24:40,303	INFO -- Cluster was stable for 150 seconds till 2019-07-15 21:24:39.911451, calculating best transition
2019-07-15 21:24:40,564	INFO -- Execution was added to the knowledge base with load: 0.0
2019-07-15 21:24:40,721	INFO -- No node could be shutdown for improvement, because all nodes have a statefull set
2019-07-15 21:24:41,604	INFO -- Costs for all options: current= 0.20716721986694336, removal= inf, old_best= 0.20716721986694336
2019-07-15 21:24:41,605	INFO -- Staying with current execution, but randomly changing one random pod
2019-07-15 21:24:41,864	INFO -- moving: php-apache-5f657688bc-6dhnx to gke-demo-cluster-1-default-pool-6f471531-j7f1 using deployment name: php-apache
2019-07-15 21:24:54,817	INFO -- pod php-apache-5f657688bc-6dhnx is deleted
2019-07-15 21:24:54,884	INFO -- Movement failed
2019-07-15 21:24:55,100	INFO -- went wrong: <class 'kubernetes_tools.migrate_pod.PodScheduledOnWrongNodeException'>
2019-07-15 21:24:55,101	INFO -- Update step finished: 2019-07-15 21:24:55.101839
2019-07-15 21:24:55,102	INFO -- Current scores
                 Not stable: 21
                 All nodes full: 0
                 Migration correct: 11 wrong: 10 chance blocked: 0
                 Node removal correct: 3 wrong: 0
                 Old state correct: 2 wrong: 0
2019-07-15 21:24:55,102	INFO -- Going back to sleep
2019-07-15 21:27:25,177	INFO -- Time for an update_step iteration! 2019-07-15 21:27:25.177086
2019-07-15 21:27:25,525	INFO -- Cluster was stable for 150 seconds till 2019-07-15 21:27:25.177996, calculating best transition
2019-07-15 21:27:25,763	INFO -- Execution was added to the knowledge base with load: 0.0
2019-07-15 21:27:25,869	INFO -- No node could be shutdown for improvement, because all nodes have a statefull set
2019-07-15 21:27:26,968	INFO -- Costs for all options: current= 0.20716721986694336, removal= inf, old_best= 0.20716721986694336
2019-07-15 21:27:26,969	INFO -- Staying with current execution, but randomly changing one random pod
2019-07-15 21:27:27,223	INFO -- moving: php-apache-5f657688bc-wwsh7 to gke-demo-cluster-1-default-pool-6f471531-j7f1 using deployment name: php-apache
2019-07-15 21:27:34,765	INFO -- pod php-apache-5f657688bc-wwsh7 is deleted
2019-07-15 21:27:34,817	INFO -- Movement failed
2019-07-15 21:27:35,027	INFO -- went wrong: <class 'kubernetes_tools.migrate_pod.PodScheduledOnWrongNodeException'>
2019-07-15 21:27:35,029	INFO -- Update step finished: 2019-07-15 21:27:35.029105
2019-07-15 21:27:35,029	INFO -- Current scores
                 Not stable: 21
                 All nodes full: 0
                 Migration correct: 11 wrong: 11 chance blocked: 0
                 Node removal correct: 3 wrong: 0
                 Old state correct: 2 wrong: 0
2019-07-15 21:27:35,030	INFO -- Going back to sleep
2019-07-15 21:30:05,131	INFO -- Time for an update_step iteration! 2019-07-15 21:30:05.131195
2019-07-15 21:30:05,526	INFO -- Cluster was stable for 150 seconds till 2019-07-15 21:30:05.132027, calculating best transition
2019-07-15 21:30:05,806	INFO -- Execution was added to the knowledge base with load: 0.0
2019-07-15 21:30:05,914	INFO -- No node could be shutdown for improvement, because all nodes have a statefull set
2019-07-15 21:30:06,738	INFO -- Costs for all options: current= 0.20716721986694336, removal= inf, old_best= 0.20716721986694336
2019-07-15 21:30:06,739	INFO -- Staying with current execution, but randomly changing one random pod
2019-07-15 21:30:07,103	INFO -- moving: php-apache-5f657688bc-4l5rv to gke-demo-cluster-1-default-pool-6f471531-j7f1 using deployment name: php-apache
2019-07-15 21:30:14,660	INFO -- pod php-apache-5f657688bc-4l5rv is deleted
2019-07-15 21:30:29,402	INFO -- went wrong: <class 'kubernetes_tools.migrate_pod.VerificationTookTooLongException'>
2019-07-15 21:30:29,404	INFO -- Update step finished: 2019-07-15 21:30:29.404031
2019-07-15 21:30:29,404	INFO -- Current scores
                 Not stable: 21
                 All nodes full: 0
                 Migration correct: 11 wrong: 12 chance blocked: 0
                 Node removal correct: 3 wrong: 0
                 Old state correct: 2 wrong: 0
2019-07-15 21:30:29,405	INFO -- Going back to sleep
2019-07-15 21:32:59,505	INFO -- Time for an update_step iteration! 2019-07-15 21:32:59.505683
2019-07-15 21:32:59,880	INFO -- Cluster was stable for 150 seconds till 2019-07-15 21:32:59.506507, calculating best transition
2019-07-15 21:33:00,136	INFO -- Execution was added to the knowledge base with load: 0.0
2019-07-15 21:33:00,281	INFO -- No node could be shutdown for improvement, because all nodes have a statefull set
2019-07-15 21:33:01,347	INFO -- Costs for all options: current= 0.20716721986694336, removal= inf, old_best= 0.20716721986694336
2019-07-15 21:33:01,348	INFO -- Staying with current execution, but randomly changing one random pod
2019-07-15 21:33:02,250	INFO -- moving: php-apache-5f657688bc-wgw4l to gke-demo-cluster-1-default-pool-6f471531-j7f1 using deployment name: php-apache
2019-07-15 21:33:14,733	INFO -- pod php-apache-5f657688bc-wgw4l is deleted
2019-07-15 21:33:14,782	INFO -- Movement failed
2019-07-15 21:33:15,011	INFO -- went wrong: <class 'kubernetes_tools.migrate_pod.PodScheduledOnWrongNodeException'>
2019-07-15 21:33:15,013	INFO -- Update step finished: 2019-07-15 21:33:15.013124
2019-07-15 21:33:15,013	INFO -- Current scores
                 Not stable: 21
                 All nodes full: 0
                 Migration correct: 11 wrong: 13 chance blocked: 0
                 Node removal correct: 3 wrong: 0
                 Old state correct: 2 wrong: 0
2019-07-15 21:33:15,014	INFO -- Going back to sleep
2019-07-15 21:35:45,114	INFO -- Time for an update_step iteration! 2019-07-15 21:35:45.114368
2019-07-15 21:35:45,578	INFO -- Cluster was not stable, waiting for the next time_window to check stability
2019-07-15 21:35:45,579	INFO -- Update step finished: 2019-07-15 21:35:45.579121
2019-07-15 21:35:45,579	INFO -- Current scores
                 Not stable: 22
                 All nodes full: 0
                 Migration correct: 11 wrong: 13 chance blocked: 0
                 Node removal correct: 3 wrong: 0
                 Old state correct: 2 wrong: 0
2019-07-15 21:35:45,579	INFO -- Going back to sleep
2019-07-15 21:38:15,680	INFO -- Time for an update_step iteration! 2019-07-15 21:38:15.680194
2019-07-15 21:38:16,062	INFO -- Cluster was stable for 150 seconds till 2019-07-15 21:38:15.680817, calculating best transition
2019-07-15 21:38:16,327	INFO -- Execution was added to the knowledge base with load: 0.0
2019-07-15 21:38:16,490	INFO -- No node could be shutdown for improvement, because all nodes have a statefull set
2019-07-15 21:38:17,757	INFO -- Costs for all options: current= 0.20716721986694336, removal= inf, old_best= 0.20716721986694336
2019-07-15 21:38:17,757	INFO -- Staying with current execution, but randomly changing one random pod
2019-07-15 21:38:18,071	INFO -- moving: php-apache-5f657688bc-nb495 to gke-demo-cluster-1-default-pool-6f471531-j7f1 using deployment name: php-apache
2019-07-15 21:38:24,699	INFO -- pod php-apache-5f657688bc-nb495 is deleted
2019-07-15 21:38:24,751	INFO -- Movement failed
2019-07-15 21:38:24,953	INFO -- went wrong: <class 'kubernetes_tools.migrate_pod.PodScheduledOnWrongNodeException'>
2019-07-15 21:38:24,955	INFO -- Update step finished: 2019-07-15 21:38:24.955598
2019-07-15 21:38:24,956	INFO -- Current scores
                 Not stable: 22
                 All nodes full: 0
                 Migration correct: 11 wrong: 14 chance blocked: 0
                 Node removal correct: 3 wrong: 0
                 Old state correct: 2 wrong: 0
2019-07-15 21:38:24,956	INFO -- Going back to sleep
2019-07-15 21:40:55,057	INFO -- Time for an update_step iteration! 2019-07-15 21:40:55.057371
2019-07-15 21:40:55,440	INFO -- Cluster was not stable, waiting for the next time_window to check stability
2019-07-15 21:40:55,441	INFO -- Update step finished: 2019-07-15 21:40:55.441380
2019-07-15 21:40:55,441	INFO -- Current scores
                 Not stable: 23
                 All nodes full: 0
                 Migration correct: 11 wrong: 14 chance blocked: 0
                 Node removal correct: 3 wrong: 0
                 Old state correct: 2 wrong: 0
2019-07-15 21:40:55,442	INFO -- Going back to sleep
2019-07-15 21:43:25,541	INFO -- Time for an update_step iteration! 2019-07-15 21:43:25.541447
2019-07-15 21:43:25,883	INFO -- Cluster was stable for 150 seconds till 2019-07-15 21:43:25.542275, calculating best transition
2019-07-15 21:43:26,156	INFO -- Execution was added to the knowledge base with load: 0.0
2019-07-15 21:43:26,267	INFO -- No node could be shutdown for improvement, because all nodes have a statefull set
2019-07-15 21:43:27,456	INFO -- Costs for all options: current= 0.20716721986694336, removal= inf, old_best= 0.20716721986694336
2019-07-15 21:43:27,456	INFO -- Staying with current execution, but randomly changing one random pod
2019-07-15 21:43:27,710	INFO -- moving: php-apache-5f657688bc-7xrx4 to gke-demo-cluster-1-default-pool-6f471531-j7f1 using deployment name: php-apache
2019-07-15 21:43:34,871	INFO -- pod php-apache-5f657688bc-7xrx4 is deleted
2019-07-15 21:43:34,934	INFO -- Movement failed
2019-07-15 21:43:35,202	INFO -- went wrong: <class 'kubernetes_tools.migrate_pod.PodScheduledOnWrongNodeException'>
2019-07-15 21:43:35,204	INFO -- Update step finished: 2019-07-15 21:43:35.203985
2019-07-15 21:43:35,204	INFO -- Current scores
                 Not stable: 23
                 All nodes full: 0
                 Migration correct: 11 wrong: 15 chance blocked: 0
                 Node removal correct: 3 wrong: 0
                 Old state correct: 2 wrong: 0
2019-07-15 21:43:35,205	INFO -- Going back to sleep
