2019-07-16 11:20:28,700	INFO -- Graphdatabase emptied
2019-07-16 11:20:28,701	INFO -- Waiting for warmup to finish. 900 seconds
2019-07-16 11:35:28,778	INFO -- Settings: settings-php_apache.json
2019-07-16 11:35:28,778	INFO -- Time for an update_step iteration! 2019-07-16 11:35:28.778938
2019-07-16 11:35:28,998	INFO -- Cluster was not stable, waiting for the next time_window to check stability
2019-07-16 11:35:28,998	INFO -- Update step finished: 2019-07-16 11:35:28.998481
2019-07-16 11:35:28,998	INFO -- Current scores
                 Not stable: 1
                 All nodes full: 0
                 Migration correct: 0 wrong: 0 chance blocked: 0
                 Node removal correct: 0 wrong: 0
                 Old state correct: 0 wrong: 0
2019-07-16 11:35:28,998	INFO -- Going back to sleep
2019-07-16 11:37:59,098	INFO -- Time for an update_step iteration! 2019-07-16 11:37:59.098624
2019-07-16 11:37:59,318	INFO -- Cluster was not stable, waiting for the next time_window to check stability
2019-07-16 11:37:59,318	INFO -- Update step finished: 2019-07-16 11:37:59.318711
2019-07-16 11:37:59,319	INFO -- Current scores
                 Not stable: 2
                 All nodes full: 0
                 Migration correct: 0 wrong: 0 chance blocked: 0
                 Node removal correct: 0 wrong: 0
                 Old state correct: 0 wrong: 0
2019-07-16 11:37:59,319	INFO -- Going back to sleep
2019-07-16 11:40:29,327	INFO -- Time for an update_step iteration! 2019-07-16 11:40:29.326975
2019-07-16 11:40:29,502	INFO -- Cluster was stable for 150 seconds till 2019-07-16 11:40:29.327206, calculating best transition
2019-07-16 11:40:29,938	INFO -- Execution was added to the knowledge base with load: 3082.9472444444446
2019-07-16 11:40:30,330	INFO -- No node could be shutdown for improvement, because all nodes have a statefull set
2019-07-16 11:40:30,412	INFO -- Costs for all options: current= 0.20716721986694336, removal= inf, old_best= 0.20716721986694336
2019-07-16 11:40:30,412	INFO -- Staying with current execution, but randomly changing one random pod
2019-07-16 11:40:30,552	INFO -- moving: php-apache-5f657688bc-tldpb to gke-demo-cluster-1-default-pool-6f471531-j7f1 using deployment name: php-apache
2019-07-16 11:40:32,959	INFO -- pod php-apache-5f657688bc-tldpb is deleted
2019-07-16 11:40:32,995	INFO -- Movement succeeded
2019-07-16 11:40:33,246	INFO -- went correct
2019-07-16 11:40:33,246	INFO -- Update step finished: 2019-07-16 11:40:33.246443
2019-07-16 11:40:33,246	INFO -- Current scores
                 Not stable: 2
                 All nodes full: 0
                 Migration correct: 1 wrong: 0 chance blocked: 0
                 Node removal correct: 0 wrong: 0
                 Old state correct: 0 wrong: 0
2019-07-16 11:40:33,246	INFO -- Going back to sleep
2019-07-16 11:43:03,345	INFO -- Time for an update_step iteration! 2019-07-16 11:43:03.345112
2019-07-16 11:43:03,537	INFO -- Cluster was stable for 150 seconds till 2019-07-16 11:43:03.345462, calculating best transition
2019-07-16 11:43:03,747	INFO -- Execution was added to the knowledge base with load: 3061.4074074074074
2019-07-16 11:43:03,900	INFO -- No node could be shutdown for improvement, because all nodes have a statefull set
2019-07-16 11:43:03,997	INFO -- Costs for all options: current= 0.20716721986694336, removal= inf, old_best= 0.20716721986694336
2019-07-16 11:43:03,998	INFO -- Staying with current execution, but randomly changing one random pod
2019-07-16 11:43:04,131	INFO -- moving: php-apache-5f657688bc-mh259 to gke-demo-cluster-1-default-pool-6f471531-j7f1 using deployment name: php-apache
2019-07-16 11:43:14,649	INFO -- pod php-apache-5f657688bc-mh259 is deleted
2019-07-16 11:43:14,674	INFO -- Movement succeeded
2019-07-16 11:43:14,869	INFO -- went correct
2019-07-16 11:43:14,870	INFO -- Update step finished: 2019-07-16 11:43:14.870650
2019-07-16 11:43:14,870	INFO -- Current scores
                 Not stable: 2
                 All nodes full: 0
                 Migration correct: 2 wrong: 0 chance blocked: 0
                 Node removal correct: 0 wrong: 0
                 Old state correct: 0 wrong: 0
2019-07-16 11:43:14,871	INFO -- Going back to sleep
2019-07-16 11:45:44,969	INFO -- Time for an update_step iteration! 2019-07-16 11:45:44.969106
2019-07-16 11:45:45,172	INFO -- Cluster was not stable, waiting for the next time_window to check stability
2019-07-16 11:45:45,172	INFO -- Update step finished: 2019-07-16 11:45:45.172725
2019-07-16 11:45:45,172	INFO -- Current scores
                 Not stable: 3
                 All nodes full: 0
                 Migration correct: 2 wrong: 0 chance blocked: 0
                 Node removal correct: 0 wrong: 0
                 Old state correct: 0 wrong: 0
2019-07-16 11:45:45,173	INFO -- Going back to sleep
2019-07-16 11:48:15,273	INFO -- Time for an update_step iteration! 2019-07-16 11:48:15.273128
2019-07-16 11:48:15,474	INFO -- Cluster was stable for 150 seconds till 2019-07-16 11:48:15.273422, calculating best transition
2019-07-16 11:48:15,695	INFO -- Execution was added to the knowledge base with load: 3026.0178835978836
2019-07-16 11:48:15,778	INFO -- No node could be shutdown for improvement, because all nodes have a statefull set
2019-07-16 11:48:15,916	INFO -- Costs for all options: current= 0.20716721986694336, removal= inf, old_best= 0.20716721986694336
2019-07-16 11:48:15,917	INFO -- Staying with current execution, but randomly changing one random pod
2019-07-16 11:48:16,172	INFO -- moving: php-apache-5f657688bc-44vc2 to gke-demo-cluster-1-default-pool-6f471531-j7f1 using deployment name: php-apache
2019-07-16 11:48:24,676	INFO -- pod php-apache-5f657688bc-44vc2 is deleted
2019-07-16 11:48:24,701	INFO -- Movement succeeded
2019-07-16 11:48:24,886	INFO -- went correct
2019-07-16 11:48:24,887	INFO -- Update step finished: 2019-07-16 11:48:24.887164
2019-07-16 11:48:24,887	INFO -- Current scores
                 Not stable: 3
                 All nodes full: 0
                 Migration correct: 3 wrong: 0 chance blocked: 0
                 Node removal correct: 0 wrong: 0
                 Old state correct: 0 wrong: 0
2019-07-16 11:48:24,887	INFO -- Going back to sleep
2019-07-16 11:50:54,987	INFO -- Time for an update_step iteration! 2019-07-16 11:50:54.987408
2019-07-16 11:50:55,216	INFO -- Cluster was not stable, waiting for the next time_window to check stability
2019-07-16 11:50:55,216	INFO -- Update step finished: 2019-07-16 11:50:55.216400
2019-07-16 11:50:55,216	INFO -- Current scores
                 Not stable: 4
                 All nodes full: 0
                 Migration correct: 3 wrong: 0 chance blocked: 0
                 Node removal correct: 0 wrong: 0
                 Old state correct: 0 wrong: 0
2019-07-16 11:50:55,216	INFO -- Going back to sleep
2019-07-16 11:53:25,317	INFO -- Time for an update_step iteration! 2019-07-16 11:53:25.316996
2019-07-16 11:53:25,520	INFO -- Cluster was not stable, waiting for the next time_window to check stability
2019-07-16 11:53:25,520	INFO -- Update step finished: 2019-07-16 11:53:25.520486
2019-07-16 11:53:25,520	INFO -- Current scores
                 Not stable: 5
                 All nodes full: 0
                 Migration correct: 3 wrong: 0 chance blocked: 0
                 Node removal correct: 0 wrong: 0
                 Old state correct: 0 wrong: 0
2019-07-16 11:53:25,520	INFO -- Going back to sleep
2019-07-16 11:55:55,606	INFO -- Time for an update_step iteration! 2019-07-16 11:55:55.606530
2019-07-16 11:55:55,691	INFO -- Cluster was not stable, waiting for the next time_window to check stability
2019-07-16 11:55:55,691	INFO -- Update step finished: 2019-07-16 11:55:55.691246
2019-07-16 11:55:55,691	INFO -- Current scores
                 Not stable: 6
                 All nodes full: 0
                 Migration correct: 3 wrong: 0 chance blocked: 0
                 Node removal correct: 0 wrong: 0
                 Old state correct: 0 wrong: 0
2019-07-16 11:55:55,691	INFO -- Going back to sleep
2019-07-16 11:58:25,789	INFO -- Time for an update_step iteration! 2019-07-16 11:58:25.789148
2019-07-16 11:58:25,987	INFO -- Cluster was stable for 150 seconds till 2019-07-16 11:58:25.789445, calculating best transition
2019-07-16 11:58:26,197	INFO -- Execution was added to the knowledge base with load: 7471.992598306684
2019-07-16 11:58:26,490	INFO -- No node could be shutdown for improvement, because all the resources are needed
2019-07-16 11:58:26,561	INFO -- Costs for all options: current= 0.41433447529220585, removal= inf, old_best= 0.41433447529220585
2019-07-16 11:58:26,561	INFO -- Staying with current execution, but randomly changing one random pod
2019-07-16 11:58:26,637	INFO -- All nodes to full to do random move
2019-07-16 11:58:26,638	INFO -- Update step finished: 2019-07-16 11:58:26.638041
2019-07-16 11:58:26,638	INFO -- Current scores
                 Not stable: 6
                 All nodes full: 1
                 Migration correct: 3 wrong: 0 chance blocked: 0
                 Node removal correct: 0 wrong: 0
                 Old state correct: 0 wrong: 0
2019-07-16 11:58:26,638	INFO -- Going back to sleep
2019-07-16 12:00:56,721	INFO -- Time for an update_step iteration! 2019-07-16 12:00:56.721121
2019-07-16 12:00:56,900	INFO -- Cluster was not stable, waiting for the next time_window to check stability
2019-07-16 12:00:56,900	INFO -- Update step finished: 2019-07-16 12:00:56.900333
2019-07-16 12:00:56,900	INFO -- Current scores
                 Not stable: 7
                 All nodes full: 1
                 Migration correct: 3 wrong: 0 chance blocked: 0
                 Node removal correct: 0 wrong: 0
                 Old state correct: 0 wrong: 0
2019-07-16 12:00:56,900	INFO -- Going back to sleep
2019-07-16 12:03:26,997	INFO -- Time for an update_step iteration! 2019-07-16 12:03:26.997105
2019-07-16 12:03:27,185	INFO -- Cluster was not stable, waiting for the next time_window to check stability
2019-07-16 12:03:27,185	INFO -- Update step finished: 2019-07-16 12:03:27.185453
2019-07-16 12:03:27,185	INFO -- Current scores
                 Not stable: 8
                 All nodes full: 1
                 Migration correct: 3 wrong: 0 chance blocked: 0
                 Node removal correct: 0 wrong: 0
                 Old state correct: 0 wrong: 0
2019-07-16 12:03:27,185	INFO -- Going back to sleep
2019-07-16 12:05:57,193	INFO -- Time for an update_step iteration! 2019-07-16 12:05:57.193719
2019-07-16 12:05:57,379	INFO -- Cluster was stable for 150 seconds till 2019-07-16 12:05:57.193960, calculating best transition
2019-07-16 12:05:57,581	INFO -- Execution was added to the knowledge base with load: 3001.8095751111114
2019-07-16 12:05:57,882	INFO -- Costs for all options: current= 0.41433447529220585, removal= 0.3107508475795746, old_best= 0.20716721986694336
2019-07-16 12:05:57,882	INFO -- Changing to old_best_execution found in time: 2019-07-16 11:45:45.273000
2019-07-16 12:05:58,093	INFO -- moving: php-apache-5f657688bc-sfc9r to gke-demo-cluster-1-default-pool-6f471531-0ld6 using deployment name: php-apache
2019-07-16 12:06:00,187	INFO -- pod php-apache-5f657688bc-sfc9r is deleted
2019-07-16 12:06:00,221	INFO -- Movement succeeded
2019-07-16 12:06:00,428	INFO -- went correct
2019-07-16 12:06:00,428	INFO -- Update step finished: 2019-07-16 12:06:00.428487
2019-07-16 12:06:00,428	INFO -- Current scores
                 Not stable: 8
                 All nodes full: 1
                 Migration correct: 3 wrong: 0 chance blocked: 0
                 Node removal correct: 0 wrong: 0
                 Old state correct: 1 wrong: 0
2019-07-16 12:06:00,428	INFO -- Going back to sleep
2019-07-16 12:08:30,450	INFO -- Time for an update_step iteration! 2019-07-16 12:08:30.450806
2019-07-16 12:08:30,619	INFO -- Cluster was stable for 150 seconds till 2019-07-16 12:08:30.451033, calculating best transition
2019-07-16 12:08:30,835	INFO -- Execution was added to the knowledge base with load: 3069.611841514327
2019-07-16 12:08:31,110	INFO -- Costs for all options: current= 0.41433447529220585, removal= 0.3107508475795746, old_best= 0.20716721986694336
2019-07-16 12:08:31,110	INFO -- Changing to old_best_execution found in time: 2019-07-16 11:37:59.327000
2019-07-16 12:08:31,337	INFO -- moving: php-apache-5f657688bc-h94dn to gke-demo-cluster-1-default-pool-6f471531-0ld6 using deployment name: php-apache
2019-07-16 12:08:33,972	INFO -- pod php-apache-5f657688bc-h94dn is deleted
2019-07-16 12:08:34,006	INFO -- Movement succeeded
2019-07-16 12:08:34,263	INFO -- Creating pod: php-apache on gke-demo-cluster-1-default-pool-6f471531-0ld6
2019-07-16 12:08:36,728	INFO -- Addition succeeded, pod name: php-apache-5f657688bc-wdlsh
2019-07-16 12:08:36,890	INFO -- went correct
2019-07-16 12:08:36,890	INFO -- Update step finished: 2019-07-16 12:08:36.890870
2019-07-16 12:08:36,890	INFO -- Current scores
                 Not stable: 8
                 All nodes full: 1
                 Migration correct: 3 wrong: 0 chance blocked: 0
                 Node removal correct: 0 wrong: 0
                 Old state correct: 2 wrong: 0
2019-07-16 12:08:36,891	INFO -- Going back to sleep
2019-07-16 12:11:06,989	INFO -- Time for an update_step iteration! 2019-07-16 12:11:06.989188
2019-07-16 12:11:07,092	INFO -- Cluster was not stable, waiting for the next time_window to check stability
2019-07-16 12:11:07,092	INFO -- Update step finished: 2019-07-16 12:11:07.092973
2019-07-16 12:11:07,093	INFO -- Current scores
                 Not stable: 9
                 All nodes full: 1
                 Migration correct: 3 wrong: 0 chance blocked: 0
                 Node removal correct: 0 wrong: 0
                 Old state correct: 2 wrong: 0
2019-07-16 12:11:07,093	INFO -- Going back to sleep
2019-07-16 12:13:37,174	INFO -- Time for an update_step iteration! 2019-07-16 12:13:37.174227
2019-07-16 12:13:37,473	INFO -- Cluster was stable for 150 seconds till 2019-07-16 12:13:37.174562, calculating best transition
2019-07-16 12:13:37,675	INFO -- Execution was added to the knowledge base with load: 2899.4737065045333
2019-07-16 12:13:37,745	INFO -- No node could be shutdown for improvement, because all nodes have a statefull set
2019-07-16 12:13:37,842	INFO -- Costs for all options: current= 0.20716721986694336, removal= inf, old_best= 0.20716721986694336
2019-07-16 12:13:37,842	INFO -- Staying with current execution, but randomly changing one random pod
2019-07-16 12:13:37,982	INFO -- moving: php-apache-5f657688bc-qwcb6 to gke-demo-cluster-1-default-pool-6f471531-j7f1 using deployment name: php-apache
2019-07-16 12:13:44,660	INFO -- pod php-apache-5f657688bc-qwcb6 is deleted
2019-07-16 12:13:44,694	INFO -- Movement succeeded
2019-07-16 12:13:44,889	INFO -- went correct
2019-07-16 12:13:44,889	INFO -- Update step finished: 2019-07-16 12:13:44.889613
2019-07-16 12:13:44,889	INFO -- Current scores
                 Not stable: 9
                 All nodes full: 1
                 Migration correct: 4 wrong: 0 chance blocked: 0
                 Node removal correct: 0 wrong: 0
                 Old state correct: 2 wrong: 0
2019-07-16 12:13:44,890	INFO -- Going back to sleep
2019-07-16 12:16:14,989	INFO -- Time for an update_step iteration! 2019-07-16 12:16:14.989100
2019-07-16 12:16:15,189	INFO -- Cluster was not stable, waiting for the next time_window to check stability
2019-07-16 12:16:15,190	INFO -- Update step finished: 2019-07-16 12:16:15.190382
2019-07-16 12:16:15,190	INFO -- Current scores
                 Not stable: 10
                 All nodes full: 1
                 Migration correct: 4 wrong: 0 chance blocked: 0
                 Node removal correct: 0 wrong: 0
                 Old state correct: 2 wrong: 0
2019-07-16 12:16:15,190	INFO -- Going back to sleep
2019-07-16 12:18:45,249	INFO -- Time for an update_step iteration! 2019-07-16 12:18:45.249629
2019-07-16 12:18:45,479	INFO -- Cluster was stable for 150 seconds till 2019-07-16 12:18:45.249942, calculating best transition
2019-07-16 12:18:45,663	INFO -- Execution was added to the knowledge base with load: 3069.1378401966695
2019-07-16 12:18:45,806	INFO -- No node could be shutdown for improvement, because all nodes have a statefull set
2019-07-16 12:18:45,960	INFO -- Costs for all options: current= 0.20716721986694336, removal= inf, old_best= 0.20716721986694336
2019-07-16 12:18:45,961	INFO -- Staying with current execution, but randomly changing one random pod
2019-07-16 12:18:46,080	INFO -- moving: php-apache-5f657688bc-dvxhp to gke-demo-cluster-1-default-pool-6f471531-0ld6 using deployment name: php-apache
2019-07-16 12:18:48,819	INFO -- pod php-apache-5f657688bc-dvxhp is deleted
2019-07-16 12:18:48,844	INFO -- Movement succeeded
2019-07-16 12:18:49,055	INFO -- went correct
2019-07-16 12:18:49,056	INFO -- Update step finished: 2019-07-16 12:18:49.056267
2019-07-16 12:18:49,056	INFO -- Current scores
                 Not stable: 10
                 All nodes full: 1
                 Migration correct: 5 wrong: 0 chance blocked: 0
                 Node removal correct: 0 wrong: 0
                 Old state correct: 2 wrong: 0
2019-07-16 12:18:49,056	INFO -- Going back to sleep
2019-07-16 12:21:19,153	INFO -- Time for an update_step iteration! 2019-07-16 12:21:19.153122
2019-07-16 12:21:19,576	INFO -- Cluster was not stable, waiting for the next time_window to check stability
2019-07-16 12:21:19,577	INFO -- Update step finished: 2019-07-16 12:21:19.577124
2019-07-16 12:21:19,577	INFO -- Current scores
                 Not stable: 11
                 All nodes full: 1
                 Migration correct: 5 wrong: 0 chance blocked: 0
                 Node removal correct: 0 wrong: 0
                 Old state correct: 2 wrong: 0
2019-07-16 12:21:19,577	INFO -- Going back to sleep
2019-07-16 12:23:49,677	INFO -- Time for an update_step iteration! 2019-07-16 12:23:49.677105
2019-07-16 12:23:49,891	INFO -- Cluster was stable for 150 seconds till 2019-07-16 12:23:49.677334, calculating best transition
2019-07-16 12:23:50,525	INFO -- Execution was added to the knowledge base with load: 2948.5185185185187
2019-07-16 12:23:50,740	INFO -- No node could be shutdown for improvement, because all nodes have a statefull set
2019-07-16 12:23:51,041	INFO -- Costs for all options: current= 0.20716721986694336, removal= inf, old_best= 0.20716721986694336
2019-07-16 12:23:51,041	INFO -- Staying with current execution, but randomly changing one random pod
2019-07-16 12:23:51,318	INFO -- moving: php-apache-5f657688bc-9mdfp to gke-demo-cluster-1-default-pool-6f471531-j7f1 using deployment name: php-apache
2019-07-16 12:24:04,728	INFO -- pod php-apache-5f657688bc-9mdfp is deleted
2019-07-16 12:24:04,892	INFO -- Movement succeeded
2019-07-16 12:24:06,397	INFO -- went correct
2019-07-16 12:24:06,397	INFO -- Update step finished: 2019-07-16 12:24:06.397352
2019-07-16 12:24:06,397	INFO -- Current scores
                 Not stable: 11
                 All nodes full: 1
                 Migration correct: 6 wrong: 0 chance blocked: 0
                 Node removal correct: 0 wrong: 0
                 Old state correct: 2 wrong: 0
2019-07-16 12:24:06,397	INFO -- Going back to sleep
2019-07-16 12:26:36,497	INFO -- Time for an update_step iteration! 2019-07-16 12:26:36.497122
2019-07-16 12:26:36,683	INFO -- Cluster was not stable, waiting for the next time_window to check stability
2019-07-16 12:26:36,684	INFO -- Update step finished: 2019-07-16 12:26:36.684147
2019-07-16 12:26:36,684	INFO -- Current scores
                 Not stable: 12
                 All nodes full: 1
                 Migration correct: 6 wrong: 0 chance blocked: 0
                 Node removal correct: 0 wrong: 0
                 Old state correct: 2 wrong: 0
2019-07-16 12:26:36,684	INFO -- Going back to sleep
2019-07-16 12:29:06,758	INFO -- Time for an update_step iteration! 2019-07-16 12:29:06.758156
2019-07-16 12:29:07,562	INFO -- Cluster was stable for 150 seconds till 2019-07-16 12:29:06.758489, calculating best transition
2019-07-16 12:29:08,313	INFO -- Execution was added to the knowledge base with load: 2977.415331848022
2019-07-16 12:29:08,546	INFO -- No node could be shutdown for improvement, because all nodes have a statefull set
2019-07-16 12:29:09,122	INFO -- Costs for all options: current= 0.20716721986694336, removal= inf, old_best= 0.20716721986694336
2019-07-16 12:29:09,122	INFO -- Staying with current execution, but randomly changing one random pod
2019-07-16 12:29:09,325	INFO -- moving: php-apache-5f657688bc-847kq to gke-demo-cluster-1-default-pool-6f471531-0ld6 using deployment name: php-apache
2019-07-16 12:29:12,387	INFO -- pod php-apache-5f657688bc-847kq is deleted
2019-07-16 12:29:27,679	INFO -- went wrong: <class 'kubernetes_tools.migrate_pod.VerificationTookTooLongException'>
2019-07-16 12:29:27,680	INFO -- Update step finished: 2019-07-16 12:29:27.680810
2019-07-16 12:29:27,680	INFO -- Current scores
                 Not stable: 12
                 All nodes full: 1
                 Migration correct: 6 wrong: 1 chance blocked: 0
                 Node removal correct: 0 wrong: 0
                 Old state correct: 2 wrong: 0
2019-07-16 12:29:27,680	INFO -- Going back to sleep
2019-07-16 12:31:57,777	INFO -- Time for an update_step iteration! 2019-07-16 12:31:57.777123
2019-07-16 12:31:58,163	INFO -- Cluster was not stable, waiting for the next time_window to check stability
2019-07-16 12:31:58,163	INFO -- Update step finished: 2019-07-16 12:31:58.163384
2019-07-16 12:31:58,163	INFO -- Current scores
                 Not stable: 13
                 All nodes full: 1
                 Migration correct: 6 wrong: 1 chance blocked: 0
                 Node removal correct: 0 wrong: 0
                 Old state correct: 2 wrong: 0
2019-07-16 12:31:58,163	INFO -- Going back to sleep
2019-07-16 12:34:28,263	INFO -- Time for an update_step iteration! 2019-07-16 12:34:28.262989
2019-07-16 12:34:29,387	INFO -- Cluster was stable for 150 seconds till 2019-07-16 12:34:28.263536, calculating best transition
2019-07-16 12:34:32,497	INFO -- Execution was added to the knowledge base with load: 3141.2133306717546
2019-07-16 12:34:32,850	INFO -- No node could be shutdown for improvement, because all nodes have a statefull set
2019-07-16 12:34:33,355	INFO -- Costs for all options: current= 0.20716721986694336, removal= inf, old_best= 0.20716721986694336
2019-07-16 12:34:33,356	INFO -- Staying with current execution, but randomly changing one random pod
2019-07-16 12:34:33,529	INFO -- moving: php-apache-5f657688bc-nfrbk to gke-demo-cluster-1-default-pool-6f471531-j7f1 using deployment name: php-apache
2019-07-16 12:34:44,701	INFO -- pod php-apache-5f657688bc-nfrbk is deleted
2019-07-16 12:34:44,738	INFO -- Movement succeeded
2019-07-16 12:35:01,849	INFO -- went correct
2019-07-16 12:35:01,850	INFO -- Update step finished: 2019-07-16 12:35:01.850119
2019-07-16 12:35:01,850	INFO -- Current scores
                 Not stable: 13
                 All nodes full: 1
                 Migration correct: 7 wrong: 1 chance blocked: 0
                 Node removal correct: 0 wrong: 0
                 Old state correct: 2 wrong: 0
2019-07-16 12:35:01,850	INFO -- Going back to sleep
2019-07-16 12:37:31,949	INFO -- Time for an update_step iteration! 2019-07-16 12:37:31.949112
2019-07-16 12:37:32,165	INFO -- Cluster was not stable, waiting for the next time_window to check stability
2019-07-16 12:37:32,165	INFO -- Update step finished: 2019-07-16 12:37:32.165485
2019-07-16 12:37:32,165	INFO -- Current scores
                 Not stable: 14
                 All nodes full: 1
                 Migration correct: 7 wrong: 1 chance blocked: 0
                 Node removal correct: 0 wrong: 0
                 Old state correct: 2 wrong: 0
2019-07-16 12:37:32,165	INFO -- Going back to sleep
2019-07-16 12:40:02,265	INFO -- Time for an update_step iteration! 2019-07-16 12:40:02.265108
2019-07-16 12:40:02,566	INFO -- Cluster was stable for 150 seconds till 2019-07-16 12:40:02.265316, calculating best transition
2019-07-16 12:40:02,815	INFO -- Execution was added to the knowledge base with load: 4580.397623517014
2019-07-16 12:40:02,919	INFO -- No node could be shutdown for improvement, because all nodes have a statefull set
2019-07-16 12:40:02,969	INFO -- Costs for all options: current= 0.20716721986694336, removal= inf, old_best= 0.20716721986694336
2019-07-16 12:40:02,969	INFO -- Staying with current execution, but randomly changing one random pod
2019-07-16 12:40:03,120	INFO -- moving: php-apache-5f657688bc-tcqdw to gke-demo-cluster-1-default-pool-6f471531-j7f1 using deployment name: php-apache
2019-07-16 12:40:14,670	INFO -- pod php-apache-5f657688bc-tcqdw is deleted
2019-07-16 12:40:14,714	INFO -- Movement succeeded
2019-07-16 12:40:14,910	INFO -- went correct
2019-07-16 12:40:14,910	INFO -- Update step finished: 2019-07-16 12:40:14.910526
2019-07-16 12:40:14,910	INFO -- Current scores
                 Not stable: 14
                 All nodes full: 1
                 Migration correct: 8 wrong: 1 chance blocked: 0
                 Node removal correct: 0 wrong: 0
                 Old state correct: 2 wrong: 0
2019-07-16 12:40:14,910	INFO -- Going back to sleep
2019-07-16 12:42:44,992	INFO -- Time for an update_step iteration! 2019-07-16 12:42:44.992405
2019-07-16 12:42:45,187	INFO -- Cluster was not stable, waiting for the next time_window to check stability
2019-07-16 12:42:45,187	INFO -- Update step finished: 2019-07-16 12:42:45.187743
2019-07-16 12:42:45,187	INFO -- Current scores
                 Not stable: 15
                 All nodes full: 1
                 Migration correct: 8 wrong: 1 chance blocked: 0
                 Node removal correct: 0 wrong: 0
                 Old state correct: 2 wrong: 0
2019-07-16 12:42:45,187	INFO -- Going back to sleep
2019-07-16 12:45:15,285	INFO -- Time for an update_step iteration! 2019-07-16 12:45:15.285173
2019-07-16 12:45:15,498	INFO -- Cluster was not stable, waiting for the next time_window to check stability
2019-07-16 12:45:15,498	INFO -- Update step finished: 2019-07-16 12:45:15.498840
2019-07-16 12:45:15,499	INFO -- Current scores
                 Not stable: 16
                 All nodes full: 1
                 Migration correct: 8 wrong: 1 chance blocked: 0
                 Node removal correct: 0 wrong: 0
                 Old state correct: 2 wrong: 0
2019-07-16 12:45:15,499	INFO -- Going back to sleep
2019-07-16 12:47:45,597	INFO -- Time for an update_step iteration! 2019-07-16 12:47:45.597125
2019-07-16 12:47:45,798	INFO -- Cluster was stable for 150 seconds till 2019-07-16 12:47:45.597512, calculating best transition
2019-07-16 12:47:45,974	INFO -- Execution was added to the knowledge base with load: 3101.0581237748943
2019-07-16 12:47:46,059	INFO -- No node could be shutdown for improvement, because all nodes have a statefull set
2019-07-16 12:47:46,460	INFO -- Costs for all options: current= 0.20716721986694336, removal= inf, old_best= 0.20716721986694336
2019-07-16 12:47:46,460	INFO -- Staying with current execution, but randomly changing one random pod
2019-07-16 12:47:46,648	INFO -- moving: php-apache-5f657688bc-lpns9 to gke-demo-cluster-1-default-pool-6f471531-0ld6 using deployment name: php-apache
2019-07-16 12:47:59,965	INFO -- pod php-apache-5f657688bc-lpns9 is deleted
2019-07-16 12:48:00,003	INFO -- Movement succeeded
2019-07-16 12:48:00,212	INFO -- went correct
2019-07-16 12:48:00,212	INFO -- Update step finished: 2019-07-16 12:48:00.212943
2019-07-16 12:48:00,213	INFO -- Current scores
                 Not stable: 16
                 All nodes full: 1
                 Migration correct: 9 wrong: 1 chance blocked: 0
                 Node removal correct: 0 wrong: 0
                 Old state correct: 2 wrong: 0
2019-07-16 12:48:00,213	INFO -- Going back to sleep
2019-07-16 12:50:30,313	INFO -- Time for an update_step iteration! 2019-07-16 12:50:30.313261
2019-07-16 12:50:30,484	INFO -- Cluster was not stable, waiting for the next time_window to check stability
2019-07-16 12:50:30,484	INFO -- Update step finished: 2019-07-16 12:50:30.484931
2019-07-16 12:50:30,485	INFO -- Current scores
                 Not stable: 17
                 All nodes full: 1
                 Migration correct: 9 wrong: 1 chance blocked: 0
                 Node removal correct: 0 wrong: 0
                 Old state correct: 2 wrong: 0
2019-07-16 12:50:30,485	INFO -- Going back to sleep
2019-07-16 12:53:00,585	INFO -- Time for an update_step iteration! 2019-07-16 12:53:00.585240
2019-07-16 12:53:00,770	INFO -- Cluster was stable for 150 seconds till 2019-07-16 12:53:00.585576, calculating best transition
2019-07-16 12:53:00,999	INFO -- Execution was added to the knowledge base with load: 1035.274074074074
2019-07-16 12:53:01,061	INFO -- No node could be shutdown for improvement, because all nodes have a statefull set
2019-07-16 12:53:01,110	INFO -- Costs for all options: current= 0.20716721986694336, removal= inf, old_best= 0.20716721986694336
2019-07-16 12:53:01,110	INFO -- Staying with current execution, but randomly changing one random pod
2019-07-16 12:53:01,228	INFO -- moving: php-apache-5f657688bc-mqbqj to gke-demo-cluster-1-default-pool-6f471531-j7f1 using deployment name: php-apache
2019-07-16 12:53:14,659	INFO -- pod php-apache-5f657688bc-mqbqj is deleted
2019-07-16 12:53:14,685	INFO -- Movement succeeded
2019-07-16 12:53:14,883	INFO -- went correct
2019-07-16 12:53:14,883	INFO -- Update step finished: 2019-07-16 12:53:14.883399
2019-07-16 12:53:14,883	INFO -- Current scores
                 Not stable: 17
                 All nodes full: 1
                 Migration correct: 10 wrong: 1 chance blocked: 0
                 Node removal correct: 0 wrong: 0
                 Old state correct: 2 wrong: 0
2019-07-16 12:53:14,883	INFO -- Going back to sleep
2019-07-16 12:55:44,981	INFO -- Time for an update_step iteration! 2019-07-16 12:55:44.981171
2019-07-16 12:55:45,181	INFO -- Cluster was not stable, waiting for the next time_window to check stability
2019-07-16 12:55:45,181	INFO -- Update step finished: 2019-07-16 12:55:45.181545
2019-07-16 12:55:45,181	INFO -- Current scores
                 Not stable: 18
                 All nodes full: 1
                 Migration correct: 10 wrong: 1 chance blocked: 0
                 Node removal correct: 0 wrong: 0
                 Old state correct: 2 wrong: 0
2019-07-16 12:55:45,182	INFO -- Going back to sleep
2019-07-16 12:58:15,282	INFO -- Time for an update_step iteration! 2019-07-16 12:58:15.282321
2019-07-16 12:58:15,480	INFO -- Cluster was stable for 150 seconds till 2019-07-16 12:58:15.283018, calculating best transition
2019-07-16 12:58:15,669	INFO -- Execution was added to the knowledge base with load: 0.0
2019-07-16 12:58:15,827	INFO -- No node could be shutdown for improvement, because all nodes have a statefull set
2019-07-16 12:58:15,874	INFO -- Costs for all options: current= 0.20716721986694336, removal= inf, old_best= 0.20716721986694336
2019-07-16 12:58:15,874	INFO -- Staying with current execution, but randomly changing one random pod
2019-07-16 12:58:15,988	INFO -- moving: php-apache-5f657688bc-nh4pr to gke-demo-cluster-1-default-pool-6f471531-j7f1 using deployment name: php-apache
2019-07-16 12:58:24,659	INFO -- pod php-apache-5f657688bc-nh4pr is deleted
2019-07-16 12:58:24,691	INFO -- Movement succeeded
2019-07-16 12:58:24,873	INFO -- went correct
2019-07-16 12:58:24,873	INFO -- Update step finished: 2019-07-16 12:58:24.873688
2019-07-16 12:58:24,873	INFO -- Current scores
                 Not stable: 18
                 All nodes full: 1
                 Migration correct: 11 wrong: 1 chance blocked: 0
                 Node removal correct: 0 wrong: 0
                 Old state correct: 2 wrong: 0
2019-07-16 12:58:24,874	INFO -- Going back to sleep
2019-07-16 13:00:54,973	INFO -- Time for an update_step iteration! 2019-07-16 13:00:54.973102
2019-07-16 13:00:55,156	INFO -- Cluster was not stable, waiting for the next time_window to check stability
2019-07-16 13:00:55,156	INFO -- Update step finished: 2019-07-16 13:00:55.156456
2019-07-16 13:00:55,156	INFO -- Current scores
                 Not stable: 19
                 All nodes full: 1
                 Migration correct: 11 wrong: 1 chance blocked: 0
                 Node removal correct: 0 wrong: 0
                 Old state correct: 2 wrong: 0
2019-07-16 13:00:55,156	INFO -- Going back to sleep
2019-07-16 13:03:25,254	INFO -- Time for an update_step iteration! 2019-07-16 13:03:25.253988
2019-07-16 13:03:25,432	INFO -- Cluster was stable for 150 seconds till 2019-07-16 13:03:25.254738, calculating best transition
2019-07-16 13:03:25,574	INFO -- Execution was added to the knowledge base with load: 0.0
2019-07-16 13:03:25,635	INFO -- No node could be shutdown for improvement, because all nodes have a statefull set
2019-07-16 13:03:25,726	INFO -- Costs for all options: current= 0.20716721986694336, removal= inf, old_best= 0.20716721986694336
2019-07-16 13:03:25,726	INFO -- Staying with current execution, but randomly changing one random pod
2019-07-16 13:03:25,841	INFO -- moving: php-apache-5f657688bc-wdlsh to gke-demo-cluster-1-default-pool-6f471531-j7f1 using deployment name: php-apache
2019-07-16 13:03:34,662	INFO -- pod php-apache-5f657688bc-wdlsh is deleted
2019-07-16 13:03:34,717	INFO -- Movement failed
2019-07-16 13:03:34,865	INFO -- went wrong: <class 'kubernetes_tools.migrate_pod.PodScheduledOnWrongNodeException'>
2019-07-16 13:03:34,866	INFO -- Update step finished: 2019-07-16 13:03:34.866334
2019-07-16 13:03:34,866	INFO -- Current scores
                 Not stable: 19
                 All nodes full: 1
                 Migration correct: 11 wrong: 2 chance blocked: 0
                 Node removal correct: 0 wrong: 0
                 Old state correct: 2 wrong: 0
2019-07-16 13:03:34,866	INFO -- Going back to sleep
2019-07-16 13:06:04,965	INFO -- Time for an update_step iteration! 2019-07-16 13:06:04.965126
2019-07-16 13:06:05,216	INFO -- Cluster was stable for 150 seconds till 2019-07-16 13:06:04.965478, calculating best transition
2019-07-16 13:06:05,397	INFO -- Execution was added to the knowledge base with load: 0.0
2019-07-16 13:06:05,473	INFO -- No node could be shutdown for improvement, because all nodes have a statefull set
2019-07-16 13:06:05,614	INFO -- Costs for all options: current= 0.20716721986694336, removal= inf, old_best= 0.20716721986694336
2019-07-16 13:06:05,614	INFO -- Staying with current execution, but randomly changing one random pod
2019-07-16 13:06:05,729	INFO -- moving: php-apache-5f657688bc-6bdsq to gke-demo-cluster-1-default-pool-6f471531-j7f1 using deployment name: php-apache
2019-07-16 13:06:14,653	INFO -- pod php-apache-5f657688bc-6bdsq is deleted
2019-07-16 13:06:14,682	INFO -- Movement failed
2019-07-16 13:06:14,855	INFO -- went wrong: <class 'kubernetes_tools.migrate_pod.PodScheduledOnWrongNodeException'>
2019-07-16 13:06:14,856	INFO -- Update step finished: 2019-07-16 13:06:14.856389
2019-07-16 13:06:14,856	INFO -- Current scores
                 Not stable: 19
                 All nodes full: 1
                 Migration correct: 11 wrong: 3 chance blocked: 0
                 Node removal correct: 0 wrong: 0
                 Old state correct: 2 wrong: 0
2019-07-16 13:06:14,856	INFO -- Going back to sleep
