2019-08-06 01:37:55,126	INFO -- Settings: TopologyGenerator/settings-php_apache.json
2019-08-06 01:37:55,201	INFO -- Graphdatabase emptied
2019-08-06 01:37:55,201	INFO -- Waiting for warmup to finish. 1800 seconds
2019-08-06 02:07:55,278	INFO -- Going to sleep for 240 seconds
2019-08-06 02:11:55,377	INFO -- Time for an update_step iteration! 2019-08-06 02:11:55.377225
2019-08-06 02:11:55,971	INFO -- Cluster was not stable, waiting for retry window (24 seconds) to try again
2019-08-06 02:12:20,591	INFO -- Cluster was stable for 240 seconds till 2019-08-06 02:12:19.996525, calculating best transition
2019-08-06 02:12:21,673	INFO -- Execution was added to the knowledge base with load: 4581.322965681076
2019-08-06 02:12:22,033	INFO -- No node could be shutdown for improvement, because all nodes have a statefull set
2019-08-06 02:12:22,207	INFO -- Costs for all options: current= 0.25125988388061526, removal= inf, old_best= 0.25125988388061526
2019-08-06 02:12:22,207	INFO -- Staying with current execution, but randomly changing one random pod
2019-08-06 02:12:23,043	INFO -- moving: php-apache-5f657688bc-2lzcf to gke-demo-cluster-1-default-pool-6f471531-5n82 using deployment name: php-apache
2019-08-06 02:12:34,401	INFO -- pod php-apache-5f657688bc-2lzcf is deleted
2019-08-06 02:12:34,595	INFO -- Movement succeeded
2019-08-06 02:12:35,250	INFO -- went correct
2019-08-06 02:12:35,251	INFO -- Update step finished: 2019-08-06 02:12:35.251764
2019-08-06 02:12:35,252	INFO -- Current scores
                 Not stable: 0
                 All nodes full: 0
                 Migration correct: 1 wrong: 0 chance blocked: 0
                 Node removal correct: 0 wrong: 0
                 Old state correct: 0 wrong: 0
2019-08-06 02:12:35,252	INFO -- Going to sleep for 240 seconds
2019-08-06 02:16:35,277	INFO -- Time for an update_step iteration! 2019-08-06 02:16:35.277344
2019-08-06 02:16:35,877	INFO -- Cluster was not stable, waiting for retry window (24 seconds) to try again
2019-08-06 02:17:00,518	INFO -- Cluster was stable for 240 seconds till 2019-08-06 02:16:59.902608, calculating best transition
2019-08-06 02:17:01,074	INFO -- Execution was added to the knowledge base with load: 4596.4775113312735
2019-08-06 02:17:01,439	INFO -- No node could be shutdown for improvement, because all nodes have a statefull set
2019-08-06 02:17:01,753	INFO -- Costs for all options: current= 0.25125988388061526, removal= inf, old_best= 0.25125988388061526
2019-08-06 02:17:01,754	INFO -- Staying with current execution, but randomly changing one random pod
2019-08-06 02:17:02,570	INFO -- moving: php-apache-5f657688bc-5shjf to gke-demo-cluster-1-default-pool-6f471531-sxjh using deployment name: php-apache
2019-08-06 02:17:14,387	INFO -- pod php-apache-5f657688bc-5shjf is deleted
2019-08-06 02:17:14,585	INFO -- Movement succeeded
2019-08-06 02:17:15,199	INFO -- went correct
2019-08-06 02:17:15,199	INFO -- Update step finished: 2019-08-06 02:17:15.199940
2019-08-06 02:17:15,200	INFO -- Current scores
                 Not stable: 0
                 All nodes full: 0
                 Migration correct: 2 wrong: 0 chance blocked: 0
                 Node removal correct: 0 wrong: 0
                 Old state correct: 0 wrong: 0
2019-08-06 02:17:15,201	INFO -- Going to sleep for 240 seconds
2019-08-06 02:21:15,277	INFO -- Time for an update_step iteration! 2019-08-06 02:21:15.277358
2019-08-06 02:21:15,888	INFO -- Cluster was not stable, waiting for retry window (24 seconds) to try again
2019-08-06 02:21:40,506	INFO -- Cluster was stable for 240 seconds till 2019-08-06 02:21:39.913164, calculating best transition
2019-08-06 02:21:41,040	INFO -- Execution was added to the knowledge base with load: 4593.384515403715
2019-08-06 02:21:41,341	INFO -- No node could be shutdown for improvement, because all nodes have a statefull set
2019-08-06 02:21:41,832	INFO -- Costs for all options: current= 0.25125988388061526, removal= inf, old_best= 0.25125988388061526
2019-08-06 02:21:41,833	INFO -- Staying with current execution, but randomly changing one random pod
2019-08-06 02:21:42,627	INFO -- moving: php-apache-5f657688bc-k7qbq to gke-demo-cluster-1-default-pool-6f471531-5n82 using deployment name: php-apache
2019-08-06 02:21:54,389	INFO -- pod php-apache-5f657688bc-k7qbq is deleted
2019-08-06 02:21:54,603	INFO -- Movement failed
2019-08-06 02:21:54,918	INFO -- went wrong: <class 'kubernetes_tools.migrate_pod.PodScheduledOnWrongNodeException'>
2019-08-06 02:21:54,918	INFO -- Update step finished: 2019-08-06 02:21:54.918631
2019-08-06 02:21:54,918	INFO -- Current scores
                 Not stable: 0
                 All nodes full: 0
                 Migration correct: 2 wrong: 1 chance blocked: 0
                 Node removal correct: 0 wrong: 0
                 Old state correct: 0 wrong: 0
2019-08-06 02:21:54,919	INFO -- Going to sleep for 240 seconds
2019-08-06 02:25:55,017	INFO -- Time for an update_step iteration! 2019-08-06 02:25:55.017350
2019-08-06 02:25:55,616	INFO -- Cluster was stable for 240 seconds till 2019-08-06 02:25:55.018101, calculating best transition
2019-08-06 02:25:56,112	INFO -- Execution was added to the knowledge base with load: 4520.704306746032
2019-08-06 02:25:56,508	INFO -- No node could be shutdown for improvement, because all nodes have a statefull set
2019-08-06 02:25:57,086	INFO -- Costs for all options: current= 0.25125988388061526, removal= inf, old_best= 0.2512598838806152
2019-08-06 02:25:57,087	INFO -- Update step finished: 2019-08-06 02:25:57.087734
2019-08-06 02:25:57,088	INFO -- Current scores
                 Not stable: 0
                 All nodes full: 0
                 Migration correct: 2 wrong: 1 chance blocked: 1
                 Node removal correct: 0 wrong: 0
                 Old state correct: 0 wrong: 0
2019-08-06 02:25:57,089	INFO -- Going to sleep for 240 seconds
2019-08-06 02:29:57,133	INFO -- Time for an update_step iteration! 2019-08-06 02:29:57.133173
2019-08-06 02:29:57,759	INFO -- Cluster was stable for 240 seconds till 2019-08-06 02:29:57.133950, calculating best transition
2019-08-06 02:29:58,308	INFO -- Execution was added to the knowledge base with load: 4567.123265024946
2019-08-06 02:29:58,698	INFO -- No node could be shutdown for improvement, because all nodes have a statefull set
2019-08-06 02:29:59,424	INFO -- Costs for all options: current= 0.25125988388061526, removal= inf, old_best= 0.2512598838806152
2019-08-06 02:29:59,425	INFO -- Staying with current execution, but randomly changing one random pod
2019-08-06 02:30:00,283	INFO -- moving: php-apache-5f657688bc-w9hhs to gke-demo-cluster-1-default-pool-6f471531-sxjh using deployment name: php-apache
2019-08-06 02:30:14,385	INFO -- pod php-apache-5f657688bc-w9hhs is deleted
2019-08-06 02:30:14,643	INFO -- Movement failed
2019-08-06 02:30:14,971	INFO -- went wrong: <class 'kubernetes_tools.migrate_pod.PodScheduledOnWrongNodeException'>
2019-08-06 02:30:14,973	INFO -- Update step finished: 2019-08-06 02:30:14.973796
2019-08-06 02:30:14,974	INFO -- Current scores
                 Not stable: 0
                 All nodes full: 0
                 Migration correct: 2 wrong: 2 chance blocked: 1
                 Node removal correct: 0 wrong: 0
                 Old state correct: 0 wrong: 0
2019-08-06 02:30:14,975	INFO -- Going to sleep for 240 seconds
2019-08-06 02:34:15,075	INFO -- Time for an update_step iteration! 2019-08-06 02:34:15.075771
2019-08-06 02:34:15,684	INFO -- Cluster was stable for 240 seconds till 2019-08-06 02:34:15.076582, calculating best transition
2019-08-06 02:34:16,292	INFO -- Execution was added to the knowledge base with load: 4605.288399047619
2019-08-06 02:34:16,744	INFO -- No node could be shutdown for improvement, because all nodes have a statefull set
2019-08-06 02:34:17,586	INFO -- Costs for all options: current= 0.25125988388061526, removal= inf, old_best= 0.2512598838806152
2019-08-06 02:34:17,587	INFO -- Update step finished: 2019-08-06 02:34:17.586992
2019-08-06 02:34:17,587	INFO -- Current scores
                 Not stable: 0
                 All nodes full: 0
                 Migration correct: 2 wrong: 2 chance blocked: 2
                 Node removal correct: 0 wrong: 0
                 Old state correct: 0 wrong: 0
2019-08-06 02:34:17,588	INFO -- Going to sleep for 240 seconds
2019-08-06 02:38:17,646	INFO -- Time for an update_step iteration! 2019-08-06 02:38:17.645989
2019-08-06 02:38:18,230	INFO -- Cluster was stable for 240 seconds till 2019-08-06 02:38:17.646779, calculating best transition
2019-08-06 02:38:18,888	INFO -- Execution was added to the knowledge base with load: 4586.648888888889
2019-08-06 02:38:19,349	INFO -- No node could be shutdown for improvement, because all nodes have a statefull set
2019-08-06 02:38:20,354	INFO -- Costs for all options: current= 0.25125988388061526, removal= inf, old_best= 0.2512598838806152
2019-08-06 02:38:20,355	INFO -- Update step finished: 2019-08-06 02:38:20.355849
2019-08-06 02:38:20,356	INFO -- Current scores
                 Not stable: 0
                 All nodes full: 0
                 Migration correct: 2 wrong: 2 chance blocked: 3
                 Node removal correct: 0 wrong: 0
                 Old state correct: 0 wrong: 0
2019-08-06 02:38:20,357	INFO -- Going to sleep for 240 seconds
2019-08-06 02:42:20,384	INFO -- Time for an update_step iteration! 2019-08-06 02:42:20.384742
2019-08-06 02:42:20,896	INFO -- Cluster was not stable, waiting for retry window (24 seconds) to try again
2019-08-06 02:42:45,348	INFO -- Cluster was not stable, waiting for retry window (24 seconds) to try again
2019-08-06 02:43:09,784	INFO -- Cluster was not stable, waiting for retry window (24 seconds) to try again
2019-08-06 02:43:34,223	INFO -- Cluster was not stable, waiting for retry window (24 seconds) to try again
2019-08-06 02:43:58,791	INFO -- Cluster was not stable, waiting for retry window (24 seconds) to try again
2019-08-06 02:44:23,173	INFO -- Cluster was not stable, waiting for retry window (24 seconds) to try again
2019-08-06 02:44:47,530	INFO -- Cluster was not stable, waiting for retry window (24 seconds) to try again
2019-08-06 02:45:12,074	INFO -- Cluster was not stable, waiting for retry window (24 seconds) to try again
2019-08-06 02:45:36,679	INFO -- Cluster was not stable, waiting for retry window (24 seconds) to try again
2019-08-06 02:46:01,116	INFO -- Cluster was not stable, waiting for retry window (24 seconds) to try again
2019-08-06 02:46:25,483	INFO -- Cluster was not stable, waiting for retry window (24 seconds) to try again
2019-08-06 02:46:49,796	INFO -- Cluster was not stable, waiting for retry window (24 seconds) to try again
2019-08-06 02:47:14,126	INFO -- Cluster was not stable, waiting for retry window (24 seconds) to try again
2019-08-06 02:47:38,432	INFO -- Cluster was not stable, waiting for retry window (24 seconds) to try again
2019-08-06 02:48:02,749	INFO -- Cluster was not stable, waiting for retry window (24 seconds) to try again
2019-08-06 02:48:27,082	INFO -- Cluster was not stable, waiting for retry window (24 seconds) to try again
2019-08-06 02:48:51,411	INFO -- Cluster was not stable, waiting for retry window (24 seconds) to try again
2019-08-06 02:49:16,013	INFO -- Cluster was stable for 240 seconds till 2019-08-06 02:49:15.436385, calculating best transition
2019-08-06 02:49:16,893	INFO -- Execution was added to the knowledge base with load: 18526.90541543549
2019-08-06 02:49:17,565	INFO -- No node could be shutdown for improvement, because all the resources are needed
2019-08-06 02:49:17,725	INFO -- Costs for all options: current= 0.5862730430603028, removal= inf, old_best= 0.5862730430603028
2019-08-06 02:49:17,725	INFO -- Staying with current execution, but randomly changing one random pod
2019-08-06 02:49:19,098	INFO -- moving: php-apache-5f657688bc-d9dkz to gke-demo-cluster-1-default-pool-6f471531-193w using deployment name: php-apache
2019-08-06 02:49:22,036	INFO -- pod php-apache-5f657688bc-d9dkz is deleted
2019-08-06 02:49:22,419	INFO -- Movement succeeded
2019-08-06 02:49:23,389	INFO -- went correct
2019-08-06 02:49:23,390	INFO -- Update step finished: 2019-08-06 02:49:23.390349
2019-08-06 02:49:23,391	INFO -- Current scores
                 Not stable: 0
                 All nodes full: 0
                 Migration correct: 3 wrong: 2 chance blocked: 3
                 Node removal correct: 0 wrong: 0
                 Old state correct: 0 wrong: 0
2019-08-06 02:49:23,391	INFO -- Going to sleep for 240 seconds
2019-08-06 02:53:23,396	INFO -- Time for an update_step iteration! 2019-08-06 02:53:23.396838
2019-08-06 02:53:24,110	INFO -- Cluster was not stable, waiting for retry window (24 seconds) to try again
2019-08-06 02:53:48,732	INFO -- Cluster was not stable, waiting for retry window (24 seconds) to try again
2019-08-06 02:54:13,334	INFO -- Cluster was not stable, waiting for retry window (24 seconds) to try again
2019-08-06 02:54:38,091	INFO -- Cluster was not stable, waiting for retry window (24 seconds) to try again
2019-08-06 02:55:02,713	INFO -- Cluster was not stable, waiting for retry window (24 seconds) to try again
2019-08-06 02:55:27,341	INFO -- Cluster was not stable, waiting for retry window (24 seconds) to try again
2019-08-06 02:55:52,002	INFO -- Cluster was not stable, waiting for retry window (24 seconds) to try again
2019-08-06 02:56:16,638	INFO -- Cluster was not stable, waiting for retry window (24 seconds) to try again
2019-08-06 02:56:41,288	INFO -- Cluster was not stable, waiting for retry window (24 seconds) to try again
2019-08-06 02:57:05,924	INFO -- Cluster was not stable, waiting for retry window (24 seconds) to try again
2019-08-06 02:57:30,612	INFO -- Cluster was stable for 240 seconds till 2019-08-06 02:57:29.945342, calculating best transition
2019-08-06 02:57:31,248	INFO -- Execution was added to the knowledge base with load: 4281.274937947488
2019-08-06 02:57:32,665	INFO -- Costs for all options: current= 0.5862730430603028, removal= 0.5025197677612305, old_best= 0.2512598838806152
2019-08-06 02:57:32,666	INFO -- Changing to old_best_execution found in time: 2019-08-06 02:21:55.018000
2019-08-06 02:57:33,065	INFO -- The old_best required stateful sets to be moved, so therefore was blocked
2019-08-06 02:57:34,277	INFO -- Costs for all options: current= 0.5862730430603028, removal= 0.5025197677612305, old_best= 0.25125988388061526
2019-08-06 02:57:34,277	INFO -- Changing to old_best_execution found in time: 2019-08-06 02:12:59.902000
2019-08-06 02:57:34,599	INFO -- The old_best required stateful sets to be moved, so therefore was blocked
2019-08-06 02:57:35,685	INFO -- Costs for all options: current= 0.5862730430603028, removal= 0.5025197677612305, old_best= 0.25125988388061526
2019-08-06 02:57:35,686	INFO -- Changing to old_best_execution found in time: 2019-08-06 02:25:57.133000
2019-08-06 02:57:36,010	INFO -- The old_best required stateful sets to be moved, so therefore was blocked
2019-08-06 02:57:36,944	INFO -- Costs for all options: current= 0.5862730430603028, removal= 0.5025197677612305, old_best= 0.25125988388061526
2019-08-06 02:57:36,945	INFO -- Changing to old_best_execution found in time: 2019-08-06 02:08:19.996000
2019-08-06 02:57:37,263	INFO -- The old_best required stateful sets to be moved, so therefore was blocked
2019-08-06 02:57:37,991	INFO -- Costs for all options: current= 0.5862730430603028, removal= 0.5025197677612305, old_best= 0.25125988388061526
2019-08-06 02:57:37,992	INFO -- Changing to old_best_execution found in time: 2019-08-06 02:17:39.913000
2019-08-06 02:57:38,273	INFO -- The old_best required stateful sets to be moved, so therefore was blocked
2019-08-06 02:57:38,775	INFO -- Costs for all options: current= 0.5862730430603028, removal= 0.5025197677612305, old_best= 0.25125988388061526
2019-08-06 02:57:38,775	INFO -- Changing to old_best_execution found in time: 2019-08-06 02:34:17.646000
2019-08-06 02:57:38,997	INFO -- The old_best required stateful sets to be moved, so therefore was blocked
2019-08-06 02:57:39,357	INFO -- Costs for all options: current= 0.5862730430603028, removal= 0.5025197677612305, old_best= 0.25125988388061526
2019-08-06 02:57:39,358	INFO -- Changing to old_best_execution found in time: 2019-08-06 02:30:15.076000
2019-08-06 02:57:39,613	INFO -- The old_best required stateful sets to be moved, so therefore was blocked
2019-08-06 02:57:39,964	INFO -- Costs for all options: current= 0.5862730430603028, removal= 0.5025197677612305, old_best= 0.5862730430603028
2019-08-06 02:57:39,965	INFO -- Removing node: gke-demo-cluster-1-default-pool-6f471531-193w
2019-08-06 02:57:40,448	INFO -- Deleting node: gke-demo-cluster-1-default-pool-6f471531-193w
2019-08-06 02:57:41,513	INFO -- Deletion successful, node: gke-demo-cluster-1-default-pool-6f471531-193w
2019-08-06 02:57:41,514	INFO -- NODE_REMOVAL=gke-demo-cluster-1-default-pool-6f471531-193w
2019-08-06 02:57:41,516	INFO -- went correct
2019-08-06 02:57:41,516	INFO -- Update step finished: 2019-08-06 02:57:41.516722
2019-08-06 02:57:41,517	INFO -- Current scores
                 Not stable: 0
                 All nodes full: 0
                 Migration correct: 3 wrong: 2 chance blocked: 3
                 Node removal correct: 1 wrong: 0
                 Old state correct: 0 wrong: 0
2019-08-06 02:57:41,517	INFO -- Going to sleep for 240 seconds
2019-08-06 03:01:41,609	INFO -- Time for an update_step iteration! 2019-08-06 03:01:41.609330
2019-08-06 03:01:41,890	INFO -- Cluster was not stable, waiting for retry window (24 seconds) to try again
2019-08-06 03:02:06,532	INFO -- Cluster was not stable, waiting for retry window (24 seconds) to try again
2019-08-06 03:02:30,842	INFO -- Cluster was not stable, waiting for retry window (24 seconds) to try again
2019-08-06 03:02:55,146	INFO -- Cluster was not stable, waiting for retry window (24 seconds) to try again
2019-08-06 03:03:19,458	INFO -- Cluster was not stable, waiting for retry window (24 seconds) to try again
2019-08-06 03:03:43,770	INFO -- Cluster was not stable, waiting for retry window (24 seconds) to try again
2019-08-06 03:04:08,108	INFO -- Cluster was not stable, waiting for retry window (24 seconds) to try again
2019-08-06 03:04:32,418	INFO -- Cluster was not stable, waiting for retry window (24 seconds) to try again
2019-08-06 03:04:56,706	INFO -- Cluster was not stable, waiting for retry window (24 seconds) to try again
2019-08-06 03:05:21,019	INFO -- Cluster was not stable, waiting for retry window (24 seconds) to try again
2019-08-06 03:05:45,322	INFO -- Cluster was not stable, waiting for retry window (24 seconds) to try again
2019-08-06 03:06:09,638	INFO -- Cluster was not stable, waiting for retry window (24 seconds) to try again
2019-08-06 03:06:33,955	INFO -- Cluster was not stable, waiting for retry window (24 seconds) to try again
2019-08-06 03:06:58,268	INFO -- Cluster was not stable, waiting for retry window (24 seconds) to try again
2019-08-06 03:07:22,582	INFO -- Cluster was not stable, waiting for retry window (24 seconds) to try again
2019-08-06 03:07:47,342	INFO -- Cluster was not stable, waiting for retry window (24 seconds) to try again
2019-08-06 03:08:12,645	INFO -- Cluster was stable for 240 seconds till 2019-08-06 03:08:11.367820, calculating best transition
2019-08-06 03:08:13,464	INFO -- Execution was added to the knowledge base with load: 4523.21721999916
2019-08-06 03:08:13,708	INFO -- No node could be shutdown for improvement, because all nodes have a statefull set
2019-08-06 03:08:13,860	INFO -- Costs for all options: current= 0.251259854888916, removal= inf, old_best= 0.251259854888916
2019-08-06 03:08:13,860	INFO -- Staying with current execution, but randomly changing one random pod
2019-08-06 03:08:14,510	INFO -- moving: php-apache-5f657688bc-6gwrf to gke-demo-cluster-1-default-pool-6f471531-sxjh using deployment name: php-apache
2019-08-06 03:08:18,530	INFO -- pod php-apache-5f657688bc-6gwrf is deleted
2019-08-06 03:08:18,754	INFO -- Movement failed
2019-08-06 03:08:19,085	INFO -- went wrong: <class 'kubernetes_tools.migrate_pod.PodScheduledOnWrongNodeException'>
2019-08-06 03:08:19,087	INFO -- Update step finished: 2019-08-06 03:08:19.087282
2019-08-06 03:08:19,087	INFO -- Current scores
                 Not stable: 0
                 All nodes full: 0
                 Migration correct: 3 wrong: 3 chance blocked: 3
                 Node removal correct: 1 wrong: 0
                 Old state correct: 0 wrong: 0
2019-08-06 03:08:19,088	INFO -- Going to sleep for 240 seconds
2019-08-06 03:12:19,136	INFO -- Time for an update_step iteration! 2019-08-06 03:12:19.136362
2019-08-06 03:12:19,445	INFO -- Cluster was not stable, waiting for retry window (24 seconds) to try again
2019-08-06 03:12:43,757	INFO -- Cluster was not stable, waiting for retry window (24 seconds) to try again
2019-08-06 03:13:08,042	INFO -- Cluster was not stable, waiting for retry window (24 seconds) to try again
2019-08-06 03:13:32,380	INFO -- Cluster was not stable, waiting for retry window (24 seconds) to try again
2019-08-06 03:13:57,009	INFO -- Cluster was stable for 240 seconds till 2019-08-06 03:13:56.405817, calculating best transition
2019-08-06 03:13:57,948	INFO -- Execution was added to the knowledge base with load: 4647.997201239141
2019-08-06 03:13:58,325	INFO -- Costs for all options: current= 0.3350131591796875, removal= 0.251259854888916, old_best= 0.251259854888916
2019-08-06 03:13:58,326	INFO -- Removing node: gke-demo-cluster-1-default-pool-6f471531-193w
2019-08-06 03:13:58,809	INFO -- Deleting node: gke-demo-cluster-1-default-pool-6f471531-193w
2019-08-06 03:13:59,770	INFO -- Deletion successful, node: gke-demo-cluster-1-default-pool-6f471531-193w
2019-08-06 03:13:59,771	INFO -- NODE_REMOVAL=gke-demo-cluster-1-default-pool-6f471531-193w
2019-08-06 03:13:59,772	INFO -- went correct
2019-08-06 03:13:59,772	INFO -- Update step finished: 2019-08-06 03:13:59.772787
2019-08-06 03:13:59,773	INFO -- Current scores
                 Not stable: 0
                 All nodes full: 0
                 Migration correct: 3 wrong: 3 chance blocked: 3
                 Node removal correct: 2 wrong: 0
                 Old state correct: 0 wrong: 0
2019-08-06 03:13:59,773	INFO -- Going to sleep for 240 seconds
2019-08-06 03:17:59,833	INFO -- Time for an update_step iteration! 2019-08-06 03:17:59.833511
2019-08-06 03:18:00,144	INFO -- Cluster was not stable, waiting for retry window (24 seconds) to try again
2019-08-06 03:18:24,818	INFO -- Cluster was stable for 240 seconds till 2019-08-06 03:18:24.164003, calculating best transition
2019-08-06 03:18:25,291	INFO -- Execution was added to the knowledge base with load: 4693.0704189857925
2019-08-06 03:18:25,548	INFO -- No node could be shutdown for improvement, because all nodes have a statefull set
2019-08-06 03:18:25,700	INFO -- Costs for all options: current= 0.251259854888916, removal= inf, old_best= 0.251259854888916
2019-08-06 03:18:25,701	INFO -- Update step finished: 2019-08-06 03:18:25.701477
2019-08-06 03:18:25,702	INFO -- Current scores
                 Not stable: 0
                 All nodes full: 0
                 Migration correct: 3 wrong: 3 chance blocked: 4
                 Node removal correct: 2 wrong: 0
                 Old state correct: 0 wrong: 0
2019-08-06 03:18:25,702	INFO -- Going to sleep for 240 seconds
2019-08-06 03:22:25,758	INFO -- Time for an update_step iteration! 2019-08-06 03:22:25.758294
2019-08-06 03:22:26,405	INFO -- Cluster was not stable, waiting for retry window (24 seconds) to try again
2019-08-06 03:22:51,137	INFO -- Cluster was not stable, waiting for retry window (24 seconds) to try again
2019-08-06 03:23:15,735	INFO -- Cluster was not stable, waiting for retry window (24 seconds) to try again
2019-08-06 03:23:40,334	INFO -- Cluster was not stable, waiting for retry window (24 seconds) to try again
2019-08-06 03:24:04,943	INFO -- Cluster was stable for 240 seconds till 2019-08-06 03:24:04.357394, calculating best transition
2019-08-06 03:24:05,436	INFO -- Execution was added to the knowledge base with load: 4702.173536654563
2019-08-06 03:24:05,737	INFO -- No node could be shutdown for improvement, because all nodes have a statefull set
2019-08-06 03:24:05,895	INFO -- Costs for all options: current= 0.251259854888916, removal= inf, old_best= 0.251259854888916
2019-08-06 03:24:05,896	INFO -- Staying with current execution, but randomly changing one random pod
2019-08-06 03:24:06,708	INFO -- moving: php-apache-5f657688bc-5q79v to gke-demo-cluster-1-default-pool-6f471531-sxjh using deployment name: php-apache
2019-08-06 03:24:09,801	INFO -- pod php-apache-5f657688bc-5q79v is deleted
2019-08-06 03:24:10,020	INFO -- Movement succeeded
2019-08-06 03:24:10,634	INFO -- went correct
2019-08-06 03:24:10,635	INFO -- Update step finished: 2019-08-06 03:24:10.635610
2019-08-06 03:24:10,636	INFO -- Current scores
                 Not stable: 0
                 All nodes full: 0
                 Migration correct: 4 wrong: 3 chance blocked: 4
                 Node removal correct: 2 wrong: 0
                 Old state correct: 0 wrong: 0
2019-08-06 03:24:10,636	INFO -- Going to sleep for 240 seconds
2019-08-06 03:28:10,737	INFO -- Time for an update_step iteration! 2019-08-06 03:28:10.737240
2019-08-06 03:28:11,040	INFO -- Cluster was not stable, waiting for retry window (24 seconds) to try again
2019-08-06 03:28:35,342	INFO -- Cluster was not stable, waiting for retry window (24 seconds) to try again
2019-08-06 03:28:59,660	INFO -- Cluster was not stable, waiting for retry window (24 seconds) to try again
2019-08-06 03:29:23,951	INFO -- Cluster was not stable, waiting for retry window (24 seconds) to try again
2019-08-06 03:29:48,562	INFO -- Cluster was not stable, waiting for retry window (24 seconds) to try again
2019-08-06 03:30:13,138	INFO -- Cluster was not stable, waiting for retry window (24 seconds) to try again
2019-08-06 03:30:37,779	INFO -- Cluster was not stable, waiting for retry window (24 seconds) to try again
2019-08-06 03:31:02,399	INFO -- Cluster was stable for 240 seconds till 2019-08-06 03:31:01.804283, calculating best transition
2019-08-06 03:31:03,024	INFO -- Execution was added to the knowledge base with load: 4538.955821644505
2019-08-06 03:31:03,520	INFO -- Costs for all options: current= 0.3350131301879883, removal= 0.251259854888916, old_best= 0.251259854888916
2019-08-06 03:31:03,520	INFO -- Removing node: gke-demo-cluster-1-default-pool-6f471531-193w
2019-08-06 03:31:04,084	INFO -- Deleting node: gke-demo-cluster-1-default-pool-6f471531-193w
2019-08-06 03:31:05,097	INFO -- Deletion successful, node: gke-demo-cluster-1-default-pool-6f471531-193w
2019-08-06 03:31:05,098	INFO -- NODE_REMOVAL=gke-demo-cluster-1-default-pool-6f471531-193w
2019-08-06 03:31:05,099	INFO -- went correct
2019-08-06 03:31:05,099	INFO -- Update step finished: 2019-08-06 03:31:05.099834
2019-08-06 03:31:05,100	INFO -- Current scores
                 Not stable: 0
                 All nodes full: 0
                 Migration correct: 4 wrong: 3 chance blocked: 4
                 Node removal correct: 3 wrong: 0
                 Old state correct: 0 wrong: 0
2019-08-06 03:31:05,100	INFO -- Going to sleep for 240 seconds
2019-08-06 03:35:05,133	INFO -- Time for an update_step iteration! 2019-08-06 03:35:05.133896
2019-08-06 03:35:05,414	INFO -- Cluster was not stable, waiting for retry window (24 seconds) to try again
2019-08-06 03:35:30,039	INFO -- Cluster was not stable, waiting for retry window (24 seconds) to try again
2019-08-06 03:35:54,670	INFO -- Cluster was not stable, waiting for retry window (24 seconds) to try again
2019-08-06 03:36:19,333	INFO -- Cluster was not stable, waiting for retry window (24 seconds) to try again
2019-08-06 03:36:43,960	INFO -- Cluster was not stable, waiting for retry window (24 seconds) to try again
2019-08-06 03:37:08,566	INFO -- Cluster was not stable, waiting for retry window (24 seconds) to try again
2019-08-06 03:37:33,195	INFO -- Cluster was not stable, waiting for retry window (24 seconds) to try again
2019-08-06 03:37:57,834	INFO -- Cluster was not stable, waiting for retry window (24 seconds) to try again
2019-08-06 03:38:22,450	INFO -- Cluster was not stable, waiting for retry window (24 seconds) to try again
2019-08-06 03:38:47,087	INFO -- Cluster was not stable, waiting for retry window (24 seconds) to try again
2019-08-06 03:39:12,002	INFO -- Cluster was not stable, waiting for retry window (24 seconds) to try again
2019-08-06 03:39:36,701	INFO -- Cluster was not stable, waiting for retry window (24 seconds) to try again
2019-08-06 03:40:01,466	INFO -- Cluster was not stable, waiting for retry window (24 seconds) to try again
2019-08-06 03:40:26,121	INFO -- Cluster was not stable, waiting for retry window (24 seconds) to try again
2019-08-06 03:40:50,910	INFO -- Cluster was not stable, waiting for retry window (24 seconds) to try again
2019-08-06 03:41:15,577	INFO -- Cluster was not stable, waiting for retry window (24 seconds) to try again
2019-08-06 03:41:40,266	INFO -- Cluster was not stable, waiting for retry window (24 seconds) to try again
2019-08-06 03:42:04,723	INFO -- Cluster was not stable, waiting for retry window (24 seconds) to try again
2019-08-06 03:42:29,126	INFO -- Cluster was not stable, waiting for retry window (24 seconds) to try again
2019-08-06 03:42:53,724	INFO -- Cluster was not stable, waiting for retry window (24 seconds) to try again
2019-08-06 03:43:18,354	INFO -- Cluster was not stable, waiting for retry window (24 seconds) to try again
2019-08-06 03:43:42,734	INFO -- Cluster was not stable, waiting for retry window (24 seconds) to try again
2019-08-06 03:44:07,204	INFO -- Cluster was not stable, waiting for retry window (24 seconds) to try again
2019-08-06 03:44:31,539	INFO -- Cluster was not stable, waiting for retry window (24 seconds) to try again
2019-08-06 03:44:55,866	INFO -- Cluster was not stable, waiting for retry window (24 seconds) to try again
2019-08-06 03:45:20,297	INFO -- Cluster was not stable, waiting for retry window (24 seconds) to try again
2019-08-06 03:45:44,695	INFO -- Cluster was not stable, waiting for retry window (24 seconds) to try again
2019-08-06 03:46:09,197	INFO -- Cluster was not stable, waiting for retry window (24 seconds) to try again
2019-08-06 03:46:33,641	INFO -- Cluster was not stable, waiting for retry window (24 seconds) to try again
2019-08-06 03:46:58,233	INFO -- Cluster was not stable, waiting for retry window (24 seconds) to try again
2019-08-06 03:47:22,676	INFO -- Cluster was not stable, waiting for retry window (24 seconds) to try again
2019-08-06 03:47:47,035	INFO -- Cluster was not stable, waiting for retry window (24 seconds) to try again
2019-08-06 03:48:11,364	INFO -- Cluster was not stable, waiting for retry window (24 seconds) to try again
2019-08-06 03:48:35,704	INFO -- Cluster was not stable, waiting for retry window (24 seconds) to try again
2019-08-06 03:49:00,053	INFO -- Cluster was not stable, waiting for retry window (24 seconds) to try again
2019-08-06 03:49:24,418	INFO -- Cluster was not stable, waiting for retry window (24 seconds) to try again
2019-08-06 03:49:48,728	INFO -- Cluster was not stable, waiting for retry window (24 seconds) to try again
2019-08-06 03:50:13,017	INFO -- Cluster was not stable, waiting for retry window (24 seconds) to try again
2019-08-06 03:50:37,626	INFO -- Cluster was not stable, waiting for retry window (24 seconds) to try again
2019-08-06 03:51:02,273	INFO -- Cluster was not stable, waiting for retry window (24 seconds) to try again
2019-08-06 03:51:26,923	INFO -- Cluster was not stable, waiting for retry window (24 seconds) to try again
2019-08-06 03:51:51,526	INFO -- Cluster was not stable, waiting for retry window (24 seconds) to try again
2019-08-06 03:52:16,130	INFO -- Cluster was not stable, waiting for retry window (24 seconds) to try again
2019-08-06 03:52:40,735	INFO -- Cluster was not stable, waiting for retry window (24 seconds) to try again
2019-08-06 03:53:05,384	INFO -- Cluster was not stable, waiting for retry window (24 seconds) to try again
2019-08-06 03:53:30,004	INFO -- Cluster was not stable, waiting for retry window (24 seconds) to try again
2019-08-06 03:53:54,636	INFO -- Cluster was not stable, waiting for retry window (24 seconds) to try again
2019-08-06 03:54:19,350	INFO -- Cluster was not stable, waiting for retry window (24 seconds) to try again
2019-08-06 03:54:43,949	INFO -- Cluster was not stable, waiting for retry window (24 seconds) to try again
2019-08-06 03:55:08,584	INFO -- Cluster was not stable, waiting for retry window (24 seconds) to try again
2019-08-06 03:55:33,240	INFO -- Cluster was not stable, waiting for retry window (24 seconds) to try again
2019-08-06 03:55:57,834	INFO -- Cluster was not stable, waiting for retry window (24 seconds) to try again
2019-08-06 03:56:22,434	INFO -- Cluster was not stable, waiting for retry window (24 seconds) to try again
2019-08-06 03:56:47,059	INFO -- Cluster was not stable, waiting for retry window (24 seconds) to try again
2019-08-06 03:57:11,683	INFO -- Cluster was not stable, waiting for retry window (24 seconds) to try again
2019-08-06 03:57:36,288	INFO -- Cluster was not stable, waiting for retry window (24 seconds) to try again
2019-08-06 03:58:00,901	INFO -- Cluster was not stable, waiting for retry window (24 seconds) to try again
2019-08-06 03:58:25,522	INFO -- Cluster was not stable, waiting for retry window (24 seconds) to try again
2019-08-06 03:58:50,119	INFO -- Cluster was stable for 240 seconds till 2019-08-06 03:58:49.547199, calculating best transition
2019-08-06 03:58:50,828	INFO -- Execution was added to the knowledge base with load: 4293.266685874215
2019-08-06 03:58:51,478	INFO -- Costs for all options: current= 0.6700262893676759, removal= 0.5862730140686035, old_best= 0.251259854888916
2019-08-06 03:58:51,479	INFO -- Changing to old_best_execution found in time: 2019-08-06 03:14:24.164000
2019-08-06 03:58:51,943	INFO -- The old_best required stateful sets to be moved, so therefore was blocked
2019-08-06 03:58:52,600	INFO -- Costs for all options: current= 0.6700262893676759, removal= 0.5862730140686035, old_best= 0.25125985488891606
2019-08-06 03:58:52,601	INFO -- Changing to old_best_execution found in time: 2019-08-06 03:20:04.357000
2019-08-06 03:58:53,010	INFO -- The old_best required stateful sets to be moved, so therefore was blocked
2019-08-06 03:58:53,514	INFO -- Costs for all options: current= 0.6700262893676759, removal= 0.5862730140686035, old_best= 0.251259854888916
2019-08-06 03:58:53,515	INFO -- Changing to old_best_execution found in time: 2019-08-06 03:04:11.367000
2019-08-06 03:58:53,906	INFO -- The old_best required stateful sets to be moved, so therefore was blocked
2019-08-06 03:58:54,361	INFO -- Costs for all options: current= 0.6700262893676759, removal= 0.5862730140686035, old_best= 0.33501313018798834
2019-08-06 03:58:54,362	INFO -- Changing to old_best_execution found in time: 2019-08-06 03:27:01.804000
2019-08-06 03:58:54,718	INFO -- The old_best required stateful sets to be moved, so therefore was blocked
2019-08-06 03:58:55,184	INFO -- Costs for all options: current= 0.6700262893676759, removal= 0.5862730140686035, old_best= 0.3350131591796875
2019-08-06 03:58:55,185	INFO -- Changing to old_best_execution found in time: 2019-08-06 03:09:56.405000
2019-08-06 03:58:55,579	INFO -- The old_best required stateful sets to be moved, so therefore was blocked
2019-08-06 03:58:56,004	INFO -- Costs for all options: current= 0.6700262893676759, removal= 0.5862730140686035, old_best= 0.5862730430603028
2019-08-06 03:58:56,005	INFO -- Removing node: gke-demo-cluster-1-default-pool-6f471531-kmxc
2019-08-06 03:58:56,540	INFO -- moving: php-apache-5f657688bc-9xjnh to gke-demo-cluster-1-default-pool-6f471531-193w using deployment name: php-apache
2019-08-06 03:59:09,658	INFO -- pod php-apache-5f657688bc-9xjnh is deleted
2019-08-06 03:59:09,844	INFO -- Movement succeeded
2019-08-06 03:59:10,510	INFO -- Deleting node: gke-demo-cluster-1-default-pool-6f471531-kmxc
2019-08-06 03:59:11,585	INFO -- Deletion successful, node: gke-demo-cluster-1-default-pool-6f471531-kmxc
2019-08-06 03:59:11,587	INFO -- NODE_REMOVAL=gke-demo-cluster-1-default-pool-6f471531-kmxc
2019-08-06 03:59:11,588	INFO -- went correct
2019-08-06 03:59:11,589	INFO -- Update step finished: 2019-08-06 03:59:11.589070
2019-08-06 03:59:11,589	INFO -- Current scores
                 Not stable: 0
                 All nodes full: 0
                 Migration correct: 4 wrong: 3 chance blocked: 4
                 Node removal correct: 4 wrong: 0
                 Old state correct: 0 wrong: 0
2019-08-06 03:59:11,589	INFO -- Going to sleep for 240 seconds
2019-08-06 04:03:11,690	INFO -- Time for an update_step iteration! 2019-08-06 04:03:11.690740
2019-08-06 04:03:11,969	INFO -- Cluster was not stable, waiting for retry window (24 seconds) to try again
2019-08-06 04:03:36,304	INFO -- Cluster was not stable, waiting for retry window (24 seconds) to try again
2019-08-06 04:04:00,620	INFO -- Cluster was not stable, waiting for retry window (24 seconds) to try again
2019-08-06 04:04:24,921	INFO -- Cluster was not stable, waiting for retry window (24 seconds) to try again
2019-08-06 04:04:49,232	INFO -- Cluster was not stable, waiting for retry window (24 seconds) to try again
2019-08-06 04:05:13,560	INFO -- Cluster was not stable, waiting for retry window (24 seconds) to try again
2019-08-06 04:05:37,867	INFO -- Cluster was not stable, waiting for retry window (24 seconds) to try again
2019-08-06 04:06:02,234	INFO -- Cluster was not stable, waiting for retry window (24 seconds) to try again
2019-08-06 04:06:26,596	INFO -- Cluster was not stable, waiting for retry window (24 seconds) to try again
2019-08-06 04:06:50,915	INFO -- Cluster was not stable, waiting for retry window (24 seconds) to try again
2019-08-06 04:07:15,223	INFO -- Cluster was not stable, waiting for retry window (24 seconds) to try again
2019-08-06 04:07:39,799	INFO -- Cluster was not stable, waiting for retry window (24 seconds) to try again
2019-08-06 04:08:04,495	INFO -- Cluster was stable for 240 seconds till 2019-08-06 04:08:03.821340, calculating best transition
2019-08-06 04:08:04,998	INFO -- Execution was added to the knowledge base with load: 4499.580319772053
2019-08-06 04:08:05,368	INFO -- Costs for all options: current= 0.3350131301879883, removal= 0.251259854888916, old_best= 0.3350131301879883
2019-08-06 04:08:05,369	INFO -- Removing node: gke-demo-cluster-1-default-pool-6f471531-b87d
2019-08-06 04:08:05,823	INFO -- moving: php-apache-5f657688bc-dmmbv to gke-demo-cluster-1-default-pool-6f471531-193w using deployment name: php-apache
2019-08-06 04:08:12,264	INFO -- pod php-apache-5f657688bc-dmmbv is deleted
2019-08-06 04:08:12,435	INFO -- Movement succeeded
2019-08-06 04:08:13,115	INFO -- moving: php-apache-5f657688bc-w58bp to gke-demo-cluster-1-default-pool-6f471531-193w using deployment name: php-apache
2019-08-06 04:08:22,286	INFO -- pod php-apache-5f657688bc-w58bp is deleted
2019-08-06 04:08:22,495	INFO -- Movement succeeded
2019-08-06 04:08:23,135	INFO -- Deleting node: gke-demo-cluster-1-default-pool-6f471531-b87d
2019-08-06 04:08:24,183	INFO -- Deletion successful, node: gke-demo-cluster-1-default-pool-6f471531-b87d
2019-08-06 04:08:24,184	INFO -- NODE_REMOVAL=gke-demo-cluster-1-default-pool-6f471531-b87d
2019-08-06 04:08:24,185	INFO -- went correct
2019-08-06 04:08:24,185	INFO -- Update step finished: 2019-08-06 04:08:24.185843
2019-08-06 04:08:24,186	INFO -- Current scores
                 Not stable: 0
                 All nodes full: 0
                 Migration correct: 4 wrong: 3 chance blocked: 4
                 Node removal correct: 5 wrong: 0
                 Old state correct: 0 wrong: 0
2019-08-06 04:08:24,186	INFO -- Going to sleep for 240 seconds
2019-08-06 04:12:24,205	INFO -- Time for an update_step iteration! 2019-08-06 04:12:24.205341
2019-08-06 04:12:24,542	INFO -- Cluster was not stable, waiting for retry window (24 seconds) to try again
2019-08-06 04:12:48,863	INFO -- Cluster was not stable, waiting for retry window (24 seconds) to try again
2019-08-06 04:13:13,272	INFO -- Cluster was not stable, waiting for retry window (24 seconds) to try again
2019-08-06 04:13:37,624	INFO -- Cluster was not stable, waiting for retry window (24 seconds) to try again
2019-08-06 04:14:01,919	INFO -- Cluster was not stable, waiting for retry window (24 seconds) to try again
2019-08-06 04:14:26,245	INFO -- Cluster was not stable, waiting for retry window (24 seconds) to try again
2019-08-06 04:14:50,559	INFO -- Cluster was not stable, waiting for retry window (24 seconds) to try again
2019-08-06 04:15:14,872	INFO -- Cluster was not stable, waiting for retry window (24 seconds) to try again
2019-08-06 04:15:39,203	INFO -- Cluster was not stable, waiting for retry window (24 seconds) to try again
2019-08-06 04:16:03,505	INFO -- Cluster was not stable, waiting for retry window (24 seconds) to try again
2019-08-06 04:16:27,811	INFO -- Cluster was not stable, waiting for retry window (24 seconds) to try again
2019-08-06 04:16:52,402	INFO -- Cluster was stable for 240 seconds till 2019-08-06 04:16:51.812599, calculating best transition
2019-08-06 04:16:53,386	INFO -- Execution was added to the knowledge base with load: 4598.728113267644
2019-08-06 04:16:53,871	INFO -- Costs for all options: current= 0.3350131591796875, removal= 0.251259854888916, old_best= 0.3350131301879883
2019-08-06 04:16:53,871	INFO -- Removing node: gke-demo-cluster-1-default-pool-6f471531-kmxc
2019-08-06 04:16:54,431	INFO -- Deleting node: gke-demo-cluster-1-default-pool-6f471531-kmxc
2019-08-06 04:16:55,773	INFO -- Deletion successful, node: gke-demo-cluster-1-default-pool-6f471531-kmxc
2019-08-06 04:16:55,774	INFO -- NODE_REMOVAL=gke-demo-cluster-1-default-pool-6f471531-kmxc
2019-08-06 04:16:55,775	INFO -- went correct
2019-08-06 04:16:55,775	INFO -- Update step finished: 2019-08-06 04:16:55.775908
2019-08-06 04:16:55,776	INFO -- Current scores
                 Not stable: 0
                 All nodes full: 0
                 Migration correct: 4 wrong: 3 chance blocked: 4
                 Node removal correct: 6 wrong: 0
                 Old state correct: 0 wrong: 0
2019-08-06 04:16:55,776	INFO -- Going to sleep for 240 seconds
2019-08-06 04:20:55,794	INFO -- Time for an update_step iteration! 2019-08-06 04:20:55.794277
2019-08-06 04:20:56,397	INFO -- Cluster was stable for 240 seconds till 2019-08-06 04:20:55.795098, calculating best transition
2019-08-06 04:20:56,980	INFO -- Execution was added to the knowledge base with load: 4595.491709819945
2019-08-06 04:20:57,538	INFO -- Costs for all options: current= 0.3350131301879883, removal= 0.251259854888916, old_best= 0.3350131301879883
2019-08-06 04:20:57,539	INFO -- Removing node: gke-demo-cluster-1-default-pool-6f471531-b87d
2019-08-06 04:20:58,125	INFO -- Deleting node: gke-demo-cluster-1-default-pool-6f471531-b87d
2019-08-06 04:20:59,154	INFO -- Deletion successful, node: gke-demo-cluster-1-default-pool-6f471531-b87d
2019-08-06 04:20:59,155	INFO -- NODE_REMOVAL=gke-demo-cluster-1-default-pool-6f471531-b87d
2019-08-06 04:20:59,156	INFO -- went correct
2019-08-06 04:20:59,156	INFO -- Update step finished: 2019-08-06 04:20:59.156752
2019-08-06 04:20:59,157	INFO -- Current scores
                 Not stable: 0
                 All nodes full: 0
                 Migration correct: 4 wrong: 3 chance blocked: 4
                 Node removal correct: 7 wrong: 0
                 Old state correct: 0 wrong: 0
2019-08-06 04:20:59,157	INFO -- Going to sleep for 240 seconds
2019-08-06 04:24:59,258	INFO -- Time for an update_step iteration! 2019-08-06 04:24:59.257959
2019-08-06 04:24:59,535	INFO -- Cluster was not stable, waiting for retry window (24 seconds) to try again
2019-08-06 04:25:24,124	INFO -- Cluster was stable for 240 seconds till 2019-08-06 04:25:23.545213, calculating best transition
2019-08-06 04:25:24,617	INFO -- Execution was added to the knowledge base with load: 4660.37846853641
2019-08-06 04:25:25,000	INFO -- No node could be shutdown for improvement, because all nodes have a statefull set
2019-08-06 04:25:25,152	INFO -- Costs for all options: current= 0.251259854888916, removal= inf, old_best= 0.25125985488891606
2019-08-06 04:25:25,153	INFO -- Staying with current execution, but randomly changing one random pod
2019-08-06 04:25:25,995	INFO -- moving: php-apache-5f657688bc-rq7ds to gke-demo-cluster-1-default-pool-6f471531-5n82 using deployment name: php-apache
2019-08-06 04:25:38,816	INFO -- pod php-apache-5f657688bc-rq7ds is deleted
2019-08-06 04:25:39,062	INFO -- Movement succeeded
2019-08-06 04:25:39,805	INFO -- went correct
2019-08-06 04:25:39,806	INFO -- Update step finished: 2019-08-06 04:25:39.806596
2019-08-06 04:25:39,807	INFO -- Current scores
                 Not stable: 0
                 All nodes full: 0
                 Migration correct: 5 wrong: 3 chance blocked: 4
                 Node removal correct: 7 wrong: 0
                 Old state correct: 0 wrong: 0
2019-08-06 04:25:39,807	INFO -- Going to sleep for 240 seconds
2019-08-06 04:29:39,844	INFO -- Time for an update_step iteration! 2019-08-06 04:29:39.844805
2019-08-06 04:29:40,127	INFO -- Cluster was not stable, waiting for retry window (24 seconds) to try again
2019-08-06 04:30:04,452	INFO -- Cluster was not stable, waiting for retry window (24 seconds) to try again
2019-08-06 04:30:28,759	INFO -- Cluster was not stable, waiting for retry window (24 seconds) to try again
2019-08-06 04:30:53,060	INFO -- Cluster was not stable, waiting for retry window (24 seconds) to try again
2019-08-06 04:31:17,371	INFO -- Cluster was not stable, waiting for retry window (24 seconds) to try again
2019-08-06 04:31:41,674	INFO -- Cluster was not stable, waiting for retry window (24 seconds) to try again
2019-08-06 04:32:06,008	INFO -- Cluster was not stable, waiting for retry window (24 seconds) to try again
2019-08-06 04:32:30,318	INFO -- Cluster was not stable, waiting for retry window (24 seconds) to try again
2019-08-06 04:32:54,637	INFO -- Cluster was not stable, waiting for retry window (24 seconds) to try again
2019-08-06 04:33:18,959	INFO -- Cluster was not stable, waiting for retry window (24 seconds) to try again
2019-08-06 04:33:43,281	INFO -- Cluster was not stable, waiting for retry window (24 seconds) to try again
2019-08-06 04:34:07,601	INFO -- Cluster was not stable, waiting for retry window (24 seconds) to try again
2019-08-06 04:34:31,929	INFO -- Cluster was not stable, waiting for retry window (24 seconds) to try again
2019-08-06 04:34:56,261	INFO -- Cluster was not stable, waiting for retry window (24 seconds) to try again
2019-08-06 04:35:20,577	INFO -- Cluster was not stable, waiting for retry window (24 seconds) to try again
2019-08-06 04:35:44,887	INFO -- Cluster was not stable, waiting for retry window (24 seconds) to try again
2019-08-06 04:36:09,222	INFO -- Cluster was not stable, waiting for retry window (24 seconds) to try again
2019-08-06 04:36:33,536	INFO -- Cluster was not stable, waiting for retry window (24 seconds) to try again
2019-08-06 04:36:58,125	INFO -- Cluster was stable for 240 seconds till 2019-08-06 04:36:57.540787, calculating best transition
2019-08-06 04:36:58,783	INFO -- Execution was added to the knowledge base with load: 4629.356363847882
2019-08-06 04:36:59,378	INFO -- Costs for all options: current= 0.418766463470459, removal= 0.3350131591796875, old_best= 0.25125985488891606
2019-08-06 04:36:59,379	INFO -- Changing to old_best_execution found in time: 2019-08-06 04:21:23.545000
2019-08-06 04:37:00,398	INFO -- Deleting node: gke-demo-cluster-1-default-pool-6f471531-b87d
2019-08-06 04:37:01,692	INFO -- Deletion successful, node: gke-demo-cluster-1-default-pool-6f471531-b87d
2019-08-06 04:37:01,693	INFO -- NODE_REMOVAL=gke-demo-cluster-1-default-pool-6f471531-b87d
2019-08-06 04:37:01,694	INFO -- Deleting node: gke-demo-cluster-1-default-pool-6f471531-kmxc
2019-08-06 04:37:02,656	INFO -- Deletion successful, node: gke-demo-cluster-1-default-pool-6f471531-kmxc
2019-08-06 04:37:02,657	INFO -- NODE_REMOVAL=gke-demo-cluster-1-default-pool-6f471531-kmxc
2019-08-06 04:37:02,659	INFO -- went correct
2019-08-06 04:37:02,659	INFO -- Update step finished: 2019-08-06 04:37:02.659721
2019-08-06 04:37:02,660	INFO -- Current scores
                 Not stable: 0
                 All nodes full: 0
                 Migration correct: 5 wrong: 3 chance blocked: 4
                 Node removal correct: 7 wrong: 0
                 Old state correct: 1 wrong: 0
2019-08-06 04:37:02,660	INFO -- Going to sleep for 240 seconds
2019-08-06 04:41:02,761	INFO -- Time for an update_step iteration! 2019-08-06 04:41:02.761080
2019-08-06 04:41:03,065	INFO -- Cluster was not stable, waiting for retry window (24 seconds) to try again
2019-08-06 04:41:27,813	INFO -- Cluster was not stable, waiting for retry window (24 seconds) to try again
2019-08-06 04:41:52,528	INFO -- Cluster was not stable, waiting for retry window (24 seconds) to try again
2019-08-06 04:42:17,194	INFO -- Cluster was not stable, waiting for retry window (24 seconds) to try again
2019-08-06 04:42:41,910	INFO -- Cluster was not stable, waiting for retry window (24 seconds) to try again
2019-08-06 04:43:06,926	INFO -- Cluster was not stable, waiting for retry window (24 seconds) to try again
2019-08-06 04:43:31,593	INFO -- Cluster was not stable, waiting for retry window (24 seconds) to try again
2019-08-06 04:43:56,211	INFO -- Cluster was stable for 240 seconds till 2019-08-06 04:43:55.617139, calculating best transition
2019-08-06 04:43:56,946	INFO -- Execution was added to the knowledge base with load: 6230.6320894793325
2019-08-06 04:43:56,946	INFO -- went wrong: <class 'SmartKubernetesSchedular.time_window.PodHasScaledWhileAnalysingException'>
2019-08-06 04:43:56,946	INFO -- Update step finished: 2019-08-06 04:43:56.946647
2019-08-06 04:43:56,946	INFO -- Current scores
                 Not stable: 0
                 All nodes full: 0
                 Migration correct: 5 wrong: 3 chance blocked: 4
                 Node removal correct: 7 wrong: 0
                 Old state correct: 1 wrong: 0
2019-08-06 04:43:56,946	INFO -- Going to sleep for 240 seconds
2019-08-06 04:47:57,047	INFO -- Time for an update_step iteration! 2019-08-06 04:47:57.047040
2019-08-06 04:47:57,835	INFO -- Cluster was stable for 240 seconds till 2019-08-06 04:47:57.047829, calculating best transition
2019-08-06 04:47:58,558	INFO -- Execution was added to the knowledge base with load: 16103.871362460017
2019-08-06 04:47:58,559	INFO -- went wrong: <class 'SmartKubernetesSchedular.time_window.PodHasScaledWhileAnalysingException'>
2019-08-06 04:47:58,560	INFO -- Update step finished: 2019-08-06 04:47:58.559998
2019-08-06 04:47:58,560	INFO -- Current scores
                 Not stable: 0
                 All nodes full: 0
                 Migration correct: 5 wrong: 3 chance blocked: 4
                 Node removal correct: 7 wrong: 0
                 Old state correct: 1 wrong: 0
2019-08-06 04:47:58,560	INFO -- Going to sleep for 240 seconds
2019-08-06 04:51:58,645	INFO -- Time for an update_step iteration! 2019-08-06 04:51:58.645039
2019-08-06 04:51:59,243	INFO -- Cluster was not stable, waiting for retry window (24 seconds) to try again
2019-08-06 04:52:23,560	INFO -- Cluster was not stable, waiting for retry window (24 seconds) to try again
2019-08-06 04:52:47,877	INFO -- Cluster was not stable, waiting for retry window (24 seconds) to try again
2019-08-06 04:53:12,223	INFO -- Cluster was not stable, waiting for retry window (24 seconds) to try again
2019-08-06 04:53:36,520	INFO -- Cluster was not stable, waiting for retry window (24 seconds) to try again
2019-08-06 04:54:00,851	INFO -- Cluster was not stable, waiting for retry window (24 seconds) to try again
2019-08-06 04:54:25,173	INFO -- Cluster was not stable, waiting for retry window (24 seconds) to try again
2019-08-06 04:54:49,506	INFO -- Cluster was not stable, waiting for retry window (24 seconds) to try again
2019-08-06 04:55:13,797	INFO -- Cluster was not stable, waiting for retry window (24 seconds) to try again
2019-08-06 04:55:38,145	INFO -- Cluster was not stable, waiting for retry window (24 seconds) to try again
2019-08-06 04:56:02,455	INFO -- Cluster was not stable, waiting for retry window (24 seconds) to try again
2019-08-06 04:56:26,758	INFO -- Cluster was not stable, waiting for retry window (24 seconds) to try again
2019-08-06 04:56:51,068	INFO -- Cluster was not stable, waiting for retry window (24 seconds) to try again
2019-08-06 04:57:15,386	INFO -- Cluster was not stable, waiting for retry window (24 seconds) to try again
2019-08-06 04:57:39,703	INFO -- Cluster was not stable, waiting for retry window (24 seconds) to try again
2019-08-06 04:58:04,614	INFO -- Cluster was not stable, waiting for retry window (24 seconds) to try again
2019-08-06 04:58:29,215	INFO -- Cluster was not stable, waiting for retry window (24 seconds) to try again
2019-08-06 04:58:53,838	INFO -- Cluster was not stable, waiting for retry window (24 seconds) to try again
2019-08-06 04:59:18,488	INFO -- Cluster was not stable, waiting for retry window (24 seconds) to try again
2019-08-06 04:59:43,117	INFO -- Cluster was not stable, waiting for retry window (24 seconds) to try again
2019-08-06 05:00:07,754	INFO -- Cluster was not stable, waiting for retry window (24 seconds) to try again
2019-08-06 05:00:32,374	INFO -- Cluster was not stable, waiting for retry window (24 seconds) to try again
2019-08-06 05:00:57,114	INFO -- Cluster was not stable, waiting for retry window (24 seconds) to try again
2019-08-06 05:01:21,760	INFO -- Cluster was not stable, waiting for retry window (24 seconds) to try again
2019-08-06 05:01:46,412	INFO -- Cluster was not stable, waiting for retry window (24 seconds) to try again
2019-08-06 05:02:11,045	INFO -- Cluster was not stable, waiting for retry window (24 seconds) to try again
2019-08-06 05:02:35,659	INFO -- Cluster was not stable, waiting for retry window (24 seconds) to try again
2019-08-06 05:03:00,280	INFO -- Cluster was not stable, waiting for retry window (24 seconds) to try again
2019-08-06 05:03:24,909	INFO -- Cluster was not stable, waiting for retry window (24 seconds) to try again
2019-08-06 05:03:49,557	INFO -- Cluster was not stable, waiting for retry window (24 seconds) to try again
2019-08-06 05:04:14,202	INFO -- Cluster was stable for 240 seconds till 2019-08-06 05:04:13.581197, calculating best transition
2019-08-06 05:04:14,920	INFO -- Execution was added to the knowledge base with load: 4343.79616934747
2019-08-06 05:04:15,578	INFO -- Costs for all options: current= 0.4187664344787598, removal= 0.3350131301879883, old_best= 0.3350131301879883
2019-08-06 05:04:15,579	INFO -- Removing node: gke-demo-cluster-1-default-pool-6f471531-b87d
2019-08-06 05:04:16,363	INFO -- moving: php-apache-5f657688bc-vww7z to gke-demo-cluster-1-default-pool-6f471531-193w using deployment name: php-apache
2019-08-06 05:04:17,467	INFO -- pod php-apache-5f657688bc-vww7z is deleted
2019-08-06 05:04:34,354	INFO -- went wrong: <class 'kubernetes_tools.migrate_pod.VerificationTookTooLongException'>
2019-08-06 05:04:34,356	INFO -- Update step finished: 2019-08-06 05:04:34.356167
2019-08-06 05:04:34,356	INFO -- Current scores
                 Not stable: 0
                 All nodes full: 0
                 Migration correct: 5 wrong: 3 chance blocked: 4
                 Node removal correct: 7 wrong: 1
                 Old state correct: 1 wrong: 0
2019-08-06 05:04:34,357	INFO -- Going to sleep for 240 seconds
2019-08-06 05:08:34,445	INFO -- Time for an update_step iteration! 2019-08-06 05:08:34.445434
2019-08-06 05:08:34,763	INFO -- Cluster was not stable, waiting for retry window (24 seconds) to try again
2019-08-06 05:08:59,054	INFO -- Cluster was not stable, waiting for retry window (24 seconds) to try again
2019-08-06 05:09:23,364	INFO -- Cluster was not stable, waiting for retry window (24 seconds) to try again
2019-08-06 05:09:47,687	INFO -- Cluster was not stable, waiting for retry window (24 seconds) to try again
2019-08-06 05:10:11,995	INFO -- Cluster was not stable, waiting for retry window (24 seconds) to try again
2019-08-06 05:10:36,308	INFO -- Cluster was not stable, waiting for retry window (24 seconds) to try again
2019-08-06 05:11:00,622	INFO -- Cluster was not stable, waiting for retry window (24 seconds) to try again
2019-08-06 05:11:24,928	INFO -- Cluster was not stable, waiting for retry window (24 seconds) to try again
2019-08-06 05:11:49,270	INFO -- Cluster was not stable, waiting for retry window (24 seconds) to try again
2019-08-06 05:12:13,647	INFO -- Cluster was not stable, waiting for retry window (24 seconds) to try again
2019-08-06 05:12:38,052	INFO -- Cluster was not stable, waiting for retry window (24 seconds) to try again
2019-08-06 05:13:02,708	INFO -- Cluster was stable for 240 seconds till 2019-08-06 05:13:02.063928, calculating best transition
2019-08-06 05:13:03,290	INFO -- Execution was added to the knowledge base with load: 4526.280164991601
2019-08-06 05:13:03,610	INFO -- No node could be shutdown for improvement, because all nodes have a statefull set
2019-08-06 05:13:03,787	INFO -- Costs for all options: current= 0.251259854888916, removal= inf, old_best= 0.251259854888916
2019-08-06 05:13:03,787	INFO -- Update step finished: 2019-08-06 05:13:03.787769
2019-08-06 05:13:03,788	INFO -- Current scores
                 Not stable: 0
                 All nodes full: 0
                 Migration correct: 5 wrong: 3 chance blocked: 5
                 Node removal correct: 7 wrong: 1
                 Old state correct: 1 wrong: 0
2019-08-06 05:13:03,788	INFO -- Going to sleep for 240 seconds
2019-08-06 05:17:03,889	INFO -- Time for an update_step iteration! 2019-08-06 05:17:03.888983
2019-08-06 05:17:04,508	INFO -- Cluster was stable for 240 seconds till 2019-08-06 05:17:03.889840, calculating best transition
2019-08-06 05:17:05,574	INFO -- Execution was added to the knowledge base with load: 4645.207357959287
2019-08-06 05:17:05,905	INFO -- No node could be shutdown for improvement, because all nodes have a statefull set
2019-08-06 05:17:06,085	INFO -- Costs for all options: current= 0.251259854888916, removal= inf, old_best= 0.251259854888916
2019-08-06 05:17:06,086	INFO -- Update step finished: 2019-08-06 05:17:06.086706
2019-08-06 05:17:06,087	INFO -- Current scores
                 Not stable: 0
                 All nodes full: 0
                 Migration correct: 5 wrong: 3 chance blocked: 6
                 Node removal correct: 7 wrong: 1
                 Old state correct: 1 wrong: 0
2019-08-06 05:17:06,087	INFO -- Going to sleep for 240 seconds
2019-08-06 05:21:06,188	INFO -- Time for an update_step iteration! 2019-08-06 05:21:06.188410
2019-08-06 05:21:06,777	INFO -- Cluster was stable for 240 seconds till 2019-08-06 05:21:06.189303, calculating best transition
2019-08-06 05:21:07,507	INFO -- Execution was added to the knowledge base with load: 4579.484444444444
2019-08-06 05:21:07,914	INFO -- No node could be shutdown for improvement, because all nodes have a statefull set
2019-08-06 05:21:08,214	INFO -- Costs for all options: current= 0.251259854888916, removal= inf, old_best= 0.251259854888916
2019-08-06 05:21:08,215	INFO -- Staying with current execution, but randomly changing one random pod
2019-08-06 05:21:09,180	INFO -- moving: php-apache-5f657688bc-nsktq to gke-demo-cluster-1-default-pool-6f471531-sxjh using deployment name: php-apache
2019-08-06 05:21:18,808	INFO -- pod php-apache-5f657688bc-nsktq is deleted
2019-08-06 05:21:19,072	INFO -- Movement succeeded
2019-08-06 05:21:19,863	INFO -- went correct
2019-08-06 05:21:19,864	INFO -- Update step finished: 2019-08-06 05:21:19.864663
2019-08-06 05:21:19,865	INFO -- Current scores
                 Not stable: 0
                 All nodes full: 0
                 Migration correct: 6 wrong: 3 chance blocked: 6
                 Node removal correct: 7 wrong: 1
                 Old state correct: 1 wrong: 0
2019-08-06 05:21:19,865	INFO -- Going to sleep for 240 seconds
2019-08-06 05:25:19,965	INFO -- Time for an update_step iteration! 2019-08-06 05:25:19.965594
2019-08-06 05:25:20,636	INFO -- Cluster was not stable, waiting for retry window (24 seconds) to try again
2019-08-06 05:25:45,283	INFO -- Cluster was stable for 240 seconds till 2019-08-06 05:25:44.661105, calculating best transition
2019-08-06 05:25:45,875	INFO -- Execution was added to the knowledge base with load: 4524.203377406644
2019-08-06 05:25:46,253	INFO -- No node could be shutdown for improvement, because all nodes have a statefull set
2019-08-06 05:25:46,575	INFO -- Costs for all options: current= 0.251259854888916, removal= inf, old_best= 0.251259854888916
2019-08-06 05:25:46,576	INFO -- Update step finished: 2019-08-06 05:25:46.576473
2019-08-06 05:25:46,577	INFO -- Current scores
                 Not stable: 0
                 All nodes full: 0
                 Migration correct: 6 wrong: 3 chance blocked: 7
                 Node removal correct: 7 wrong: 1
                 Old state correct: 1 wrong: 0
2019-08-06 05:25:46,577	INFO -- Going to sleep for 240 seconds
2019-08-06 05:29:46,678	INFO -- Time for an update_step iteration! 2019-08-06 05:29:46.678221
2019-08-06 05:29:47,323	INFO -- Cluster was stable for 240 seconds till 2019-08-06 05:29:46.678984, calculating best transition
2019-08-06 05:29:47,969	INFO -- Execution was added to the knowledge base with load: 4609.300965713397
2019-08-06 05:29:48,384	INFO -- No node could be shutdown for improvement, because all nodes have a statefull set
2019-08-06 05:29:48,821	INFO -- Costs for all options: current= 0.251259854888916, removal= inf, old_best= 0.251259854888916
2019-08-06 05:29:48,822	INFO -- Update step finished: 2019-08-06 05:29:48.822065
2019-08-06 05:29:48,822	INFO -- Current scores
                 Not stable: 0
                 All nodes full: 0
                 Migration correct: 6 wrong: 3 chance blocked: 8
                 Node removal correct: 7 wrong: 1
                 Old state correct: 1 wrong: 0
2019-08-06 05:29:48,823	INFO -- Going to sleep for 240 seconds
2019-08-06 05:33:48,841	INFO -- Time for an update_step iteration! 2019-08-06 05:33:48.841319
2019-08-06 05:33:49,440	INFO -- Cluster was not stable, waiting for retry window (24 seconds) to try again
2019-08-06 05:34:14,077	INFO -- Cluster was stable for 240 seconds till 2019-08-06 05:34:13.465304, calculating best transition
2019-08-06 05:34:14,667	INFO -- Execution was added to the knowledge base with load: 4660.9793732528005
2019-08-06 05:34:15,007	INFO -- No node could be shutdown for improvement, because all nodes have a statefull set
2019-08-06 05:34:15,604	INFO -- Costs for all options: current= 0.251259854888916, removal= inf, old_best= 0.251259854888916
2019-08-06 05:34:15,604	INFO -- Staying with current execution, but randomly changing one random pod
2019-08-06 05:34:16,413	INFO -- moving: php-apache-5f657688bc-6lzh8 to gke-demo-cluster-1-default-pool-6f471531-193w using deployment name: php-apache
2019-08-06 05:34:19,718	INFO -- pod php-apache-5f657688bc-6lzh8 is deleted
2019-08-06 05:34:19,947	INFO -- Movement succeeded
2019-08-06 05:34:20,714	INFO -- went correct
2019-08-06 05:34:20,715	INFO -- Update step finished: 2019-08-06 05:34:20.715155
2019-08-06 05:34:20,715	INFO -- Current scores
                 Not stable: 0
                 All nodes full: 0
                 Migration correct: 7 wrong: 3 chance blocked: 8
                 Node removal correct: 7 wrong: 1
                 Old state correct: 1 wrong: 0
2019-08-06 05:34:20,716	INFO -- Going to sleep for 240 seconds
