2019-08-06 13:38:11,511	INFO -- Settings: TopologyGenerator/settings-php_apache.json
2019-08-06 13:38:11,650	INFO -- Graphdatabase emptied
2019-08-06 13:38:11,650	INFO -- Waiting for warmup to finish. 1800 seconds
2019-08-06 14:08:11,745	INFO -- Going to sleep for 240 seconds
2019-08-06 14:12:11,826	INFO -- Time for an update_step iteration! 2019-08-06 14:12:11.826012
2019-08-06 14:12:11,833	INFO -- Prometheus connection died, reconnecting
2019-08-06 14:12:12,837	INFO -- Prometheus connection died, reconnecting
2019-08-06 14:12:14,408	INFO -- Cluster was stable for 240 seconds till 2019-08-06 14:12:11.826801, calculating best transition
2019-08-06 14:12:15,155	INFO -- Execution was added to the knowledge base with load: 1994.1955555555555
2019-08-06 14:12:15,513	INFO -- No node could be shutdown for improvement, because all nodes have a statefull set
2019-08-06 14:12:15,674	INFO -- Costs for all options: current= 0.33501318817138676, removal= inf, old_best= 0.33501318817138676
2019-08-06 14:12:15,675	INFO -- Update step finished: 2019-08-06 14:12:15.675726
2019-08-06 14:12:15,676	INFO -- Current scores
                 Not stable: 0
                 All nodes full: 0
                 Migration correct: 0 wrong: 0 chance blocked: 1
                 Node removal correct: 0 wrong: 0
                 Old state correct: 0 wrong: 0
2019-08-06 14:12:15,676	INFO -- Going to sleep for 240 seconds
2019-08-06 14:16:15,777	INFO -- Time for an update_step iteration! 2019-08-06 14:16:15.777583
2019-08-06 14:16:16,351	INFO -- Cluster was stable for 240 seconds till 2019-08-06 14:16:15.778362, calculating best transition
2019-08-06 14:16:16,895	INFO -- Execution was added to the knowledge base with load: 2067.8844444444444
2019-08-06 14:16:17,316	INFO -- No node could be shutdown for improvement, because all nodes have a statefull set
2019-08-06 14:16:17,629	INFO -- Costs for all options: current= 0.33501318817138676, removal= inf, old_best= 0.33501318817138676
2019-08-06 14:16:17,629	INFO -- Staying with current execution, but randomly changing one random pod
2019-08-06 14:16:18,472	INFO -- moving: php-apache-5f657688bc-jgv5p to gke-demo-cluster-1-default-pool-6f471531-5n82 using deployment name: php-apache
2019-08-06 14:16:19,246	INFO -- pod php-apache-5f657688bc-jgv5p is deleted
2019-08-06 14:16:35,550	INFO -- went wrong: <class 'kubernetes_tools.migrate_pod.VerificationTookTooLongException'>
2019-08-06 14:16:35,551	INFO -- Update step finished: 2019-08-06 14:16:35.551514
2019-08-06 14:16:35,551	INFO -- Current scores
                 Not stable: 0
                 All nodes full: 0
                 Migration correct: 0 wrong: 1 chance blocked: 1
                 Node removal correct: 0 wrong: 0
                 Old state correct: 0 wrong: 0
2019-08-06 14:16:35,551	INFO -- Going to sleep for 240 seconds
2019-08-06 14:20:35,652	INFO -- Time for an update_step iteration! 2019-08-06 14:20:35.652087
2019-08-06 14:20:36,230	INFO -- Cluster was not stable, waiting for retry window (24 seconds) to try again
2019-08-06 14:21:00,838	INFO -- Cluster was not stable, waiting for retry window (24 seconds) to try again
2019-08-06 14:21:25,505	INFO -- Cluster was not stable, waiting for retry window (24 seconds) to try again
2019-08-06 14:21:49,532	INFO -- Prometheus connection died, reconnecting
2019-08-06 14:21:50,540	INFO -- Prometheus connection died, reconnecting
2019-08-06 14:21:51,549	INFO -- Prometheus connection died, reconnecting
2019-08-06 14:21:52,561	INFO -- Prometheus connection died, reconnecting
2019-08-06 14:21:53,571	INFO -- Prometheus connection died, reconnecting
2019-08-06 14:21:54,583	INFO -- Prometheus connection died, reconnecting
2019-08-06 14:21:55,592	INFO -- Prometheus connection died, reconnecting
2019-08-06 14:21:56,604	INFO -- Prometheus connection died, reconnecting
2019-08-06 14:21:57,611	INFO -- Prometheus connection died, reconnecting
2019-08-06 14:21:58,620	INFO -- Prometheus connection died, reconnecting
2019-08-06 14:21:59,629	INFO -- Prometheus connection died, reconnecting
2019-08-06 14:22:00,636	INFO -- Prometheus connection died, reconnecting
2019-08-06 14:22:01,644	INFO -- Prometheus connection died, reconnecting
2019-08-06 14:22:02,652	INFO -- Prometheus connection died, reconnecting
2019-08-06 14:22:03,657	INFO -- Prometheus connection died, reconnecting
2019-08-06 14:22:04,666	INFO -- Prometheus connection died, reconnecting
2019-08-06 14:22:05,674	INFO -- Prometheus connection died, reconnecting
2019-08-06 14:22:06,679	INFO -- Prometheus connection died, reconnecting
2019-08-06 14:22:07,684	INFO -- Prometheus connection died, reconnecting
2019-08-06 14:22:08,694	INFO -- Prometheus connection died, reconnecting
2019-08-06 14:22:09,705	INFO -- Prometheus connection died, reconnecting
2019-08-06 14:22:10,713	INFO -- Prometheus connection died, reconnecting
2019-08-06 14:22:11,720	INFO -- Prometheus connection died, reconnecting
2019-08-06 14:22:12,728	INFO -- Prometheus connection died, reconnecting
2019-08-06 14:22:13,735	INFO -- Prometheus connection died, reconnecting
2019-08-06 14:22:14,741	INFO -- Prometheus connection died, reconnecting
2019-08-06 14:22:15,748	INFO -- Prometheus connection died, reconnecting
2019-08-06 14:22:16,756	INFO -- Prometheus connection died, reconnecting
2019-08-06 14:22:17,763	INFO -- Prometheus connection died, reconnecting
2019-08-06 14:22:18,772	INFO -- Prometheus connection died, reconnecting
2019-08-06 14:22:19,784	INFO -- Prometheus connection died, reconnecting
2019-08-06 14:22:20,791	INFO -- Prometheus connection died, reconnecting
2019-08-06 14:22:21,798	INFO -- Prometheus connection died, reconnecting
2019-08-06 14:22:22,805	INFO -- Prometheus connection died, reconnecting
2019-08-06 14:22:23,812	INFO -- Prometheus connection died, reconnecting
2019-08-06 14:22:24,820	INFO -- Prometheus connection died, reconnecting
2019-08-06 14:22:25,828	INFO -- Prometheus connection died, reconnecting
2019-08-06 14:22:26,836	INFO -- Prometheus connection died, reconnecting
2019-08-06 14:22:27,843	INFO -- Prometheus connection died, reconnecting
2019-08-06 14:22:28,851	INFO -- Prometheus connection died, reconnecting
2019-08-06 14:22:29,860	INFO -- Prometheus connection died, reconnecting
2019-08-06 14:22:30,868	INFO -- Prometheus connection died, reconnecting
2019-08-06 14:22:31,876	INFO -- Prometheus connection died, reconnecting
2019-08-06 14:22:32,885	INFO -- Prometheus connection died, reconnecting
2019-08-06 14:22:33,898	INFO -- Prometheus connection died, reconnecting
2019-08-06 14:22:34,905	INFO -- Prometheus connection died, reconnecting
2019-08-06 14:22:35,913	INFO -- Prometheus connection died, reconnecting
2019-08-06 14:22:36,920	INFO -- Prometheus connection died, reconnecting
2019-08-06 14:22:37,926	INFO -- Prometheus connection died, reconnecting
2019-08-06 14:22:38,936	INFO -- Prometheus connection died, reconnecting
2019-08-06 14:22:39,948	INFO -- Prometheus connection died, reconnecting
2019-08-06 14:22:40,960	INFO -- Prometheus connection died, reconnecting
2019-08-06 14:22:41,968	INFO -- Prometheus connection died, reconnecting
2019-08-06 14:22:42,976	INFO -- Prometheus connection died, reconnecting
2019-08-06 14:22:43,983	INFO -- Prometheus connection died, reconnecting
2019-08-06 14:22:44,992	INFO -- Prometheus connection died, reconnecting
2019-08-06 14:22:46,005	INFO -- Prometheus connection died, reconnecting
2019-08-06 14:22:47,018	INFO -- Prometheus connection died, reconnecting
2019-08-06 14:22:48,029	INFO -- Prometheus connection died, reconnecting
2019-08-06 14:22:49,035	INFO -- Prometheus connection died, reconnecting
2019-08-06 14:22:50,044	INFO -- Prometheus connection died, reconnecting
2019-08-06 14:22:51,055	INFO -- Prometheus connection died, reconnecting
2019-08-06 14:22:52,063	INFO -- Prometheus connection died, reconnecting
2019-08-06 14:22:53,072	INFO -- Prometheus connection died, reconnecting
2019-08-06 14:22:54,080	INFO -- Prometheus connection died, reconnecting
2019-08-06 14:22:55,089	INFO -- Prometheus connection died, reconnecting
2019-08-06 14:22:56,099	INFO -- Prometheus connection died, reconnecting
2019-08-06 14:22:57,104	INFO -- Prometheus connection died, reconnecting
2019-08-06 14:22:58,111	INFO -- Prometheus connection died, reconnecting
2019-08-06 14:22:59,120	INFO -- Prometheus connection died, reconnecting
2019-08-06 14:23:00,132	INFO -- Prometheus connection died, reconnecting
2019-08-06 14:23:01,140	INFO -- Prometheus connection died, reconnecting
2019-08-06 14:23:02,148	INFO -- Prometheus connection died, reconnecting
2019-08-06 14:23:03,155	INFO -- Prometheus connection died, reconnecting
2019-08-06 14:23:04,164	INFO -- Prometheus connection died, reconnecting
2019-08-06 14:23:05,176	INFO -- Prometheus connection died, reconnecting
2019-08-06 14:23:06,182	INFO -- Prometheus connection died, reconnecting
2019-08-06 14:23:07,189	INFO -- Prometheus connection died, reconnecting
2019-08-06 14:23:08,197	INFO -- Prometheus connection died, reconnecting
2019-08-06 14:23:09,204	INFO -- Prometheus connection died, reconnecting
2019-08-06 14:23:10,213	INFO -- Prometheus connection died, reconnecting
2019-08-06 14:23:11,224	INFO -- Prometheus connection died, reconnecting
2019-08-06 14:23:12,227	INFO -- Prometheus connection died, reconnecting
2019-08-06 14:23:13,231	INFO -- Prometheus connection died, reconnecting
2019-08-06 14:23:14,236	INFO -- Prometheus connection died, reconnecting
2019-08-06 14:23:15,241	INFO -- Prometheus connection died, reconnecting
2019-08-06 14:23:16,245	INFO -- Prometheus connection died, reconnecting
2019-08-06 14:23:17,253	INFO -- Prometheus connection died, reconnecting
2019-08-06 14:23:18,258	INFO -- Prometheus connection died, reconnecting
2019-08-06 14:23:19,262	INFO -- Prometheus connection died, reconnecting
2019-08-06 14:23:20,266	INFO -- Prometheus connection died, reconnecting
2019-08-06 14:23:21,270	INFO -- Prometheus connection died, reconnecting
2019-08-06 14:23:22,274	INFO -- Prometheus connection died, reconnecting
2019-08-06 14:23:23,278	INFO -- Prometheus connection died, reconnecting
2019-08-06 14:23:24,282	INFO -- Prometheus connection died, reconnecting
2019-08-06 14:23:25,287	INFO -- Prometheus connection died, reconnecting
2019-08-06 14:23:26,290	INFO -- Prometheus connection died, reconnecting
2019-08-06 14:23:27,295	INFO -- Prometheus connection died, reconnecting
2019-08-06 14:23:28,299	INFO -- Prometheus connection died, reconnecting
2019-08-06 14:23:29,303	INFO -- Prometheus connection died, reconnecting
2019-08-06 14:23:30,305	ERROR -- 'NoneType' object has no attribute 'json'
Traceback (most recent call last):
  File "/media/thijs/SSD2/University/2018-2019/Thesis/DynamicTopologySelection/TopologyGenerator/SmartKubernetesSchedular/moderator.py", line 212, in main
    tuning_loop(time_window, load_extractor, settings)
  File "/media/thijs/SSD2/University/2018-2019/Thesis/DynamicTopologySelection/TopologyGenerator/SmartKubernetesSchedular/moderator.py", line 156, in tuning_loop
    while not update_step(time_window, load_extractor, settings):
  File "/media/thijs/SSD2/University/2018-2019/Thesis/DynamicTopologySelection/TopologyGenerator/SmartKubernetesSchedular/moderator.py", line 122, in update_step
    if cluster_stable(end_time, time_window, settings):
  File "/media/thijs/SSD2/University/2018-2019/Thesis/DynamicTopologySelection/TopologyGenerator/kubernetes_tools/cluster_stability.py", line 51, in cluster_stable
    if cpu_scaled(start_time, end_time, settings):
  File "/media/thijs/SSD2/University/2018-2019/Thesis/DynamicTopologySelection/TopologyGenerator/kubernetes_tools/cluster_stability.py", line 12, in cpu_scaled
    result = prometheus_request(num_cpu_query.format(prom=settings["prometheus_address"], time=start_time.timestamp())).json()
AttributeError: 'NoneType' object has no attribute 'json'
