2019-08-07 13:39:26,427	INFO -- Settings: TopologyGenerator/settings-php_apache.json
2019-08-07 13:39:26,528	INFO -- Graphdatabase emptied
2019-08-07 13:39:26,528	INFO -- Waiting for warmup to finish. 1800 seconds
2019-08-07 14:09:26,625	INFO -- Going to sleep for 240 seconds
2019-08-07 14:13:26,701	INFO -- Time for an update_step iteration! 2019-08-07 14:13:26.701396
2019-08-07 14:13:26,709	INFO -- Prometheus connection died, reconnecting
2019-08-07 14:13:27,719	INFO -- Prometheus connection died, reconnecting
2019-08-07 14:13:29,329	INFO -- Cluster was stable for 240 seconds till 2019-08-07 14:13:26.702207, calculating best transition
2019-08-07 14:13:30,099	INFO -- Execution was added to the knowledge base with load: 4610.845592646749
2019-08-07 14:13:30,500	INFO -- No node could be shutdown for improvement, because all nodes have a statefull set
2019-08-07 14:13:30,649	INFO -- Costs for all options: current= 0.25125988388061526, removal= inf, old_best= 0.2512598838806152
2019-08-07 14:13:30,649	INFO -- Update step finished: 2019-08-07 14:13:30.649868
2019-08-07 14:13:30,650	INFO -- Current scores
                 Not stable: 0
                 All nodes full: 0
                 Migration correct: 0 wrong: 0 chance blocked: 1
                 Node removal correct: 0 wrong: 0
                 Old state correct: 0 wrong: 0
2019-08-07 14:13:30,650	INFO -- Going to sleep for 240 seconds
2019-08-07 14:17:30,749	INFO -- Time for an update_step iteration! 2019-08-07 14:17:30.749411
2019-08-07 14:17:31,343	INFO -- Cluster was stable for 240 seconds till 2019-08-07 14:17:30.750170, calculating best transition
2019-08-07 14:17:32,084	INFO -- Execution was added to the knowledge base with load: 4610.65368428486
2019-08-07 14:17:32,557	INFO -- No node could be shutdown for improvement, because all nodes have a statefull set
2019-08-07 14:17:32,851	INFO -- Costs for all options: current= 0.25125988388061526, removal= inf, old_best= 0.2512598838806152
2019-08-07 14:17:32,852	INFO -- Update step finished: 2019-08-07 14:17:32.852584
2019-08-07 14:17:32,853	INFO -- Current scores
                 Not stable: 0
                 All nodes full: 0
                 Migration correct: 0 wrong: 0 chance blocked: 2
                 Node removal correct: 0 wrong: 0
                 Old state correct: 0 wrong: 0
2019-08-07 14:17:32,853	INFO -- Going to sleep for 240 seconds
2019-08-07 14:21:32,929	INFO -- Time for an update_step iteration! 2019-08-07 14:21:32.929381
2019-08-07 14:21:33,513	INFO -- Cluster was stable for 240 seconds till 2019-08-07 14:21:32.930157, calculating best transition
2019-08-07 14:21:34,185	INFO -- Execution was added to the knowledge base with load: 4558.344475967591
2019-08-07 14:21:34,630	INFO -- No node could be shutdown for improvement, because all nodes have a statefull set
2019-08-07 14:21:35,183	INFO -- Costs for all options: current= 0.25125988388061526, removal= inf, old_best= 0.2512598838806152
2019-08-07 14:21:35,183	INFO -- Staying with current execution, but randomly changing one random pod
2019-08-07 14:21:36,166	INFO -- moving: php-apache-5f657688bc-jh55g to gke-demo-cluster-1-default-pool-6f471531-x7cf using deployment name: php-apache
2019-08-07 14:21:45,504	INFO -- pod php-apache-5f657688bc-jh55g is deleted
2019-08-07 14:21:45,742	INFO -- Movement succeeded
2019-08-07 14:21:46,538	INFO -- went correct
2019-08-07 14:21:46,538	INFO -- Update step finished: 2019-08-07 14:21:46.538918
2019-08-07 14:21:46,539	INFO -- Current scores
                 Not stable: 0
                 All nodes full: 0
                 Migration correct: 1 wrong: 0 chance blocked: 2
                 Node removal correct: 0 wrong: 0
                 Old state correct: 0 wrong: 0
2019-08-07 14:21:46,540	INFO -- Going to sleep for 240 seconds
2019-08-07 14:25:46,635	INFO -- Time for an update_step iteration! 2019-08-07 14:25:46.635763
2019-08-07 14:25:47,218	INFO -- Cluster was not stable, waiting for retry window (24 seconds) to try again
2019-08-07 14:26:11,838	INFO -- Cluster was stable for 240 seconds till 2019-08-07 14:26:11.243329, calculating best transition
2019-08-07 14:26:12,480	INFO -- Execution was added to the knowledge base with load: 4560.455410965933
2019-08-07 14:26:12,950	INFO -- No node could be shutdown for improvement, because all nodes have a statefull set
2019-08-07 14:26:13,520	INFO -- Costs for all options: current= 0.25125988388061526, removal= inf, old_best= 0.2512598838806152
2019-08-07 14:26:13,521	INFO -- Update step finished: 2019-08-07 14:26:13.520984
2019-08-07 14:26:13,521	INFO -- Current scores
                 Not stable: 0
                 All nodes full: 0
                 Migration correct: 1 wrong: 0 chance blocked: 3
                 Node removal correct: 0 wrong: 0
                 Old state correct: 0 wrong: 0
2019-08-07 14:26:13,522	INFO -- Going to sleep for 240 seconds
2019-08-07 14:30:13,621	INFO -- Time for an update_step iteration! 2019-08-07 14:30:13.621184
2019-08-07 14:30:14,189	INFO -- Cluster was stable for 240 seconds till 2019-08-07 14:30:13.621958, calculating best transition
2019-08-07 14:30:14,840	INFO -- Execution was added to the knowledge base with load: 4644.453333333334
2019-08-07 14:30:15,285	INFO -- No node could be shutdown for improvement, because all nodes have a statefull set
2019-08-07 14:30:16,012	INFO -- Costs for all options: current= 0.25125988388061526, removal= inf, old_best= 0.2512598838806152
2019-08-07 14:30:16,012	INFO -- Staying with current execution, but randomly changing one random pod
2019-08-07 14:30:16,990	INFO -- moving: php-apache-5f657688bc-xnqm9 to gke-demo-cluster-1-default-pool-6f471531-x7cf using deployment name: php-apache
2019-08-07 14:30:24,318	INFO -- pod php-apache-5f657688bc-xnqm9 is deleted
2019-08-07 14:30:24,560	INFO -- Movement succeeded
2019-08-07 14:30:25,356	INFO -- went correct
2019-08-07 14:30:25,356	INFO -- Update step finished: 2019-08-07 14:30:25.356878
2019-08-07 14:30:25,357	INFO -- Current scores
                 Not stable: 0
                 All nodes full: 0
                 Migration correct: 2 wrong: 0 chance blocked: 3
                 Node removal correct: 0 wrong: 0
                 Old state correct: 0 wrong: 0
2019-08-07 14:30:25,357	INFO -- Going to sleep for 240 seconds
2019-08-07 14:34:25,457	INFO -- Time for an update_step iteration! 2019-08-07 14:34:25.457373
2019-08-07 14:34:26,047	INFO -- Cluster was not stable, waiting for retry window (24 seconds) to try again
2019-08-07 14:34:50,694	INFO -- Cluster was stable for 240 seconds till 2019-08-07 14:34:50.071862, calculating best transition
2019-08-07 14:34:51,327	INFO -- Execution was added to the knowledge base with load: 4614.421899503126
2019-08-07 14:34:51,771	INFO -- No node could be shutdown for improvement, because all nodes have a statefull set
2019-08-07 14:34:52,614	INFO -- Costs for all options: current= 0.25125988388061526, removal= inf, old_best= 0.2512598838806152
2019-08-07 14:34:52,614	INFO -- Update step finished: 2019-08-07 14:34:52.614818
2019-08-07 14:34:52,615	INFO -- Current scores
                 Not stable: 0
                 All nodes full: 0
                 Migration correct: 2 wrong: 0 chance blocked: 4
                 Node removal correct: 0 wrong: 0
                 Old state correct: 0 wrong: 0
2019-08-07 14:34:52,616	INFO -- Going to sleep for 240 seconds
2019-08-07 14:38:52,627	INFO -- Time for an update_step iteration! 2019-08-07 14:38:52.627059
2019-08-07 14:38:53,235	INFO -- Cluster was stable for 240 seconds till 2019-08-07 14:38:52.627827, calculating best transition
2019-08-07 14:38:54,368	INFO -- Execution was added to the knowledge base with load: 4645.466666666667
2019-08-07 14:38:54,764	INFO -- No node could be shutdown for improvement, because all nodes have a statefull set
2019-08-07 14:38:55,815	INFO -- Costs for all options: current= 0.25125988388061526, removal= inf, old_best= 0.2512598838806152
2019-08-07 14:38:55,816	INFO -- Staying with current execution, but randomly changing one random pod
2019-08-07 14:38:56,800	INFO -- moving: php-apache-5f657688bc-sc9kx to gke-demo-cluster-1-default-pool-6f471531-x7cf using deployment name: php-apache
2019-08-07 14:38:59,848	INFO -- pod php-apache-5f657688bc-sc9kx is deleted
2019-08-07 14:39:00,134	INFO -- Movement succeeded
2019-08-07 14:39:00,850	INFO -- went correct
2019-08-07 14:39:00,851	INFO -- Update step finished: 2019-08-07 14:39:00.851044
2019-08-07 14:39:00,851	INFO -- Current scores
                 Not stable: 0
                 All nodes full: 0
                 Migration correct: 3 wrong: 0 chance blocked: 4
                 Node removal correct: 0 wrong: 0
                 Old state correct: 0 wrong: 0
2019-08-07 14:39:00,852	INFO -- Going to sleep for 240 seconds
2019-08-07 14:43:00,949	INFO -- Time for an update_step iteration! 2019-08-07 14:43:00.949140
2019-08-07 14:43:01,375	INFO -- Cluster was not stable, waiting for retry window (24 seconds) to try again
2019-08-07 14:43:25,739	INFO -- Cluster was not stable, waiting for retry window (24 seconds) to try again
2019-08-07 14:43:50,181	INFO -- Cluster was not stable, waiting for retry window (24 seconds) to try again
2019-08-07 14:44:14,688	INFO -- Cluster was not stable, waiting for retry window (24 seconds) to try again
2019-08-07 14:44:39,124	INFO -- Cluster was not stable, waiting for retry window (24 seconds) to try again
2019-08-07 14:45:03,601	INFO -- Cluster was not stable, waiting for retry window (24 seconds) to try again
2019-08-07 14:45:28,020	INFO -- Cluster was not stable, waiting for retry window (24 seconds) to try again
2019-08-07 14:45:52,357	INFO -- Cluster was not stable, waiting for retry window (24 seconds) to try again
2019-08-07 14:46:16,696	INFO -- Cluster was not stable, waiting for retry window (24 seconds) to try again
2019-08-07 14:46:41,102	INFO -- Cluster was not stable, waiting for retry window (24 seconds) to try again
2019-08-07 14:47:05,618	INFO -- Cluster was not stable, waiting for retry window (24 seconds) to try again
2019-08-07 14:47:30,247	INFO -- Cluster was not stable, waiting for retry window (24 seconds) to try again
2019-08-07 14:47:54,742	INFO -- Cluster was not stable, waiting for retry window (24 seconds) to try again
2019-08-07 14:48:19,408	INFO -- Cluster was not stable, waiting for retry window (24 seconds) to try again
2019-08-07 14:48:43,769	INFO -- Cluster was not stable, waiting for retry window (24 seconds) to try again
2019-08-07 14:49:08,103	INFO -- Cluster was not stable, waiting for retry window (24 seconds) to try again
2019-08-07 14:49:32,424	INFO -- Cluster was not stable, waiting for retry window (24 seconds) to try again
2019-08-07 14:49:56,770	INFO -- Cluster was not stable, waiting for retry window (24 seconds) to try again
2019-08-07 14:50:21,085	INFO -- Cluster was not stable, waiting for retry window (24 seconds) to try again
2019-08-07 14:50:45,694	INFO -- Cluster was stable for 240 seconds till 2019-08-07 14:50:45.090810, calculating best transition
2019-08-07 14:50:46,432	INFO -- Execution was added to the knowledge base with load: 18357.784984801056
2019-08-07 14:50:47,041	INFO -- No node could be shutdown for improvement, because all the resources are needed
2019-08-07 14:50:47,205	INFO -- Costs for all options: current= 0.5862730430603028, removal= inf, old_best= 0.5862730430603028
2019-08-07 14:50:47,207	INFO -- Update step finished: 2019-08-07 14:50:47.206988
2019-08-07 14:50:47,207	INFO -- Current scores
                 Not stable: 0
                 All nodes full: 0
                 Migration correct: 3 wrong: 0 chance blocked: 5
                 Node removal correct: 0 wrong: 0
                 Old state correct: 0 wrong: 0
2019-08-07 14:50:47,208	INFO -- Going to sleep for 240 seconds
2019-08-07 14:54:47,277	INFO -- Time for an update_step iteration! 2019-08-07 14:54:47.277221
2019-08-07 14:54:47,847	INFO -- Cluster was not stable, waiting for retry window (24 seconds) to try again
2019-08-07 14:55:12,462	INFO -- Cluster was not stable, waiting for retry window (24 seconds) to try again
2019-08-07 14:55:37,058	INFO -- Cluster was not stable, waiting for retry window (24 seconds) to try again
2019-08-07 14:56:01,791	INFO -- Cluster was not stable, waiting for retry window (24 seconds) to try again
2019-08-07 14:56:26,415	INFO -- Cluster was not stable, waiting for retry window (24 seconds) to try again
2019-08-07 14:56:51,039	INFO -- Cluster was not stable, waiting for retry window (24 seconds) to try again
2019-08-07 14:57:15,671	INFO -- Cluster was not stable, waiting for retry window (24 seconds) to try again
2019-08-07 14:57:40,299	INFO -- Cluster was not stable, waiting for retry window (24 seconds) to try again
2019-08-07 14:58:04,899	INFO -- Cluster was not stable, waiting for retry window (24 seconds) to try again
2019-08-07 14:58:29,478	INFO -- Cluster was not stable, waiting for retry window (24 seconds) to try again
2019-08-07 14:58:54,090	INFO -- Cluster was not stable, waiting for retry window (24 seconds) to try again
2019-08-07 14:59:18,717	INFO -- Cluster was not stable, waiting for retry window (24 seconds) to try again
2019-08-07 14:59:43,327	INFO -- Cluster was stable for 240 seconds till 2019-08-07 14:59:42.741178, calculating best transition
2019-08-07 14:59:44,030	INFO -- Execution was added to the knowledge base with load: 4383.454020905145
2019-08-07 14:59:45,540	INFO -- Costs for all options: current= 0.5862730430603028, removal= 0.5025197387695313, old_best= 0.2512598838806152
2019-08-07 14:59:45,540	INFO -- Changing to old_best_execution found in time: 2019-08-07 14:09:26.702000
2019-08-07 14:59:45,960	INFO -- The old_best required stateful sets to be moved, so therefore was blocked
2019-08-07 14:59:47,170	INFO -- Costs for all options: current= 0.5862730430603028, removal= 0.5025197387695313, old_best= 0.25125988388061526
2019-08-07 14:59:47,170	INFO -- Changing to old_best_execution found in time: 2019-08-07 14:22:11.243000
2019-08-07 14:59:47,556	INFO -- The old_best required stateful sets to be moved, so therefore was blocked
2019-08-07 14:59:48,603	INFO -- Costs for all options: current= 0.5862730430603028, removal= 0.5025197387695313, old_best= 0.25125988388061526
2019-08-07 14:59:48,604	INFO -- Changing to old_best_execution found in time: 2019-08-07 14:17:32.930000
2019-08-07 14:59:48,962	INFO -- The old_best required stateful sets to be moved, so therefore was blocked
2019-08-07 14:59:49,860	INFO -- Costs for all options: current= 0.5862730430603028, removal= 0.5025197387695313, old_best= 0.25125988388061526
2019-08-07 14:59:49,861	INFO -- Changing to old_best_execution found in time: 2019-08-07 14:13:30.750000
2019-08-07 14:59:50,187	INFO -- The old_best required stateful sets to be moved, so therefore was blocked
2019-08-07 14:59:50,957	INFO -- Costs for all options: current= 0.5862730430603028, removal= 0.5025197387695313, old_best= 0.25125988388061526
2019-08-07 14:59:50,958	INFO -- Changing to old_best_execution found in time: 2019-08-07 14:26:13.621000
2019-08-07 14:59:51,275	INFO -- The old_best required stateful sets to be moved, so therefore was blocked
2019-08-07 14:59:51,863	INFO -- Costs for all options: current= 0.5862730430603028, removal= 0.5025197387695313, old_best= 0.2512598838806152
2019-08-07 14:59:51,864	INFO -- Changing to old_best_execution found in time: 2019-08-07 14:30:50.071000
2019-08-07 14:59:52,106	INFO -- The old_best required stateful sets to be moved, so therefore was blocked
2019-08-07 14:59:52,478	INFO -- Costs for all options: current= 0.5862730430603028, removal= 0.5025197387695313, old_best= 0.25125988388061526
2019-08-07 14:59:52,479	INFO -- Changing to old_best_execution found in time: 2019-08-07 14:34:52.627000
2019-08-07 14:59:52,736	INFO -- The old_best required stateful sets to be moved, so therefore was blocked
2019-08-07 14:59:53,117	INFO -- Costs for all options: current= 0.5862730430603028, removal= 0.5025197387695313, old_best= 0.5862730430603028
2019-08-07 14:59:53,118	INFO -- Removing node: gke-demo-cluster-1-default-pool-6f471531-ngsn
2019-08-07 14:59:53,581	INFO -- Deleting node: gke-demo-cluster-1-default-pool-6f471531-ngsn
2019-08-07 14:59:54,962	INFO -- Deletion successful, node: gke-demo-cluster-1-default-pool-6f471531-ngsn
2019-08-07 14:59:54,964	INFO -- NODE_REMOVAL=gke-demo-cluster-1-default-pool-6f471531-ngsn
2019-08-07 14:59:54,965	INFO -- went correct
2019-08-07 14:59:54,966	INFO -- Update step finished: 2019-08-07 14:59:54.966004
2019-08-07 14:59:54,966	INFO -- Current scores
                 Not stable: 0
                 All nodes full: 0
                 Migration correct: 3 wrong: 0 chance blocked: 5
                 Node removal correct: 1 wrong: 0
                 Old state correct: 0 wrong: 0
2019-08-07 14:59:54,966	INFO -- Going to sleep for 240 seconds
2019-08-07 15:03:55,067	INFO -- Time for an update_step iteration! 2019-08-07 15:03:55.067380
2019-08-07 15:03:55,374	INFO -- Cluster was not stable, waiting for retry window (24 seconds) to try again
2019-08-07 15:04:19,762	INFO -- Cluster was not stable, waiting for retry window (24 seconds) to try again
2019-08-07 15:04:44,088	INFO -- Cluster was not stable, waiting for retry window (24 seconds) to try again
2019-08-07 15:05:08,414	INFO -- Cluster was not stable, waiting for retry window (24 seconds) to try again
2019-08-07 15:05:32,720	INFO -- Cluster was not stable, waiting for retry window (24 seconds) to try again
2019-08-07 15:05:57,039	INFO -- Cluster was not stable, waiting for retry window (24 seconds) to try again
2019-08-07 15:06:21,341	INFO -- Cluster was not stable, waiting for retry window (24 seconds) to try again
2019-08-07 15:06:45,672	INFO -- Cluster was not stable, waiting for retry window (24 seconds) to try again
2019-08-07 15:07:10,282	INFO -- Cluster was stable for 240 seconds till 2019-08-07 15:07:09.697516, calculating best transition
2019-08-07 15:07:10,721	INFO -- Execution was added to the knowledge base with load: 4605.021331460515
2019-08-07 15:07:11,242	INFO -- Costs for all options: current= 0.418766463470459, removal= 0.3350131591796875, old_best= 0.418766463470459
2019-08-07 15:07:11,242	INFO -- Removing node: gke-demo-cluster-1-default-pool-6f471531-x7cf
2019-08-07 15:07:11,709	INFO -- moving: php-apache-5f657688bc-52hj8 to gke-demo-cluster-1-default-pool-6f471531-7xrk using deployment name: php-apache
2019-08-07 15:07:20,410	INFO -- pod php-apache-5f657688bc-52hj8 is deleted
2019-08-07 15:07:20,592	INFO -- Movement succeeded
2019-08-07 15:07:21,334	INFO -- moving: php-apache-5f657688bc-j2h5d to gke-demo-cluster-1-default-pool-6f471531-7xrk using deployment name: php-apache
2019-08-07 15:07:30,402	INFO -- pod php-apache-5f657688bc-j2h5d is deleted
2019-08-07 15:07:30,600	INFO -- Movement succeeded
2019-08-07 15:07:31,304	INFO -- moving: php-apache-5f657688bc-n7mtc to gke-demo-cluster-1-default-pool-6f471531-7xrk using deployment name: php-apache
2019-08-07 15:07:40,419	INFO -- pod php-apache-5f657688bc-n7mtc is deleted
2019-08-07 15:07:40,609	INFO -- Movement succeeded
2019-08-07 15:07:41,572	INFO -- moving: php-apache-5f657688bc-vv4vh to gke-demo-cluster-1-default-pool-6f471531-7xrk using deployment name: php-apache
2019-08-07 15:07:50,403	INFO -- pod php-apache-5f657688bc-vv4vh is deleted
2019-08-07 15:07:50,583	INFO -- Movement succeeded
2019-08-07 15:07:51,227	INFO -- Deleting node: gke-demo-cluster-1-default-pool-6f471531-x7cf
2019-08-07 15:07:52,303	INFO -- Deletion successful, node: gke-demo-cluster-1-default-pool-6f471531-x7cf
2019-08-07 15:07:52,304	INFO -- NODE_REMOVAL=gke-demo-cluster-1-default-pool-6f471531-x7cf
2019-08-07 15:07:52,305	INFO -- went correct
2019-08-07 15:07:52,306	INFO -- Update step finished: 2019-08-07 15:07:52.306310
2019-08-07 15:07:52,306	INFO -- Current scores
                 Not stable: 0
                 All nodes full: 0
                 Migration correct: 3 wrong: 0 chance blocked: 5
                 Node removal correct: 2 wrong: 0
                 Old state correct: 0 wrong: 0
2019-08-07 15:07:52,307	INFO -- Going to sleep for 240 seconds
2019-08-07 15:11:52,407	INFO -- Time for an update_step iteration! 2019-08-07 15:11:52.407783
2019-08-07 15:11:53,025	INFO -- Cluster was stable for 240 seconds till 2019-08-07 15:11:52.408543, calculating best transition
2019-08-07 15:11:53,543	INFO -- Execution was added to the knowledge base with load: 4469.197264322344
2019-08-07 15:11:54,153	INFO -- Costs for all options: current= 0.418766463470459, removal= 0.3350131591796875, old_best= 0.41876646347045904
2019-08-07 15:11:54,153	INFO -- Removing node: gke-demo-cluster-1-default-pool-6f471531-ngsn
2019-08-07 15:11:54,724	INFO -- Deleting node: gke-demo-cluster-1-default-pool-6f471531-ngsn
2019-08-07 15:11:56,314	INFO -- Deletion successful, node: gke-demo-cluster-1-default-pool-6f471531-ngsn
2019-08-07 15:11:56,315	INFO -- NODE_REMOVAL=gke-demo-cluster-1-default-pool-6f471531-ngsn
2019-08-07 15:11:56,316	INFO -- went correct
2019-08-07 15:11:56,317	INFO -- Update step finished: 2019-08-07 15:11:56.317390
2019-08-07 15:11:56,318	INFO -- Current scores
                 Not stable: 0
                 All nodes full: 0
                 Migration correct: 3 wrong: 0 chance blocked: 5
                 Node removal correct: 3 wrong: 0
                 Old state correct: 0 wrong: 0
2019-08-07 15:11:56,318	INFO -- Going to sleep for 240 seconds
2019-08-07 15:15:56,333	INFO -- Time for an update_step iteration! 2019-08-07 15:15:56.333440
2019-08-07 15:15:56,614	INFO -- Cluster was not stable, waiting for retry window (24 seconds) to try again
2019-08-07 15:16:21,231	INFO -- Cluster was stable for 240 seconds till 2019-08-07 15:16:20.639947, calculating best transition
2019-08-07 15:16:21,712	INFO -- Execution was added to the knowledge base with load: 4575.517296881149
2019-08-07 15:16:22,028	INFO -- No node could be shutdown for improvement, because all nodes have a statefull set
2019-08-07 15:16:22,186	INFO -- Costs for all options: current= 0.3350131591796875, removal= inf, old_best= 0.33501315917968755
2019-08-07 15:16:22,187	INFO -- Update step finished: 2019-08-07 15:16:22.187236
2019-08-07 15:16:22,187	INFO -- Current scores
                 Not stable: 0
                 All nodes full: 0
                 Migration correct: 3 wrong: 0 chance blocked: 6
                 Node removal correct: 3 wrong: 0
                 Old state correct: 0 wrong: 0
2019-08-07 15:16:22,188	INFO -- Going to sleep for 240 seconds
2019-08-07 15:20:22,288	INFO -- Time for an update_step iteration! 2019-08-07 15:20:22.288581
2019-08-07 15:20:22,859	INFO -- Cluster was stable for 240 seconds till 2019-08-07 15:20:22.289391, calculating best transition
2019-08-07 15:20:23,486	INFO -- Execution was added to the knowledge base with load: 4638.681957288171
2019-08-07 15:20:23,888	INFO -- No node could be shutdown for improvement, because all nodes have a statefull set
2019-08-07 15:20:24,172	INFO -- Costs for all options: current= 0.3350131591796875, removal= inf, old_best= 0.3350131591796875
2019-08-07 15:20:24,173	INFO -- Update step finished: 2019-08-07 15:20:24.173009
2019-08-07 15:20:24,173	INFO -- Current scores
                 Not stable: 0
                 All nodes full: 0
                 Migration correct: 3 wrong: 0 chance blocked: 7
                 Node removal correct: 3 wrong: 0
                 Old state correct: 0 wrong: 0
2019-08-07 15:20:24,174	INFO -- Going to sleep for 240 seconds
2019-08-07 15:24:24,273	INFO -- Time for an update_step iteration! 2019-08-07 15:24:24.273189
2019-08-07 15:24:24,547	INFO -- Cluster was not stable, waiting for retry window (24 seconds) to try again
2019-08-07 15:24:48,860	INFO -- Cluster was not stable, waiting for retry window (24 seconds) to try again
2019-08-07 15:25:13,173	INFO -- Cluster was not stable, waiting for retry window (24 seconds) to try again
2019-08-07 15:25:37,475	INFO -- Cluster was not stable, waiting for retry window (24 seconds) to try again
2019-08-07 15:26:01,883	INFO -- Cluster was not stable, waiting for retry window (24 seconds) to try again
2019-08-07 15:26:26,213	INFO -- Cluster was not stable, waiting for retry window (24 seconds) to try again
2019-08-07 15:26:50,912	INFO -- Cluster was not stable, waiting for retry window (24 seconds) to try again
2019-08-07 15:27:15,227	INFO -- Cluster was not stable, waiting for retry window (24 seconds) to try again
2019-08-07 15:27:39,572	INFO -- Cluster was not stable, waiting for retry window (24 seconds) to try again
2019-08-07 15:28:03,899	INFO -- Cluster was not stable, waiting for retry window (24 seconds) to try again
2019-08-07 15:28:28,189	INFO -- Cluster was not stable, waiting for retry window (24 seconds) to try again
2019-08-07 15:28:52,497	INFO -- Cluster was not stable, waiting for retry window (24 seconds) to try again
2019-08-07 15:29:16,846	INFO -- Cluster was not stable, waiting for retry window (24 seconds) to try again
2019-08-07 15:29:41,175	INFO -- Cluster was not stable, waiting for retry window (24 seconds) to try again
2019-08-07 15:30:05,536	INFO -- Cluster was not stable, waiting for retry window (24 seconds) to try again
2019-08-07 15:30:29,885	INFO -- Cluster was not stable, waiting for retry window (24 seconds) to try again
2019-08-07 15:30:54,195	INFO -- Cluster was not stable, waiting for retry window (24 seconds) to try again
2019-08-07 15:31:18,791	INFO -- Cluster was not stable, waiting for retry window (24 seconds) to try again
2019-08-07 15:31:43,443	INFO -- Cluster was not stable, waiting for retry window (24 seconds) to try again
2019-08-07 15:32:08,040	INFO -- Cluster was not stable, waiting for retry window (24 seconds) to try again
2019-08-07 15:32:32,711	INFO -- Cluster was not stable, waiting for retry window (24 seconds) to try again
2019-08-07 15:32:57,015	INFO -- Cluster was not stable, waiting for retry window (24 seconds) to try again
2019-08-07 15:33:21,322	INFO -- Cluster was not stable, waiting for retry window (24 seconds) to try again
2019-08-07 15:33:45,632	INFO -- Cluster was not stable, waiting for retry window (24 seconds) to try again
2019-08-07 15:34:09,959	INFO -- Cluster was not stable, waiting for retry window (24 seconds) to try again
2019-08-07 15:34:34,272	INFO -- Cluster was not stable, waiting for retry window (24 seconds) to try again
2019-08-07 15:34:58,586	INFO -- Cluster was not stable, waiting for retry window (24 seconds) to try again
2019-08-07 15:35:22,896	INFO -- Cluster was not stable, waiting for retry window (24 seconds) to try again
2019-08-07 15:35:47,209	INFO -- Cluster was not stable, waiting for retry window (24 seconds) to try again
2019-08-07 15:36:11,492	INFO -- Cluster was not stable, waiting for retry window (24 seconds) to try again
2019-08-07 15:36:36,091	INFO -- Cluster was not stable, waiting for retry window (24 seconds) to try again
2019-08-07 15:37:00,419	INFO -- Cluster was not stable, waiting for retry window (24 seconds) to try again
2019-08-07 15:37:24,710	INFO -- Cluster was not stable, waiting for retry window (24 seconds) to try again
2019-08-07 15:37:49,025	INFO -- Cluster was not stable, waiting for retry window (24 seconds) to try again
2019-08-07 15:38:13,351	INFO -- Cluster was not stable, waiting for retry window (24 seconds) to try again
2019-08-07 15:38:37,676	INFO -- Cluster was not stable, waiting for retry window (24 seconds) to try again
2019-08-07 15:39:02,053	INFO -- Cluster was not stable, waiting for retry window (24 seconds) to try again
2019-08-07 15:39:26,362	INFO -- Cluster was not stable, waiting for retry window (24 seconds) to try again
2019-08-07 15:39:50,730	INFO -- Cluster was not stable, waiting for retry window (24 seconds) to try again
2019-08-07 15:40:15,082	INFO -- Cluster was not stable, waiting for retry window (24 seconds) to try again
2019-08-07 15:40:39,947	INFO -- Cluster was not stable, waiting for retry window (24 seconds) to try again
2019-08-07 15:41:04,556	INFO -- Cluster was not stable, waiting for retry window (24 seconds) to try again
2019-08-07 15:41:29,187	INFO -- Cluster was not stable, waiting for retry window (24 seconds) to try again
2019-08-07 15:41:53,902	INFO -- Cluster was not stable, waiting for retry window (24 seconds) to try again
2019-08-07 15:42:18,575	INFO -- Cluster was not stable, waiting for retry window (24 seconds) to try again
2019-08-07 15:42:43,200	INFO -- Cluster was not stable, waiting for retry window (24 seconds) to try again
2019-08-07 15:43:07,814	INFO -- Cluster was not stable, waiting for retry window (24 seconds) to try again
2019-08-07 15:43:32,285	INFO -- Cluster was not stable, waiting for retry window (24 seconds) to try again
2019-08-07 15:43:57,087	INFO -- Cluster was not stable, waiting for retry window (24 seconds) to try again
2019-08-07 15:44:21,621	INFO -- Cluster was not stable, waiting for retry window (24 seconds) to try again
2019-08-07 15:44:46,132	INFO -- Cluster was not stable, waiting for retry window (24 seconds) to try again
2019-08-07 15:45:11,311	INFO -- Cluster was not stable, waiting for retry window (24 seconds) to try again
2019-08-07 15:45:35,896	INFO -- Cluster was not stable, waiting for retry window (24 seconds) to try again
2019-08-07 15:46:01,017	INFO -- Cluster was not stable, waiting for retry window (24 seconds) to try again
2019-08-07 15:46:25,597	INFO -- Cluster was not stable, waiting for retry window (24 seconds) to try again
2019-08-07 15:46:50,002	INFO -- Cluster was not stable, waiting for retry window (24 seconds) to try again
2019-08-07 15:47:14,482	INFO -- Cluster was not stable, waiting for retry window (24 seconds) to try again
2019-08-07 15:47:39,027	INFO -- Cluster was not stable, waiting for retry window (24 seconds) to try again
2019-08-07 15:48:03,424	INFO -- Cluster was not stable, waiting for retry window (24 seconds) to try again
2019-08-07 15:48:27,772	INFO -- Cluster was not stable, waiting for retry window (24 seconds) to try again
2019-08-07 15:48:52,077	INFO -- Cluster was not stable, waiting for retry window (24 seconds) to try again
2019-08-07 15:49:16,420	INFO -- Cluster was not stable, waiting for retry window (24 seconds) to try again
2019-08-07 15:49:40,775	INFO -- Cluster was not stable, waiting for retry window (24 seconds) to try again
2019-08-07 15:50:05,088	INFO -- Cluster was not stable, waiting for retry window (24 seconds) to try again
2019-08-07 15:50:29,722	INFO -- Cluster was stable for 240 seconds till 2019-08-07 15:50:29.113594, calculating best transition
2019-08-07 15:50:31,104	INFO -- Execution was added to the knowledge base with load: 18077.09057373314
2019-08-07 15:50:31,682	INFO -- No node could be shutdown for improvement, because all the resources are needed
2019-08-07 15:50:31,833	INFO -- Costs for all options: current= 0.5862730140686035, removal= inf, old_best= 0.5862730140686035
2019-08-07 15:50:31,834	INFO -- Staying with current execution, but randomly changing one random pod
2019-08-07 15:50:33,231	INFO -- moving: php-apache-5f657688bc-c4rr9 to gke-demo-cluster-1-default-pool-6f471531-rkrc using deployment name: php-apache
2019-08-07 15:50:44,529	INFO -- pod php-apache-5f657688bc-c4rr9 is deleted
2019-08-07 15:50:44,849	INFO -- Movement succeeded
2019-08-07 15:50:45,832	INFO -- went correct
2019-08-07 15:50:45,833	INFO -- Update step finished: 2019-08-07 15:50:45.832994
2019-08-07 15:50:45,833	INFO -- Current scores
                 Not stable: 0
                 All nodes full: 0
                 Migration correct: 4 wrong: 0 chance blocked: 7
                 Node removal correct: 3 wrong: 0
                 Old state correct: 0 wrong: 0
2019-08-07 15:50:45,833	INFO -- Going to sleep for 240 seconds
2019-08-07 15:54:45,909	INFO -- Time for an update_step iteration! 2019-08-07 15:54:45.909838
2019-08-07 15:54:46,495	INFO -- Cluster was not stable, waiting for retry window (24 seconds) to try again
2019-08-07 15:55:11,069	INFO -- Cluster was not stable, waiting for retry window (24 seconds) to try again
2019-08-07 15:55:35,685	INFO -- Cluster was not stable, waiting for retry window (24 seconds) to try again
2019-08-07 15:56:00,327	INFO -- Cluster was not stable, waiting for retry window (24 seconds) to try again
2019-08-07 15:56:24,920	INFO -- Cluster was not stable, waiting for retry window (24 seconds) to try again
2019-08-07 15:56:49,525	INFO -- Cluster was not stable, waiting for retry window (24 seconds) to try again
2019-08-07 15:57:14,141	INFO -- Cluster was not stable, waiting for retry window (24 seconds) to try again
2019-08-07 15:57:38,764	INFO -- Cluster was not stable, waiting for retry window (24 seconds) to try again
2019-08-07 15:58:03,367	INFO -- Cluster was not stable, waiting for retry window (24 seconds) to try again
2019-08-07 15:58:27,983	INFO -- Cluster was not stable, waiting for retry window (24 seconds) to try again
2019-08-07 15:58:52,593	INFO -- Cluster was not stable, waiting for retry window (24 seconds) to try again
2019-08-07 15:59:17,208	INFO -- Cluster was not stable, waiting for retry window (24 seconds) to try again
2019-08-07 15:59:41,824	INFO -- Cluster was not stable, waiting for retry window (24 seconds) to try again
2019-08-07 16:00:06,429	INFO -- Cluster was not stable, waiting for retry window (24 seconds) to try again
2019-08-07 16:00:31,019	INFO -- Cluster was not stable, waiting for retry window (24 seconds) to try again
2019-08-07 16:00:55,620	INFO -- Cluster was not stable, waiting for retry window (24 seconds) to try again
2019-08-07 16:01:20,241	INFO -- Cluster was not stable, waiting for retry window (24 seconds) to try again
2019-08-07 16:01:44,887	INFO -- Cluster was not stable, waiting for retry window (24 seconds) to try again
2019-08-07 16:02:09,510	INFO -- Cluster was not stable, waiting for retry window (24 seconds) to try again
2019-08-07 16:02:34,128	INFO -- Cluster was not stable, waiting for retry window (24 seconds) to try again
2019-08-07 16:02:58,728	INFO -- Cluster was not stable, waiting for retry window (24 seconds) to try again
2019-08-07 16:03:23,401	INFO -- Cluster was not stable, waiting for retry window (24 seconds) to try again
2019-08-07 16:03:47,713	INFO -- Cluster was not stable, waiting for retry window (24 seconds) to try again
2019-08-07 16:04:12,025	INFO -- Cluster was not stable, waiting for retry window (24 seconds) to try again
2019-08-07 16:04:36,327	INFO -- Cluster was not stable, waiting for retry window (24 seconds) to try again
2019-08-07 16:05:00,986	INFO -- Cluster was not stable, waiting for retry window (24 seconds) to try again
2019-08-07 16:05:25,300	INFO -- Cluster was not stable, waiting for retry window (24 seconds) to try again
2019-08-07 16:05:49,610	INFO -- Cluster was not stable, waiting for retry window (24 seconds) to try again
2019-08-07 16:06:13,923	INFO -- Cluster was not stable, waiting for retry window (24 seconds) to try again
2019-08-07 16:06:38,248	INFO -- Cluster was not stable, waiting for retry window (24 seconds) to try again
2019-08-07 16:07:02,564	INFO -- Cluster was not stable, waiting for retry window (24 seconds) to try again
2019-08-07 16:07:26,903	INFO -- Cluster was not stable, waiting for retry window (24 seconds) to try again
2019-08-07 16:07:51,276	INFO -- Cluster was not stable, waiting for retry window (24 seconds) to try again
2019-08-07 16:08:15,560	INFO -- Cluster was not stable, waiting for retry window (24 seconds) to try again
2019-08-07 16:08:39,870	INFO -- Cluster was not stable, waiting for retry window (24 seconds) to try again
2019-08-07 16:09:04,176	INFO -- Cluster was not stable, waiting for retry window (24 seconds) to try again
2019-08-07 16:09:28,490	INFO -- Cluster was not stable, waiting for retry window (24 seconds) to try again
2019-08-07 16:09:52,797	INFO -- Cluster was not stable, waiting for retry window (24 seconds) to try again
2019-08-07 16:10:17,095	INFO -- Cluster was not stable, waiting for retry window (24 seconds) to try again
2019-08-07 16:10:41,409	INFO -- Cluster was not stable, waiting for retry window (24 seconds) to try again
2019-08-07 16:11:05,725	INFO -- Cluster was not stable, waiting for retry window (24 seconds) to try again
2019-08-07 16:11:30,322	INFO -- Cluster was stable for 240 seconds till 2019-08-07 16:11:29.749972, calculating best transition
2019-08-07 16:11:30,786	INFO -- Execution was added to the knowledge base with load: 4717.07730925768
2019-08-07 16:11:31,125	INFO -- No node could be shutdown for improvement, because all nodes have a statefull set
2019-08-07 16:11:31,279	INFO -- Costs for all options: current= 0.3350131301879883, removal= inf, old_best= 0.3350131301879883
2019-08-07 16:11:31,279	INFO -- Update step finished: 2019-08-07 16:11:31.279853
2019-08-07 16:11:31,280	INFO -- Current scores
                 Not stable: 0
                 All nodes full: 0
                 Migration correct: 4 wrong: 0 chance blocked: 8
                 Node removal correct: 3 wrong: 0
                 Old state correct: 0 wrong: 0
2019-08-07 16:11:31,280	INFO -- Going to sleep for 240 seconds
2019-08-07 16:15:31,381	INFO -- Time for an update_step iteration! 2019-08-07 16:15:31.381250
2019-08-07 16:15:31,975	INFO -- Cluster was stable for 240 seconds till 2019-08-07 16:15:31.381801, calculating best transition
2019-08-07 16:15:32,546	INFO -- Execution was added to the knowledge base with load: 4624.149492155344
2019-08-07 16:15:32,954	INFO -- No node could be shutdown for improvement, because all nodes have a statefull set
2019-08-07 16:15:33,090	INFO -- Costs for all options: current= 0.3350131301879883, removal= inf, old_best= 0.3350131301879883
2019-08-07 16:15:33,090	INFO -- Update step finished: 2019-08-07 16:15:33.090834
2019-08-07 16:15:33,091	INFO -- Current scores
                 Not stable: 0
                 All nodes full: 0
                 Migration correct: 4 wrong: 0 chance blocked: 9
                 Node removal correct: 3 wrong: 0
                 Old state correct: 0 wrong: 0
2019-08-07 16:15:33,091	INFO -- Going to sleep for 240 seconds
2019-08-07 16:19:33,192	INFO -- Time for an update_step iteration! 2019-08-07 16:19:33.192126
2019-08-07 16:19:33,774	INFO -- Cluster was stable for 240 seconds till 2019-08-07 16:19:33.192697, calculating best transition
2019-08-07 16:19:34,385	INFO -- Execution was added to the knowledge base with load: 4710.180519162801
2019-08-07 16:19:34,731	INFO -- No node could be shutdown for improvement, because all nodes have a statefull set
2019-08-07 16:19:35,015	INFO -- Costs for all options: current= 0.3350131301879883, removal= inf, old_best= 0.3350131301879883
2019-08-07 16:19:35,015	INFO -- Staying with current execution, but randomly changing one random pod
2019-08-07 16:19:35,946	INFO -- moving: php-apache-5f657688bc-g46tf to gke-demo-cluster-1-default-pool-6f471531-7xrk using deployment name: php-apache
2019-08-07 16:19:39,112	INFO -- pod php-apache-5f657688bc-g46tf is deleted
2019-08-07 16:19:39,363	INFO -- Movement succeeded
2019-08-07 16:19:40,182	INFO -- went correct
2019-08-07 16:19:40,182	INFO -- Update step finished: 2019-08-07 16:19:40.182681
2019-08-07 16:19:40,182	INFO -- Current scores
                 Not stable: 0
                 All nodes full: 0
                 Migration correct: 5 wrong: 0 chance blocked: 9
                 Node removal correct: 3 wrong: 0
                 Old state correct: 0 wrong: 0
2019-08-07 16:19:40,182	INFO -- Going to sleep for 240 seconds
2019-08-07 16:23:40,283	INFO -- Time for an update_step iteration! 2019-08-07 16:23:40.283148
2019-08-07 16:23:40,903	INFO -- Cluster was stable for 240 seconds till 2019-08-07 16:23:40.283882, calculating best transition
2019-08-07 16:23:41,566	INFO -- Execution was added to the knowledge base with load: 4654.24363186534
2019-08-07 16:23:41,904	INFO -- No node could be shutdown for improvement, because all nodes have a statefull set
2019-08-07 16:23:42,210	INFO -- Costs for all options: current= 0.3350131301879883, removal= inf, old_best= 0.3350131301879883
2019-08-07 16:23:42,211	INFO -- Staying with current execution, but randomly changing one random pod
2019-08-07 16:23:43,173	INFO -- moving: php-apache-5f657688bc-mv6d6 to gke-demo-cluster-1-default-pool-6f471531-sxjh using deployment name: php-apache
2019-08-07 16:23:54,315	INFO -- pod php-apache-5f657688bc-mv6d6 is deleted
2019-08-07 16:23:54,552	INFO -- Movement succeeded
2019-08-07 16:23:55,367	INFO -- went correct
2019-08-07 16:23:55,368	INFO -- Update step finished: 2019-08-07 16:23:55.368093
2019-08-07 16:23:55,368	INFO -- Current scores
                 Not stable: 0
                 All nodes full: 0
                 Migration correct: 6 wrong: 0 chance blocked: 9
                 Node removal correct: 3 wrong: 0
                 Old state correct: 0 wrong: 0
2019-08-07 16:23:55,369	INFO -- Going to sleep for 240 seconds
2019-08-07 16:27:55,443	INFO -- Time for an update_step iteration! 2019-08-07 16:27:55.443443
2019-08-07 16:27:56,032	INFO -- Cluster was not stable, waiting for retry window (24 seconds) to try again
2019-08-07 16:28:20,671	INFO -- Cluster was stable for 240 seconds till 2019-08-07 16:28:20.057185, calculating best transition
2019-08-07 16:28:21,310	INFO -- Execution was added to the knowledge base with load: 4546.065512839152
2019-08-07 16:28:21,705	INFO -- No node could be shutdown for improvement, because all nodes have a statefull set
2019-08-07 16:28:22,132	INFO -- Costs for all options: current= 0.3350131301879883, removal= inf, old_best= 0.3350131301879883
2019-08-07 16:28:22,133	INFO -- Staying with current execution, but randomly changing one random pod
2019-08-07 16:28:23,087	INFO -- moving: php-apache-5f657688bc-lp9rg to gke-demo-cluster-1-default-pool-6f471531-sxjh using deployment name: php-apache
2019-08-07 16:28:34,498	INFO -- pod php-apache-5f657688bc-lp9rg is deleted
2019-08-07 16:28:34,757	INFO -- Movement succeeded
2019-08-07 16:28:35,533	INFO -- went correct
2019-08-07 16:28:35,534	INFO -- Update step finished: 2019-08-07 16:28:35.534353
2019-08-07 16:28:35,534	INFO -- Current scores
                 Not stable: 0
                 All nodes full: 0
                 Migration correct: 7 wrong: 0 chance blocked: 9
                 Node removal correct: 3 wrong: 0
                 Old state correct: 0 wrong: 0
2019-08-07 16:28:35,535	INFO -- Going to sleep for 240 seconds
2019-08-07 16:32:35,636	INFO -- Time for an update_step iteration! 2019-08-07 16:32:35.636037
2019-08-07 16:32:36,228	INFO -- Cluster was not stable, waiting for retry window (24 seconds) to try again
2019-08-07 16:33:00,816	INFO -- Cluster was stable for 240 seconds till 2019-08-07 16:33:00.240159, calculating best transition
2019-08-07 16:33:01,434	INFO -- Execution was added to the knowledge base with load: 4549.6993033406425
2019-08-07 16:33:01,845	INFO -- No node could be shutdown for improvement, because all nodes have a statefull set
2019-08-07 16:33:02,430	INFO -- Costs for all options: current= 0.3350131301879883, removal= inf, old_best= 0.3350131301879883
2019-08-07 16:33:02,430	INFO -- Staying with current execution, but randomly changing one random pod
2019-08-07 16:33:03,361	INFO -- moving: php-apache-5f657688bc-ldst8 to gke-demo-cluster-1-default-pool-6f471531-d11s using deployment name: php-apache
2019-08-07 16:33:06,763	INFO -- pod php-apache-5f657688bc-ldst8 is deleted
2019-08-07 16:33:07,021	INFO -- Movement succeeded
2019-08-07 16:33:07,880	INFO -- went correct
2019-08-07 16:33:07,881	INFO -- Update step finished: 2019-08-07 16:33:07.881742
2019-08-07 16:33:07,882	INFO -- Current scores
                 Not stable: 0
                 All nodes full: 0
                 Migration correct: 8 wrong: 0 chance blocked: 9
                 Node removal correct: 3 wrong: 0
                 Old state correct: 0 wrong: 0
2019-08-07 16:33:07,883	INFO -- Going to sleep for 240 seconds
2019-08-07 16:37:07,890	INFO -- Time for an update_step iteration! 2019-08-07 16:37:07.890593
2019-08-07 16:37:08,475	INFO -- Cluster was stable for 240 seconds till 2019-08-07 16:37:07.891162, calculating best transition
2019-08-07 16:37:09,102	INFO -- Execution was added to the knowledge base with load: 4591.182222222222
2019-08-07 16:37:09,462	INFO -- No node could be shutdown for improvement, because all nodes have a statefull set
2019-08-07 16:37:10,043	INFO -- Costs for all options: current= 0.3350131301879883, removal= inf, old_best= 0.3350131301879883
2019-08-07 16:37:10,044	INFO -- Update step finished: 2019-08-07 16:37:10.044144
2019-08-07 16:37:10,044	INFO -- Current scores
                 Not stable: 0
                 All nodes full: 0
                 Migration correct: 8 wrong: 0 chance blocked: 10
                 Node removal correct: 3 wrong: 0
                 Old state correct: 0 wrong: 0
2019-08-07 16:37:10,044	INFO -- Going to sleep for 240 seconds
2019-08-07 16:41:10,144	INFO -- Time for an update_step iteration! 2019-08-07 16:41:10.144757
2019-08-07 16:41:10,841	INFO -- Cluster was not stable, waiting for retry window (24 seconds) to try again
2019-08-07 16:41:35,495	INFO -- Cluster was not stable, waiting for retry window (24 seconds) to try again
2019-08-07 16:42:00,197	INFO -- Cluster was not stable, waiting for retry window (24 seconds) to try again
2019-08-07 16:42:25,171	INFO -- Cluster was not stable, waiting for retry window (24 seconds) to try again
2019-08-07 16:42:49,869	INFO -- Cluster was not stable, waiting for retry window (24 seconds) to try again
2019-08-07 16:43:14,231	INFO -- Cluster was not stable, waiting for retry window (24 seconds) to try again
2019-08-07 16:43:38,655	INFO -- Cluster was not stable, waiting for retry window (24 seconds) to try again
2019-08-07 16:44:03,193	INFO -- Cluster was not stable, waiting for retry window (24 seconds) to try again
2019-08-07 16:44:27,798	INFO -- Cluster was not stable, waiting for retry window (24 seconds) to try again
2019-08-07 16:44:52,645	INFO -- Cluster was not stable, waiting for retry window (24 seconds) to try again
2019-08-07 16:45:17,068	INFO -- Cluster was not stable, waiting for retry window (24 seconds) to try again
2019-08-07 16:45:41,577	INFO -- Cluster was not stable, waiting for retry window (24 seconds) to try again
2019-08-07 16:46:05,942	INFO -- Cluster was not stable, waiting for retry window (24 seconds) to try again
2019-08-07 16:46:30,281	INFO -- Cluster was not stable, waiting for retry window (24 seconds) to try again
2019-08-07 16:46:54,748	INFO -- Cluster was not stable, waiting for retry window (24 seconds) to try again
2019-08-07 16:47:19,403	INFO -- Cluster was not stable, waiting for retry window (24 seconds) to try again
2019-08-07 16:47:43,779	INFO -- Cluster was not stable, waiting for retry window (24 seconds) to try again
2019-08-07 16:48:08,170	INFO -- Cluster was not stable, waiting for retry window (24 seconds) to try again
2019-08-07 16:48:32,513	INFO -- Cluster was not stable, waiting for retry window (24 seconds) to try again
2019-08-07 16:48:56,821	INFO -- Cluster was not stable, waiting for retry window (24 seconds) to try again
2019-08-07 16:49:21,156	INFO -- Cluster was not stable, waiting for retry window (24 seconds) to try again
2019-08-07 16:49:45,460	INFO -- Cluster was not stable, waiting for retry window (24 seconds) to try again
2019-08-07 16:50:09,770	INFO -- Cluster was not stable, waiting for retry window (24 seconds) to try again
2019-08-07 16:50:34,078	INFO -- Cluster was not stable, waiting for retry window (24 seconds) to try again
2019-08-07 16:50:58,668	INFO -- Cluster was stable for 240 seconds till 2019-08-07 16:50:58.079458, calculating best transition
2019-08-07 16:51:00,125	INFO -- Execution was added to the knowledge base with load: 18775.352215189912
2019-08-07 16:51:00,763	INFO -- No node could be shutdown for improvement, because all the resources are needed
2019-08-07 16:51:00,901	INFO -- Costs for all options: current= 0.5862730430603028, removal= inf, old_best= 0.5862730140686035
2019-08-07 16:51:00,901	INFO -- Update step finished: 2019-08-07 16:51:00.901802
2019-08-07 16:51:00,902	INFO -- Current scores
                 Not stable: 0
                 All nodes full: 0
                 Migration correct: 8 wrong: 0 chance blocked: 11
                 Node removal correct: 3 wrong: 0
                 Old state correct: 0 wrong: 0
2019-08-07 16:51:00,902	INFO -- Going to sleep for 240 seconds
2019-08-07 16:55:01,001	INFO -- Time for an update_step iteration! 2019-08-07 16:55:01.001214
2019-08-07 16:55:01,593	INFO -- Cluster was not stable, waiting for retry window (24 seconds) to try again
2019-08-07 16:55:26,194	INFO -- Cluster was not stable, waiting for retry window (24 seconds) to try again
2019-08-07 16:55:50,807	INFO -- Cluster was not stable, waiting for retry window (24 seconds) to try again
2019-08-07 16:56:15,520	INFO -- Cluster was not stable, waiting for retry window (24 seconds) to try again
2019-08-07 16:56:40,190	INFO -- Cluster was not stable, waiting for retry window (24 seconds) to try again
2019-08-07 16:57:04,850	INFO -- Cluster was not stable, waiting for retry window (24 seconds) to try again
2019-08-07 16:57:29,452	INFO -- Cluster was not stable, waiting for retry window (24 seconds) to try again
2019-08-07 16:57:54,122	INFO -- Cluster was not stable, waiting for retry window (24 seconds) to try again
2019-08-07 16:58:18,745	INFO -- Cluster was not stable, waiting for retry window (24 seconds) to try again
2019-08-07 16:58:43,341	INFO -- Cluster was stable for 240 seconds till 2019-08-07 16:58:42.769198, calculating best transition
2019-08-07 16:58:44,102	INFO -- Execution was added to the knowledge base with load: 4556.570691433671
2019-08-07 16:58:45,185	INFO -- Costs for all options: current= 0.5862730430603028, removal= 0.5025197387695313, old_best= 0.3350131301879883
2019-08-07 16:58:45,185	INFO -- Changing to old_best_execution found in time: 2019-08-07 16:15:33.192000
2019-08-07 16:58:45,601	INFO -- The old_best required stateful sets to be moved, so therefore was blocked
2019-08-07 16:58:46,374	INFO -- Costs for all options: current= 0.5862730430603028, removal= 0.5025197387695313, old_best= 0.3350131301879883
2019-08-07 16:58:46,375	INFO -- Changing to old_best_execution found in time: 2019-08-07 16:11:31.381000
2019-08-07 16:58:46,719	INFO -- The old_best required stateful sets to be moved, so therefore was blocked
2019-08-07 16:58:47,348	INFO -- Costs for all options: current= 0.5862730430603028, removal= 0.5025197387695313, old_best= 0.3350131301879883
2019-08-07 16:58:47,349	INFO -- Changing to old_best_execution found in time: 2019-08-07 16:29:00.240000
2019-08-07 16:58:47,655	INFO -- The old_best required stateful sets to be moved, so therefore was blocked
2019-08-07 16:58:48,117	INFO -- Costs for all options: current= 0.5862730430603028, removal= 0.5025197387695313, old_best= 0.3350131301879883
2019-08-07 16:58:48,117	INFO -- Changing to old_best_execution found in time: 2019-08-07 16:24:20.057000
2019-08-07 16:58:48,434	INFO -- The old_best required stateful sets to be moved, so therefore was blocked
2019-08-07 16:58:49,207	INFO -- Costs for all options: current= 0.5862730430603028, removal= 0.5025197387695313, old_best= 0.3350131301879883
2019-08-07 16:58:49,208	INFO -- Changing to old_best_execution found in time: 2019-08-07 16:33:07.891000
2019-08-07 16:58:49,568	INFO -- The old_best required stateful sets to be moved, so therefore was blocked
2019-08-07 16:58:50,187	INFO -- Costs for all options: current= 0.5862730430603028, removal= 0.5025197387695313, old_best= 0.3350131301879883
2019-08-07 16:58:50,188	INFO -- Changing to old_best_execution found in time: 2019-08-07 16:19:40.283000
2019-08-07 16:58:50,457	INFO -- The old_best required stateful sets to be moved, so therefore was blocked
2019-08-07 16:58:50,815	INFO -- Costs for all options: current= 0.5862730430603028, removal= 0.5025197387695313, old_best= 0.3350131301879883
2019-08-07 16:58:50,815	INFO -- Changing to old_best_execution found in time: 2019-08-07 16:07:29.749000
2019-08-07 16:58:51,065	INFO -- The old_best required stateful sets to be moved, so therefore was blocked
2019-08-07 16:58:51,593	INFO -- Costs for all options: current= 0.5862730430603028, removal= 0.5025197387695313, old_best= 0.3350131591796875
2019-08-07 16:58:51,594	INFO -- Changing to old_best_execution found in time: 2019-08-07 15:16:22.289000
2019-08-07 16:58:51,837	INFO -- The old_best required stateful sets to be moved, so therefore was blocked
2019-08-07 16:58:52,200	INFO -- Costs for all options: current= 0.5862730430603028, removal= 0.5025197387695313, old_best= 0.33501315917968755
2019-08-07 16:58:52,201	INFO -- Changing to old_best_execution found in time: 2019-08-07 15:12:20.639000
2019-08-07 16:58:52,431	INFO -- The old_best required stateful sets to be moved, so therefore was blocked
2019-08-07 16:58:52,961	INFO -- Costs for all options: current= 0.5862730430603028, removal= 0.5025197387695313, old_best= 0.41876646347045904
2019-08-07 16:58:52,962	INFO -- Changing to old_best_execution found in time: 2019-08-07 15:07:52.408000
2019-08-07 16:58:53,224	INFO -- The old_best required stateful sets to be moved, so therefore was blocked
2019-08-07 16:58:53,573	INFO -- Costs for all options: current= 0.5862730430603028, removal= 0.5025197387695313, old_best= 0.418766463470459
2019-08-07 16:58:53,574	INFO -- Changing to old_best_execution found in time: 2019-08-07 15:03:09.697000
2019-08-07 16:58:53,804	INFO -- The old_best required stateful sets to be moved, so therefore was blocked
2019-08-07 16:58:54,203	INFO -- Costs for all options: current= 0.5862730430603028, removal= 0.5025197387695313, old_best= 0.5862730430603028
2019-08-07 16:58:54,203	INFO -- Removing node: gke-demo-cluster-1-default-pool-6f471531-rkf4
2019-08-07 16:58:54,683	INFO -- Deleting node: gke-demo-cluster-1-default-pool-6f471531-rkf4
2019-08-07 16:58:55,975	INFO -- Deletion successful, node: gke-demo-cluster-1-default-pool-6f471531-rkf4
2019-08-07 16:58:55,976	INFO -- NODE_REMOVAL=gke-demo-cluster-1-default-pool-6f471531-rkf4
2019-08-07 16:58:55,977	INFO -- went correct
2019-08-07 16:58:55,978	INFO -- Update step finished: 2019-08-07 16:58:55.978140
2019-08-07 16:58:55,978	INFO -- Current scores
                 Not stable: 0
                 All nodes full: 0
                 Migration correct: 8 wrong: 0 chance blocked: 11
                 Node removal correct: 4 wrong: 0
                 Old state correct: 0 wrong: 0
2019-08-07 16:58:55,978	INFO -- Going to sleep for 240 seconds
2019-08-07 17:02:56,055	INFO -- Time for an update_step iteration! 2019-08-07 17:02:56.055808
2019-08-07 17:02:56,376	INFO -- Cluster was not stable, waiting for retry window (24 seconds) to try again
2019-08-07 17:03:20,698	INFO -- Cluster was not stable, waiting for retry window (24 seconds) to try again
2019-08-07 17:03:45,034	INFO -- Cluster was not stable, waiting for retry window (24 seconds) to try again
2019-08-07 17:04:09,325	INFO -- Cluster was not stable, waiting for retry window (24 seconds) to try again
2019-08-07 17:04:33,647	INFO -- Cluster was not stable, waiting for retry window (24 seconds) to try again
2019-08-07 17:04:57,923	INFO -- Cluster was not stable, waiting for retry window (24 seconds) to try again
2019-08-07 17:05:22,224	INFO -- Cluster was not stable, waiting for retry window (24 seconds) to try again
2019-08-07 17:05:46,536	INFO -- Cluster was not stable, waiting for retry window (24 seconds) to try again
2019-08-07 17:06:10,899	INFO -- Cluster was not stable, waiting for retry window (24 seconds) to try again
2019-08-07 17:06:35,197	INFO -- Cluster was not stable, waiting for retry window (24 seconds) to try again
2019-08-07 17:06:59,519	INFO -- Cluster was not stable, waiting for retry window (24 seconds) to try again
2019-08-07 17:07:23,855	INFO -- Cluster was not stable, waiting for retry window (24 seconds) to try again
2019-08-07 17:07:48,491	INFO -- Cluster was stable for 240 seconds till 2019-08-07 17:07:47.877190, calculating best transition
2019-08-07 17:07:48,975	INFO -- Execution was added to the knowledge base with load: 4531.644663777777
2019-08-07 17:07:49,215	INFO -- No node could be shutdown for improvement, because all nodes have a statefull set
2019-08-07 17:07:49,413	INFO -- Costs for all options: current= 0.3350131301879883, removal= inf, old_best= 0.3350131301879883
2019-08-07 17:07:49,413	INFO -- Update step finished: 2019-08-07 17:07:49.413799
2019-08-07 17:07:49,414	INFO -- Current scores
                 Not stable: 0
                 All nodes full: 0
                 Migration correct: 8 wrong: 0 chance blocked: 12
                 Node removal correct: 4 wrong: 0
                 Old state correct: 0 wrong: 0
2019-08-07 17:07:49,415	INFO -- Going to sleep for 240 seconds
2019-08-07 17:11:49,501	INFO -- Time for an update_step iteration! 2019-08-07 17:11:49.501223
2019-08-07 17:11:50,089	INFO -- Cluster was not stable, waiting for retry window (24 seconds) to try again
2019-08-07 17:12:14,780	INFO -- Cluster was stable for 240 seconds till 2019-08-07 17:12:14.093217, calculating best transition
2019-08-07 17:12:15,240	INFO -- Execution was added to the knowledge base with load: 4666.448937606838
2019-08-07 17:12:15,512	INFO -- No node could be shutdown for improvement, because all nodes have a statefull set
2019-08-07 17:12:15,814	INFO -- Costs for all options: current= 0.3350131301879883, removal= inf, old_best= 0.3350131301879883
2019-08-07 17:12:15,815	INFO -- Staying with current execution, but randomly changing one random pod
2019-08-07 17:12:16,491	INFO -- moving: php-apache-5f657688bc-rgxdl to gke-demo-cluster-1-default-pool-6f471531-d11s using deployment name: php-apache
2019-08-07 17:12:25,489	INFO -- pod php-apache-5f657688bc-rgxdl is deleted
2019-08-07 17:12:25,701	INFO -- Movement succeeded
2019-08-07 17:12:26,439	INFO -- went correct
2019-08-07 17:12:26,440	INFO -- Update step finished: 2019-08-07 17:12:26.440045
2019-08-07 17:12:26,440	INFO -- Current scores
                 Not stable: 0
                 All nodes full: 0
                 Migration correct: 9 wrong: 0 chance blocked: 12
                 Node removal correct: 4 wrong: 0
                 Old state correct: 0 wrong: 0
2019-08-07 17:12:26,441	INFO -- Going to sleep for 240 seconds
2019-08-07 17:16:26,509	INFO -- Time for an update_step iteration! 2019-08-07 17:16:26.509511
2019-08-07 17:16:26,812	INFO -- Cluster was not stable, waiting for retry window (24 seconds) to try again
2019-08-07 17:16:51,143	INFO -- Cluster was not stable, waiting for retry window (24 seconds) to try again
2019-08-07 17:17:15,433	INFO -- Cluster was not stable, waiting for retry window (24 seconds) to try again
2019-08-07 17:17:39,789	INFO -- Cluster was not stable, waiting for retry window (24 seconds) to try again
2019-08-07 17:18:04,467	INFO -- Cluster was not stable, waiting for retry window (24 seconds) to try again
2019-08-07 17:18:29,076	INFO -- Cluster was not stable, waiting for retry window (24 seconds) to try again
2019-08-07 17:18:53,737	INFO -- Cluster was not stable, waiting for retry window (24 seconds) to try again
2019-08-07 17:19:18,378	INFO -- Cluster was not stable, waiting for retry window (24 seconds) to try again
2019-08-07 17:19:42,992	INFO -- Cluster was not stable, waiting for retry window (24 seconds) to try again
2019-08-07 17:20:07,606	INFO -- Cluster was not stable, waiting for retry window (24 seconds) to try again
2019-08-07 17:20:32,188	INFO -- Cluster was not stable, waiting for retry window (24 seconds) to try again
2019-08-07 17:20:56,777	INFO -- Cluster was not stable, waiting for retry window (24 seconds) to try again
2019-08-07 17:21:21,424	INFO -- Cluster was stable for 240 seconds till 2019-08-07 17:21:20.802826, calculating best transition
2019-08-07 17:21:22,001	INFO -- Execution was added to the knowledge base with load: 4517.973333333333
2019-08-07 17:21:22,696	INFO -- Costs for all options: current= 0.41876640548706057, removal= 0.3350131301879883, old_best= 0.3350131301879883
2019-08-07 17:21:22,696	INFO -- Removing node: gke-demo-cluster-1-default-pool-6f471531-rkf4
2019-08-07 17:21:23,406	INFO -- Deleting node: gke-demo-cluster-1-default-pool-6f471531-rkf4
2019-08-07 17:21:24,448	INFO -- Deletion successful, node: gke-demo-cluster-1-default-pool-6f471531-rkf4
2019-08-07 17:21:24,449	INFO -- NODE_REMOVAL=gke-demo-cluster-1-default-pool-6f471531-rkf4
2019-08-07 17:21:24,450	INFO -- went correct
2019-08-07 17:21:24,451	INFO -- Update step finished: 2019-08-07 17:21:24.451017
2019-08-07 17:21:24,451	INFO -- Current scores
                 Not stable: 0
                 All nodes full: 0
                 Migration correct: 9 wrong: 0 chance blocked: 12
                 Node removal correct: 5 wrong: 0
                 Old state correct: 0 wrong: 0
2019-08-07 17:21:24,451	INFO -- Going to sleep for 240 seconds
2019-08-07 17:25:24,517	INFO -- Time for an update_step iteration! 2019-08-07 17:25:24.517648
2019-08-07 17:25:24,802	INFO -- Cluster was not stable, waiting for retry window (24 seconds) to try again
2019-08-07 17:25:49,087	INFO -- Cluster was not stable, waiting for retry window (24 seconds) to try again
2019-08-07 17:26:13,711	INFO -- Cluster was not stable, waiting for retry window (24 seconds) to try again
2019-08-07 17:26:38,340	INFO -- Cluster was not stable, waiting for retry window (24 seconds) to try again
2019-08-07 17:27:02,954	INFO -- Cluster was stable for 240 seconds till 2019-08-07 17:27:02.365305, calculating best transition
2019-08-07 17:27:03,437	INFO -- Execution was added to the knowledge base with load: 4624.310341709402
2019-08-07 17:27:03,708	INFO -- No node could be shutdown for improvement, because all nodes have a statefull set
2019-08-07 17:27:03,844	INFO -- Costs for all options: current= 0.3350131301879883, removal= inf, old_best= 0.3350131301879883
2019-08-07 17:27:03,845	INFO -- Update step finished: 2019-08-07 17:27:03.845696
2019-08-07 17:27:03,846	INFO -- Current scores
                 Not stable: 0
                 All nodes full: 0
                 Migration correct: 9 wrong: 0 chance blocked: 13
                 Node removal correct: 5 wrong: 0
                 Old state correct: 0 wrong: 0
2019-08-07 17:27:03,846	INFO -- Going to sleep for 240 seconds
2019-08-07 17:31:03,947	INFO -- Time for an update_step iteration! 2019-08-07 17:31:03.947675
2019-08-07 17:31:04,528	INFO -- Cluster was stable for 240 seconds till 2019-08-07 17:31:03.948472, calculating best transition
2019-08-07 17:31:05,064	INFO -- Execution was added to the knowledge base with load: 4589.288888888888
2019-08-07 17:31:05,428	INFO -- No node could be shutdown for improvement, because all nodes have a statefull set
2019-08-07 17:31:05,569	INFO -- Costs for all options: current= 0.3350131301879883, removal= inf, old_best= 0.3350131301879883
2019-08-07 17:31:05,569	INFO -- Staying with current execution, but randomly changing one random pod
2019-08-07 17:31:06,422	INFO -- moving: php-apache-5f657688bc-tbkl4 to gke-demo-cluster-1-default-pool-6f471531-7xrk using deployment name: php-apache
2019-08-07 17:31:19,462	INFO -- pod php-apache-5f657688bc-tbkl4 is deleted
2019-08-07 17:31:19,659	INFO -- Movement succeeded
2019-08-07 17:31:20,433	INFO -- went correct
2019-08-07 17:31:20,434	INFO -- Update step finished: 2019-08-07 17:31:20.433958
2019-08-07 17:31:20,434	INFO -- Current scores
                 Not stable: 0
                 All nodes full: 0
                 Migration correct: 10 wrong: 0 chance blocked: 13
                 Node removal correct: 5 wrong: 0
                 Old state correct: 0 wrong: 0
2019-08-07 17:31:20,435	INFO -- Going to sleep for 240 seconds
2019-08-07 17:35:20,536	INFO -- Time for an update_step iteration! 2019-08-07 17:35:20.536037
2019-08-07 17:35:21,123	INFO -- Cluster was not stable, waiting for retry window (24 seconds) to try again
2019-08-07 17:35:45,750	INFO -- Cluster was not stable, waiting for retry window (24 seconds) to try again
2019-08-07 17:36:10,435	INFO -- Cluster was not stable, waiting for retry window (24 seconds) to try again
2019-08-07 17:36:35,027	INFO -- Cluster was not stable, waiting for retry window (24 seconds) to try again
2019-08-07 17:36:59,316	INFO -- Cluster was not stable, waiting for retry window (24 seconds) to try again
2019-08-07 17:37:23,634	INFO -- Cluster was not stable, waiting for retry window (24 seconds) to try again
2019-08-07 17:37:47,938	INFO -- Cluster was not stable, waiting for retry window (24 seconds) to try again
2019-08-07 17:38:12,256	INFO -- Cluster was not stable, waiting for retry window (24 seconds) to try again
2019-08-07 17:38:36,551	INFO -- Cluster was not stable, waiting for retry window (24 seconds) to try again
2019-08-07 17:39:00,869	INFO -- Cluster was not stable, waiting for retry window (24 seconds) to try again
2019-08-07 17:39:25,242	INFO -- Cluster was not stable, waiting for retry window (24 seconds) to try again
