2019-08-06 17:38:14,503	INFO -- Settings: TopologyGenerator/settings-php_apache_no_node_removal.json
2019-08-06 17:38:14,587	INFO -- Graphdatabase emptied
2019-08-06 17:38:14,588	INFO -- Waiting for warmup to finish. 1800 seconds
2019-08-06 18:08:14,688	INFO -- Going to sleep for 240 seconds
2019-08-06 18:12:14,789	INFO -- Time for an update_step iteration! 2019-08-06 18:12:14.789334
2019-08-06 18:12:14,792	INFO -- Prometheus connection died, reconnecting
2019-08-06 18:12:15,805	INFO -- Prometheus connection died, reconnecting
2019-08-06 18:12:17,393	INFO -- Cluster was stable for 240 seconds till 2019-08-06 18:12:14.789686, calculating best transition
2019-08-06 18:12:18,187	INFO -- Execution was added to the knowledge base with load: 2066.2671614463734
2019-08-06 18:12:18,433	INFO -- No node could be shutdown for improvement, because all nodes have a statefull set
2019-08-06 18:12:18,608	INFO -- Costs for all options: current= 0.25125988388061526, removal= inf, old_best= 0.25125988388061526
2019-08-06 18:12:18,609	INFO -- Update step finished: 2019-08-06 18:12:18.609380
2019-08-06 18:12:18,609	INFO -- Current scores
                 Not stable: 0
                 All nodes full: 0
                 Migration correct: 0 wrong: 0 chance blocked: 1
                 Node removal correct: 0 wrong: 0
                 Old state correct: 0 wrong: 0
2019-08-06 18:12:18,609	INFO -- Going to sleep for 240 seconds
2019-08-06 18:16:18,669	INFO -- Time for an update_step iteration! 2019-08-06 18:16:18.669573
2019-08-06 18:16:19,311	INFO -- Cluster was stable for 240 seconds till 2019-08-06 18:16:18.670434, calculating best transition
2019-08-06 18:16:19,712	INFO -- Execution was added to the knowledge base with load: 2043.5466666666664
2019-08-06 18:16:19,944	INFO -- No node could be shutdown for improvement, because all nodes have a statefull set
2019-08-06 18:16:20,267	INFO -- Costs for all options: current= 0.25125988388061526, removal= inf, old_best= 0.25125988388061526
2019-08-06 18:16:20,268	INFO -- Staying with current execution, but randomly changing one random pod
2019-08-06 18:16:20,657	INFO -- moving: php-apache-5f657688bc-pqjxs to gke-demo-cluster-1-default-pool-6f471531-5n82 using deployment name: php-apache
2019-08-06 18:16:23,104	INFO -- pod php-apache-5f657688bc-pqjxs is deleted
2019-08-06 18:16:23,243	INFO -- Movement succeeded
2019-08-06 18:16:23,774	INFO -- went correct
2019-08-06 18:16:23,775	INFO -- Update step finished: 2019-08-06 18:16:23.775895
2019-08-06 18:16:23,776	INFO -- Current scores
                 Not stable: 0
                 All nodes full: 0
                 Migration correct: 1 wrong: 0 chance blocked: 1
                 Node removal correct: 0 wrong: 0
                 Old state correct: 0 wrong: 0
2019-08-06 18:16:23,777	INFO -- Going to sleep for 240 seconds
2019-08-06 18:20:23,877	INFO -- Time for an update_step iteration! 2019-08-06 18:20:23.877698
2019-08-06 18:20:24,464	INFO -- Cluster was not stable, waiting for retry window (24 seconds) to try again
2019-08-06 18:20:49,147	INFO -- Cluster was not stable, waiting for retry window (24 seconds) to try again
2019-08-06 18:21:13,757	INFO -- Cluster was not stable, waiting for retry window (24 seconds) to try again
2019-08-06 18:21:38,389	INFO -- Cluster was not stable, waiting for retry window (24 seconds) to try again
2019-08-06 18:22:03,034	INFO -- Cluster was not stable, waiting for retry window (24 seconds) to try again
2019-08-06 18:22:27,679	INFO -- Cluster was not stable, waiting for retry window (24 seconds) to try again
2019-08-06 18:22:52,308	INFO -- Cluster was not stable, waiting for retry window (24 seconds) to try again
2019-08-06 18:23:16,986	INFO -- Cluster was not stable, waiting for retry window (24 seconds) to try again
2019-08-06 18:23:41,731	INFO -- Cluster was not stable, waiting for retry window (24 seconds) to try again
2019-08-06 18:24:06,383	INFO -- Cluster was not stable, waiting for retry window (24 seconds) to try again
2019-08-06 18:24:30,774	INFO -- Cluster was not stable, waiting for retry window (24 seconds) to try again
2019-08-06 18:24:55,558	INFO -- Cluster was not stable, waiting for retry window (24 seconds) to try again
2019-08-06 18:25:19,928	INFO -- Cluster was not stable, waiting for retry window (24 seconds) to try again
2019-08-06 18:25:44,258	INFO -- Cluster was not stable, waiting for retry window (24 seconds) to try again
2019-08-06 18:26:08,589	INFO -- Cluster was not stable, waiting for retry window (24 seconds) to try again
2019-08-06 18:26:33,081	INFO -- Cluster was not stable, waiting for retry window (24 seconds) to try again
2019-08-06 18:26:57,579	INFO -- Cluster was not stable, waiting for retry window (24 seconds) to try again
2019-08-06 18:27:21,916	INFO -- Cluster was not stable, waiting for retry window (24 seconds) to try again
2019-08-06 18:27:46,246	INFO -- Cluster was not stable, waiting for retry window (24 seconds) to try again
2019-08-06 18:28:10,558	INFO -- Cluster was not stable, waiting for retry window (24 seconds) to try again
2019-08-06 18:28:35,155	INFO -- Cluster was stable for 240 seconds till 2019-08-06 18:28:34.583145, calculating best transition
2019-08-06 18:28:35,572	INFO -- Execution was added to the knowledge base with load: 8625.767360071453
2019-08-06 18:28:35,813	INFO -- No node could be shutdown for improvement, because all the resources are needed
2019-08-06 18:28:35,966	INFO -- Costs for all options: current= 0.33501318817138676, removal= inf, old_best= 0.3350131881713867
2019-08-06 18:28:35,967	INFO -- Staying with current execution, but randomly changing one random pod
2019-08-06 18:28:36,636	INFO -- moving: php-apache-5f657688bc-cvj47 to gke-demo-cluster-1-default-pool-6f471531-s76g using deployment name: php-apache
2019-08-06 18:28:44,341	INFO -- pod php-apache-5f657688bc-cvj47 is deleted
2019-08-06 18:28:44,522	INFO -- Movement succeeded
2019-08-06 18:28:45,175	INFO -- went correct
2019-08-06 18:28:45,175	INFO -- Update step finished: 2019-08-06 18:28:45.175852
2019-08-06 18:28:45,176	INFO -- Current scores
                 Not stable: 0
                 All nodes full: 0
                 Migration correct: 2 wrong: 0 chance blocked: 1
                 Node removal correct: 0 wrong: 0
                 Old state correct: 0 wrong: 0
2019-08-06 18:28:45,176	INFO -- Going to sleep for 240 seconds
2019-08-06 18:32:45,274	INFO -- Time for an update_step iteration! 2019-08-06 18:32:45.274565
2019-08-06 18:32:46,005	INFO -- Cluster was stable for 240 seconds till 2019-08-06 18:32:45.274895, calculating best transition
2019-08-06 18:32:46,515	INFO -- Execution was added to the knowledge base with load: 10259.52
2019-08-06 18:32:46,810	INFO -- No node could be shutdown for improvement, because all the resources are needed
2019-08-06 18:32:46,958	INFO -- Costs for all options: current= 0.33501318817138676, removal= inf, old_best= 0.33501318817138676
2019-08-06 18:32:46,958	INFO -- Staying with current execution, but randomly changing one random pod
2019-08-06 18:32:47,783	INFO -- moving: php-apache-5f657688bc-9vl9z to gke-demo-cluster-1-default-pool-6f471531-s76g using deployment name: php-apache
2019-08-06 18:32:55,499	INFO -- pod php-apache-5f657688bc-9vl9z is deleted
2019-08-06 18:32:55,696	INFO -- Movement succeeded
2019-08-06 18:32:56,465	INFO -- went correct
2019-08-06 18:32:56,465	INFO -- Update step finished: 2019-08-06 18:32:56.465603
2019-08-06 18:32:56,465	INFO -- Current scores
                 Not stable: 0
                 All nodes full: 0
                 Migration correct: 3 wrong: 0 chance blocked: 1
                 Node removal correct: 0 wrong: 0
                 Old state correct: 0 wrong: 0
2019-08-06 18:32:56,466	INFO -- Going to sleep for 240 seconds
2019-08-06 18:36:56,505	INFO -- Time for an update_step iteration! 2019-08-06 18:36:56.505299
2019-08-06 18:36:57,159	INFO -- Cluster was not stable, waiting for retry window (24 seconds) to try again
2019-08-06 18:37:21,842	INFO -- Cluster was stable for 240 seconds till 2019-08-06 18:37:21.174953, calculating best transition
2019-08-06 18:37:22,469	INFO -- Execution was added to the knowledge base with load: 10212.879737650159
2019-08-06 18:37:22,878	INFO -- No node could be shutdown for improvement, because all the resources are needed
2019-08-06 18:37:23,212	INFO -- Costs for all options: current= 0.33501318817138676, removal= inf, old_best= 0.33501318817138676
2019-08-06 18:37:23,213	INFO -- Staying with current execution, but randomly changing one random pod
2019-08-06 18:37:24,190	INFO -- moving: php-apache-5f657688bc-dfkvn to gke-demo-cluster-1-default-pool-6f471531-sxjh using deployment name: php-apache
2019-08-06 18:37:27,011	INFO -- pod php-apache-5f657688bc-dfkvn is deleted
2019-08-06 18:37:27,227	INFO -- Movement succeeded
2019-08-06 18:37:27,947	INFO -- went correct
2019-08-06 18:37:27,948	INFO -- Update step finished: 2019-08-06 18:37:27.948491
2019-08-06 18:37:27,949	INFO -- Current scores
                 Not stable: 0
                 All nodes full: 0
                 Migration correct: 4 wrong: 0 chance blocked: 1
                 Node removal correct: 0 wrong: 0
                 Old state correct: 0 wrong: 0
2019-08-06 18:37:27,949	INFO -- Going to sleep for 240 seconds
2019-08-06 18:41:28,050	INFO -- Time for an update_step iteration! 2019-08-06 18:41:28.050254
2019-08-06 18:41:28,670	INFO -- Cluster was not stable, waiting for retry window (24 seconds) to try again
2019-08-06 18:41:53,287	INFO -- Cluster was not stable, waiting for retry window (24 seconds) to try again
2019-08-06 18:42:17,968	INFO -- Cluster was not stable, waiting for retry window (24 seconds) to try again
2019-08-06 18:42:42,602	INFO -- Cluster was not stable, waiting for retry window (24 seconds) to try again
2019-08-06 18:43:07,262	INFO -- Cluster was not stable, waiting for retry window (24 seconds) to try again
2019-08-06 18:43:31,906	INFO -- Cluster was not stable, waiting for retry window (24 seconds) to try again
2019-08-06 18:43:56,517	INFO -- Cluster was not stable, waiting for retry window (24 seconds) to try again
2019-08-06 18:44:21,135	INFO -- Cluster was not stable, waiting for retry window (24 seconds) to try again
2019-08-06 18:44:45,775	INFO -- Cluster was not stable, waiting for retry window (24 seconds) to try again
2019-08-06 18:45:10,403	INFO -- Cluster was not stable, waiting for retry window (24 seconds) to try again
2019-08-06 18:45:35,071	INFO -- Cluster was not stable, waiting for retry window (24 seconds) to try again
2019-08-06 18:45:59,739	INFO -- Cluster was not stable, waiting for retry window (24 seconds) to try again
2019-08-06 18:46:24,456	INFO -- Cluster was not stable, waiting for retry window (24 seconds) to try again
2019-08-06 18:46:49,104	INFO -- Cluster was not stable, waiting for retry window (24 seconds) to try again
2019-08-06 18:47:13,754	INFO -- Cluster was stable for 240 seconds till 2019-08-06 18:47:13.129425, calculating best transition
2019-08-06 18:47:14,269	INFO -- Execution was added to the knowledge base with load: 1925.2266817965913
2019-08-06 18:47:14,884	INFO -- Costs for all options: current= 0.33501318817138676, removal= 0.25125988388061526, old_best= 0.25125988388061526
2019-08-06 18:47:14,885	INFO -- Removing node: gke-demo-cluster-1-default-pool-6f471531-s76g
2019-08-06 18:47:15,419	INFO -- NODE_REMOVAL=gke-demo-cluster-1-default-pool-6f471531-s76g
2019-08-06 18:47:15,420	INFO -- went correct
2019-08-06 18:47:15,420	INFO -- Update step finished: 2019-08-06 18:47:15.420579
2019-08-06 18:47:15,420	INFO -- Current scores
                 Not stable: 0
                 All nodes full: 0
                 Migration correct: 4 wrong: 0 chance blocked: 1
                 Node removal correct: 1 wrong: 0
                 Old state correct: 0 wrong: 0
2019-08-06 18:47:15,420	INFO -- Going to sleep for 240 seconds
2019-08-06 18:51:15,479	INFO -- Time for an update_step iteration! 2019-08-06 18:51:15.478976
2019-08-06 18:51:16,056	INFO -- Cluster was not stable, waiting for retry window (24 seconds) to try again
2019-08-06 18:51:40,694	INFO -- Cluster was not stable, waiting for retry window (24 seconds) to try again
2019-08-06 18:52:05,442	INFO -- Cluster was not stable, waiting for retry window (24 seconds) to try again
2019-08-06 18:52:30,097	INFO -- Cluster was not stable, waiting for retry window (24 seconds) to try again
2019-08-06 18:52:54,820	INFO -- Cluster was not stable, waiting for retry window (24 seconds) to try again
2019-08-06 18:53:19,468	INFO -- Cluster was not stable, waiting for retry window (24 seconds) to try again
2019-08-06 18:53:44,080	INFO -- Cluster was not stable, waiting for retry window (24 seconds) to try again
2019-08-06 18:54:08,734	INFO -- Cluster was not stable, waiting for retry window (24 seconds) to try again
2019-08-06 18:54:33,379	INFO -- Cluster was not stable, waiting for retry window (24 seconds) to try again
2019-08-06 18:54:58,041	INFO -- Cluster was not stable, waiting for retry window (24 seconds) to try again
2019-08-06 18:55:22,723	INFO -- Cluster was not stable, waiting for retry window (24 seconds) to try again
2019-08-06 18:55:47,391	INFO -- Cluster was not stable, waiting for retry window (24 seconds) to try again
2019-08-06 18:56:12,026	INFO -- Cluster was not stable, waiting for retry window (24 seconds) to try again
2019-08-06 18:56:36,730	INFO -- Cluster was not stable, waiting for retry window (24 seconds) to try again
2019-08-06 18:57:01,321	INFO -- Cluster was not stable, waiting for retry window (24 seconds) to try again
2019-08-06 18:57:25,926	INFO -- Cluster was not stable, waiting for retry window (24 seconds) to try again
2019-08-06 18:57:50,561	INFO -- Cluster was not stable, waiting for retry window (24 seconds) to try again
2019-08-06 18:58:15,232	INFO -- Cluster was not stable, waiting for retry window (24 seconds) to try again
2019-08-06 18:58:39,898	INFO -- Cluster was not stable, waiting for retry window (24 seconds) to try again
2019-08-06 18:59:04,519	INFO -- Cluster was not stable, waiting for retry window (24 seconds) to try again
2019-08-06 18:59:29,158	INFO -- Cluster was not stable, waiting for retry window (24 seconds) to try again
2019-08-06 18:59:53,790	INFO -- Cluster was not stable, waiting for retry window (24 seconds) to try again
2019-08-06 19:00:18,397	INFO -- Cluster was not stable, waiting for retry window (24 seconds) to try again
2019-08-06 19:00:43,007	INFO -- Cluster was stable for 240 seconds till 2019-08-06 19:00:42.421147, calculating best transition
2019-08-06 19:00:43,619	INFO -- Execution was added to the knowledge base with load: 10331.796010742524
2019-08-06 19:00:44,096	INFO -- No node could be shutdown for improvement, because all the resources are needed
2019-08-06 19:00:44,563	INFO -- Costs for all options: current= 0.33501318817138676, removal= inf, old_best= 0.33501318817138676
2019-08-06 19:00:44,563	INFO -- Staying with current execution, but randomly changing one random pod
2019-08-06 19:00:45,536	INFO -- moving: php-apache-5f657688bc-8hwf8 to gke-demo-cluster-1-default-pool-6f471531-sxjh using deployment name: php-apache
2019-08-06 19:00:48,539	INFO -- pod php-apache-5f657688bc-8hwf8 is deleted
2019-08-06 19:00:48,870	INFO -- Movement succeeded
2019-08-06 19:00:49,709	INFO -- went correct
2019-08-06 19:00:49,709	INFO -- Update step finished: 2019-08-06 19:00:49.709772
2019-08-06 19:00:49,710	INFO -- Current scores
                 Not stable: 0
                 All nodes full: 0
                 Migration correct: 5 wrong: 0 chance blocked: 1
                 Node removal correct: 1 wrong: 0
                 Old state correct: 0 wrong: 0
2019-08-06 19:00:49,710	INFO -- Going to sleep for 240 seconds
2019-08-06 19:04:49,810	INFO -- Time for an update_step iteration! 2019-08-06 19:04:49.810748
2019-08-06 19:04:50,411	INFO -- Cluster was stable for 240 seconds till 2019-08-06 19:04:49.811588, calculating best transition
2019-08-06 19:04:51,072	INFO -- Execution was added to the knowledge base with load: 10263.935623654623
2019-08-06 19:04:51,524	INFO -- No node could be shutdown for improvement, because all the resources are needed
2019-08-06 19:04:52,124	INFO -- Costs for all options: current= 0.33501318817138676, removal= inf, old_best= 0.33501318817138676
2019-08-06 19:04:52,124	INFO -- Update step finished: 2019-08-06 19:04:52.124783
2019-08-06 19:04:52,125	INFO -- Current scores
                 Not stable: 0
                 All nodes full: 0
                 Migration correct: 5 wrong: 0 chance blocked: 2
                 Node removal correct: 1 wrong: 0
                 Old state correct: 0 wrong: 0
2019-08-06 19:04:52,126	INFO -- Going to sleep for 240 seconds
2019-08-06 19:08:52,147	INFO -- Time for an update_step iteration! 2019-08-06 19:08:52.147379
2019-08-06 19:08:52,770	INFO -- Cluster was not stable, waiting for retry window (24 seconds) to try again
2019-08-06 19:09:17,379	INFO -- Cluster was not stable, waiting for retry window (24 seconds) to try again
2019-08-06 19:09:42,023	INFO -- Cluster was not stable, waiting for retry window (24 seconds) to try again
2019-08-06 19:10:06,673	INFO -- Cluster was not stable, waiting for retry window (24 seconds) to try again
2019-08-06 19:10:31,323	INFO -- Cluster was not stable, waiting for retry window (24 seconds) to try again
2019-08-06 19:10:55,914	INFO -- Cluster was not stable, waiting for retry window (24 seconds) to try again
2019-08-06 19:11:20,516	INFO -- Cluster was not stable, waiting for retry window (24 seconds) to try again
2019-08-06 19:11:45,145	INFO -- Cluster was not stable, waiting for retry window (24 seconds) to try again
2019-08-06 19:12:09,788	INFO -- Cluster was not stable, waiting for retry window (24 seconds) to try again
2019-08-06 19:12:34,467	INFO -- Cluster was not stable, waiting for retry window (24 seconds) to try again
2019-08-06 19:12:59,078	INFO -- Cluster was not stable, waiting for retry window (24 seconds) to try again
2019-08-06 19:13:23,776	INFO -- Cluster was not stable, waiting for retry window (24 seconds) to try again
2019-08-06 19:13:48,401	INFO -- Cluster was not stable, waiting for retry window (24 seconds) to try again
2019-08-06 19:14:12,988	INFO -- Cluster was not stable, waiting for retry window (24 seconds) to try again
2019-08-06 19:14:37,608	INFO -- Cluster was not stable, waiting for retry window (24 seconds) to try again
2019-08-06 19:15:02,326	INFO -- Cluster was not stable, waiting for retry window (24 seconds) to try again
2019-08-06 19:15:26,963	INFO -- Cluster was not stable, waiting for retry window (24 seconds) to try again
2019-08-06 19:15:51,609	INFO -- Cluster was not stable, waiting for retry window (24 seconds) to try again
2019-08-06 19:16:16,267	INFO -- Cluster was not stable, waiting for retry window (24 seconds) to try again
2019-08-06 19:16:40,892	INFO -- Cluster was not stable, waiting for retry window (24 seconds) to try again
2019-08-06 19:17:05,522	INFO -- Cluster was not stable, waiting for retry window (24 seconds) to try again
2019-08-06 19:17:30,202	INFO -- Cluster was not stable, waiting for retry window (24 seconds) to try again
2019-08-06 19:17:54,828	INFO -- Cluster was not stable, waiting for retry window (24 seconds) to try again
2019-08-06 19:18:19,471	INFO -- Cluster was not stable, waiting for retry window (24 seconds) to try again
2019-08-06 19:18:44,113	INFO -- Cluster was not stable, waiting for retry window (24 seconds) to try again
2019-08-06 19:19:08,815	INFO -- Cluster was stable for 240 seconds till 2019-08-06 19:19:08.138198, calculating best transition
2019-08-06 19:19:09,813	INFO -- Execution was added to the knowledge base with load: 1966.9150188556437
2019-08-06 19:19:10,416	INFO -- Costs for all options: current= 0.33501318817138676, removal= 0.25125988388061526, old_best= 0.25125988388061526
2019-08-06 19:19:10,417	INFO -- Removing node: gke-demo-cluster-1-default-pool-6f471531-s76g
2019-08-06 19:19:11,064	INFO -- NODE_REMOVAL=gke-demo-cluster-1-default-pool-6f471531-s76g
2019-08-06 19:19:11,064	INFO -- went correct
2019-08-06 19:19:11,065	INFO -- Update step finished: 2019-08-06 19:19:11.065025
2019-08-06 19:19:11,065	INFO -- Current scores
                 Not stable: 0
                 All nodes full: 0
                 Migration correct: 5 wrong: 0 chance blocked: 2
                 Node removal correct: 2 wrong: 0
                 Old state correct: 0 wrong: 0
2019-08-06 19:19:11,065	INFO -- Going to sleep for 240 seconds
2019-08-06 19:23:11,117	INFO -- Time for an update_step iteration! 2019-08-06 19:23:11.117551
2019-08-06 19:23:11,720	INFO -- Cluster was not stable, waiting for retry window (24 seconds) to try again
2019-08-06 19:23:36,313	INFO -- Cluster was not stable, waiting for retry window (24 seconds) to try again
2019-08-06 19:24:00,964	INFO -- Cluster was not stable, waiting for retry window (24 seconds) to try again
2019-08-06 19:24:25,573	INFO -- Cluster was not stable, waiting for retry window (24 seconds) to try again
2019-08-06 19:24:50,207	INFO -- Cluster was not stable, waiting for retry window (24 seconds) to try again
2019-08-06 19:25:14,812	INFO -- Cluster was not stable, waiting for retry window (24 seconds) to try again
2019-08-06 19:25:39,459	INFO -- Cluster was not stable, waiting for retry window (24 seconds) to try again
2019-08-06 19:26:04,069	INFO -- Cluster was not stable, waiting for retry window (24 seconds) to try again
2019-08-06 19:26:28,696	INFO -- Cluster was not stable, waiting for retry window (24 seconds) to try again
2019-08-06 19:26:53,358	INFO -- Cluster was not stable, waiting for retry window (24 seconds) to try again
2019-08-06 19:27:17,978	INFO -- Cluster was not stable, waiting for retry window (24 seconds) to try again
2019-08-06 19:27:42,590	INFO -- Cluster was not stable, waiting for retry window (24 seconds) to try again
2019-08-06 19:28:07,206	INFO -- Cluster was stable for 240 seconds till 2019-08-06 19:28:06.613141, calculating best transition
2019-08-06 19:28:07,887	INFO -- Execution was added to the knowledge base with load: 7926.078483619494
2019-08-06 19:28:08,326	INFO -- No node could be shutdown for improvement, because all the resources are needed
2019-08-06 19:28:08,618	INFO -- Costs for all options: current= 0.33501318817138676, removal= inf, old_best= 0.3350131881713867
2019-08-06 19:28:08,619	INFO -- Update step finished: 2019-08-06 19:28:08.619003
2019-08-06 19:28:08,619	INFO -- Current scores
                 Not stable: 0
                 All nodes full: 0
                 Migration correct: 5 wrong: 0 chance blocked: 3
                 Node removal correct: 2 wrong: 0
                 Old state correct: 0 wrong: 0
2019-08-06 19:28:08,619	INFO -- Going to sleep for 240 seconds
2019-08-06 19:32:08,652	INFO -- Time for an update_step iteration! 2019-08-06 19:32:08.652867
2019-08-06 19:32:09,253	INFO -- Cluster was stable for 240 seconds till 2019-08-06 19:32:08.653265, calculating best transition
2019-08-06 19:32:10,019	INFO -- Execution was added to the knowledge base with load: 10203.093333333332
2019-08-06 19:32:10,458	INFO -- No node could be shutdown for improvement, because all the resources are needed
2019-08-06 19:32:11,169	INFO -- Costs for all options: current= 0.33501318817138676, removal= inf, old_best= 0.33501318817138676
2019-08-06 19:32:11,170	INFO -- Update step finished: 2019-08-06 19:32:11.170024
2019-08-06 19:32:11,170	INFO -- Current scores
                 Not stable: 0
                 All nodes full: 0
                 Migration correct: 5 wrong: 0 chance blocked: 4
                 Node removal correct: 2 wrong: 0
                 Old state correct: 0 wrong: 0
2019-08-06 19:32:11,170	INFO -- Going to sleep for 240 seconds
2019-08-06 19:36:11,198	INFO -- Time for an update_step iteration! 2019-08-06 19:36:11.198331
2019-08-06 19:36:11,834	INFO -- Cluster was stable for 240 seconds till 2019-08-06 19:36:11.199133, calculating best transition
2019-08-06 19:36:12,526	INFO -- Execution was added to the knowledge base with load: 10224.646745619051
2019-08-06 19:36:13,002	INFO -- No node could be shutdown for improvement, because all the resources are needed
2019-08-06 19:36:13,876	INFO -- Costs for all options: current= 0.33501318817138676, removal= inf, old_best= 0.3350131881713867
2019-08-06 19:36:13,877	INFO -- Update step finished: 2019-08-06 19:36:13.877000
2019-08-06 19:36:13,877	INFO -- Current scores
                 Not stable: 0
                 All nodes full: 0
                 Migration correct: 5 wrong: 0 chance blocked: 5
                 Node removal correct: 2 wrong: 0
                 Old state correct: 0 wrong: 0
2019-08-06 19:36:13,878	INFO -- Going to sleep for 240 seconds
2019-08-06 19:40:13,979	INFO -- Time for an update_step iteration! 2019-08-06 19:40:13.979223
2019-08-06 19:40:14,674	INFO -- Cluster was not stable, waiting for retry window (24 seconds) to try again
2019-08-06 19:40:39,309	INFO -- Cluster was not stable, waiting for retry window (24 seconds) to try again
2019-08-06 19:41:03,975	INFO -- Cluster was not stable, waiting for retry window (24 seconds) to try again
2019-08-06 19:41:28,635	INFO -- Cluster was not stable, waiting for retry window (24 seconds) to try again
2019-08-06 19:41:53,243	INFO -- Cluster was not stable, waiting for retry window (24 seconds) to try again
2019-08-06 19:42:17,873	INFO -- Cluster was not stable, waiting for retry window (24 seconds) to try again
2019-08-06 19:42:42,480	INFO -- Cluster was not stable, waiting for retry window (24 seconds) to try again
2019-08-06 19:43:07,189	INFO -- Cluster was not stable, waiting for retry window (24 seconds) to try again
2019-08-06 19:43:31,875	INFO -- Cluster was not stable, waiting for retry window (24 seconds) to try again
2019-08-06 19:43:56,509	INFO -- Cluster was not stable, waiting for retry window (24 seconds) to try again
2019-08-06 19:44:21,142	INFO -- Cluster was not stable, waiting for retry window (24 seconds) to try again
2019-08-06 19:44:45,792	INFO -- Cluster was not stable, waiting for retry window (24 seconds) to try again
2019-08-06 19:45:10,440	INFO -- Cluster was not stable, waiting for retry window (24 seconds) to try again
2019-08-06 19:45:35,097	INFO -- Cluster was not stable, waiting for retry window (24 seconds) to try again
2019-08-06 19:45:59,757	INFO -- Cluster was not stable, waiting for retry window (24 seconds) to try again
2019-08-06 19:46:24,379	INFO -- Cluster was not stable, waiting for retry window (24 seconds) to try again
2019-08-06 19:46:48,969	INFO -- Cluster was stable for 240 seconds till 2019-08-06 19:46:48.404422, calculating best transition
2019-08-06 19:46:49,641	INFO -- Execution was added to the knowledge base with load: 2025.4449815216933
2019-08-06 19:46:50,531	INFO -- Costs for all options: current= 0.33501318817138676, removal= 0.25125988388061526, old_best= 0.25125988388061526
2019-08-06 19:46:50,532	INFO -- Removing node: gke-demo-cluster-1-default-pool-6f471531-s76g
2019-08-06 19:46:51,277	INFO -- NODE_REMOVAL=gke-demo-cluster-1-default-pool-6f471531-s76g
2019-08-06 19:46:51,278	INFO -- went correct
2019-08-06 19:46:51,278	INFO -- Update step finished: 2019-08-06 19:46:51.278333
2019-08-06 19:46:51,278	INFO -- Current scores
                 Not stable: 0
                 All nodes full: 0
                 Migration correct: 5 wrong: 0 chance blocked: 5
                 Node removal correct: 3 wrong: 0
                 Old state correct: 0 wrong: 0
2019-08-06 19:46:51,278	INFO -- Going to sleep for 240 seconds
2019-08-06 19:50:51,297	INFO -- Time for an update_step iteration! 2019-08-06 19:50:51.297356
2019-08-06 19:50:51,613	INFO -- Cluster was not stable, waiting for retry window (24 seconds) to try again
2019-08-06 19:51:16,016	INFO -- Cluster was not stable, waiting for retry window (24 seconds) to try again
2019-08-06 19:51:40,329	INFO -- Cluster was not stable, waiting for retry window (24 seconds) to try again
2019-08-06 19:52:04,655	INFO -- Cluster was not stable, waiting for retry window (24 seconds) to try again
2019-08-06 19:52:29,024	INFO -- Cluster was not stable, waiting for retry window (24 seconds) to try again
2019-08-06 19:52:53,340	INFO -- Cluster was not stable, waiting for retry window (24 seconds) to try again
2019-08-06 19:53:17,663	INFO -- Cluster was not stable, waiting for retry window (24 seconds) to try again
2019-08-06 19:53:41,984	INFO -- Cluster was not stable, waiting for retry window (24 seconds) to try again
2019-08-06 19:54:06,626	INFO -- Cluster was not stable, waiting for retry window (24 seconds) to try again
2019-08-06 19:54:30,938	INFO -- Cluster was not stable, waiting for retry window (24 seconds) to try again
2019-08-06 19:54:55,274	INFO -- Cluster was not stable, waiting for retry window (24 seconds) to try again
2019-08-06 19:55:19,635	INFO -- Cluster was not stable, waiting for retry window (24 seconds) to try again
2019-08-06 19:55:43,952	INFO -- Cluster was not stable, waiting for retry window (24 seconds) to try again
2019-08-06 19:56:08,278	INFO -- Cluster was not stable, waiting for retry window (24 seconds) to try again
2019-08-06 19:56:32,614	INFO -- Cluster was not stable, waiting for retry window (24 seconds) to try again
2019-08-06 19:56:56,948	INFO -- Cluster was not stable, waiting for retry window (24 seconds) to try again
2019-08-06 19:57:21,289	INFO -- Cluster was not stable, waiting for retry window (24 seconds) to try again
2019-08-06 19:57:45,637	INFO -- Cluster was not stable, waiting for retry window (24 seconds) to try again
2019-08-06 19:58:10,235	INFO -- Cluster was stable for 240 seconds till 2019-08-06 19:58:09.661477, calculating best transition
2019-08-06 19:58:10,927	INFO -- Execution was added to the knowledge base with load: 8122.433913421216
2019-08-06 19:58:11,386	INFO -- No node could be shutdown for improvement, because all the resources are needed
2019-08-06 19:58:11,837	INFO -- Costs for all options: current= 0.33501318817138676, removal= inf, old_best= 0.3350131881713867
2019-08-06 19:58:11,837	INFO -- Staying with current execution, but randomly changing one random pod
2019-08-06 19:58:12,924	INFO -- moving: php-apache-5f657688bc-6wmdr to gke-demo-cluster-1-default-pool-6f471531-wrpm using deployment name: php-apache
2019-08-06 19:58:16,173	INFO -- pod php-apache-5f657688bc-6wmdr is deleted
2019-08-06 19:58:16,433	INFO -- Movement succeeded
2019-08-06 19:58:17,359	INFO -- went correct
2019-08-06 19:58:17,360	INFO -- Update step finished: 2019-08-06 19:58:17.360142
2019-08-06 19:58:17,360	INFO -- Current scores
                 Not stable: 0
                 All nodes full: 0
                 Migration correct: 6 wrong: 0 chance blocked: 5
                 Node removal correct: 3 wrong: 0
                 Old state correct: 0 wrong: 0
2019-08-06 19:58:17,360	INFO -- Going to sleep for 240 seconds
2019-08-06 20:02:17,460	INFO -- Time for an update_step iteration! 2019-08-06 20:02:17.460908
2019-08-06 20:02:18,033	INFO -- Cluster was stable for 240 seconds till 2019-08-06 20:02:17.461354, calculating best transition
2019-08-06 20:02:18,672	INFO -- Execution was added to the knowledge base with load: 10182.999064484826
2019-08-06 20:02:19,081	INFO -- No node could be shutdown for improvement, because all the resources are needed
2019-08-06 20:02:20,175	INFO -- Costs for all options: current= 0.33501318817138676, removal= inf, old_best= 0.33501318817138676
2019-08-06 20:02:20,175	INFO -- Update step finished: 2019-08-06 20:02:20.175454
2019-08-06 20:02:20,175	INFO -- Current scores
                 Not stable: 0
                 All nodes full: 0
                 Migration correct: 6 wrong: 0 chance blocked: 6
                 Node removal correct: 3 wrong: 0
                 Old state correct: 0 wrong: 0
2019-08-06 20:02:20,175	INFO -- Going to sleep for 240 seconds
2019-08-06 20:06:20,273	INFO -- Time for an update_step iteration! 2019-08-06 20:06:20.273291
2019-08-06 20:06:20,900	INFO -- Cluster was not stable, waiting for retry window (24 seconds) to try again
2019-08-06 20:06:45,526	INFO -- Cluster was not stable, waiting for retry window (24 seconds) to try again
2019-08-06 20:07:10,130	INFO -- Cluster was not stable, waiting for retry window (24 seconds) to try again
2019-08-06 20:07:34,791	INFO -- Cluster was not stable, waiting for retry window (24 seconds) to try again
2019-08-06 20:07:59,396	INFO -- Cluster was not stable, waiting for retry window (24 seconds) to try again
2019-08-06 20:08:24,050	INFO -- Cluster was not stable, waiting for retry window (24 seconds) to try again
2019-08-06 20:08:48,704	INFO -- Cluster was not stable, waiting for retry window (24 seconds) to try again
2019-08-06 20:09:13,309	INFO -- Cluster was not stable, waiting for retry window (24 seconds) to try again
2019-08-06 20:09:37,958	INFO -- Cluster was not stable, waiting for retry window (24 seconds) to try again
2019-08-06 20:10:02,573	INFO -- Cluster was not stable, waiting for retry window (24 seconds) to try again
2019-08-06 20:10:27,247	INFO -- Cluster was not stable, waiting for retry window (24 seconds) to try again
2019-08-06 20:10:51,938	INFO -- Cluster was not stable, waiting for retry window (24 seconds) to try again
2019-08-06 20:11:16,673	INFO -- Cluster was not stable, waiting for retry window (24 seconds) to try again
2019-08-06 20:11:41,400	INFO -- Cluster was not stable, waiting for retry window (24 seconds) to try again
2019-08-06 20:12:06,133	INFO -- Cluster was not stable, waiting for retry window (24 seconds) to try again
2019-08-06 20:12:30,842	INFO -- Cluster was not stable, waiting for retry window (24 seconds) to try again
2019-08-06 20:12:55,568	INFO -- Cluster was not stable, waiting for retry window (24 seconds) to try again
2019-08-06 20:13:20,180	INFO -- Cluster was not stable, waiting for retry window (24 seconds) to try again
2019-08-06 20:13:44,837	INFO -- Cluster was not stable, waiting for retry window (24 seconds) to try again
2019-08-06 20:14:09,514	INFO -- Cluster was not stable, waiting for retry window (24 seconds) to try again
2019-08-06 20:14:34,119	INFO -- Cluster was not stable, waiting for retry window (24 seconds) to try again
2019-08-06 20:14:58,805	INFO -- Cluster was not stable, waiting for retry window (24 seconds) to try again
2019-08-06 20:15:23,507	INFO -- Cluster was not stable, waiting for retry window (24 seconds) to try again
2019-08-06 20:15:48,186	INFO -- Cluster was not stable, waiting for retry window (24 seconds) to try again
2019-08-06 20:16:12,834	INFO -- Cluster was not stable, waiting for retry window (24 seconds) to try again
2019-08-06 20:16:37,540	INFO -- Cluster was not stable, waiting for retry window (24 seconds) to try again
2019-08-06 20:17:02,201	INFO -- Cluster was not stable, waiting for retry window (24 seconds) to try again
2019-08-06 20:17:26,869	INFO -- Cluster was stable for 240 seconds till 2019-08-06 20:17:26.225214, calculating best transition
2019-08-06 20:17:27,414	INFO -- Execution was added to the knowledge base with load: 1919.3309867315177
2019-08-06 20:17:28,087	INFO -- Costs for all options: current= 0.33501318817138676, removal= 0.25125988388061526, old_best= 0.25125988388061526
2019-08-06 20:17:28,088	INFO -- Removing node: gke-demo-cluster-1-default-pool-6f471531-wrpm
2019-08-06 20:17:28,746	INFO -- NODE_REMOVAL=gke-demo-cluster-1-default-pool-6f471531-wrpm
2019-08-06 20:17:28,746	INFO -- went correct
2019-08-06 20:17:28,747	INFO -- Update step finished: 2019-08-06 20:17:28.747462
2019-08-06 20:17:28,748	INFO -- Current scores
                 Not stable: 0
                 All nodes full: 0
                 Migration correct: 6 wrong: 0 chance blocked: 6
                 Node removal correct: 4 wrong: 0
                 Old state correct: 0 wrong: 0
2019-08-06 20:17:28,748	INFO -- Going to sleep for 240 seconds
2019-08-06 20:21:28,775	INFO -- Time for an update_step iteration! 2019-08-06 20:21:28.775649
2019-08-06 20:21:29,366	INFO -- Cluster was not stable, waiting for retry window (24 seconds) to try again
2019-08-06 20:21:53,997	INFO -- Cluster was not stable, waiting for retry window (24 seconds) to try again
2019-08-06 20:22:18,628	INFO -- Cluster was not stable, waiting for retry window (24 seconds) to try again
2019-08-06 20:22:43,239	INFO -- Cluster was not stable, waiting for retry window (24 seconds) to try again
2019-08-06 20:23:07,947	INFO -- Cluster was not stable, waiting for retry window (24 seconds) to try again
2019-08-06 20:23:32,546	INFO -- Cluster was not stable, waiting for retry window (24 seconds) to try again
2019-08-06 20:23:57,168	INFO -- Cluster was not stable, waiting for retry window (24 seconds) to try again
2019-08-06 20:24:21,830	INFO -- Cluster was not stable, waiting for retry window (24 seconds) to try again
2019-08-06 20:24:46,510	INFO -- Cluster was not stable, waiting for retry window (24 seconds) to try again
2019-08-06 20:25:11,142	INFO -- Cluster was not stable, waiting for retry window (24 seconds) to try again
2019-08-06 20:25:35,791	INFO -- Cluster was not stable, waiting for retry window (24 seconds) to try again
2019-08-06 20:26:00,551	INFO -- Cluster was not stable, waiting for retry window (24 seconds) to try again
2019-08-06 20:26:25,191	INFO -- Cluster was not stable, waiting for retry window (24 seconds) to try again
2019-08-06 20:26:49,946	INFO -- Cluster was not stable, waiting for retry window (24 seconds) to try again
2019-08-06 20:27:14,564	INFO -- Cluster was not stable, waiting for retry window (24 seconds) to try again
2019-08-06 20:27:39,225	INFO -- Cluster was not stable, waiting for retry window (24 seconds) to try again
2019-08-06 20:28:03,868	INFO -- Cluster was not stable, waiting for retry window (24 seconds) to try again
2019-08-06 20:28:28,493	INFO -- Cluster was stable for 240 seconds till 2019-08-06 20:28:27.889171, calculating best transition
2019-08-06 20:28:29,531	INFO -- Execution was added to the knowledge base with load: 8274.47947657421
2019-08-06 20:28:29,890	INFO -- No node could be shutdown for improvement, because all the resources are needed
2019-08-06 20:28:30,493	INFO -- Costs for all options: current= 0.33501318817138676, removal= inf, old_best= 0.3350131881713867
2019-08-06 20:28:30,493	INFO -- Update step finished: 2019-08-06 20:28:30.493815
2019-08-06 20:28:30,494	INFO -- Current scores
                 Not stable: 0
                 All nodes full: 0
                 Migration correct: 6 wrong: 0 chance blocked: 7
                 Node removal correct: 4 wrong: 0
                 Old state correct: 0 wrong: 0
2019-08-06 20:28:30,494	INFO -- Going to sleep for 240 seconds
2019-08-06 20:32:30,593	INFO -- Time for an update_step iteration! 2019-08-06 20:32:30.593165
2019-08-06 20:32:31,215	INFO -- Cluster was stable for 240 seconds till 2019-08-06 20:32:30.593490, calculating best transition
2019-08-06 20:32:31,877	INFO -- Execution was added to the knowledge base with load: 10165.799191752187
2019-08-06 20:32:32,284	INFO -- No node could be shutdown for improvement, because all the resources are needed
2019-08-06 20:32:33,487	INFO -- Costs for all options: current= 0.33501318817138676, removal= inf, old_best= 0.33501318817138676
2019-08-06 20:32:33,487	INFO -- Staying with current execution, but randomly changing one random pod
2019-08-06 20:32:34,540	INFO -- moving: php-apache-5f657688bc-b82f4 to gke-demo-cluster-1-default-pool-6f471531-wrpm using deployment name: php-apache
2019-08-06 20:32:44,351	INFO -- pod php-apache-5f657688bc-b82f4 is deleted
2019-08-06 20:32:44,593	INFO -- Movement succeeded
2019-08-06 20:32:45,432	INFO -- went correct
2019-08-06 20:32:45,432	INFO -- Update step finished: 2019-08-06 20:32:45.432601
2019-08-06 20:32:45,432	INFO -- Current scores
                 Not stable: 0
                 All nodes full: 0
                 Migration correct: 7 wrong: 0 chance blocked: 7
                 Node removal correct: 4 wrong: 0
                 Old state correct: 0 wrong: 0
2019-08-06 20:32:45,432	INFO -- Going to sleep for 240 seconds
2019-08-06 20:36:45,533	INFO -- Time for an update_step iteration! 2019-08-06 20:36:45.533075
2019-08-06 20:36:46,160	INFO -- Cluster was not stable, waiting for retry window (24 seconds) to try again
2019-08-06 20:37:10,802	INFO -- Cluster was stable for 240 seconds till 2019-08-06 20:37:10.184967, calculating best transition
2019-08-06 20:37:11,479	INFO -- Execution was added to the knowledge base with load: 10271.342806667939
2019-08-06 20:37:11,978	INFO -- No node could be shutdown for improvement, because all the resources are needed
2019-08-06 20:37:13,381	INFO -- Costs for all options: current= 0.33501318817138676, removal= inf, old_best= 0.33501318817138676
2019-08-06 20:37:13,382	INFO -- Staying with current execution, but randomly changing one random pod
2019-08-06 20:37:14,686	INFO -- moving: php-apache-5f657688bc-5s6g7 to gke-demo-cluster-1-default-pool-6f471531-wrpm using deployment name: php-apache
2019-08-06 20:37:17,292	INFO -- pod php-apache-5f657688bc-5s6g7 is deleted
2019-08-06 20:37:17,558	INFO -- Movement succeeded
2019-08-06 20:37:18,441	INFO -- went correct
2019-08-06 20:37:18,442	INFO -- Update step finished: 2019-08-06 20:37:18.442063
2019-08-06 20:37:18,442	INFO -- Current scores
                 Not stable: 0
                 All nodes full: 0
                 Migration correct: 8 wrong: 0 chance blocked: 7
                 Node removal correct: 4 wrong: 0
                 Old state correct: 0 wrong: 0
2019-08-06 20:37:18,443	INFO -- Going to sleep for 240 seconds
2019-08-06 20:41:18,544	INFO -- Time for an update_step iteration! 2019-08-06 20:41:18.544030
2019-08-06 20:41:19,167	INFO -- Cluster was not stable, waiting for retry window (24 seconds) to try again
2019-08-06 20:41:43,816	INFO -- Cluster was not stable, waiting for retry window (24 seconds) to try again
2019-08-06 20:42:08,477	INFO -- Cluster was not stable, waiting for retry window (24 seconds) to try again
2019-08-06 20:42:33,181	INFO -- Cluster was not stable, waiting for retry window (24 seconds) to try again
2019-08-06 20:42:57,850	INFO -- Cluster was not stable, waiting for retry window (24 seconds) to try again
2019-08-06 20:43:22,476	INFO -- Cluster was not stable, waiting for retry window (24 seconds) to try again
2019-08-06 20:43:47,116	INFO -- Cluster was not stable, waiting for retry window (24 seconds) to try again
2019-08-06 20:44:11,730	INFO -- Cluster was not stable, waiting for retry window (24 seconds) to try again
2019-08-06 20:44:36,383	INFO -- Cluster was not stable, waiting for retry window (24 seconds) to try again
2019-08-06 20:45:01,040	INFO -- Cluster was not stable, waiting for retry window (24 seconds) to try again
2019-08-06 20:45:25,716	INFO -- Cluster was not stable, waiting for retry window (24 seconds) to try again
2019-08-06 20:45:50,397	INFO -- Cluster was not stable, waiting for retry window (24 seconds) to try again
2019-08-06 20:46:15,056	INFO -- Cluster was not stable, waiting for retry window (24 seconds) to try again
2019-08-06 20:46:39,704	INFO -- Cluster was not stable, waiting for retry window (24 seconds) to try again
2019-08-06 20:47:04,330	INFO -- Cluster was not stable, waiting for retry window (24 seconds) to try again
2019-08-06 20:47:29,093	INFO -- Cluster was not stable, waiting for retry window (24 seconds) to try again
2019-08-06 20:47:53,746	INFO -- Cluster was not stable, waiting for retry window (24 seconds) to try again
2019-08-06 20:48:18,399	INFO -- Cluster was stable for 240 seconds till 2019-08-06 20:48:17.771752, calculating best transition
2019-08-06 20:48:18,941	INFO -- Execution was added to the knowledge base with load: 1898.6951766341244
2019-08-06 20:48:19,603	INFO -- Costs for all options: current= 0.33501318817138676, removal= 0.25125988388061526, old_best= 0.25125988388061526
2019-08-06 20:48:19,603	INFO -- Removing node: gke-demo-cluster-1-default-pool-6f471531-wrpm
2019-08-06 20:48:20,123	INFO -- moving: php-apache-5f657688bc-ddlxz to gke-demo-cluster-1-default-pool-6f471531-sxjh using deployment name: php-apache
2019-08-06 20:48:33,810	INFO -- pod php-apache-5f657688bc-ddlxz is deleted
2019-08-06 20:48:50,529	INFO -- went wrong: <class 'kubernetes_tools.migrate_pod.VerificationTookTooLongException'>
2019-08-06 20:48:50,531	INFO -- Update step finished: 2019-08-06 20:48:50.531131
2019-08-06 20:48:50,531	INFO -- Current scores
                 Not stable: 0
                 All nodes full: 0
                 Migration correct: 8 wrong: 0 chance blocked: 7
                 Node removal correct: 4 wrong: 1
                 Old state correct: 0 wrong: 0
2019-08-06 20:48:50,532	INFO -- Going to sleep for 240 seconds
2019-08-06 20:52:50,573	INFO -- Time for an update_step iteration! 2019-08-06 20:52:50.573481
2019-08-06 20:52:51,214	INFO -- Cluster was not stable, waiting for retry window (24 seconds) to try again
2019-08-06 20:53:15,865	INFO -- Cluster was not stable, waiting for retry window (24 seconds) to try again
2019-08-06 20:53:40,630	INFO -- Cluster was not stable, waiting for retry window (24 seconds) to try again
2019-08-06 20:54:05,354	INFO -- Cluster was not stable, waiting for retry window (24 seconds) to try again
2019-08-06 20:54:30,021	INFO -- Cluster was not stable, waiting for retry window (24 seconds) to try again
2019-08-06 20:54:54,700	INFO -- Cluster was not stable, waiting for retry window (24 seconds) to try again
2019-08-06 20:55:19,410	INFO -- Cluster was not stable, waiting for retry window (24 seconds) to try again
2019-08-06 20:55:44,090	INFO -- Cluster was not stable, waiting for retry window (24 seconds) to try again
2019-08-06 20:56:08,710	INFO -- Cluster was not stable, waiting for retry window (24 seconds) to try again
2019-08-06 20:56:33,458	INFO -- Cluster was not stable, waiting for retry window (24 seconds) to try again
2019-08-06 20:56:58,144	INFO -- Cluster was not stable, waiting for retry window (24 seconds) to try again
2019-08-06 20:57:23,047	INFO -- Cluster was not stable, waiting for retry window (24 seconds) to try again
2019-08-06 20:57:47,679	INFO -- Cluster was not stable, waiting for retry window (24 seconds) to try again
2019-08-06 20:58:12,321	INFO -- Cluster was stable for 240 seconds till 2019-08-06 20:58:11.699120, calculating best transition
2019-08-06 20:58:13,223	INFO -- Execution was added to the knowledge base with load: 8071.10094929644
2019-08-06 20:58:13,799	INFO -- No node could be shutdown for improvement, because all the resources are needed
2019-08-06 20:58:14,588	INFO -- Costs for all options: current= 0.33501318817138676, removal= inf, old_best= 0.33501318817138676
2019-08-06 20:58:14,588	INFO -- Update step finished: 2019-08-06 20:58:14.588957
2019-08-06 20:58:14,589	INFO -- Current scores
                 Not stable: 0
                 All nodes full: 0
                 Migration correct: 8 wrong: 0 chance blocked: 8
                 Node removal correct: 4 wrong: 1
                 Old state correct: 0 wrong: 0
2019-08-06 20:58:14,589	INFO -- Going to sleep for 240 seconds
2019-08-06 21:02:14,689	INFO -- Time for an update_step iteration! 2019-08-06 21:02:14.689530
2019-08-06 21:02:15,280	INFO -- Cluster was not stable, waiting for retry window (24 seconds) to try again
2019-08-06 21:02:40,004	INFO -- Cluster was stable for 240 seconds till 2019-08-06 21:02:39.304788, calculating best transition
2019-08-06 21:02:40,792	INFO -- Execution was added to the knowledge base with load: 10233.45699832449
2019-08-06 21:02:41,425	INFO -- No node could be shutdown for improvement, because all the resources are needed
2019-08-06 21:02:42,955	INFO -- Costs for all options: current= 0.33501318817138676, removal= inf, old_best= 0.33501318817138676
2019-08-06 21:02:42,955	INFO -- Staying with current execution, but randomly changing one random pod
2019-08-06 21:02:44,176	INFO -- moving: php-apache-5f657688bc-978kp to gke-demo-cluster-1-default-pool-6f471531-sxjh using deployment name: php-apache
2019-08-06 21:02:53,816	INFO -- pod php-apache-5f657688bc-978kp is deleted
2019-08-06 21:02:54,123	INFO -- Movement succeeded
2019-08-06 21:02:55,042	INFO -- went correct
2019-08-06 21:02:55,043	INFO -- Update step finished: 2019-08-06 21:02:55.043019
2019-08-06 21:02:55,043	INFO -- Current scores
                 Not stable: 0
                 All nodes full: 0
                 Migration correct: 9 wrong: 0 chance blocked: 8
                 Node removal correct: 4 wrong: 1
                 Old state correct: 0 wrong: 0
2019-08-06 21:02:55,043	INFO -- Going to sleep for 240 seconds
2019-08-06 21:06:55,117	INFO -- Time for an update_step iteration! 2019-08-06 21:06:55.117269
2019-08-06 21:06:55,801	INFO -- Cluster was not stable, waiting for retry window (24 seconds) to try again
2019-08-06 21:07:20,418	INFO -- Cluster was stable for 240 seconds till 2019-08-06 21:07:19.825413, calculating best transition
2019-08-06 21:07:20,996	INFO -- Execution was added to the knowledge base with load: 10259.853346981745
2019-08-06 21:07:21,352	INFO -- No node could be shutdown for improvement, because all the resources are needed
2019-08-06 21:07:23,097	INFO -- Costs for all options: current= 0.33501318817138676, removal= inf, old_best= 0.33501318817138676
2019-08-06 21:07:23,098	INFO -- Staying with current execution, but randomly changing one random pod
2019-08-06 21:07:24,250	INFO -- moving: php-apache-5f657688bc-pht7t to gke-demo-cluster-1-default-pool-6f471531-wrpm using deployment name: php-apache
2019-08-06 21:07:35,468	INFO -- pod php-apache-5f657688bc-pht7t is deleted
2019-08-06 21:07:35,761	INFO -- Movement succeeded
2019-08-06 21:07:36,526	INFO -- went correct
2019-08-06 21:07:36,526	INFO -- Update step finished: 2019-08-06 21:07:36.526588
2019-08-06 21:07:36,526	INFO -- Current scores
                 Not stable: 0
                 All nodes full: 0
                 Migration correct: 10 wrong: 0 chance blocked: 8
                 Node removal correct: 4 wrong: 1
                 Old state correct: 0 wrong: 0
2019-08-06 21:07:36,527	INFO -- Going to sleep for 240 seconds
2019-08-06 21:11:36,613	INFO -- Time for an update_step iteration! 2019-08-06 21:11:36.613411
2019-08-06 21:11:37,259	INFO -- Cluster was not stable, waiting for retry window (24 seconds) to try again
2019-08-06 21:12:01,901	INFO -- Cluster was not stable, waiting for retry window (24 seconds) to try again
2019-08-06 21:12:26,530	INFO -- Cluster was not stable, waiting for retry window (24 seconds) to try again
2019-08-06 21:12:51,202	INFO -- Cluster was not stable, waiting for retry window (24 seconds) to try again
2019-08-06 21:13:15,856	INFO -- Cluster was not stable, waiting for retry window (24 seconds) to try again
2019-08-06 21:13:40,510	INFO -- Cluster was not stable, waiting for retry window (24 seconds) to try again
2019-08-06 21:14:05,154	INFO -- Cluster was not stable, waiting for retry window (24 seconds) to try again
2019-08-06 21:14:29,821	INFO -- Cluster was not stable, waiting for retry window (24 seconds) to try again
2019-08-06 21:14:54,482	INFO -- Cluster was not stable, waiting for retry window (24 seconds) to try again
2019-08-06 21:15:19,074	INFO -- Cluster was not stable, waiting for retry window (24 seconds) to try again
2019-08-06 21:15:43,798	INFO -- Cluster was not stable, waiting for retry window (24 seconds) to try again
2019-08-06 21:16:08,453	INFO -- Cluster was not stable, waiting for retry window (24 seconds) to try again
2019-08-06 21:16:33,103	INFO -- Cluster was not stable, waiting for retry window (24 seconds) to try again
2019-08-06 21:16:57,808	INFO -- Cluster was not stable, waiting for retry window (24 seconds) to try again
2019-08-06 21:17:22,479	INFO -- Cluster was stable for 240 seconds till 2019-08-06 21:17:21.833072, calculating best transition
2019-08-06 21:17:22,975	INFO -- Execution was added to the knowledge base with load: 1994.507672420635
2019-08-06 21:17:23,533	INFO -- Costs for all options: current= 0.33501318817138676, removal= 0.25125988388061526, old_best= 0.25125988388061526
2019-08-06 21:17:23,533	INFO -- Removing node: gke-demo-cluster-1-default-pool-6f471531-wrpm
2019-08-06 21:17:23,980	INFO -- NODE_REMOVAL=gke-demo-cluster-1-default-pool-6f471531-wrpm
2019-08-06 21:17:23,981	INFO -- went correct
2019-08-06 21:17:23,981	INFO -- Update step finished: 2019-08-06 21:17:23.981420
2019-08-06 21:17:23,981	INFO -- Current scores
                 Not stable: 0
                 All nodes full: 0
                 Migration correct: 10 wrong: 0 chance blocked: 8
                 Node removal correct: 5 wrong: 1
                 Old state correct: 0 wrong: 0
2019-08-06 21:17:23,982	INFO -- Going to sleep for 240 seconds
2019-08-06 21:21:24,082	INFO -- Time for an update_step iteration! 2019-08-06 21:21:24.082443
2019-08-06 21:21:24,785	INFO -- Cluster was not stable, waiting for retry window (24 seconds) to try again
2019-08-06 21:21:49,378	INFO -- Cluster was not stable, waiting for retry window (24 seconds) to try again
2019-08-06 21:22:14,028	INFO -- Cluster was not stable, waiting for retry window (24 seconds) to try again
2019-08-06 21:22:38,659	INFO -- Cluster was not stable, waiting for retry window (24 seconds) to try again
2019-08-06 21:23:03,280	INFO -- Cluster was not stable, waiting for retry window (24 seconds) to try again
2019-08-06 21:23:27,908	INFO -- Cluster was not stable, waiting for retry window (24 seconds) to try again
2019-08-06 21:23:52,572	INFO -- Cluster was not stable, waiting for retry window (24 seconds) to try again
2019-08-06 21:24:17,254	INFO -- Cluster was not stable, waiting for retry window (24 seconds) to try again
2019-08-06 21:24:41,892	INFO -- Cluster was not stable, waiting for retry window (24 seconds) to try again
2019-08-06 21:25:06,525	INFO -- Cluster was not stable, waiting for retry window (24 seconds) to try again
2019-08-06 21:25:31,146	INFO -- Cluster was not stable, waiting for retry window (24 seconds) to try again
2019-08-06 21:25:55,769	INFO -- Cluster was not stable, waiting for retry window (24 seconds) to try again
2019-08-06 21:26:20,470	INFO -- Cluster was not stable, waiting for retry window (24 seconds) to try again
2019-08-06 21:26:45,135	INFO -- Cluster was not stable, waiting for retry window (24 seconds) to try again
2019-08-06 21:27:09,805	INFO -- Cluster was not stable, waiting for retry window (24 seconds) to try again
2019-08-06 21:27:34,382	INFO -- Cluster was stable for 240 seconds till 2019-08-06 21:27:33.806582, calculating best transition
2019-08-06 21:27:34,934	INFO -- Execution was added to the knowledge base with load: 7183.935453557117
2019-08-06 21:27:35,238	INFO -- No node could be shutdown for improvement, because all the resources are needed
2019-08-06 21:27:35,395	INFO -- Costs for all options: current= 0.33501318817138676, removal= inf, old_best= 0.33501318817138676
2019-08-06 21:27:35,395	INFO -- Update step finished: 2019-08-06 21:27:35.395566
2019-08-06 21:27:35,395	INFO -- Current scores
                 Not stable: 0
                 All nodes full: 0
                 Migration correct: 10 wrong: 0 chance blocked: 9
                 Node removal correct: 5 wrong: 1
                 Old state correct: 0 wrong: 0
2019-08-06 21:27:35,395	INFO -- Going to sleep for 240 seconds
2019-08-06 21:31:35,496	INFO -- Time for an update_step iteration! 2019-08-06 21:31:35.496097
2019-08-06 21:31:36,104	INFO -- Cluster was stable for 240 seconds till 2019-08-06 21:31:35.496484, calculating best transition
2019-08-06 21:31:37,238	INFO -- Execution was added to the knowledge base with load: 10200.18896583491
2019-08-06 21:31:37,629	INFO -- No node could be shutdown for improvement, because all the resources are needed
2019-08-06 21:31:39,400	INFO -- Costs for all options: current= 0.33501318817138676, removal= inf, old_best= 0.33501318817138676
2019-08-06 21:31:39,400	INFO -- Staying with current execution, but randomly changing one random pod
2019-08-06 21:31:40,472	INFO -- moving: php-apache-5f657688bc-clxb2 to gke-demo-cluster-1-default-pool-6f471531-wrpm using deployment name: php-apache
2019-08-06 21:31:50,443	INFO -- pod php-apache-5f657688bc-clxb2 is deleted
2019-08-06 21:31:50,699	INFO -- Movement succeeded
2019-08-06 21:31:51,508	INFO -- went correct
2019-08-06 21:31:51,508	INFO -- Update step finished: 2019-08-06 21:31:51.508725
2019-08-06 21:31:51,508	INFO -- Current scores
                 Not stable: 0
                 All nodes full: 0
                 Migration correct: 11 wrong: 0 chance blocked: 9
                 Node removal correct: 5 wrong: 1
                 Old state correct: 0 wrong: 0
2019-08-06 21:31:51,508	INFO -- Going to sleep for 240 seconds
2019-08-06 21:35:51,609	INFO -- Time for an update_step iteration! 2019-08-06 21:35:51.608981
2019-08-06 21:35:52,337	INFO -- Cluster was not stable, waiting for retry window (24 seconds) to try again
2019-08-06 21:36:16,961	INFO -- Cluster was stable for 240 seconds till 2019-08-06 21:36:16.361955, calculating best transition
2019-08-06 21:36:17,493	INFO -- Execution was added to the knowledge base with load: 10251.643663651668
2019-08-06 21:36:17,872	INFO -- No node could be shutdown for improvement, because all the resources are needed
2019-08-06 21:36:19,909	INFO -- Costs for all options: current= 0.33501318817138676, removal= inf, old_best= 0.33501318817138676
2019-08-06 21:36:19,910	INFO -- Update step finished: 2019-08-06 21:36:19.910388
2019-08-06 21:36:19,911	INFO -- Current scores
                 Not stable: 0
                 All nodes full: 0
                 Migration correct: 11 wrong: 0 chance blocked: 10
                 Node removal correct: 5 wrong: 1
                 Old state correct: 0 wrong: 0
2019-08-06 21:36:19,911	INFO -- Going to sleep for 240 seconds
