2019-08-08 05:39:47,014	INFO -- Settings: TopologyGenerator/settings-php_apache_no_node_removal.json
2019-08-08 05:39:47,149	INFO -- Graphdatabase emptied
2019-08-08 05:39:47,149	INFO -- Waiting for warmup to finish. 1800 seconds
2019-08-08 06:09:47,235	INFO -- Going to sleep for 240 seconds
2019-08-08 06:13:47,336	INFO -- Time for an update_step iteration! 2019-08-08 06:13:47.336935
2019-08-08 06:13:48,192	INFO -- Cluster was stable for 240 seconds till 2019-08-08 06:13:47.337240, calculating best transition
2019-08-08 06:13:48,861	INFO -- Execution was added to the knowledge base with load: 2077.6936909422793
2019-08-08 06:13:49,348	INFO -- No node could be shutdown for improvement, because all nodes have a statefull set
2019-08-08 06:13:49,536	INFO -- Costs for all options: current= 0.2512598838806152, removal= inf, old_best= 0.25125988388061526
2019-08-08 06:13:49,537	INFO -- Update step finished: 2019-08-08 06:13:49.537030
2019-08-08 06:13:49,537	INFO -- Current scores
                 Not stable: 0
                 All nodes full: 0
                 Migration correct: 0 wrong: 0 chance blocked: 1
                 Node removal correct: 0 wrong: 0
                 Old state correct: 0 wrong: 0
2019-08-08 06:13:49,538	INFO -- Going to sleep for 240 seconds
2019-08-08 06:17:49,615	INFO -- Time for an update_step iteration! 2019-08-08 06:17:49.615507
2019-08-08 06:17:50,358	INFO -- Cluster was stable for 240 seconds till 2019-08-08 06:17:49.616308, calculating best transition
2019-08-08 06:17:51,040	INFO -- Execution was added to the knowledge base with load: 1986.1127857162726
2019-08-08 06:17:51,506	INFO -- No node could be shutdown for improvement, because all nodes have a statefull set
2019-08-08 06:17:51,877	INFO -- Costs for all options: current= 0.2512598838806152, removal= inf, old_best= 0.25125988388061526
2019-08-08 06:17:51,878	INFO -- Update step finished: 2019-08-08 06:17:51.878254
2019-08-08 06:17:51,878	INFO -- Current scores
                 Not stable: 0
                 All nodes full: 0
                 Migration correct: 0 wrong: 0 chance blocked: 2
                 Node removal correct: 0 wrong: 0
                 Old state correct: 0 wrong: 0
2019-08-08 06:17:51,879	INFO -- Going to sleep for 240 seconds
2019-08-08 06:21:51,881	INFO -- Time for an update_step iteration! 2019-08-08 06:21:51.881455
2019-08-08 06:21:52,605	INFO -- Cluster was not stable, waiting for retry window (24 seconds) to try again
2019-08-08 06:22:17,456	INFO -- Cluster was not stable, waiting for retry window (24 seconds) to try again
2019-08-08 06:22:42,283	INFO -- Cluster was not stable, waiting for retry window (24 seconds) to try again
2019-08-08 06:23:07,137	INFO -- Cluster was not stable, waiting for retry window (24 seconds) to try again
2019-08-08 06:23:31,913	INFO -- Cluster was not stable, waiting for retry window (24 seconds) to try again
2019-08-08 06:23:56,718	INFO -- Cluster was not stable, waiting for retry window (24 seconds) to try again
2019-08-08 06:24:21,601	INFO -- Cluster was not stable, waiting for retry window (24 seconds) to try again
2019-08-08 06:24:46,448	INFO -- Cluster was not stable, waiting for retry window (24 seconds) to try again
2019-08-08 06:25:11,268	INFO -- Cluster was not stable, waiting for retry window (24 seconds) to try again
2019-08-08 06:25:36,030	INFO -- Cluster was not stable, waiting for retry window (24 seconds) to try again
2019-08-08 06:26:00,426	INFO -- Cluster was not stable, waiting for retry window (24 seconds) to try again
2019-08-08 06:26:24,808	INFO -- Cluster was not stable, waiting for retry window (24 seconds) to try again
2019-08-08 06:26:49,208	INFO -- Cluster was not stable, waiting for retry window (24 seconds) to try again
2019-08-08 06:27:13,610	INFO -- Cluster was not stable, waiting for retry window (24 seconds) to try again
2019-08-08 06:27:38,206	INFO -- Cluster was not stable, waiting for retry window (24 seconds) to try again
2019-08-08 06:28:02,722	INFO -- Cluster was not stable, waiting for retry window (24 seconds) to try again
2019-08-08 06:28:27,179	INFO -- Cluster was not stable, waiting for retry window (24 seconds) to try again
2019-08-08 06:28:51,575	INFO -- Cluster was not stable, waiting for retry window (24 seconds) to try again
2019-08-08 06:29:15,975	INFO -- Cluster was not stable, waiting for retry window (24 seconds) to try again
2019-08-08 06:29:40,382	INFO -- Cluster was not stable, waiting for retry window (24 seconds) to try again
2019-08-08 06:30:05,174	INFO -- Cluster was stable for 240 seconds till 2019-08-08 06:30:04.405491, calculating best transition
2019-08-08 06:30:06,112	INFO -- Execution was added to the knowledge base with load: 8704.516184149561
2019-08-08 06:30:06,749	INFO -- No node could be shutdown for improvement, because all the resources are needed
2019-08-08 06:30:06,941	INFO -- Costs for all options: current= 0.3350131591796875, removal= inf, old_best= 0.3350131591796875
2019-08-08 06:30:06,941	INFO -- Staying with current execution, but randomly changing one random pod
2019-08-08 06:30:08,565	INFO -- moving: php-apache-5f657688bc-4tf5c to gke-demo-cluster-1-default-pool-6f471531-p5vn using deployment name: php-apache
2019-08-08 06:30:14,354	INFO -- pod php-apache-5f657688bc-4tf5c is deleted
2019-08-08 06:30:14,743	INFO -- Movement succeeded
2019-08-08 06:30:15,843	INFO -- went correct
2019-08-08 06:30:15,843	INFO -- Update step finished: 2019-08-08 06:30:15.843471
2019-08-08 06:30:15,843	INFO -- Current scores
                 Not stable: 0
                 All nodes full: 0
                 Migration correct: 1 wrong: 0 chance blocked: 2
                 Node removal correct: 0 wrong: 0
                 Old state correct: 0 wrong: 0
2019-08-08 06:30:15,843	INFO -- Going to sleep for 240 seconds
2019-08-08 06:34:15,944	INFO -- Time for an update_step iteration! 2019-08-08 06:34:15.944143
2019-08-08 06:34:16,695	INFO -- Cluster was not stable, waiting for retry window (24 seconds) to try again
2019-08-08 06:34:41,497	INFO -- Cluster was stable for 240 seconds till 2019-08-08 06:34:40.720022, calculating best transition
2019-08-08 06:34:42,333	INFO -- Execution was added to the knowledge base with load: 10228.413379350177
2019-08-08 06:34:42,905	INFO -- No node could be shutdown for improvement, because all the resources are needed
2019-08-08 06:34:43,103	INFO -- Costs for all options: current= 0.3350131591796875, removal= inf, old_best= 0.33501315917968755
2019-08-08 06:34:43,103	INFO -- Staying with current execution, but randomly changing one random pod
2019-08-08 06:34:44,480	INFO -- moving: php-apache-5f657688bc-6txh6 to gke-demo-cluster-1-default-pool-6f471531-5n82 using deployment name: php-apache
2019-08-08 06:34:50,413	INFO -- pod php-apache-5f657688bc-6txh6 is deleted
2019-08-08 06:34:50,791	INFO -- Movement succeeded
2019-08-08 06:34:52,090	INFO -- went correct
2019-08-08 06:34:52,091	INFO -- Update step finished: 2019-08-08 06:34:52.091782
2019-08-08 06:34:52,092	INFO -- Current scores
                 Not stable: 0
                 All nodes full: 0
                 Migration correct: 2 wrong: 0 chance blocked: 2
                 Node removal correct: 0 wrong: 0
                 Old state correct: 0 wrong: 0
2019-08-08 06:34:52,093	INFO -- Going to sleep for 240 seconds
2019-08-08 06:38:52,193	INFO -- Time for an update_step iteration! 2019-08-08 06:38:52.193607
2019-08-08 06:38:52,951	INFO -- Cluster was not stable, waiting for retry window (24 seconds) to try again
2019-08-08 06:39:17,708	INFO -- Cluster was not stable, waiting for retry window (24 seconds) to try again
2019-08-08 06:39:42,516	INFO -- Cluster was not stable, waiting for retry window (24 seconds) to try again
2019-08-08 06:40:07,274	INFO -- Cluster was not stable, waiting for retry window (24 seconds) to try again
2019-08-08 06:40:32,025	INFO -- Cluster was not stable, waiting for retry window (24 seconds) to try again
2019-08-08 06:40:56,785	INFO -- Cluster was not stable, waiting for retry window (24 seconds) to try again
2019-08-08 06:41:21,605	INFO -- Cluster was not stable, waiting for retry window (24 seconds) to try again
2019-08-08 06:41:46,375	INFO -- Cluster was not stable, waiting for retry window (24 seconds) to try again
2019-08-08 06:42:11,124	INFO -- Cluster was not stable, waiting for retry window (24 seconds) to try again
2019-08-08 06:42:35,888	INFO -- Cluster was not stable, waiting for retry window (24 seconds) to try again
2019-08-08 06:43:00,680	INFO -- Cluster was not stable, waiting for retry window (24 seconds) to try again
2019-08-08 06:43:25,439	INFO -- Cluster was not stable, waiting for retry window (24 seconds) to try again
2019-08-08 06:43:50,240	INFO -- Cluster was not stable, waiting for retry window (24 seconds) to try again
2019-08-08 06:44:15,016	INFO -- Cluster was not stable, waiting for retry window (24 seconds) to try again
2019-08-08 06:44:39,805	INFO -- Cluster was not stable, waiting for retry window (24 seconds) to try again
2019-08-08 06:45:04,571	INFO -- Cluster was not stable, waiting for retry window (24 seconds) to try again
2019-08-08 06:45:29,338	INFO -- Cluster was not stable, waiting for retry window (24 seconds) to try again
2019-08-08 06:45:54,086	INFO -- Cluster was not stable, waiting for retry window (24 seconds) to try again
2019-08-08 06:46:18,843	INFO -- Cluster was not stable, waiting for retry window (24 seconds) to try again
2019-08-08 06:46:43,617	INFO -- Cluster was not stable, waiting for retry window (24 seconds) to try again
2019-08-08 06:47:08,417	INFO -- Cluster was not stable, waiting for retry window (24 seconds) to try again
2019-08-08 06:47:33,186	INFO -- Cluster was not stable, waiting for retry window (24 seconds) to try again
2019-08-08 06:47:57,941	INFO -- Cluster was not stable, waiting for retry window (24 seconds) to try again
2019-08-08 06:48:22,692	INFO -- Cluster was not stable, waiting for retry window (24 seconds) to try again
2019-08-08 06:48:47,454	INFO -- Cluster was not stable, waiting for retry window (24 seconds) to try again
2019-08-08 06:49:12,229	INFO -- Cluster was stable for 240 seconds till 2019-08-08 06:49:11.479137, calculating best transition
2019-08-08 06:49:13,427	INFO -- Execution was added to the knowledge base with load: 1978.4764909166367
2019-08-08 06:49:14,132	INFO -- Costs for all options: current= 0.3350131591796875, removal= 0.2512598838806152, old_best= 0.25125988388061526
2019-08-08 06:49:14,132	INFO -- Removing node: gke-demo-cluster-1-default-pool-6f471531-p5vn
2019-08-08 06:49:14,796	INFO -- NODE_REMOVAL=gke-demo-cluster-1-default-pool-6f471531-p5vn
2019-08-08 06:49:14,796	INFO -- went correct
2019-08-08 06:49:14,797	INFO -- Update step finished: 2019-08-08 06:49:14.797321
2019-08-08 06:49:14,797	INFO -- Current scores
                 Not stable: 0
                 All nodes full: 0
                 Migration correct: 2 wrong: 0 chance blocked: 2
                 Node removal correct: 1 wrong: 0
                 Old state correct: 0 wrong: 0
2019-08-08 06:49:14,797	INFO -- Going to sleep for 240 seconds
2019-08-08 06:53:14,898	INFO -- Time for an update_step iteration! 2019-08-08 06:53:14.898350
2019-08-08 06:53:15,806	INFO -- Cluster was not stable, waiting for retry window (24 seconds) to try again
2019-08-08 06:53:40,605	INFO -- Cluster was not stable, waiting for retry window (24 seconds) to try again
2019-08-08 06:54:05,468	INFO -- Cluster was not stable, waiting for retry window (24 seconds) to try again
2019-08-08 06:54:30,294	INFO -- Cluster was not stable, waiting for retry window (24 seconds) to try again
2019-08-08 06:54:55,178	INFO -- Cluster was not stable, waiting for retry window (24 seconds) to try again
2019-08-08 06:55:19,942	INFO -- Cluster was not stable, waiting for retry window (24 seconds) to try again
2019-08-08 06:55:44,703	INFO -- Cluster was not stable, waiting for retry window (24 seconds) to try again
2019-08-08 06:56:09,557	INFO -- Cluster was not stable, waiting for retry window (24 seconds) to try again
2019-08-08 06:56:34,351	INFO -- Cluster was not stable, waiting for retry window (24 seconds) to try again
2019-08-08 06:56:59,110	INFO -- Cluster was not stable, waiting for retry window (24 seconds) to try again
2019-08-08 06:57:23,887	INFO -- Cluster was not stable, waiting for retry window (24 seconds) to try again
2019-08-08 06:57:48,638	INFO -- Cluster was not stable, waiting for retry window (24 seconds) to try again
2019-08-08 06:58:13,456	INFO -- Cluster was not stable, waiting for retry window (24 seconds) to try again
2019-08-08 06:58:38,244	INFO -- Cluster was not stable, waiting for retry window (24 seconds) to try again
2019-08-08 06:59:03,039	INFO -- Cluster was not stable, waiting for retry window (24 seconds) to try again
2019-08-08 06:59:27,830	INFO -- Cluster was not stable, waiting for retry window (24 seconds) to try again
2019-08-08 06:59:52,668	INFO -- Cluster was not stable, waiting for retry window (24 seconds) to try again
2019-08-08 07:00:17,441	INFO -- Cluster was not stable, waiting for retry window (24 seconds) to try again
2019-08-08 07:00:42,239	INFO -- Cluster was not stable, waiting for retry window (24 seconds) to try again
2019-08-08 07:01:07,029	INFO -- Cluster was not stable, waiting for retry window (24 seconds) to try again
2019-08-08 07:01:31,808	INFO -- Cluster was not stable, waiting for retry window (24 seconds) to try again
2019-08-08 07:01:56,845	INFO -- Cluster was stable for 240 seconds till 2019-08-08 07:01:55.832721, calculating best transition
2019-08-08 07:01:57,592	INFO -- Execution was added to the knowledge base with load: 10033.236971139564
2019-08-08 07:01:58,087	INFO -- No node could be shutdown for improvement, because all the resources are needed
2019-08-08 07:01:58,471	INFO -- Costs for all options: current= 0.3350131591796875, removal= inf, old_best= 0.33501315917968755
2019-08-08 07:01:58,471	INFO -- Update step finished: 2019-08-08 07:01:58.471693
2019-08-08 07:01:58,471	INFO -- Current scores
                 Not stable: 0
                 All nodes full: 0
                 Migration correct: 2 wrong: 0 chance blocked: 3
                 Node removal correct: 1 wrong: 0
                 Old state correct: 0 wrong: 0
2019-08-08 07:01:58,472	INFO -- Going to sleep for 240 seconds
2019-08-08 07:05:58,541	INFO -- Time for an update_step iteration! 2019-08-08 07:05:58.541458
2019-08-08 07:05:59,262	INFO -- Cluster was stable for 240 seconds till 2019-08-08 07:05:58.542116, calculating best transition
2019-08-08 07:05:59,998	INFO -- Execution was added to the knowledge base with load: 10236.562691592595
2019-08-08 07:06:00,427	INFO -- No node could be shutdown for improvement, because all the resources are needed
2019-08-08 07:06:00,909	INFO -- Costs for all options: current= 0.3350131591796875, removal= inf, old_best= 0.33501315917968755
2019-08-08 07:06:00,910	INFO -- Update step finished: 2019-08-08 07:06:00.910792
2019-08-08 07:06:00,911	INFO -- Current scores
                 Not stable: 0
                 All nodes full: 0
                 Migration correct: 2 wrong: 0 chance blocked: 4
                 Node removal correct: 1 wrong: 0
                 Old state correct: 0 wrong: 0
2019-08-08 07:06:00,912	INFO -- Going to sleep for 240 seconds
2019-08-08 07:10:01,012	INFO -- Time for an update_step iteration! 2019-08-08 07:10:01.012750
2019-08-08 07:10:01,587	INFO -- Cluster was stable for 240 seconds till 2019-08-08 07:10:01.013083, calculating best transition
2019-08-08 07:10:02,230	INFO -- Execution was added to the knowledge base with load: 10121.570978399412
2019-08-08 07:10:02,668	INFO -- No node could be shutdown for improvement, because all the resources are needed
2019-08-08 07:10:02,803	INFO -- Costs for all options: current= 0.3350131591796875, removal= inf, old_best= 0.3350131591796875
2019-08-08 07:10:02,803	INFO -- Staying with current execution, but randomly changing one random pod
2019-08-08 07:10:03,869	INFO -- moving: php-apache-5f657688bc-fqhxm to gke-demo-cluster-1-default-pool-6f471531-sxjh using deployment name: php-apache
2019-08-08 07:10:17,069	INFO -- pod php-apache-5f657688bc-fqhxm is deleted
2019-08-08 07:10:17,343	INFO -- Movement succeeded
2019-08-08 07:10:18,191	INFO -- went correct
2019-08-08 07:10:18,192	INFO -- Update step finished: 2019-08-08 07:10:18.191990
2019-08-08 07:10:18,192	INFO -- Current scores
                 Not stable: 0
                 All nodes full: 0
                 Migration correct: 3 wrong: 0 chance blocked: 4
                 Node removal correct: 1 wrong: 0
                 Old state correct: 0 wrong: 0
2019-08-08 07:10:18,193	INFO -- Going to sleep for 240 seconds
2019-08-08 07:14:18,253	INFO -- Time for an update_step iteration! 2019-08-08 07:14:18.253249
2019-08-08 07:14:18,842	INFO -- Cluster was not stable, waiting for retry window (24 seconds) to try again
2019-08-08 07:14:43,428	INFO -- Cluster was not stable, waiting for retry window (24 seconds) to try again
2019-08-08 07:15:08,043	INFO -- Cluster was not stable, waiting for retry window (24 seconds) to try again
2019-08-08 07:15:32,637	INFO -- Cluster was not stable, waiting for retry window (24 seconds) to try again
2019-08-08 07:15:57,231	INFO -- Cluster was not stable, waiting for retry window (24 seconds) to try again
2019-08-08 07:16:21,835	INFO -- Cluster was not stable, waiting for retry window (24 seconds) to try again
2019-08-08 07:16:46,424	INFO -- Cluster was not stable, waiting for retry window (24 seconds) to try again
2019-08-08 07:17:11,018	INFO -- Cluster was not stable, waiting for retry window (24 seconds) to try again
2019-08-08 07:17:35,617	INFO -- Cluster was not stable, waiting for retry window (24 seconds) to try again
2019-08-08 07:18:00,251	INFO -- Cluster was not stable, waiting for retry window (24 seconds) to try again
2019-08-08 07:18:24,852	INFO -- Cluster was not stable, waiting for retry window (24 seconds) to try again
2019-08-08 07:18:49,478	INFO -- Cluster was not stable, waiting for retry window (24 seconds) to try again
2019-08-08 07:19:14,087	INFO -- Cluster was not stable, waiting for retry window (24 seconds) to try again
2019-08-08 07:19:38,688	INFO -- Cluster was stable for 240 seconds till 2019-08-08 07:19:38.112019, calculating best transition
2019-08-08 07:19:39,176	INFO -- Execution was added to the knowledge base with load: 1926.8084564789842
2019-08-08 07:19:39,780	INFO -- Costs for all options: current= 0.3350131591796875, removal= 0.2512598838806152, old_best= 0.25125988388061526
2019-08-08 07:19:39,781	INFO -- Removing node: gke-demo-cluster-1-default-pool-6f471531-p5vn
2019-08-08 07:19:40,257	INFO -- NODE_REMOVAL=gke-demo-cluster-1-default-pool-6f471531-p5vn
2019-08-08 07:19:40,258	INFO -- went correct
2019-08-08 07:19:40,259	INFO -- Update step finished: 2019-08-08 07:19:40.259222
2019-08-08 07:19:40,259	INFO -- Current scores
                 Not stable: 0
                 All nodes full: 0
                 Migration correct: 3 wrong: 0 chance blocked: 4
                 Node removal correct: 2 wrong: 0
                 Old state correct: 0 wrong: 0
2019-08-08 07:19:40,260	INFO -- Going to sleep for 240 seconds
2019-08-08 07:23:40,306	INFO -- Time for an update_step iteration! 2019-08-08 07:23:40.305982
2019-08-08 07:23:40,610	INFO -- Cluster was not stable, waiting for retry window (24 seconds) to try again
2019-08-08 07:24:04,929	INFO -- Cluster was not stable, waiting for retry window (24 seconds) to try again
2019-08-08 07:24:29,260	INFO -- Cluster was not stable, waiting for retry window (24 seconds) to try again
2019-08-08 07:24:53,586	INFO -- Cluster was not stable, waiting for retry window (24 seconds) to try again
2019-08-08 07:25:17,928	INFO -- Cluster was not stable, waiting for retry window (24 seconds) to try again
2019-08-08 07:25:42,542	INFO -- Cluster was not stable, waiting for retry window (24 seconds) to try again
2019-08-08 07:26:06,857	INFO -- Cluster was not stable, waiting for retry window (24 seconds) to try again
2019-08-08 07:26:31,168	INFO -- Cluster was not stable, waiting for retry window (24 seconds) to try again
2019-08-08 07:26:55,505	INFO -- Cluster was not stable, waiting for retry window (24 seconds) to try again
2019-08-08 07:27:19,884	INFO -- Cluster was not stable, waiting for retry window (24 seconds) to try again
2019-08-08 07:27:44,213	INFO -- Cluster was not stable, waiting for retry window (24 seconds) to try again
2019-08-08 07:28:08,529	INFO -- Cluster was not stable, waiting for retry window (24 seconds) to try again
2019-08-08 07:28:32,863	INFO -- Cluster was not stable, waiting for retry window (24 seconds) to try again
2019-08-08 07:28:57,181	INFO -- Cluster was not stable, waiting for retry window (24 seconds) to try again
2019-08-08 07:29:21,535	INFO -- Cluster was not stable, waiting for retry window (24 seconds) to try again
2019-08-08 07:29:45,868	INFO -- Cluster was not stable, waiting for retry window (24 seconds) to try again
2019-08-08 07:30:10,477	INFO -- Cluster was stable for 240 seconds till 2019-08-08 07:30:09.892966, calculating best transition
2019-08-08 07:30:11,085	INFO -- Execution was added to the knowledge base with load: 8843.821309737847
2019-08-08 07:30:11,430	INFO -- No node could be shutdown for improvement, because all the resources are needed
2019-08-08 07:30:11,573	INFO -- Costs for all options: current= 0.3350131591796875, removal= inf, old_best= 0.3350131591796875
2019-08-08 07:30:11,573	INFO -- Staying with current execution, but randomly changing one random pod
2019-08-08 07:30:12,574	INFO -- moving: php-apache-5f657688bc-cn4z5 to gke-demo-cluster-1-default-pool-6f471531-9zf4 using deployment name: php-apache
2019-08-08 07:30:27,065	INFO -- pod php-apache-5f657688bc-cn4z5 is deleted
2019-08-08 07:30:27,341	INFO -- Movement succeeded
2019-08-08 07:30:28,282	INFO -- went correct
2019-08-08 07:30:28,283	INFO -- Update step finished: 2019-08-08 07:30:28.283269
2019-08-08 07:30:28,283	INFO -- Current scores
                 Not stable: 0
                 All nodes full: 0
                 Migration correct: 4 wrong: 0 chance blocked: 4
                 Node removal correct: 2 wrong: 0
                 Old state correct: 0 wrong: 0
2019-08-08 07:30:28,283	INFO -- Going to sleep for 240 seconds
2019-08-08 07:34:28,384	INFO -- Time for an update_step iteration! 2019-08-08 07:34:28.384387
2019-08-08 07:34:29,039	INFO -- Cluster was not stable, waiting for retry window (24 seconds) to try again
2019-08-08 07:34:53,660	INFO -- Cluster was not stable, waiting for retry window (24 seconds) to try again
2019-08-08 07:35:18,275	INFO -- Cluster was not stable, waiting for retry window (24 seconds) to try again
2019-08-08 07:35:42,907	INFO -- Cluster was not stable, waiting for retry window (24 seconds) to try again
2019-08-08 07:36:07,525	INFO -- Cluster was not stable, waiting for retry window (24 seconds) to try again
2019-08-08 07:36:32,126	INFO -- Cluster was not stable, waiting for retry window (24 seconds) to try again
2019-08-08 07:36:56,769	INFO -- Cluster was stable for 240 seconds till 2019-08-08 07:36:56.149298, calculating best transition
2019-08-08 07:36:57,379	INFO -- Execution was added to the knowledge base with load: 10202.033368443308
2019-08-08 07:36:57,793	INFO -- No node could be shutdown for improvement, because all the resources are needed
2019-08-08 07:36:57,947	INFO -- Costs for all options: current= 0.3350131591796875, removal= inf, old_best= 0.3350131591796875
2019-08-08 07:36:57,947	INFO -- Update step finished: 2019-08-08 07:36:57.947905
2019-08-08 07:36:57,948	INFO -- Current scores
                 Not stable: 0
                 All nodes full: 0
                 Migration correct: 4 wrong: 0 chance blocked: 5
                 Node removal correct: 2 wrong: 0
                 Old state correct: 0 wrong: 0
2019-08-08 07:36:57,948	INFO -- Going to sleep for 240 seconds
2019-08-08 07:40:57,957	INFO -- Time for an update_step iteration! 2019-08-08 07:40:57.957288
2019-08-08 07:40:58,553	INFO -- Cluster was not stable, waiting for retry window (24 seconds) to try again
2019-08-08 07:41:23,304	INFO -- Cluster was not stable, waiting for retry window (24 seconds) to try again
2019-08-08 07:41:47,894	INFO -- Cluster was not stable, waiting for retry window (24 seconds) to try again
2019-08-08 07:42:12,480	INFO -- Cluster was not stable, waiting for retry window (24 seconds) to try again
2019-08-08 07:42:37,074	INFO -- Cluster was not stable, waiting for retry window (24 seconds) to try again
2019-08-08 07:43:01,678	INFO -- Cluster was not stable, waiting for retry window (24 seconds) to try again
2019-08-08 07:43:26,256	INFO -- Cluster was not stable, waiting for retry window (24 seconds) to try again
2019-08-08 07:43:50,870	INFO -- Cluster was not stable, waiting for retry window (24 seconds) to try again
2019-08-08 07:44:15,475	INFO -- Cluster was not stable, waiting for retry window (24 seconds) to try again
2019-08-08 07:44:40,075	INFO -- Cluster was not stable, waiting for retry window (24 seconds) to try again
2019-08-08 07:45:04,654	INFO -- Cluster was not stable, waiting for retry window (24 seconds) to try again
2019-08-08 07:45:29,262	INFO -- Cluster was not stable, waiting for retry window (24 seconds) to try again
2019-08-08 07:45:53,864	INFO -- Cluster was not stable, waiting for retry window (24 seconds) to try again
2019-08-08 07:46:18,441	INFO -- Cluster was not stable, waiting for retry window (24 seconds) to try again
2019-08-08 07:46:43,083	INFO -- Cluster was not stable, waiting for retry window (24 seconds) to try again
2019-08-08 07:47:07,688	INFO -- Cluster was not stable, waiting for retry window (24 seconds) to try again
2019-08-08 07:47:32,271	INFO -- Cluster was not stable, waiting for retry window (24 seconds) to try again
2019-08-08 07:47:56,844	INFO -- Cluster was not stable, waiting for retry window (24 seconds) to try again
2019-08-08 07:48:21,449	INFO -- Cluster was not stable, waiting for retry window (24 seconds) to try again
2019-08-08 07:48:46,060	INFO -- Cluster was not stable, waiting for retry window (24 seconds) to try again
2019-08-08 07:49:10,675	INFO -- Cluster was not stable, waiting for retry window (24 seconds) to try again
2019-08-08 07:49:35,324	INFO -- Cluster was not stable, waiting for retry window (24 seconds) to try again
2019-08-08 07:50:00,005	INFO -- Cluster was stable for 240 seconds till 2019-08-08 07:49:59.341569, calculating best transition
2019-08-08 07:50:01,080	INFO -- Execution was added to the knowledge base with load: 1868.8769373153223
2019-08-08 07:50:01,602	INFO -- Costs for all options: current= 0.3350131591796875, removal= 0.2512598838806152, old_best= 0.25125988388061526
2019-08-08 07:50:01,602	INFO -- Removing node: gke-demo-cluster-1-default-pool-6f471531-9zf4
2019-08-08 07:50:02,234	INFO -- NODE_REMOVAL=gke-demo-cluster-1-default-pool-6f471531-9zf4
2019-08-08 07:50:02,235	INFO -- went correct
2019-08-08 07:50:02,235	INFO -- Update step finished: 2019-08-08 07:50:02.235350
2019-08-08 07:50:02,235	INFO -- Current scores
                 Not stable: 0
                 All nodes full: 0
                 Migration correct: 4 wrong: 0 chance blocked: 5
                 Node removal correct: 3 wrong: 0
                 Old state correct: 0 wrong: 0
2019-08-08 07:50:02,235	INFO -- Going to sleep for 240 seconds
2019-08-08 07:54:02,249	INFO -- Time for an update_step iteration! 2019-08-08 07:54:02.249256
2019-08-08 07:54:02,838	INFO -- Cluster was not stable, waiting for retry window (24 seconds) to try again
2019-08-08 07:54:27,459	INFO -- Cluster was not stable, waiting for retry window (24 seconds) to try again
2019-08-08 07:54:52,080	INFO -- Cluster was not stable, waiting for retry window (24 seconds) to try again
2019-08-08 07:55:16,676	INFO -- Cluster was not stable, waiting for retry window (24 seconds) to try again
2019-08-08 07:55:41,282	INFO -- Cluster was not stable, waiting for retry window (24 seconds) to try again
2019-08-08 07:56:05,895	INFO -- Cluster was not stable, waiting for retry window (24 seconds) to try again
2019-08-08 07:56:30,537	INFO -- Cluster was not stable, waiting for retry window (24 seconds) to try again
2019-08-08 07:56:55,132	INFO -- Cluster was not stable, waiting for retry window (24 seconds) to try again
2019-08-08 07:57:19,752	INFO -- Cluster was not stable, waiting for retry window (24 seconds) to try again
2019-08-08 07:57:44,422	INFO -- Cluster was not stable, waiting for retry window (24 seconds) to try again
2019-08-08 07:58:09,084	INFO -- Cluster was not stable, waiting for retry window (24 seconds) to try again
2019-08-08 07:58:33,688	INFO -- Cluster was not stable, waiting for retry window (24 seconds) to try again
2019-08-08 07:58:58,383	INFO -- Cluster was stable for 240 seconds till 2019-08-08 07:58:57.709169, calculating best transition
2019-08-08 07:58:59,025	INFO -- Execution was added to the knowledge base with load: 7070.020547349633
2019-08-08 07:58:59,422	INFO -- No node could be shutdown for improvement, because all the resources are needed
2019-08-08 07:58:59,569	INFO -- Costs for all options: current= 0.3350131591796875, removal= inf, old_best= 0.3350131591796875
2019-08-08 07:58:59,569	INFO -- Staying with current execution, but randomly changing one random pod
2019-08-08 07:59:00,597	INFO -- moving: php-apache-5f657688bc-q58vr to gke-demo-cluster-1-default-pool-6f471531-9zf4 using deployment name: php-apache
2019-08-08 07:59:14,336	INFO -- pod php-apache-5f657688bc-q58vr is deleted
2019-08-08 07:59:14,626	INFO -- Movement succeeded
2019-08-08 07:59:15,520	INFO -- went correct
2019-08-08 07:59:15,520	INFO -- Update step finished: 2019-08-08 07:59:15.520962
2019-08-08 07:59:15,521	INFO -- Current scores
                 Not stable: 0
                 All nodes full: 0
                 Migration correct: 5 wrong: 0 chance blocked: 5
                 Node removal correct: 3 wrong: 0
                 Old state correct: 0 wrong: 0
2019-08-08 07:59:15,521	INFO -- Going to sleep for 240 seconds
2019-08-08 08:03:15,611	INFO -- Time for an update_step iteration! 2019-08-08 08:03:15.611606
2019-08-08 08:03:16,236	INFO -- Cluster was not stable, waiting for retry window (24 seconds) to try again
2019-08-08 08:03:40,924	INFO -- Cluster was not stable, waiting for retry window (24 seconds) to try again
2019-08-08 08:04:05,538	INFO -- Cluster was not stable, waiting for retry window (24 seconds) to try again
2019-08-08 08:04:30,217	INFO -- Cluster was stable for 240 seconds till 2019-08-08 08:04:29.561138, calculating best transition
2019-08-08 08:04:30,866	INFO -- Execution was added to the knowledge base with load: 10247.085994324148
2019-08-08 08:04:31,372	INFO -- No node could be shutdown for improvement, because all the resources are needed
2019-08-08 08:04:31,518	INFO -- Costs for all options: current= 0.3350131591796875, removal= inf, old_best= 0.3350131591796875
2019-08-08 08:04:31,518	INFO -- Update step finished: 2019-08-08 08:04:31.518678
2019-08-08 08:04:31,518	INFO -- Current scores
                 Not stable: 0
                 All nodes full: 0
                 Migration correct: 5 wrong: 0 chance blocked: 6
                 Node removal correct: 3 wrong: 0
                 Old state correct: 0 wrong: 0
2019-08-08 08:04:31,519	INFO -- Going to sleep for 240 seconds
2019-08-08 08:08:31,619	INFO -- Time for an update_step iteration! 2019-08-08 08:08:31.619175
2019-08-08 08:08:32,222	INFO -- Cluster was stable for 240 seconds till 2019-08-08 08:08:31.619963, calculating best transition
2019-08-08 08:08:32,883	INFO -- Execution was added to the knowledge base with load: 10200.201163960492
2019-08-08 08:08:33,353	INFO -- No node could be shutdown for improvement, because all the resources are needed
2019-08-08 08:08:33,635	INFO -- Costs for all options: current= 0.3350131591796875, removal= inf, old_best= 0.3350131591796875
2019-08-08 08:08:33,635	INFO -- Staying with current execution, but randomly changing one random pod
2019-08-08 08:08:34,730	INFO -- moving: php-apache-5f657688bc-458g2 to gke-demo-cluster-1-default-pool-6f471531-5n82 using deployment name: php-apache
2019-08-08 08:08:45,424	INFO -- pod php-apache-5f657688bc-458g2 is deleted
2019-08-08 08:08:45,718	INFO -- Movement succeeded
2019-08-08 08:08:46,598	INFO -- went correct
2019-08-08 08:08:46,599	INFO -- Update step finished: 2019-08-08 08:08:46.598948
2019-08-08 08:08:46,599	INFO -- Current scores
                 Not stable: 0
                 All nodes full: 0
                 Migration correct: 6 wrong: 0 chance blocked: 6
                 Node removal correct: 3 wrong: 0
                 Old state correct: 0 wrong: 0
2019-08-08 08:08:46,600	INFO -- Going to sleep for 240 seconds
2019-08-08 08:12:46,700	INFO -- Time for an update_step iteration! 2019-08-08 08:12:46.700863
2019-08-08 08:12:47,284	INFO -- Cluster was not stable, waiting for retry window (24 seconds) to try again
2019-08-08 08:13:11,915	INFO -- Cluster was not stable, waiting for retry window (24 seconds) to try again
2019-08-08 08:13:36,535	INFO -- Cluster was not stable, waiting for retry window (24 seconds) to try again
2019-08-08 08:14:01,144	INFO -- Cluster was not stable, waiting for retry window (24 seconds) to try again
2019-08-08 08:14:25,764	INFO -- Cluster was not stable, waiting for retry window (24 seconds) to try again
2019-08-08 08:14:50,372	INFO -- Cluster was not stable, waiting for retry window (24 seconds) to try again
2019-08-08 08:15:14,989	INFO -- Cluster was not stable, waiting for retry window (24 seconds) to try again
2019-08-08 08:15:39,629	INFO -- Cluster was not stable, waiting for retry window (24 seconds) to try again
2019-08-08 08:16:04,223	INFO -- Cluster was not stable, waiting for retry window (24 seconds) to try again
2019-08-08 08:16:28,832	INFO -- Cluster was not stable, waiting for retry window (24 seconds) to try again
2019-08-08 08:16:53,475	INFO -- Cluster was not stable, waiting for retry window (24 seconds) to try again
2019-08-08 08:17:18,047	INFO -- Cluster was not stable, waiting for retry window (24 seconds) to try again
2019-08-08 08:17:42,651	INFO -- Cluster was not stable, waiting for retry window (24 seconds) to try again
2019-08-08 08:18:07,272	INFO -- Cluster was not stable, waiting for retry window (24 seconds) to try again
2019-08-08 08:18:31,878	INFO -- Cluster was not stable, waiting for retry window (24 seconds) to try again
2019-08-08 08:18:56,493	INFO -- Cluster was not stable, waiting for retry window (24 seconds) to try again
2019-08-08 08:19:21,098	INFO -- Cluster was stable for 240 seconds till 2019-08-08 08:19:20.517308, calculating best transition
2019-08-08 08:19:21,576	INFO -- Execution was added to the knowledge base with load: 1877.5679534342673
2019-08-08 08:19:22,004	INFO -- Costs for all options: current= 0.3350131591796875, removal= 0.2512598838806152, old_best= 0.25125988388061526
2019-08-08 08:19:22,005	INFO -- Removing node: gke-demo-cluster-1-default-pool-6f471531-9zf4
2019-08-08 08:19:22,487	INFO -- NODE_REMOVAL=gke-demo-cluster-1-default-pool-6f471531-9zf4
2019-08-08 08:19:22,487	INFO -- went correct
2019-08-08 08:19:22,487	INFO -- Update step finished: 2019-08-08 08:19:22.487821
2019-08-08 08:19:22,488	INFO -- Current scores
                 Not stable: 0
                 All nodes full: 0
                 Migration correct: 6 wrong: 0 chance blocked: 6
                 Node removal correct: 4 wrong: 0
                 Old state correct: 0 wrong: 0
2019-08-08 08:19:22,488	INFO -- Going to sleep for 240 seconds
2019-08-08 08:23:22,541	INFO -- Time for an update_step iteration! 2019-08-08 08:23:22.541489
2019-08-08 08:23:22,878	INFO -- Cluster was not stable, waiting for retry window (24 seconds) to try again
2019-08-08 08:23:47,306	INFO -- Cluster was not stable, waiting for retry window (24 seconds) to try again
2019-08-08 08:24:11,619	INFO -- Cluster was not stable, waiting for retry window (24 seconds) to try again
2019-08-08 08:24:35,979	INFO -- Cluster was not stable, waiting for retry window (24 seconds) to try again
2019-08-08 08:25:00,714	INFO -- Cluster was not stable, waiting for retry window (24 seconds) to try again
2019-08-08 08:25:25,048	INFO -- Cluster was not stable, waiting for retry window (24 seconds) to try again
2019-08-08 08:25:49,381	INFO -- Cluster was not stable, waiting for retry window (24 seconds) to try again
2019-08-08 08:26:13,682	INFO -- Cluster was not stable, waiting for retry window (24 seconds) to try again
2019-08-08 08:26:38,043	INFO -- Cluster was not stable, waiting for retry window (24 seconds) to try again
2019-08-08 08:27:02,349	INFO -- Cluster was not stable, waiting for retry window (24 seconds) to try again
2019-08-08 08:27:26,697	INFO -- Cluster was not stable, waiting for retry window (24 seconds) to try again
2019-08-08 08:27:51,025	INFO -- Cluster was not stable, waiting for retry window (24 seconds) to try again
2019-08-08 08:28:15,411	INFO -- Cluster was not stable, waiting for retry window (24 seconds) to try again
2019-08-08 08:28:39,732	INFO -- Cluster was not stable, waiting for retry window (24 seconds) to try again
2019-08-08 08:29:04,040	INFO -- Cluster was not stable, waiting for retry window (24 seconds) to try again
2019-08-08 08:29:28,342	INFO -- Cluster was not stable, waiting for retry window (24 seconds) to try again
2019-08-08 08:29:52,948	INFO -- Cluster was not stable, waiting for retry window (24 seconds) to try again
2019-08-08 08:30:17,578	INFO -- Cluster was stable for 240 seconds till 2019-08-08 08:30:16.973093, calculating best transition
2019-08-08 08:30:18,149	INFO -- Execution was added to the knowledge base with load: 9008.59201077354
2019-08-08 08:30:18,501	INFO -- No node could be shutdown for improvement, because all the resources are needed
2019-08-08 08:30:18,655	INFO -- Costs for all options: current= 0.3350131591796875, removal= inf, old_best= 0.3350131591796875
2019-08-08 08:30:18,655	INFO -- Staying with current execution, but randomly changing one random pod
2019-08-08 08:30:19,579	INFO -- moving: php-apache-5f657688bc-4q945 to gke-demo-cluster-1-default-pool-6f471531-vp0r using deployment name: php-apache
2019-08-08 08:30:22,394	INFO -- pod php-apache-5f657688bc-4q945 is deleted
2019-08-08 08:30:22,707	INFO -- Movement succeeded
2019-08-08 08:30:23,532	INFO -- went correct
2019-08-08 08:30:23,533	INFO -- Update step finished: 2019-08-08 08:30:23.533349
2019-08-08 08:30:23,533	INFO -- Current scores
                 Not stable: 0
                 All nodes full: 0
                 Migration correct: 7 wrong: 0 chance blocked: 6
                 Node removal correct: 4 wrong: 0
                 Old state correct: 0 wrong: 0
2019-08-08 08:30:23,533	INFO -- Going to sleep for 240 seconds
2019-08-08 08:34:23,634	INFO -- Time for an update_step iteration! 2019-08-08 08:34:23.634129
2019-08-08 08:34:24,248	INFO -- Cluster was not stable, waiting for retry window (24 seconds) to try again
2019-08-08 08:34:48,938	INFO -- Cluster was stable for 240 seconds till 2019-08-08 08:34:48.272502, calculating best transition
2019-08-08 08:34:49,575	INFO -- Execution was added to the knowledge base with load: 10166.16667094017
2019-08-08 08:34:50,008	INFO -- No node could be shutdown for improvement, because all the resources are needed
2019-08-08 08:34:50,332	INFO -- Costs for all options: current= 0.3350131591796875, removal= inf, old_best= 0.3350131591796875
2019-08-08 08:34:50,333	INFO -- Update step finished: 2019-08-08 08:34:50.333309
2019-08-08 08:34:50,333	INFO -- Current scores
                 Not stable: 0
                 All nodes full: 0
                 Migration correct: 7 wrong: 0 chance blocked: 7
                 Node removal correct: 4 wrong: 0
                 Old state correct: 0 wrong: 0
2019-08-08 08:34:50,334	INFO -- Going to sleep for 240 seconds
2019-08-08 08:38:50,358	INFO -- Time for an update_step iteration! 2019-08-08 08:38:50.358035
2019-08-08 08:38:50,937	INFO -- Cluster was stable for 240 seconds till 2019-08-08 08:38:50.358856, calculating best transition
2019-08-08 08:38:51,589	INFO -- Execution was added to the knowledge base with load: 10143.244444444445
2019-08-08 08:38:52,054	INFO -- No node could be shutdown for improvement, because all the resources are needed
2019-08-08 08:38:52,339	INFO -- Costs for all options: current= 0.3350131591796875, removal= inf, old_best= 0.3350131591796875
2019-08-08 08:38:52,340	INFO -- Update step finished: 2019-08-08 08:38:52.340128
2019-08-08 08:38:52,340	INFO -- Current scores
                 Not stable: 0
                 All nodes full: 0
                 Migration correct: 7 wrong: 0 chance blocked: 8
                 Node removal correct: 4 wrong: 0
                 Old state correct: 0 wrong: 0
2019-08-08 08:38:52,341	INFO -- Going to sleep for 240 seconds
2019-08-08 08:42:52,442	INFO -- Time for an update_step iteration! 2019-08-08 08:42:52.442296
2019-08-08 08:42:53,015	INFO -- Cluster was not stable, waiting for retry window (24 seconds) to try again
2019-08-08 08:43:17,618	INFO -- Cluster was not stable, waiting for retry window (24 seconds) to try again
2019-08-08 08:43:42,224	INFO -- Cluster was not stable, waiting for retry window (24 seconds) to try again
2019-08-08 08:44:06,844	INFO -- Cluster was not stable, waiting for retry window (24 seconds) to try again
2019-08-08 08:44:31,471	INFO -- Cluster was not stable, waiting for retry window (24 seconds) to try again
2019-08-08 08:44:56,076	INFO -- Cluster was not stable, waiting for retry window (24 seconds) to try again
2019-08-08 08:45:20,678	INFO -- Cluster was not stable, waiting for retry window (24 seconds) to try again
2019-08-08 08:45:45,337	INFO -- Cluster was not stable, waiting for retry window (24 seconds) to try again
2019-08-08 08:46:10,071	INFO -- Cluster was not stable, waiting for retry window (24 seconds) to try again
2019-08-08 08:46:34,675	INFO -- Cluster was not stable, waiting for retry window (24 seconds) to try again
2019-08-08 08:46:59,272	INFO -- Cluster was not stable, waiting for retry window (24 seconds) to try again
2019-08-08 08:47:23,947	INFO -- Cluster was not stable, waiting for retry window (24 seconds) to try again
2019-08-08 08:47:48,537	INFO -- Cluster was not stable, waiting for retry window (24 seconds) to try again
2019-08-08 08:48:13,135	INFO -- Cluster was not stable, waiting for retry window (24 seconds) to try again
2019-08-08 08:48:37,741	INFO -- Cluster was not stable, waiting for retry window (24 seconds) to try again
2019-08-08 08:49:02,359	INFO -- Cluster was not stable, waiting for retry window (24 seconds) to try again
2019-08-08 08:49:26,956	INFO -- Cluster was stable for 240 seconds till 2019-08-08 08:49:26.383395, calculating best transition
2019-08-08 08:49:27,549	INFO -- Execution was added to the knowledge base with load: 1834.4047066056166
2019-08-08 08:49:28,142	INFO -- Costs for all options: current= 0.3350131591796875, removal= 0.2512598838806152, old_best= 0.25125988388061526
2019-08-08 08:49:28,143	INFO -- Removing node: gke-demo-cluster-1-default-pool-6f471531-vp0r
2019-08-08 08:49:28,776	INFO -- NODE_REMOVAL=gke-demo-cluster-1-default-pool-6f471531-vp0r
2019-08-08 08:49:28,777	INFO -- went correct
2019-08-08 08:49:28,777	INFO -- Update step finished: 2019-08-08 08:49:28.777205
2019-08-08 08:49:28,777	INFO -- Current scores
                 Not stable: 0
                 All nodes full: 0
                 Migration correct: 7 wrong: 0 chance blocked: 8
                 Node removal correct: 5 wrong: 0
                 Old state correct: 0 wrong: 0
2019-08-08 08:49:28,777	INFO -- Going to sleep for 240 seconds
2019-08-08 08:53:28,877	INFO -- Time for an update_step iteration! 2019-08-08 08:53:28.877229
2019-08-08 08:53:29,498	INFO -- Cluster was not stable, waiting for retry window (24 seconds) to try again
2019-08-08 08:53:54,120	INFO -- Cluster was not stable, waiting for retry window (24 seconds) to try again
2019-08-08 08:54:18,751	INFO -- Cluster was not stable, waiting for retry window (24 seconds) to try again
2019-08-08 08:54:43,369	INFO -- Cluster was not stable, waiting for retry window (24 seconds) to try again
2019-08-08 08:55:07,997	INFO -- Cluster was not stable, waiting for retry window (24 seconds) to try again
2019-08-08 08:55:32,657	INFO -- Cluster was not stable, waiting for retry window (24 seconds) to try again
2019-08-08 08:55:57,311	INFO -- Cluster was not stable, waiting for retry window (24 seconds) to try again
2019-08-08 08:56:21,917	INFO -- Cluster was not stable, waiting for retry window (24 seconds) to try again
2019-08-08 08:56:46,517	INFO -- Cluster was not stable, waiting for retry window (24 seconds) to try again
2019-08-08 08:57:11,122	INFO -- Cluster was not stable, waiting for retry window (24 seconds) to try again
2019-08-08 08:57:35,748	INFO -- Cluster was not stable, waiting for retry window (24 seconds) to try again
2019-08-08 08:58:00,400	INFO -- Cluster was not stable, waiting for retry window (24 seconds) to try again
2019-08-08 08:58:25,022	INFO -- Cluster was not stable, waiting for retry window (24 seconds) to try again
2019-08-08 08:58:49,651	INFO -- Cluster was not stable, waiting for retry window (24 seconds) to try again
2019-08-08 08:59:14,257	INFO -- Cluster was not stable, waiting for retry window (24 seconds) to try again
2019-08-08 08:59:38,867	INFO -- Cluster was not stable, waiting for retry window (24 seconds) to try again
2019-08-08 09:00:03,501	INFO -- Cluster was not stable, waiting for retry window (24 seconds) to try again
2019-08-08 09:00:28,172	INFO -- Cluster was not stable, waiting for retry window (24 seconds) to try again
2019-08-08 09:00:52,787	INFO -- Cluster was stable for 240 seconds till 2019-08-08 09:00:52.196587, calculating best transition
2019-08-08 09:00:53,905	INFO -- Execution was added to the knowledge base with load: 9242.532985987345
2019-08-08 09:00:54,314	INFO -- No node could be shutdown for improvement, because all the resources are needed
2019-08-08 09:00:54,624	INFO -- Costs for all options: current= 0.3350131591796875, removal= inf, old_best= 0.3350131591796875
2019-08-08 09:00:54,624	INFO -- Staying with current execution, but randomly changing one random pod
2019-08-08 09:00:55,726	INFO -- moving: php-apache-5f657688bc-48dbv to gke-demo-cluster-1-default-pool-6f471531-vp0r using deployment name: php-apache
2019-08-08 09:01:05,509	INFO -- pod php-apache-5f657688bc-48dbv is deleted
2019-08-08 09:01:05,776	INFO -- Movement succeeded
2019-08-08 09:01:06,634	INFO -- went correct
2019-08-08 09:01:06,635	INFO -- Update step finished: 2019-08-08 09:01:06.635189
2019-08-08 09:01:06,635	INFO -- Current scores
                 Not stable: 0
                 All nodes full: 0
                 Migration correct: 8 wrong: 0 chance blocked: 8
                 Node removal correct: 5 wrong: 0
                 Old state correct: 0 wrong: 0
2019-08-08 09:01:06,635	INFO -- Going to sleep for 240 seconds
2019-08-08 09:05:06,736	INFO -- Time for an update_step iteration! 2019-08-08 09:05:06.736032
2019-08-08 09:05:07,341	INFO -- Cluster was not stable, waiting for retry window (24 seconds) to try again
2019-08-08 09:05:31,966	INFO -- Cluster was stable for 240 seconds till 2019-08-08 09:05:31.366117, calculating best transition
2019-08-08 09:05:32,609	INFO -- Execution was added to the knowledge base with load: 10060.254479548226
2019-08-08 09:05:33,100	INFO -- No node could be shutdown for improvement, because all the resources are needed
2019-08-08 09:05:33,543	INFO -- Costs for all options: current= 0.3350131591796875, removal= inf, old_best= 0.3350131591796875
2019-08-08 09:05:33,544	INFO -- Update step finished: 2019-08-08 09:05:33.544312
2019-08-08 09:05:33,544	INFO -- Current scores
                 Not stable: 0
                 All nodes full: 0
                 Migration correct: 8 wrong: 0 chance blocked: 9
                 Node removal correct: 5 wrong: 0
                 Old state correct: 0 wrong: 0
2019-08-08 09:05:33,545	INFO -- Going to sleep for 240 seconds
2019-08-08 09:09:33,569	INFO -- Time for an update_step iteration! 2019-08-08 09:09:33.569575
2019-08-08 09:09:34,149	INFO -- Cluster was stable for 240 seconds till 2019-08-08 09:09:33.570375, calculating best transition
2019-08-08 09:09:34,808	INFO -- Execution was added to the knowledge base with load: 10364.275555555556
2019-08-08 09:09:35,320	INFO -- No node could be shutdown for improvement, because all the resources are needed
2019-08-08 09:09:35,770	INFO -- Costs for all options: current= 0.3350131591796875, removal= inf, old_best= 0.3350131591796875
2019-08-08 09:09:35,771	INFO -- Staying with current execution, but randomly changing one random pod
2019-08-08 09:09:36,843	INFO -- moving: php-apache-5f657688bc-qhjjt to gke-demo-cluster-1-default-pool-6f471531-sxjh using deployment name: php-apache
2019-08-08 09:09:41,931	INFO -- pod php-apache-5f657688bc-qhjjt is deleted
2019-08-08 09:09:42,209	INFO -- Movement succeeded
2019-08-08 09:09:43,044	INFO -- went correct
2019-08-08 09:09:43,045	INFO -- Update step finished: 2019-08-08 09:09:43.045271
2019-08-08 09:09:43,045	INFO -- Current scores
                 Not stable: 0
                 All nodes full: 0
                 Migration correct: 9 wrong: 0 chance blocked: 9
                 Node removal correct: 5 wrong: 0
                 Old state correct: 0 wrong: 0
2019-08-08 09:09:43,046	INFO -- Going to sleep for 240 seconds
2019-08-08 09:13:43,117	INFO -- Time for an update_step iteration! 2019-08-08 09:13:43.117503
2019-08-08 09:13:43,687	INFO -- Cluster was not stable, waiting for retry window (24 seconds) to try again
2019-08-08 09:14:08,334	INFO -- Cluster was not stable, waiting for retry window (24 seconds) to try again
2019-08-08 09:14:32,935	INFO -- Cluster was not stable, waiting for retry window (24 seconds) to try again
2019-08-08 09:14:57,556	INFO -- Cluster was not stable, waiting for retry window (24 seconds) to try again
2019-08-08 09:15:22,151	INFO -- Cluster was not stable, waiting for retry window (24 seconds) to try again
2019-08-08 09:15:46,780	INFO -- Cluster was not stable, waiting for retry window (24 seconds) to try again
2019-08-08 09:16:11,405	INFO -- Cluster was not stable, waiting for retry window (24 seconds) to try again
2019-08-08 09:16:36,006	INFO -- Cluster was not stable, waiting for retry window (24 seconds) to try again
2019-08-08 09:17:00,613	INFO -- Cluster was not stable, waiting for retry window (24 seconds) to try again
2019-08-08 09:17:25,231	INFO -- Cluster was not stable, waiting for retry window (24 seconds) to try again
2019-08-08 09:17:49,847	INFO -- Cluster was not stable, waiting for retry window (24 seconds) to try again
2019-08-08 09:18:14,460	INFO -- Cluster was not stable, waiting for retry window (24 seconds) to try again
2019-08-08 09:18:39,068	INFO -- Cluster was not stable, waiting for retry window (24 seconds) to try again
2019-08-08 09:19:03,376	INFO -- Cluster was not stable, waiting for retry window (24 seconds) to try again
2019-08-08 09:19:27,972	INFO -- Cluster was stable for 240 seconds till 2019-08-08 09:19:27.399044, calculating best transition
2019-08-08 09:19:28,435	INFO -- Execution was added to the knowledge base with load: 1975.446319011247
2019-08-08 09:19:29,012	INFO -- Costs for all options: current= 0.3350131591796875, removal= 0.2512598838806152, old_best= 0.25125988388061526
2019-08-08 09:19:29,013	INFO -- Removing node: gke-demo-cluster-1-default-pool-6f471531-vp0r
2019-08-08 09:19:29,538	INFO -- NODE_REMOVAL=gke-demo-cluster-1-default-pool-6f471531-vp0r
2019-08-08 09:19:29,539	INFO -- went correct
2019-08-08 09:19:29,540	INFO -- Update step finished: 2019-08-08 09:19:29.540117
2019-08-08 09:19:29,540	INFO -- Current scores
                 Not stable: 0
                 All nodes full: 0
                 Migration correct: 9 wrong: 0 chance blocked: 9
                 Node removal correct: 6 wrong: 0
                 Old state correct: 0 wrong: 0
2019-08-08 09:19:29,541	INFO -- Going to sleep for 240 seconds
2019-08-08 09:23:29,641	INFO -- Time for an update_step iteration! 2019-08-08 09:23:29.641461
2019-08-08 09:23:29,943	INFO -- Cluster was not stable, waiting for retry window (24 seconds) to try again
2019-08-08 09:23:54,274	INFO -- Cluster was not stable, waiting for retry window (24 seconds) to try again
2019-08-08 09:24:18,610	INFO -- Cluster was not stable, waiting for retry window (24 seconds) to try again
2019-08-08 09:24:43,066	INFO -- Cluster was not stable, waiting for retry window (24 seconds) to try again
2019-08-08 09:25:07,428	INFO -- Cluster was not stable, waiting for retry window (24 seconds) to try again
2019-08-08 09:25:32,043	INFO -- Cluster was not stable, waiting for retry window (24 seconds) to try again
2019-08-08 09:25:56,671	INFO -- Cluster was not stable, waiting for retry window (24 seconds) to try again
2019-08-08 09:26:21,316	INFO -- Cluster was not stable, waiting for retry window (24 seconds) to try again
2019-08-08 09:26:46,026	INFO -- Cluster was not stable, waiting for retry window (24 seconds) to try again
2019-08-08 09:27:10,413	INFO -- Cluster was not stable, waiting for retry window (24 seconds) to try again
2019-08-08 09:27:34,731	INFO -- Cluster was not stable, waiting for retry window (24 seconds) to try again
2019-08-08 09:27:59,045	INFO -- Cluster was not stable, waiting for retry window (24 seconds) to try again
2019-08-08 09:28:23,355	INFO -- Cluster was not stable, waiting for retry window (24 seconds) to try again
2019-08-08 09:28:47,698	INFO -- Cluster was not stable, waiting for retry window (24 seconds) to try again
2019-08-08 09:29:12,015	INFO -- Cluster was not stable, waiting for retry window (24 seconds) to try again
2019-08-08 09:29:36,606	INFO -- Cluster was stable for 240 seconds till 2019-08-08 09:29:36.026084, calculating best transition
2019-08-08 09:29:37,092	INFO -- Execution was added to the knowledge base with load: 7906.6192256188915
2019-08-08 09:29:37,425	INFO -- No node could be shutdown for improvement, because all the resources are needed
2019-08-08 09:29:37,567	INFO -- Costs for all options: current= 0.3350131881713867, removal= inf, old_best= 0.33501318817138676
2019-08-08 09:29:37,568	INFO -- Staying with current execution, but randomly changing one random pod
2019-08-08 09:29:38,426	INFO -- moving: php-apache-5f657688bc-z2jsf to gke-demo-cluster-1-default-pool-6f471531-d9sr using deployment name: php-apache
2019-08-08 09:29:41,340	INFO -- pod php-apache-5f657688bc-z2jsf is deleted
2019-08-08 09:29:41,569	INFO -- Movement succeeded
2019-08-08 09:29:42,368	INFO -- went correct
2019-08-08 09:29:42,369	INFO -- Update step finished: 2019-08-08 09:29:42.368987
2019-08-08 09:29:42,369	INFO -- Current scores
                 Not stable: 0
                 All nodes full: 0
                 Migration correct: 10 wrong: 0 chance blocked: 9
                 Node removal correct: 6 wrong: 0
                 Old state correct: 0 wrong: 0
2019-08-08 09:29:42,369	INFO -- Going to sleep for 240 seconds
2019-08-08 09:33:42,465	INFO -- Time for an update_step iteration! 2019-08-08 09:33:42.465486
2019-08-08 09:33:43,049	INFO -- Cluster was not stable, waiting for retry window (24 seconds) to try again
2019-08-08 09:34:07,679	INFO -- Cluster was stable for 240 seconds till 2019-08-08 09:34:07.073846, calculating best transition
2019-08-08 09:34:08,259	INFO -- Execution was added to the knowledge base with load: 10207.309626600614
2019-08-08 09:34:08,628	INFO -- No node could be shutdown for improvement, because all the resources are needed
2019-08-08 09:34:09,070	INFO -- Costs for all options: current= 0.3350131881713867, removal= inf, old_best= 0.3350131591796875
2019-08-08 09:34:09,070	INFO -- Update step finished: 2019-08-08 09:34:09.070714
2019-08-08 09:34:09,070	INFO -- Current scores
                 Not stable: 0
                 All nodes full: 0
                 Migration correct: 10 wrong: 0 chance blocked: 10
                 Node removal correct: 6 wrong: 0
                 Old state correct: 0 wrong: 0
2019-08-08 09:34:09,071	INFO -- Going to sleep for 240 seconds
2019-08-08 09:38:09,171	INFO -- Time for an update_step iteration! 2019-08-08 09:38:09.171479
2019-08-08 09:38:09,765	INFO -- Cluster was stable for 240 seconds till 2019-08-08 09:38:09.172274, calculating best transition
2019-08-08 09:38:10,366	INFO -- Execution was added to the knowledge base with load: 10220.780666713084
2019-08-08 09:38:10,841	INFO -- No node could be shutdown for improvement, because all the resources are needed
2019-08-08 09:38:11,274	INFO -- Costs for all options: current= 0.3350131881713867, removal= inf, old_best= 0.3350131591796875
2019-08-08 09:38:11,275	INFO -- Update step finished: 2019-08-08 09:38:11.275822
2019-08-08 09:38:11,276	INFO -- Current scores
                 Not stable: 0
                 All nodes full: 0
                 Migration correct: 10 wrong: 0 chance blocked: 11
                 Node removal correct: 6 wrong: 0
                 Old state correct: 0 wrong: 0
2019-08-08 09:38:11,277	INFO -- Going to sleep for 240 seconds
