2019-08-09 05:40:59,917	INFO -- Settings: TopologyGenerator/settings-php_apache_no_node_removal.json
2019-08-09 05:41:00,007	INFO -- Graphdatabase emptied
2019-08-09 05:41:00,007	INFO -- Waiting for warmup to finish. 1800 seconds
2019-08-09 06:11:00,084	INFO -- Going to sleep for 240 seconds
2019-08-09 06:15:00,179	INFO -- Time for an update_step iteration! 2019-08-09 06:15:00.179466
2019-08-09 06:15:00,778	INFO -- Cluster was stable for 240 seconds till 2019-08-09 06:15:00.180265, calculating best transition
2019-08-09 06:15:01,838	INFO -- Execution was added to the knowledge base with load: 4635.56199688989
2019-08-09 06:15:02,245	INFO -- No node could be shutdown for improvement, because all nodes have a statefull set
2019-08-09 06:15:02,422	INFO -- Costs for all options: current= 0.33501318817138676, removal= inf, old_best= 0.33501318817138676
2019-08-09 06:15:02,422	INFO -- Staying with current execution, but randomly changing one random pod
2019-08-09 06:15:03,320	INFO -- moving: php-apache-5f657688bc-ch48r to gke-demo-cluster-1-default-pool-6f471531-sxjh using deployment name: php-apache
2019-08-09 06:15:14,321	INFO -- pod php-apache-5f657688bc-ch48r is deleted
2019-08-09 06:15:14,567	INFO -- Movement succeeded
2019-08-09 06:15:15,387	INFO -- went correct
2019-08-09 06:15:15,387	INFO -- Update step finished: 2019-08-09 06:15:15.387618
2019-08-09 06:15:15,387	INFO -- Current scores
                 Not stable: 0
                 All nodes full: 0
                 Migration correct: 1 wrong: 0 chance blocked: 0
                 Node removal correct: 0 wrong: 0
                 Old state correct: 0 wrong: 0
2019-08-09 06:15:15,387	INFO -- Going to sleep for 240 seconds
2019-08-09 06:19:15,443	INFO -- Time for an update_step iteration! 2019-08-09 06:19:15.443248
2019-08-09 06:19:16,035	INFO -- Cluster was stable for 240 seconds till 2019-08-09 06:19:15.443975, calculating best transition
2019-08-09 06:19:16,634	INFO -- Execution was added to the knowledge base with load: 4661.5771428571425
2019-08-09 06:19:17,012	INFO -- No node could be shutdown for improvement, because all nodes have a statefull set
2019-08-09 06:19:17,293	INFO -- Costs for all options: current= 0.33501318817138676, removal= inf, old_best= 0.33501318817138676
2019-08-09 06:19:17,294	INFO -- Update step finished: 2019-08-09 06:19:17.294522
2019-08-09 06:19:17,295	INFO -- Current scores
                 Not stable: 0
                 All nodes full: 0
                 Migration correct: 1 wrong: 0 chance blocked: 1
                 Node removal correct: 0 wrong: 0
                 Old state correct: 0 wrong: 0
2019-08-09 06:19:17,295	INFO -- Going to sleep for 240 seconds
2019-08-09 06:23:17,378	INFO -- Time for an update_step iteration! 2019-08-09 06:23:17.378628
2019-08-09 06:23:17,955	INFO -- Cluster was stable for 240 seconds till 2019-08-09 06:23:17.379444, calculating best transition
2019-08-09 06:23:18,540	INFO -- Execution was added to the knowledge base with load: 4654.811439642857
2019-08-09 06:23:18,932	INFO -- No node could be shutdown for improvement, because all nodes have a statefull set
2019-08-09 06:23:19,434	INFO -- Costs for all options: current= 0.33501318817138676, removal= inf, old_best= 0.33501318817138676
2019-08-09 06:23:19,434	INFO -- Staying with current execution, but randomly changing one random pod
2019-08-09 06:23:20,309	INFO -- moving: php-apache-5f657688bc-hxjdx to gke-demo-cluster-1-default-pool-6f471531-r8xc using deployment name: php-apache
2019-08-09 06:23:25,498	INFO -- pod php-apache-5f657688bc-hxjdx is deleted
2019-08-09 06:23:25,699	INFO -- Movement succeeded
2019-08-09 06:23:26,401	INFO -- went correct
2019-08-09 06:23:26,402	INFO -- Update step finished: 2019-08-09 06:23:26.402569
2019-08-09 06:23:26,403	INFO -- Current scores
                 Not stable: 0
                 All nodes full: 0
                 Migration correct: 2 wrong: 0 chance blocked: 1
                 Node removal correct: 0 wrong: 0
                 Old state correct: 0 wrong: 0
2019-08-09 06:23:26,403	INFO -- Going to sleep for 240 seconds
2019-08-09 06:27:26,504	INFO -- Time for an update_step iteration! 2019-08-09 06:27:26.504512
2019-08-09 06:27:27,083	INFO -- Cluster was stable for 240 seconds till 2019-08-09 06:27:26.505298, calculating best transition
2019-08-09 06:27:27,596	INFO -- Execution was added to the knowledge base with load: 4562.951111111111
2019-08-09 06:27:27,928	INFO -- No node could be shutdown for improvement, because all nodes have a statefull set
2019-08-09 06:27:28,510	INFO -- Costs for all options: current= 0.33501318817138676, removal= inf, old_best= 0.33501318817138676
2019-08-09 06:27:28,510	INFO -- Update step finished: 2019-08-09 06:27:28.510890
2019-08-09 06:27:28,511	INFO -- Current scores
                 Not stable: 0
                 All nodes full: 0
                 Migration correct: 2 wrong: 0 chance blocked: 2
                 Node removal correct: 0 wrong: 0
                 Old state correct: 0 wrong: 0
2019-08-09 06:27:28,512	INFO -- Going to sleep for 240 seconds
2019-08-09 06:31:28,554	INFO -- Time for an update_step iteration! 2019-08-09 06:31:28.554092
2019-08-09 06:31:29,167	INFO -- Cluster was stable for 240 seconds till 2019-08-09 06:31:28.554850, calculating best transition
2019-08-09 06:31:29,761	INFO -- Execution was added to the knowledge base with load: 4628.003185079365
2019-08-09 06:31:30,139	INFO -- No node could be shutdown for improvement, because all nodes have a statefull set
2019-08-09 06:31:30,896	INFO -- Costs for all options: current= 0.33501318817138676, removal= inf, old_best= 0.33501318817138676
2019-08-09 06:31:30,897	INFO -- Staying with current execution, but randomly changing one random pod
2019-08-09 06:31:31,805	INFO -- moving: php-apache-5f657688bc-svw92 to gke-demo-cluster-1-default-pool-6f471531-5n82 using deployment name: php-apache
2019-08-09 06:31:45,490	INFO -- pod php-apache-5f657688bc-svw92 is deleted
2019-08-09 06:31:45,731	INFO -- Movement succeeded
2019-08-09 06:31:46,548	INFO -- went correct
2019-08-09 06:31:46,549	INFO -- Update step finished: 2019-08-09 06:31:46.549205
2019-08-09 06:31:46,549	INFO -- Current scores
                 Not stable: 0
                 All nodes full: 0
                 Migration correct: 3 wrong: 0 chance blocked: 2
                 Node removal correct: 0 wrong: 0
                 Old state correct: 0 wrong: 0
2019-08-09 06:31:46,550	INFO -- Going to sleep for 240 seconds
2019-08-09 06:35:46,567	INFO -- Time for an update_step iteration! 2019-08-09 06:35:46.566924
2019-08-09 06:35:47,149	INFO -- Cluster was not stable, waiting for retry window (24 seconds) to try again
2019-08-09 06:36:11,774	INFO -- Cluster was not stable, waiting for retry window (24 seconds) to try again
2019-08-09 06:36:36,388	INFO -- Cluster was not stable, waiting for retry window (24 seconds) to try again
2019-08-09 06:37:00,967	INFO -- Cluster was not stable, waiting for retry window (24 seconds) to try again
2019-08-09 06:37:25,571	INFO -- Cluster was stable for 240 seconds till 2019-08-09 06:37:24.989208, calculating best transition
2019-08-09 06:37:26,090	INFO -- Execution was added to the knowledge base with load: 4620.592274727755
2019-08-09 06:37:26,354	INFO -- No node could be shutdown for improvement, because all nodes have a statefull set
2019-08-09 06:37:27,210	INFO -- Costs for all options: current= 0.33501318817138676, removal= inf, old_best= 0.33501318817138676
2019-08-09 06:37:27,211	INFO -- Staying with current execution, but randomly changing one random pod
2019-08-09 06:37:28,024	INFO -- moving: php-apache-5f657688bc-6g229 to gke-demo-cluster-1-default-pool-6f471531-5n82 using deployment name: php-apache
2019-08-09 06:37:30,570	INFO -- pod php-apache-5f657688bc-6g229 is deleted
2019-08-09 06:37:30,727	INFO -- Movement failed
2019-08-09 06:37:31,080	INFO -- went wrong: <class 'kubernetes_tools.migrate_pod.PodScheduledOnWrongNodeException'>
2019-08-09 06:37:31,082	INFO -- Update step finished: 2019-08-09 06:37:31.081956
2019-08-09 06:37:31,082	INFO -- Current scores
                 Not stable: 0
                 All nodes full: 0
                 Migration correct: 3 wrong: 1 chance blocked: 2
                 Node removal correct: 0 wrong: 0
                 Old state correct: 0 wrong: 0
2019-08-09 06:37:31,082	INFO -- Going to sleep for 240 seconds
2019-08-09 06:41:31,149	INFO -- Time for an update_step iteration! 2019-08-09 06:41:31.149287
2019-08-09 06:41:31,742	INFO -- Cluster was stable for 240 seconds till 2019-08-09 06:41:31.149949, calculating best transition
2019-08-09 06:41:32,235	INFO -- Execution was added to the knowledge base with load: 4611.918730158731
2019-08-09 06:41:32,513	INFO -- No node could be shutdown for improvement, because all nodes have a statefull set
2019-08-09 06:41:33,550	INFO -- Costs for all options: current= 0.33501318817138676, removal= inf, old_best= 0.33501318817138676
2019-08-09 06:41:33,551	INFO -- Update step finished: 2019-08-09 06:41:33.551138
2019-08-09 06:41:33,551	INFO -- Current scores
                 Not stable: 0
                 All nodes full: 0
                 Migration correct: 3 wrong: 1 chance blocked: 3
                 Node removal correct: 0 wrong: 0
                 Old state correct: 0 wrong: 0
2019-08-09 06:41:33,552	INFO -- Going to sleep for 240 seconds
2019-08-09 06:45:33,649	INFO -- Time for an update_step iteration! 2019-08-09 06:45:33.649150
2019-08-09 06:45:34,098	INFO -- Cluster was not stable, waiting for retry window (24 seconds) to try again
2019-08-09 06:45:59,210	INFO -- Cluster was not stable, waiting for retry window (24 seconds) to try again
2019-08-09 06:46:23,898	INFO -- Cluster was not stable, waiting for retry window (24 seconds) to try again
2019-08-09 06:46:48,418	INFO -- Cluster was not stable, waiting for retry window (24 seconds) to try again
2019-08-09 06:47:13,008	INFO -- Cluster was not stable, waiting for retry window (24 seconds) to try again
2019-08-09 06:47:37,478	INFO -- Cluster was not stable, waiting for retry window (24 seconds) to try again
2019-08-09 06:48:01,926	INFO -- Cluster was not stable, waiting for retry window (24 seconds) to try again
2019-08-09 06:48:26,498	INFO -- Cluster was not stable, waiting for retry window (24 seconds) to try again
2019-08-09 06:48:51,149	INFO -- Cluster was not stable, waiting for retry window (24 seconds) to try again
2019-08-09 06:49:15,620	INFO -- Cluster was not stable, waiting for retry window (24 seconds) to try again
2019-08-09 06:49:40,125	INFO -- Cluster was not stable, waiting for retry window (24 seconds) to try again
2019-08-09 06:50:04,671	INFO -- Cluster was not stable, waiting for retry window (24 seconds) to try again
2019-08-09 06:50:29,135	INFO -- Cluster was not stable, waiting for retry window (24 seconds) to try again
2019-08-09 06:50:53,500	INFO -- Cluster was not stable, waiting for retry window (24 seconds) to try again
2019-08-09 06:51:17,802	INFO -- Cluster was not stable, waiting for retry window (24 seconds) to try again
2019-08-09 06:51:42,111	INFO -- Cluster was not stable, waiting for retry window (24 seconds) to try again
2019-08-09 06:52:06,716	INFO -- Cluster was stable for 240 seconds till 2019-08-09 06:52:06.136552, calculating best transition
2019-08-09 06:52:07,502	INFO -- Execution was added to the knowledge base with load: 18402.388976387825
2019-08-09 06:52:08,074	INFO -- No node could be shutdown for improvement, because all the resources are needed
2019-08-09 06:52:08,224	INFO -- Costs for all options: current= 0.5862730430603028, removal= inf, old_best= 0.5862730430603028
2019-08-09 06:52:08,225	INFO -- Update step finished: 2019-08-09 06:52:08.225659
2019-08-09 06:52:08,226	INFO -- Current scores
                 Not stable: 0
                 All nodes full: 0
                 Migration correct: 3 wrong: 1 chance blocked: 4
                 Node removal correct: 0 wrong: 0
                 Old state correct: 0 wrong: 0
2019-08-09 06:52:08,226	INFO -- Going to sleep for 240 seconds
2019-08-09 06:56:08,327	INFO -- Time for an update_step iteration! 2019-08-09 06:56:08.327347
2019-08-09 06:56:08,933	INFO -- Cluster was not stable, waiting for retry window (24 seconds) to try again
2019-08-09 06:56:33,612	INFO -- Cluster was not stable, waiting for retry window (24 seconds) to try again
2019-08-09 06:56:58,226	INFO -- Cluster was not stable, waiting for retry window (24 seconds) to try again
2019-08-09 06:57:22,891	INFO -- Cluster was not stable, waiting for retry window (24 seconds) to try again
2019-08-09 06:57:47,496	INFO -- Cluster was not stable, waiting for retry window (24 seconds) to try again
2019-08-09 06:58:12,107	INFO -- Cluster was not stable, waiting for retry window (24 seconds) to try again
2019-08-09 06:58:36,765	INFO -- Cluster was not stable, waiting for retry window (24 seconds) to try again
2019-08-09 06:59:01,390	INFO -- Cluster was not stable, waiting for retry window (24 seconds) to try again
2019-08-09 06:59:25,992	INFO -- Cluster was not stable, waiting for retry window (24 seconds) to try again
2019-08-09 06:59:50,615	INFO -- Cluster was stable for 240 seconds till 2019-08-09 06:59:50.017533, calculating best transition
2019-08-09 06:59:51,171	INFO -- Execution was added to the knowledge base with load: 4359.192769440782
2019-08-09 06:59:52,573	INFO -- Costs for all options: current= 0.5862730430603028, removal= 0.5025197677612305, old_best= 0.33501318817138676
2019-08-09 06:59:52,574	INFO -- Changing to old_best_execution found in time: 2019-08-09 06:19:17.379000
2019-08-09 06:59:52,958	INFO -- The old_best required stateful sets to be moved, so therefore was blocked
2019-08-09 06:59:54,184	INFO -- Costs for all options: current= 0.5862730430603028, removal= 0.5025197677612305, old_best= 0.33501318817138676
2019-08-09 06:59:54,184	INFO -- Changing to old_best_execution found in time: 2019-08-09 06:23:26.505000
2019-08-09 06:59:54,528	INFO -- The old_best required stateful sets to be moved, so therefore was blocked
2019-08-09 06:59:55,628	INFO -- Costs for all options: current= 0.5862730430603028, removal= 0.5025197677612305, old_best= 0.33501318817138676
2019-08-09 06:59:55,628	INFO -- Changing to old_best_execution found in time: 2019-08-09 06:37:31.149000
2019-08-09 06:59:55,959	INFO -- The old_best required stateful sets to be moved, so therefore was blocked
2019-08-09 06:59:56,830	INFO -- Costs for all options: current= 0.5862730430603028, removal= 0.5025197677612305, old_best= 0.33501318817138676
2019-08-09 06:59:56,830	INFO -- Changing to old_best_execution found in time: 2019-08-09 06:15:15.443000
2019-08-09 06:59:57,171	INFO -- The old_best required stateful sets to be moved, so therefore was blocked
2019-08-09 06:59:57,853	INFO -- Costs for all options: current= 0.5862730430603028, removal= 0.5025197677612305, old_best= 0.33501318817138676
2019-08-09 06:59:57,854	INFO -- Changing to old_best_execution found in time: 2019-08-09 06:33:24.989000
2019-08-09 06:59:58,120	INFO -- The old_best required stateful sets to be moved, so therefore was blocked
2019-08-09 06:59:58,633	INFO -- Costs for all options: current= 0.5862730430603028, removal= 0.5025197677612305, old_best= 0.33501318817138676
2019-08-09 06:59:58,634	INFO -- Changing to old_best_execution found in time: 2019-08-09 06:11:00.180000
2019-08-09 06:59:58,903	INFO -- The old_best required stateful sets to be moved, so therefore was blocked
2019-08-09 06:59:59,261	INFO -- Costs for all options: current= 0.5862730430603028, removal= 0.5025197677612305, old_best= 0.33501318817138676
2019-08-09 06:59:59,262	INFO -- Changing to old_best_execution found in time: 2019-08-09 06:27:28.554000
2019-08-09 06:59:59,518	INFO -- The old_best required stateful sets to be moved, so therefore was blocked
2019-08-09 06:59:59,870	INFO -- Costs for all options: current= 0.5862730430603028, removal= 0.5025197677612305, old_best= 0.5862730430603028
2019-08-09 06:59:59,871	INFO -- Removing node: gke-demo-cluster-1-default-pool-6f471531-886j
2019-08-09 07:00:00,350	INFO -- NODE_REMOVAL=gke-demo-cluster-1-default-pool-6f471531-886j
2019-08-09 07:00:00,351	INFO -- went correct
2019-08-09 07:00:00,352	INFO -- Update step finished: 2019-08-09 07:00:00.352282
2019-08-09 07:00:00,352	INFO -- Current scores
                 Not stable: 0
                 All nodes full: 0
                 Migration correct: 3 wrong: 1 chance blocked: 4
                 Node removal correct: 1 wrong: 0
                 Old state correct: 0 wrong: 0
2019-08-09 07:00:00,353	INFO -- Going to sleep for 240 seconds
2019-08-09 07:04:00,439	INFO -- Time for an update_step iteration! 2019-08-09 07:04:00.439705
2019-08-09 07:04:00,743	INFO -- Cluster was not stable, waiting for retry window (24 seconds) to try again
2019-08-09 07:04:25,055	INFO -- Cluster was not stable, waiting for retry window (24 seconds) to try again
2019-08-09 07:04:49,399	INFO -- Cluster was not stable, waiting for retry window (24 seconds) to try again
2019-08-09 07:05:13,707	INFO -- Cluster was not stable, waiting for retry window (24 seconds) to try again
2019-08-09 07:05:38,056	INFO -- Cluster was not stable, waiting for retry window (24 seconds) to try again
2019-08-09 07:06:02,377	INFO -- Cluster was not stable, waiting for retry window (24 seconds) to try again
2019-08-09 07:06:26,871	INFO -- Cluster was not stable, waiting for retry window (24 seconds) to try again
2019-08-09 07:06:51,187	INFO -- Cluster was not stable, waiting for retry window (24 seconds) to try again
2019-08-09 07:07:15,525	INFO -- Cluster was not stable, waiting for retry window (24 seconds) to try again
2019-08-09 07:07:39,834	INFO -- Cluster was not stable, waiting for retry window (24 seconds) to try again
2019-08-09 07:08:04,435	INFO -- Cluster was stable for 240 seconds till 2019-08-09 07:08:03.857199, calculating best transition
2019-08-09 07:08:04,892	INFO -- Execution was added to the knowledge base with load: 4504.939798166666
2019-08-09 07:08:05,420	INFO -- Costs for all options: current= 0.41876649246215825, removal= 0.33501318817138676, old_best= 0.41876649246215825
2019-08-09 07:08:05,420	INFO -- Removing node: gke-demo-cluster-1-default-pool-6f471531-r8xc
2019-08-09 07:08:06,006	INFO -- moving: php-apache-5f657688bc-b9k2w to gke-demo-cluster-1-default-pool-6f471531-8k6l using deployment name: php-apache
2019-08-09 07:08:12,692	INFO -- pod php-apache-5f657688bc-b9k2w is deleted
2019-08-09 07:08:12,929	INFO -- Movement succeeded
2019-08-09 07:08:13,558	INFO -- moving: php-apache-5f657688bc-l6lfb to gke-demo-cluster-1-default-pool-6f471531-8k6l using deployment name: php-apache
2019-08-09 07:08:22,697	INFO -- pod php-apache-5f657688bc-l6lfb is deleted
2019-08-09 07:08:22,872	INFO -- Movement succeeded
2019-08-09 07:08:23,648	INFO -- moving: php-apache-5f657688bc-qdrhg to gke-demo-cluster-1-default-pool-6f471531-8k6l using deployment name: php-apache
2019-08-09 07:08:32,697	INFO -- pod php-apache-5f657688bc-qdrhg is deleted
2019-08-09 07:08:32,903	INFO -- Movement succeeded
2019-08-09 07:08:33,650	INFO -- moving: php-apache-5f657688bc-vpfzn to gke-demo-cluster-1-default-pool-6f471531-8k6l using deployment name: php-apache
2019-08-09 07:08:42,703	INFO -- pod php-apache-5f657688bc-vpfzn is deleted
2019-08-09 07:08:42,927	INFO -- Movement succeeded
2019-08-09 07:08:43,674	INFO -- NODE_REMOVAL=gke-demo-cluster-1-default-pool-6f471531-r8xc
2019-08-09 07:08:43,676	INFO -- went correct
2019-08-09 07:08:43,676	INFO -- Update step finished: 2019-08-09 07:08:43.676554
2019-08-09 07:08:43,677	INFO -- Current scores
                 Not stable: 0
                 All nodes full: 0
                 Migration correct: 3 wrong: 1 chance blocked: 4
                 Node removal correct: 2 wrong: 0
                 Old state correct: 0 wrong: 0
2019-08-09 07:08:43,677	INFO -- Going to sleep for 240 seconds
2019-08-09 07:12:43,729	INFO -- Time for an update_step iteration! 2019-08-09 07:12:43.729807
2019-08-09 07:12:44,339	INFO -- Cluster was stable for 240 seconds till 2019-08-09 07:12:43.730639, calculating best transition
2019-08-09 07:12:44,887	INFO -- Execution was added to the knowledge base with load: 4460.121135286935
2019-08-09 07:12:45,524	INFO -- Costs for all options: current= 0.41876649246215825, removal= 0.33501318817138676, old_best= 0.41876649246215825
2019-08-09 07:12:45,525	INFO -- Removing node: gke-demo-cluster-1-default-pool-6f471531-r8xc
2019-08-09 07:12:46,141	INFO -- NODE_REMOVAL=gke-demo-cluster-1-default-pool-6f471531-r8xc
2019-08-09 07:12:46,142	INFO -- went correct
2019-08-09 07:12:46,143	INFO -- Update step finished: 2019-08-09 07:12:46.143431
2019-08-09 07:12:46,144	INFO -- Current scores
                 Not stable: 0
                 All nodes full: 0
                 Migration correct: 3 wrong: 1 chance blocked: 4
                 Node removal correct: 3 wrong: 0
                 Old state correct: 0 wrong: 0
2019-08-09 07:12:46,144	INFO -- Going to sleep for 240 seconds
2019-08-09 07:16:46,245	INFO -- Time for an update_step iteration! 2019-08-09 07:16:46.245106
2019-08-09 07:16:46,823	INFO -- Cluster was stable for 240 seconds till 2019-08-09 07:16:46.245985, calculating best transition
2019-08-09 07:16:47,895	INFO -- Execution was added to the knowledge base with load: 4639.438947434478
2019-08-09 07:16:48,695	INFO -- Costs for all options: current= 0.41876649246215825, removal= 0.33501318817138676, old_best= 0.41876649246215825
2019-08-09 07:16:48,696	INFO -- Removing node: gke-demo-cluster-1-default-pool-6f471531-r8xc
2019-08-09 07:16:49,319	INFO -- NODE_REMOVAL=gke-demo-cluster-1-default-pool-6f471531-r8xc
2019-08-09 07:16:49,320	INFO -- went correct
2019-08-09 07:16:49,321	INFO -- Update step finished: 2019-08-09 07:16:49.321025
2019-08-09 07:16:49,321	INFO -- Current scores
                 Not stable: 0
                 All nodes full: 0
                 Migration correct: 3 wrong: 1 chance blocked: 4
                 Node removal correct: 4 wrong: 0
                 Old state correct: 0 wrong: 0
2019-08-09 07:16:49,321	INFO -- Going to sleep for 240 seconds
2019-08-09 07:20:49,421	INFO -- Time for an update_step iteration! 2019-08-09 07:20:49.421390
2019-08-09 07:20:49,727	INFO -- Cluster was not stable, waiting for retry window (24 seconds) to try again
2019-08-09 07:21:14,046	INFO -- Cluster was not stable, waiting for retry window (24 seconds) to try again
2019-08-09 07:21:38,361	INFO -- Cluster was not stable, waiting for retry window (24 seconds) to try again
2019-08-09 07:22:02,677	INFO -- Cluster was not stable, waiting for retry window (24 seconds) to try again
2019-08-09 07:22:26,988	INFO -- Cluster was not stable, waiting for retry window (24 seconds) to try again
2019-08-09 07:22:51,639	INFO -- Cluster was not stable, waiting for retry window (24 seconds) to try again
2019-08-09 07:23:16,246	INFO -- Cluster was not stable, waiting for retry window (24 seconds) to try again
2019-08-09 07:23:40,841	INFO -- Cluster was not stable, waiting for retry window (24 seconds) to try again
2019-08-09 07:24:05,492	INFO -- Cluster was not stable, waiting for retry window (24 seconds) to try again
2019-08-09 07:24:30,109	INFO -- Cluster was not stable, waiting for retry window (24 seconds) to try again
2019-08-09 07:24:54,719	INFO -- Cluster was not stable, waiting for retry window (24 seconds) to try again
2019-08-09 07:25:19,375	INFO -- Cluster was not stable, waiting for retry window (24 seconds) to try again
2019-08-09 07:25:43,977	INFO -- Cluster was not stable, waiting for retry window (24 seconds) to try again
2019-08-09 07:26:08,576	INFO -- Cluster was not stable, waiting for retry window (24 seconds) to try again
2019-08-09 07:26:33,195	INFO -- Cluster was not stable, waiting for retry window (24 seconds) to try again
2019-08-09 07:26:57,821	INFO -- Cluster was stable for 240 seconds till 2019-08-09 07:26:57.200933, calculating best transition
2019-08-09 07:26:58,402	INFO -- Execution was added to the knowledge base with load: 4607.493333333333
2019-08-09 07:26:58,797	INFO -- No node could be shutdown for improvement, because all nodes have a statefull set
2019-08-09 07:26:58,943	INFO -- Costs for all options: current= 0.33501318817138676, removal= inf, old_best= 0.33501318817138676
2019-08-09 07:26:58,943	INFO -- Update step finished: 2019-08-09 07:26:58.943819
2019-08-09 07:26:58,944	INFO -- Current scores
                 Not stable: 0
                 All nodes full: 0
                 Migration correct: 3 wrong: 1 chance blocked: 5
                 Node removal correct: 4 wrong: 0
                 Old state correct: 0 wrong: 0
2019-08-09 07:26:58,945	INFO -- Going to sleep for 240 seconds
2019-08-09 07:30:59,045	INFO -- Time for an update_step iteration! 2019-08-09 07:30:59.045496
2019-08-09 07:30:59,645	INFO -- Cluster was not stable, waiting for retry window (24 seconds) to try again
2019-08-09 07:31:24,254	INFO -- Cluster was not stable, waiting for retry window (24 seconds) to try again
2019-08-09 07:31:48,879	INFO -- Cluster was not stable, waiting for retry window (24 seconds) to try again
2019-08-09 07:32:13,496	INFO -- Cluster was stable for 240 seconds till 2019-08-09 07:32:12.904645, calculating best transition
2019-08-09 07:32:14,045	INFO -- Execution was added to the knowledge base with load: 4487.345720039616
2019-08-09 07:32:14,391	INFO -- No node could be shutdown for improvement, because all nodes have a statefull set
2019-08-09 07:32:14,701	INFO -- Costs for all options: current= 0.33501318817138676, removal= inf, old_best= 0.3350131881713867
2019-08-09 07:32:14,702	INFO -- Update step finished: 2019-08-09 07:32:14.702707
2019-08-09 07:32:14,703	INFO -- Current scores
                 Not stable: 0
                 All nodes full: 0
                 Migration correct: 3 wrong: 1 chance blocked: 6
                 Node removal correct: 4 wrong: 0
                 Old state correct: 0 wrong: 0
2019-08-09 07:32:14,703	INFO -- Going to sleep for 240 seconds
2019-08-09 07:36:14,789	INFO -- Time for an update_step iteration! 2019-08-09 07:36:14.789242
2019-08-09 07:36:15,382	INFO -- Cluster was not stable, waiting for retry window (24 seconds) to try again
2019-08-09 07:36:39,974	INFO -- Cluster was not stable, waiting for retry window (24 seconds) to try again
2019-08-09 07:37:04,582	INFO -- Cluster was not stable, waiting for retry window (24 seconds) to try again
2019-08-09 07:37:29,173	INFO -- Cluster was not stable, waiting for retry window (24 seconds) to try again
2019-08-09 07:37:53,776	INFO -- Cluster was not stable, waiting for retry window (24 seconds) to try again
2019-08-09 07:38:18,366	INFO -- Cluster was not stable, waiting for retry window (24 seconds) to try again
2019-08-09 07:38:42,962	INFO -- Cluster was stable for 240 seconds till 2019-08-09 07:38:42.375730, calculating best transition
2019-08-09 07:38:43,630	INFO -- Execution was added to the knowledge base with load: 4526.986666666667
2019-08-09 07:38:44,079	INFO -- No node could be shutdown for improvement, because all nodes have a statefull set
2019-08-09 07:38:44,508	INFO -- Costs for all options: current= 0.33501318817138676, removal= inf, old_best= 0.3350131881713867
2019-08-09 07:38:44,509	INFO -- Staying with current execution, but randomly changing one random pod
2019-08-09 07:38:45,497	INFO -- moving: php-apache-5f657688bc-qjjdv to gke-demo-cluster-1-default-pool-6f471531-dbtt using deployment name: php-apache
2019-08-09 07:38:48,452	INFO -- pod php-apache-5f657688bc-qjjdv is deleted
2019-08-09 07:38:48,685	INFO -- Movement succeeded
2019-08-09 07:38:49,483	INFO -- went correct
2019-08-09 07:38:49,484	INFO -- Update step finished: 2019-08-09 07:38:49.484744
2019-08-09 07:38:49,485	INFO -- Current scores
                 Not stable: 0
                 All nodes full: 0
                 Migration correct: 4 wrong: 1 chance blocked: 6
                 Node removal correct: 4 wrong: 0
                 Old state correct: 0 wrong: 0
2019-08-09 07:38:49,486	INFO -- Going to sleep for 240 seconds
2019-08-09 07:42:49,549	INFO -- Time for an update_step iteration! 2019-08-09 07:42:49.549409
2019-08-09 07:42:50,256	INFO -- Cluster was not stable, waiting for retry window (24 seconds) to try again
2019-08-09 07:43:14,894	INFO -- Cluster was not stable, waiting for retry window (24 seconds) to try again
2019-08-09 07:43:39,923	INFO -- Cluster was not stable, waiting for retry window (24 seconds) to try again
2019-08-09 07:44:04,581	INFO -- Cluster was not stable, waiting for retry window (24 seconds) to try again
2019-08-09 07:44:29,237	INFO -- Cluster was not stable, waiting for retry window (24 seconds) to try again
2019-08-09 07:44:53,753	INFO -- Cluster was not stable, waiting for retry window (24 seconds) to try again
2019-08-09 07:45:18,240	INFO -- Cluster was not stable, waiting for retry window (24 seconds) to try again
2019-08-09 07:45:43,065	INFO -- Cluster was not stable, waiting for retry window (24 seconds) to try again
2019-08-09 07:46:08,519	INFO -- Cluster was not stable, waiting for retry window (24 seconds) to try again
2019-08-09 07:46:33,078	INFO -- Cluster was not stable, waiting for retry window (24 seconds) to try again
2019-08-09 07:46:57,526	INFO -- Cluster was not stable, waiting for retry window (24 seconds) to try again
2019-08-09 07:47:21,925	INFO -- Cluster was not stable, waiting for retry window (24 seconds) to try again
2019-08-09 07:47:46,369	INFO -- Cluster was not stable, waiting for retry window (24 seconds) to try again
2019-08-09 07:48:10,848	INFO -- Cluster was not stable, waiting for retry window (24 seconds) to try again
2019-08-09 07:48:35,329	INFO -- Cluster was not stable, waiting for retry window (24 seconds) to try again
2019-08-09 07:48:59,782	INFO -- Cluster was not stable, waiting for retry window (24 seconds) to try again
2019-08-09 07:49:24,188	INFO -- Cluster was not stable, waiting for retry window (24 seconds) to try again
2019-08-09 07:49:49,006	INFO -- Cluster was not stable, waiting for retry window (24 seconds) to try again
2019-08-09 07:50:13,625	INFO -- Cluster was not stable, waiting for retry window (24 seconds) to try again
2019-08-09 07:50:38,256	INFO -- Cluster was stable for 240 seconds till 2019-08-09 07:50:37.650237, calculating best transition
2019-08-09 07:50:39,415	INFO -- Execution was added to the knowledge base with load: 17249.077451707548
2019-08-09 07:50:40,055	INFO -- No node could be shutdown for improvement, because all the resources are needed
2019-08-09 07:50:40,195	INFO -- Costs for all options: current= 0.586273072052002, removal= inf, old_best= 0.5862730430603028
2019-08-09 07:50:40,196	INFO -- Staying with current execution, but randomly changing one random pod
2019-08-09 07:50:41,448	INFO -- Deleting pod: php-apache-5f657688bc-wqzh7
2019-08-09 07:52:03,274	INFO -- Deletion pod: php-apache-5f657688bc-wqzh7 successful
2019-08-09 07:52:03,651	INFO -- went wrong: <class 'SmartKubernetesSchedular.enforcer.PodHasScaledWhileEnforcingException'>
2019-08-09 07:52:03,652	INFO -- Update step finished: 2019-08-09 07:52:03.652005
2019-08-09 07:52:03,652	INFO -- Current scores
                 Not stable: 0
                 All nodes full: 0
                 Migration correct: 4 wrong: 2 chance blocked: 6
                 Node removal correct: 4 wrong: 0
                 Old state correct: 0 wrong: 0
2019-08-09 07:52:03,653	INFO -- Going to sleep for 240 seconds
2019-08-09 07:56:03,753	INFO -- Time for an update_step iteration! 2019-08-09 07:56:03.753615
2019-08-09 07:56:04,354	INFO -- Cluster was not stable, waiting for retry window (24 seconds) to try again
2019-08-09 07:56:28,956	INFO -- Cluster was not stable, waiting for retry window (24 seconds) to try again
2019-08-09 07:56:53,558	INFO -- Cluster was not stable, waiting for retry window (24 seconds) to try again
2019-08-09 07:57:18,168	INFO -- Cluster was not stable, waiting for retry window (24 seconds) to try again
2019-08-09 07:57:42,779	INFO -- Cluster was not stable, waiting for retry window (24 seconds) to try again
2019-08-09 07:58:07,420	INFO -- Cluster was not stable, waiting for retry window (24 seconds) to try again
2019-08-09 07:58:32,059	INFO -- Cluster was not stable, waiting for retry window (24 seconds) to try again
2019-08-09 07:58:56,678	INFO -- Cluster was not stable, waiting for retry window (24 seconds) to try again
2019-08-09 07:59:21,281	INFO -- Cluster was not stable, waiting for retry window (24 seconds) to try again
2019-08-09 07:59:45,879	INFO -- Cluster was not stable, waiting for retry window (24 seconds) to try again
2019-08-09 08:00:10,524	INFO -- Cluster was not stable, waiting for retry window (24 seconds) to try again
2019-08-09 08:00:35,149	INFO -- Cluster was stable for 240 seconds till 2019-08-09 08:00:34.545328, calculating best transition
2019-08-09 08:00:35,912	INFO -- Execution was added to the knowledge base with load: 4298.0860958095855
2019-08-09 08:00:36,834	INFO -- Costs for all options: current= 0.586273072052002, removal= 0.5025197677612305, old_best= 0.3350131881713867
2019-08-09 08:00:36,834	INFO -- Changing to old_best_execution found in time: 2019-08-09 07:28:12.904000
2019-08-09 08:00:37,256	INFO -- The old_best required stateful sets to be moved, so therefore was blocked
2019-08-09 08:00:37,945	INFO -- Costs for all options: current= 0.586273072052002, removal= 0.5025197677612305, old_best= 0.3350131881713867
2019-08-09 08:00:37,945	INFO -- Changing to old_best_execution found in time: 2019-08-09 07:34:42.375000
2019-08-09 08:00:38,383	INFO -- The old_best required stateful sets to be moved, so therefore was blocked
2019-08-09 08:00:38,867	INFO -- Costs for all options: current= 0.586273072052002, removal= 0.5025197677612305, old_best= 0.33501318817138676
2019-08-09 08:00:38,868	INFO -- Changing to old_best_execution found in time: 2019-08-09 07:22:57.200000
2019-08-09 08:00:39,173	INFO -- The old_best required stateful sets to be moved, so therefore was blocked
2019-08-09 08:00:39,918	INFO -- Costs for all options: current= 0.586273072052002, removal= 0.5025197677612305, old_best= 0.41876649246215825
2019-08-09 08:00:39,919	INFO -- Changing to old_best_execution found in time: 2019-08-09 07:12:46.245000
2019-08-09 08:00:40,243	INFO -- The old_best required stateful sets to be moved, so therefore was blocked
2019-08-09 08:00:40,821	INFO -- Costs for all options: current= 0.586273072052002, removal= 0.5025197677612305, old_best= 0.41876649246215825
2019-08-09 08:00:40,822	INFO -- Changing to old_best_execution found in time: 2019-08-09 07:08:43.730000
2019-08-09 08:00:41,137	INFO -- The old_best required stateful sets to be moved, so therefore was blocked
2019-08-09 08:00:41,559	INFO -- Costs for all options: current= 0.586273072052002, removal= 0.5025197677612305, old_best= 0.41876649246215825
2019-08-09 08:00:41,560	INFO -- Changing to old_best_execution found in time: 2019-08-09 07:04:03.857000
2019-08-09 08:00:41,815	INFO -- The old_best required stateful sets to be moved, so therefore was blocked
2019-08-09 08:00:42,169	INFO -- Costs for all options: current= 0.586273072052002, removal= 0.5025197677612305, old_best= 0.5862730430603028
2019-08-09 08:00:42,170	INFO -- Removing node: gke-demo-cluster-1-default-pool-6f471531-4s6b
2019-08-09 08:00:42,656	INFO -- NODE_REMOVAL=gke-demo-cluster-1-default-pool-6f471531-4s6b
2019-08-09 08:00:42,657	INFO -- went correct
2019-08-09 08:00:42,657	INFO -- Update step finished: 2019-08-09 08:00:42.657652
2019-08-09 08:00:42,658	INFO -- Current scores
                 Not stable: 0
                 All nodes full: 0
                 Migration correct: 4 wrong: 2 chance blocked: 6
                 Node removal correct: 5 wrong: 0
                 Old state correct: 0 wrong: 0
2019-08-09 08:00:42,658	INFO -- Going to sleep for 240 seconds
2019-08-09 08:04:42,759	INFO -- Time for an update_step iteration! 2019-08-09 08:04:42.759119
2019-08-09 08:04:43,057	INFO -- Cluster was not stable, waiting for retry window (24 seconds) to try again
2019-08-09 08:05:07,392	INFO -- Cluster was not stable, waiting for retry window (24 seconds) to try again
2019-08-09 08:05:31,711	INFO -- Cluster was not stable, waiting for retry window (24 seconds) to try again
2019-08-09 08:05:56,026	INFO -- Cluster was not stable, waiting for retry window (24 seconds) to try again
2019-08-09 08:06:20,345	INFO -- Cluster was not stable, waiting for retry window (24 seconds) to try again
2019-08-09 08:06:44,654	INFO -- Cluster was not stable, waiting for retry window (24 seconds) to try again
2019-08-09 08:07:08,968	INFO -- Cluster was not stable, waiting for retry window (24 seconds) to try again
2019-08-09 08:07:33,284	INFO -- Cluster was not stable, waiting for retry window (24 seconds) to try again
2019-08-09 08:07:57,602	INFO -- Cluster was not stable, waiting for retry window (24 seconds) to try again
2019-08-09 08:08:21,881	INFO -- Cluster was not stable, waiting for retry window (24 seconds) to try again
2019-08-09 08:08:46,192	INFO -- Cluster was not stable, waiting for retry window (24 seconds) to try again
2019-08-09 08:09:10,533	INFO -- Cluster was not stable, waiting for retry window (24 seconds) to try again
2019-08-09 08:09:35,238	INFO -- Cluster was not stable, waiting for retry window (24 seconds) to try again
2019-08-09 08:09:59,974	INFO -- Cluster was not stable, waiting for retry window (24 seconds) to try again
2019-08-09 08:10:24,579	INFO -- Cluster was stable for 240 seconds till 2019-08-09 08:10:23.999502, calculating best transition
2019-08-09 08:10:25,032	INFO -- Execution was added to the knowledge base with load: 4614.467254668964
2019-08-09 08:10:25,264	INFO -- No node could be shutdown for improvement, because all nodes have a statefull set
2019-08-09 08:10:25,410	INFO -- Costs for all options: current= 0.33501318817138676, removal= inf, old_best= 0.33501318817138676
2019-08-09 08:10:25,411	INFO -- Staying with current execution, but randomly changing one random pod
2019-08-09 08:10:26,084	INFO -- moving: php-apache-5f657688bc-9zxpt to gke-demo-cluster-1-default-pool-6f471531-dbtt using deployment name: php-apache
2019-08-09 08:10:28,950	INFO -- pod php-apache-5f657688bc-9zxpt is deleted
2019-08-09 08:10:29,147	INFO -- Movement succeeded
2019-08-09 08:10:29,889	INFO -- went correct
2019-08-09 08:10:29,889	INFO -- Update step finished: 2019-08-09 08:10:29.889849
2019-08-09 08:10:29,890	INFO -- Current scores
                 Not stable: 0
                 All nodes full: 0
                 Migration correct: 5 wrong: 2 chance blocked: 6
                 Node removal correct: 5 wrong: 0
                 Old state correct: 0 wrong: 0
2019-08-09 08:10:29,891	INFO -- Going to sleep for 240 seconds
2019-08-09 08:14:29,902	INFO -- Time for an update_step iteration! 2019-08-09 08:14:29.902455
2019-08-09 08:14:30,505	INFO -- Cluster was not stable, waiting for retry window (24 seconds) to try again
2019-08-09 08:14:55,110	INFO -- Cluster was not stable, waiting for retry window (24 seconds) to try again
2019-08-09 08:15:19,711	INFO -- Cluster was not stable, waiting for retry window (24 seconds) to try again
2019-08-09 08:15:44,317	INFO -- Cluster was not stable, waiting for retry window (24 seconds) to try again
2019-08-09 08:16:08,937	INFO -- Cluster was stable for 240 seconds till 2019-08-09 08:16:08.341431, calculating best transition
2019-08-09 08:16:09,462	INFO -- Execution was added to the knowledge base with load: 4635.311668403748
2019-08-09 08:16:09,736	INFO -- No node could be shutdown for improvement, because all nodes have a statefull set
2019-08-09 08:16:10,023	INFO -- Costs for all options: current= 0.33501318817138676, removal= inf, old_best= 0.33501318817138676
2019-08-09 08:16:10,024	INFO -- Staying with current execution, but randomly changing one random pod
2019-08-09 08:16:10,705	INFO -- moving: php-apache-5f657688bc-42xpm to gke-demo-cluster-1-default-pool-6f471531-8k6l using deployment name: php-apache
2019-08-09 08:16:23,736	INFO -- pod php-apache-5f657688bc-42xpm is deleted
2019-08-09 08:16:23,946	INFO -- Movement succeeded
2019-08-09 08:16:24,646	INFO -- went correct
2019-08-09 08:16:24,646	INFO -- Update step finished: 2019-08-09 08:16:24.646662
2019-08-09 08:16:24,646	INFO -- Current scores
                 Not stable: 0
                 All nodes full: 0
                 Migration correct: 6 wrong: 2 chance blocked: 6
                 Node removal correct: 5 wrong: 0
                 Old state correct: 0 wrong: 0
2019-08-09 08:16:24,647	INFO -- Going to sleep for 240 seconds
2019-08-09 08:20:24,747	INFO -- Time for an update_step iteration! 2019-08-09 08:20:24.747637
2019-08-09 08:20:25,326	INFO -- Cluster was not stable, waiting for retry window (24 seconds) to try again
2019-08-09 08:20:50,002	INFO -- Cluster was stable for 240 seconds till 2019-08-09 08:20:49.335944, calculating best transition
2019-08-09 08:20:51,056	INFO -- Execution was added to the knowledge base with load: 4648.8708631892105
2019-08-09 08:20:51,392	INFO -- No node could be shutdown for improvement, because all nodes have a statefull set
2019-08-09 08:20:51,813	INFO -- Costs for all options: current= 0.33501318817138676, removal= inf, old_best= 0.33501318817138676
2019-08-09 08:20:51,814	INFO -- Update step finished: 2019-08-09 08:20:51.814673
2019-08-09 08:20:51,815	INFO -- Current scores
                 Not stable: 0
                 All nodes full: 0
                 Migration correct: 6 wrong: 2 chance blocked: 7
                 Node removal correct: 5 wrong: 0
                 Old state correct: 0 wrong: 0
2019-08-09 08:20:51,815	INFO -- Going to sleep for 240 seconds
2019-08-09 08:24:51,910	INFO -- Time for an update_step iteration! 2019-08-09 08:24:51.910533
2019-08-09 08:24:52,503	INFO -- Cluster was not stable, waiting for retry window (24 seconds) to try again
2019-08-09 08:25:17,182	INFO -- Cluster was not stable, waiting for retry window (24 seconds) to try again
2019-08-09 08:25:41,783	INFO -- Cluster was stable for 240 seconds till 2019-08-09 08:25:41.207897, calculating best transition
2019-08-09 08:25:42,379	INFO -- Execution was added to the knowledge base with load: 4544.275555555556
2019-08-09 08:25:42,773	INFO -- No node could be shutdown for improvement, because all nodes have a statefull set
2019-08-09 08:25:43,346	INFO -- Costs for all options: current= 0.33501318817138676, removal= inf, old_best= 0.33501318817138676
2019-08-09 08:25:43,347	INFO -- Staying with current execution, but randomly changing one random pod
2019-08-09 08:25:44,297	INFO -- moving: php-apache-5f657688bc-crdvl to gke-demo-cluster-1-default-pool-6f471531-8k6l using deployment name: php-apache
2019-08-09 08:25:53,735	INFO -- pod php-apache-5f657688bc-crdvl is deleted
2019-08-09 08:25:53,968	INFO -- Movement succeeded
2019-08-09 08:25:54,660	INFO -- went correct
2019-08-09 08:25:54,661	INFO -- Update step finished: 2019-08-09 08:25:54.661160
2019-08-09 08:25:54,661	INFO -- Current scores
                 Not stable: 0
                 All nodes full: 0
                 Migration correct: 7 wrong: 2 chance blocked: 7
                 Node removal correct: 5 wrong: 0
                 Old state correct: 0 wrong: 0
2019-08-09 08:25:54,662	INFO -- Going to sleep for 240 seconds
2019-08-09 08:29:54,717	INFO -- Time for an update_step iteration! 2019-08-09 08:29:54.717667
2019-08-09 08:29:55,300	INFO -- Cluster was not stable, waiting for retry window (24 seconds) to try again
2019-08-09 08:30:19,951	INFO -- Cluster was not stable, waiting for retry window (24 seconds) to try again
2019-08-09 08:30:44,590	INFO -- Cluster was stable for 240 seconds till 2019-08-09 08:30:43.976592, calculating best transition
2019-08-09 08:30:45,108	INFO -- Execution was added to the knowledge base with load: 4497.304592423327
2019-08-09 08:30:45,433	INFO -- No node could be shutdown for improvement, because all nodes have a statefull set
2019-08-09 08:30:46,213	INFO -- Costs for all options: current= 0.33501318817138676, removal= inf, old_best= 0.33501318817138676
2019-08-09 08:30:46,213	INFO -- Staying with current execution, but randomly changing one random pod
2019-08-09 08:30:47,087	INFO -- moving: php-apache-5f657688bc-vr66q to gke-demo-cluster-1-default-pool-6f471531-5n82 using deployment name: php-apache
2019-08-09 08:31:00,186	INFO -- pod php-apache-5f657688bc-vr66q is deleted
2019-08-09 08:31:00,374	INFO -- Movement succeeded
2019-08-09 08:31:01,065	INFO -- went correct
2019-08-09 08:31:01,066	INFO -- Update step finished: 2019-08-09 08:31:01.066170
2019-08-09 08:31:01,066	INFO -- Current scores
                 Not stable: 0
                 All nodes full: 0
                 Migration correct: 8 wrong: 2 chance blocked: 7
                 Node removal correct: 5 wrong: 0
                 Old state correct: 0 wrong: 0
2019-08-09 08:31:01,066	INFO -- Going to sleep for 240 seconds
2019-08-09 08:35:01,165	INFO -- Time for an update_step iteration! 2019-08-09 08:35:01.165191
2019-08-09 08:35:01,794	INFO -- Cluster was not stable, waiting for retry window (24 seconds) to try again
2019-08-09 08:35:26,411	INFO -- Cluster was stable for 240 seconds till 2019-08-09 08:35:25.819123, calculating best transition
2019-08-09 08:35:26,954	INFO -- Execution was added to the knowledge base with load: 4546.216816088183
2019-08-09 08:35:27,268	INFO -- No node could be shutdown for improvement, because all nodes have a statefull set
2019-08-09 08:35:28,174	INFO -- Costs for all options: current= 0.33501318817138676, removal= inf, old_best= 0.33501318817138676
2019-08-09 08:35:28,175	INFO -- Update step finished: 2019-08-09 08:35:28.175838
2019-08-09 08:35:28,176	INFO -- Current scores
                 Not stable: 0
                 All nodes full: 0
                 Migration correct: 8 wrong: 2 chance blocked: 8
                 Node removal correct: 5 wrong: 0
                 Old state correct: 0 wrong: 0
2019-08-09 08:35:28,177	INFO -- Going to sleep for 240 seconds
2019-08-09 08:39:28,201	INFO -- Time for an update_step iteration! 2019-08-09 08:39:28.201210
2019-08-09 08:39:28,776	INFO -- Cluster was stable for 240 seconds till 2019-08-09 08:39:28.201961, calculating best transition
2019-08-09 08:39:29,361	INFO -- Execution was added to the knowledge base with load: 4671.664659566389
2019-08-09 08:39:29,821	INFO -- No node could be shutdown for improvement, because all nodes have a statefull set
2019-08-09 08:39:30,835	INFO -- Costs for all options: current= 0.33501318817138676, removal= inf, old_best= 0.33501318817138676
2019-08-09 08:39:30,836	INFO -- Staying with current execution, but randomly changing one random pod
2019-08-09 08:39:31,738	INFO -- moving: php-apache-5f657688bc-t99mx to gke-demo-cluster-1-default-pool-6f471531-5n82 using deployment name: php-apache
2019-08-09 08:39:34,926	INFO -- pod php-apache-5f657688bc-t99mx is deleted
2019-08-09 08:39:35,178	INFO -- Movement failed
2019-08-09 08:39:35,487	INFO -- went wrong: <class 'kubernetes_tools.migrate_pod.PodScheduledOnWrongNodeException'>
2019-08-09 08:39:35,488	INFO -- Update step finished: 2019-08-09 08:39:35.488856
2019-08-09 08:39:35,489	INFO -- Current scores
                 Not stable: 0
                 All nodes full: 0
                 Migration correct: 8 wrong: 3 chance blocked: 8
                 Node removal correct: 5 wrong: 0
                 Old state correct: 0 wrong: 0
2019-08-09 08:39:35,489	INFO -- Going to sleep for 240 seconds
2019-08-09 08:43:35,574	INFO -- Time for an update_step iteration! 2019-08-09 08:43:35.574026
2019-08-09 08:43:36,223	INFO -- Cluster was not stable, waiting for retry window (24 seconds) to try again
2019-08-09 08:44:00,987	INFO -- Cluster was not stable, waiting for retry window (24 seconds) to try again
2019-08-09 08:44:25,746	INFO -- Cluster was not stable, waiting for retry window (24 seconds) to try again
2019-08-09 08:44:50,312	INFO -- Cluster was not stable, waiting for retry window (24 seconds) to try again
2019-08-09 08:45:15,157	INFO -- Cluster was not stable, waiting for retry window (24 seconds) to try again
2019-08-09 08:45:39,776	INFO -- Cluster was not stable, waiting for retry window (24 seconds) to try again
2019-08-09 08:46:04,621	INFO -- Cluster was not stable, waiting for retry window (24 seconds) to try again
2019-08-09 08:46:29,565	INFO -- Cluster was not stable, waiting for retry window (24 seconds) to try again
2019-08-09 08:46:54,458	INFO -- Cluster was not stable, waiting for retry window (24 seconds) to try again
2019-08-09 08:47:19,036	INFO -- Cluster was not stable, waiting for retry window (24 seconds) to try again
2019-08-09 08:47:43,515	INFO -- Cluster was not stable, waiting for retry window (24 seconds) to try again
2019-08-09 08:48:07,862	INFO -- Cluster was not stable, waiting for retry window (24 seconds) to try again
2019-08-09 08:48:32,248	INFO -- Cluster was not stable, waiting for retry window (24 seconds) to try again
2019-08-09 08:48:56,580	INFO -- Cluster was not stable, waiting for retry window (24 seconds) to try again
2019-08-09 08:49:20,941	INFO -- Cluster was not stable, waiting for retry window (24 seconds) to try again
2019-08-09 08:49:45,266	INFO -- Cluster was not stable, waiting for retry window (24 seconds) to try again
2019-08-09 08:50:09,634	INFO -- Cluster was not stable, waiting for retry window (24 seconds) to try again
2019-08-09 08:50:34,014	INFO -- Cluster was not stable, waiting for retry window (24 seconds) to try again
2019-08-09 08:50:58,326	INFO -- Cluster was not stable, waiting for retry window (24 seconds) to try again
2019-08-09 08:51:22,628	INFO -- Cluster was not stable, waiting for retry window (24 seconds) to try again
2019-08-09 08:51:46,916	INFO -- Cluster was not stable, waiting for retry window (24 seconds) to try again
2019-08-09 08:52:11,515	INFO -- Cluster was stable for 240 seconds till 2019-08-09 08:52:10.941100, calculating best transition
2019-08-09 08:52:12,495	INFO -- Execution was added to the knowledge base with load: 18270.145851121324
2019-08-09 08:52:13,159	INFO -- No node could be shutdown for improvement, because all the resources are needed
2019-08-09 08:52:13,322	INFO -- Costs for all options: current= 0.5862730430603028, removal= inf, old_best= 0.5862730430603028
2019-08-09 08:52:13,323	INFO -- Staying with current execution, but randomly changing one random pod
2019-08-09 08:52:14,782	INFO -- moving: php-apache-5f657688bc-f5dhg to gke-demo-cluster-1-default-pool-6f471531-ckcc using deployment name: php-apache
2019-08-09 08:52:24,318	INFO -- pod php-apache-5f657688bc-f5dhg is deleted
2019-08-09 08:52:24,643	INFO -- Movement succeeded
2019-08-09 08:52:25,524	INFO -- went correct
2019-08-09 08:52:25,525	INFO -- Update step finished: 2019-08-09 08:52:25.525251
2019-08-09 08:52:25,525	INFO -- Current scores
                 Not stable: 0
                 All nodes full: 0
                 Migration correct: 9 wrong: 3 chance blocked: 8
                 Node removal correct: 5 wrong: 0
                 Old state correct: 0 wrong: 0
2019-08-09 08:52:25,526	INFO -- Going to sleep for 240 seconds
2019-08-09 08:56:25,569	INFO -- Time for an update_step iteration! 2019-08-09 08:56:25.569364
2019-08-09 08:56:26,153	INFO -- Cluster was not stable, waiting for retry window (24 seconds) to try again
2019-08-09 08:56:50,776	INFO -- Cluster was not stable, waiting for retry window (24 seconds) to try again
2019-08-09 08:57:15,416	INFO -- Cluster was not stable, waiting for retry window (24 seconds) to try again
2019-08-09 08:57:40,030	INFO -- Cluster was not stable, waiting for retry window (24 seconds) to try again
2019-08-09 08:58:04,763	INFO -- Cluster was not stable, waiting for retry window (24 seconds) to try again
2019-08-09 08:58:29,354	INFO -- Cluster was not stable, waiting for retry window (24 seconds) to try again
2019-08-09 08:58:53,992	INFO -- Cluster was not stable, waiting for retry window (24 seconds) to try again
2019-08-09 08:59:18,639	INFO -- Cluster was not stable, waiting for retry window (24 seconds) to try again
2019-08-09 08:59:43,246	INFO -- Cluster was not stable, waiting for retry window (24 seconds) to try again
2019-08-09 09:00:07,871	INFO -- Cluster was not stable, waiting for retry window (24 seconds) to try again
2019-08-09 09:00:32,512	INFO -- Cluster was stable for 240 seconds till 2019-08-09 09:00:31.896883, calculating best transition
2019-08-09 09:00:33,157	INFO -- Execution was added to the knowledge base with load: 4455.916923222449
2019-08-09 09:00:34,747	INFO -- Costs for all options: current= 0.5862730430603028, removal= 0.5025197677612304, old_best= 0.33501318817138676
2019-08-09 09:00:34,747	INFO -- Changing to old_best_execution found in time: 2019-08-09 08:31:25.819000
2019-08-09 09:00:35,207	INFO -- The old_best required stateful sets to be moved, so therefore was blocked
2019-08-09 09:00:36,455	INFO -- Costs for all options: current= 0.5862730430603028, removal= 0.5025197677612304, old_best= 0.33501318817138676
2019-08-09 09:00:36,456	INFO -- Changing to old_best_execution found in time: 2019-08-09 08:35:28.201000
2019-08-09 09:00:36,822	INFO -- The old_best required stateful sets to be moved, so therefore was blocked
2019-08-09 09:00:37,929	INFO -- Costs for all options: current= 0.5862730430603028, removal= 0.5025197677612304, old_best= 0.33501318817138676
2019-08-09 09:00:37,930	INFO -- Changing to old_best_execution found in time: 2019-08-09 08:12:08.341000
2019-08-09 09:00:38,269	INFO -- The old_best required stateful sets to be moved, so therefore was blocked
2019-08-09 09:00:39,170	INFO -- Costs for all options: current= 0.5862730430603028, removal= 0.5025197677612304, old_best= 0.33501318817138676
2019-08-09 09:00:39,171	INFO -- Changing to old_best_execution found in time: 2019-08-09 08:26:43.976000
2019-08-09 09:00:39,519	INFO -- The old_best required stateful sets to be moved, so therefore was blocked
2019-08-09 09:00:40,322	INFO -- Costs for all options: current= 0.5862730430603028, removal= 0.5025197677612304, old_best= 0.33501318817138676
2019-08-09 09:00:40,322	INFO -- Changing to old_best_execution found in time: 2019-08-09 08:16:49.335000
2019-08-09 09:00:40,636	INFO -- The old_best required stateful sets to be moved, so therefore was blocked
2019-08-09 09:00:41,220	INFO -- Costs for all options: current= 0.5862730430603028, removal= 0.5025197677612304, old_best= 0.33501318817138676
2019-08-09 09:00:41,221	INFO -- Changing to old_best_execution found in time: 2019-08-09 08:21:41.207000
2019-08-09 09:00:41,522	INFO -- The old_best required stateful sets to be moved, so therefore was blocked
2019-08-09 09:00:41,905	INFO -- Costs for all options: current= 0.5862730430603028, removal= 0.5025197677612304, old_best= 0.33501318817138676
2019-08-09 09:00:41,906	INFO -- Changing to old_best_execution found in time: 2019-08-09 08:06:23.999000
2019-08-09 09:00:42,164	INFO -- The old_best required stateful sets to be moved, so therefore was blocked
2019-08-09 09:00:42,522	INFO -- Costs for all options: current= 0.5862730430603028, removal= 0.5025197677612304, old_best= 0.5862730430603028
2019-08-09 09:00:42,523	INFO -- Removing node: gke-demo-cluster-1-default-pool-6f471531-ckcc
2019-08-09 09:00:42,991	INFO -- NODE_REMOVAL=gke-demo-cluster-1-default-pool-6f471531-ckcc
2019-08-09 09:00:42,992	INFO -- went correct
2019-08-09 09:00:42,992	INFO -- Update step finished: 2019-08-09 09:00:42.992718
2019-08-09 09:00:42,993	INFO -- Current scores
                 Not stable: 0
                 All nodes full: 0
                 Migration correct: 9 wrong: 3 chance blocked: 8
                 Node removal correct: 6 wrong: 0
                 Old state correct: 0 wrong: 0
2019-08-09 09:00:42,993	INFO -- Going to sleep for 240 seconds
2019-08-09 09:04:43,039	INFO -- Time for an update_step iteration! 2019-08-09 09:04:43.038952
2019-08-09 09:04:43,340	INFO -- Cluster was not stable, waiting for retry window (24 seconds) to try again
2019-08-09 09:05:07,695	INFO -- Cluster was not stable, waiting for retry window (24 seconds) to try again
2019-08-09 09:05:31,996	INFO -- Cluster was not stable, waiting for retry window (24 seconds) to try again
2019-08-09 09:05:56,388	INFO -- Cluster was not stable, waiting for retry window (24 seconds) to try again
2019-08-09 09:06:20,716	INFO -- Cluster was not stable, waiting for retry window (24 seconds) to try again
2019-08-09 09:06:45,033	INFO -- Cluster was not stable, waiting for retry window (24 seconds) to try again
2019-08-09 09:07:09,411	INFO -- Cluster was not stable, waiting for retry window (24 seconds) to try again
2019-08-09 09:07:33,742	INFO -- Cluster was not stable, waiting for retry window (24 seconds) to try again
2019-08-09 09:07:58,074	INFO -- Cluster was not stable, waiting for retry window (24 seconds) to try again
2019-08-09 09:08:22,401	INFO -- Cluster was not stable, waiting for retry window (24 seconds) to try again
2019-08-09 09:08:46,746	INFO -- Cluster was not stable, waiting for retry window (24 seconds) to try again
2019-08-09 09:09:11,054	INFO -- Cluster was not stable, waiting for retry window (24 seconds) to try again
2019-08-09 09:09:35,502	INFO -- Cluster was not stable, waiting for retry window (24 seconds) to try again
2019-08-09 09:09:59,803	INFO -- Cluster was not stable, waiting for retry window (24 seconds) to try again
2019-08-09 09:10:24,464	INFO -- Cluster was stable for 240 seconds till 2019-08-09 09:10:23.828925, calculating best transition
2019-08-09 09:10:24,890	INFO -- Execution was added to the knowledge base with load: 4455.32975491453
2019-08-09 09:10:25,134	INFO -- No node could be shutdown for improvement, because all nodes have a statefull set
2019-08-09 09:10:25,288	INFO -- Costs for all options: current= 0.3350131591796875, removal= inf, old_best= 0.3350131591796875
2019-08-09 09:10:25,289	INFO -- Update step finished: 2019-08-09 09:10:25.289481
2019-08-09 09:10:25,290	INFO -- Current scores
                 Not stable: 0
                 All nodes full: 0
                 Migration correct: 9 wrong: 3 chance blocked: 9
                 Node removal correct: 6 wrong: 0
                 Old state correct: 0 wrong: 0
2019-08-09 09:10:25,290	INFO -- Going to sleep for 240 seconds
2019-08-09 09:14:25,391	INFO -- Time for an update_step iteration! 2019-08-09 09:14:25.391292
2019-08-09 09:14:25,993	INFO -- Cluster was not stable, waiting for retry window (24 seconds) to try again
2019-08-09 09:14:50,643	INFO -- Cluster was not stable, waiting for retry window (24 seconds) to try again
2019-08-09 09:15:15,240	INFO -- Cluster was not stable, waiting for retry window (24 seconds) to try again
2019-08-09 09:15:39,890	INFO -- Cluster was stable for 240 seconds till 2019-08-09 09:15:39.265848, calculating best transition
2019-08-09 09:15:40,385	INFO -- Execution was added to the knowledge base with load: 4582.857244624592
2019-08-09 09:15:40,637	INFO -- No node could be shutdown for improvement, because all nodes have a statefull set
2019-08-09 09:15:40,791	INFO -- Costs for all options: current= 0.3350131591796875, removal= inf, old_best= 0.3350131591796875
2019-08-09 09:15:40,791	INFO -- Update step finished: 2019-08-09 09:15:40.791608
2019-08-09 09:15:40,792	INFO -- Current scores
                 Not stable: 0
                 All nodes full: 0
                 Migration correct: 9 wrong: 3 chance blocked: 10
                 Node removal correct: 6 wrong: 0
                 Old state correct: 0 wrong: 0
2019-08-09 09:15:40,792	INFO -- Going to sleep for 240 seconds
2019-08-09 09:19:40,892	INFO -- Time for an update_step iteration! 2019-08-09 09:19:40.892658
2019-08-09 09:19:41,463	INFO -- Cluster was stable for 240 seconds till 2019-08-09 09:19:40.893623, calculating best transition
2019-08-09 09:19:42,038	INFO -- Execution was added to the knowledge base with load: 4650.111709745251
2019-08-09 09:19:42,378	INFO -- No node could be shutdown for improvement, because all nodes have a statefull set
2019-08-09 09:19:42,526	INFO -- Costs for all options: current= 0.3350131591796875, removal= inf, old_best= 0.3350131591796875
2019-08-09 09:19:42,526	INFO -- Update step finished: 2019-08-09 09:19:42.526346
2019-08-09 09:19:42,526	INFO -- Current scores
                 Not stable: 0
                 All nodes full: 0
                 Migration correct: 9 wrong: 3 chance blocked: 11
                 Node removal correct: 6 wrong: 0
                 Old state correct: 0 wrong: 0
2019-08-09 09:19:42,526	INFO -- Going to sleep for 240 seconds
2019-08-09 09:23:42,615	INFO -- Time for an update_step iteration! 2019-08-09 09:23:42.615703
2019-08-09 09:23:43,227	INFO -- Cluster was stable for 240 seconds till 2019-08-09 09:23:42.616466, calculating best transition
2019-08-09 09:23:44,309	INFO -- Execution was added to the knowledge base with load: 4638.038852393372
2019-08-09 09:23:44,710	INFO -- No node could be shutdown for improvement, because all nodes have a statefull set
2019-08-09 09:23:44,996	INFO -- Costs for all options: current= 0.3350131591796875, removal= inf, old_best= 0.3350131591796875
2019-08-09 09:23:44,997	INFO -- Update step finished: 2019-08-09 09:23:44.996997
2019-08-09 09:23:44,997	INFO -- Current scores
                 Not stable: 0
                 All nodes full: 0
                 Migration correct: 9 wrong: 3 chance blocked: 12
                 Node removal correct: 6 wrong: 0
                 Old state correct: 0 wrong: 0
2019-08-09 09:23:44,998	INFO -- Going to sleep for 240 seconds
2019-08-09 09:27:45,099	INFO -- Time for an update_step iteration! 2019-08-09 09:27:45.099269
2019-08-09 09:27:45,699	INFO -- Cluster was stable for 240 seconds till 2019-08-09 09:27:45.100023, calculating best transition
2019-08-09 09:27:46,355	INFO -- Execution was added to the knowledge base with load: 4633.378977179855
2019-08-09 09:27:46,807	INFO -- No node could be shutdown for improvement, because all nodes have a statefull set
2019-08-09 09:27:47,120	INFO -- Costs for all options: current= 0.3350131591796875, removal= inf, old_best= 0.3350131591796875
2019-08-09 09:27:47,120	INFO -- Update step finished: 2019-08-09 09:27:47.120894
2019-08-09 09:27:47,121	INFO -- Current scores
                 Not stable: 0
                 All nodes full: 0
                 Migration correct: 9 wrong: 3 chance blocked: 13
                 Node removal correct: 6 wrong: 0
                 Old state correct: 0 wrong: 0
2019-08-09 09:27:47,122	INFO -- Going to sleep for 240 seconds
2019-08-09 09:31:47,189	INFO -- Time for an update_step iteration! 2019-08-09 09:31:47.189303
2019-08-09 09:31:47,768	INFO -- Cluster was stable for 240 seconds till 2019-08-09 09:31:47.189648, calculating best transition
2019-08-09 09:31:48,431	INFO -- Execution was added to the knowledge base with load: 4586.376744992244
2019-08-09 09:31:48,830	INFO -- No node could be shutdown for improvement, because all nodes have a statefull set
2019-08-09 09:31:49,127	INFO -- Costs for all options: current= 0.3350131591796875, removal= inf, old_best= 0.3350131591796875
2019-08-09 09:31:49,127	INFO -- Staying with current execution, but randomly changing one random pod
2019-08-09 09:31:50,190	INFO -- moving: php-apache-5f657688bc-6mpzs to gke-demo-cluster-1-default-pool-6f471531-sxjh using deployment name: php-apache
2019-08-09 09:32:01,896	INFO -- pod php-apache-5f657688bc-6mpzs is deleted
2019-08-09 09:32:02,148	INFO -- Movement succeeded
2019-08-09 09:32:03,014	INFO -- went correct
2019-08-09 09:32:03,015	INFO -- Update step finished: 2019-08-09 09:32:03.015490
2019-08-09 09:32:03,016	INFO -- Current scores
                 Not stable: 0
                 All nodes full: 0
                 Migration correct: 10 wrong: 3 chance blocked: 13
                 Node removal correct: 6 wrong: 0
                 Old state correct: 0 wrong: 0
2019-08-09 09:32:03,016	INFO -- Going to sleep for 240 seconds
2019-08-09 09:36:03,117	INFO -- Time for an update_step iteration! 2019-08-09 09:36:03.117286
2019-08-09 09:36:03,768	INFO -- Cluster was not stable, waiting for retry window (24 seconds) to try again
2019-08-09 09:36:28,470	INFO -- Cluster was stable for 240 seconds till 2019-08-09 09:36:27.789312, calculating best transition
2019-08-09 09:36:29,114	INFO -- Execution was added to the knowledge base with load: 4472.001010595768
2019-08-09 09:36:29,525	INFO -- No node could be shutdown for improvement, because all nodes have a statefull set
2019-08-09 09:36:29,853	INFO -- Costs for all options: current= 0.3350131591796875, removal= inf, old_best= 0.3350131591796875
2019-08-09 09:36:29,854	INFO -- Staying with current execution, but randomly changing one random pod
2019-08-09 09:36:30,863	INFO -- moving: php-apache-5f657688bc-mqxh8 to gke-demo-cluster-1-default-pool-6f471531-sxjh using deployment name: php-apache
2019-08-09 09:36:40,160	INFO -- pod php-apache-5f657688bc-mqxh8 is deleted
2019-08-09 09:36:40,473	INFO -- Movement succeeded
2019-08-09 09:36:41,303	INFO -- went correct
2019-08-09 09:36:41,304	INFO -- Update step finished: 2019-08-09 09:36:41.304455
2019-08-09 09:36:41,305	INFO -- Current scores
                 Not stable: 0
                 All nodes full: 0
                 Migration correct: 11 wrong: 3 chance blocked: 13
                 Node removal correct: 6 wrong: 0
                 Old state correct: 0 wrong: 0
2019-08-09 09:36:41,305	INFO -- Going to sleep for 240 seconds
2019-08-09 09:40:41,394	INFO -- Time for an update_step iteration! 2019-08-09 09:40:41.394312
2019-08-09 09:40:42,018	INFO -- Cluster was not stable, waiting for retry window (24 seconds) to try again
