2019-08-09 01:40:54,130	INFO -- Settings: TopologyGenerator/settings-php_apache.json
2019-08-09 01:40:54,220	INFO -- Graphdatabase emptied
2019-08-09 01:40:54,220	INFO -- Waiting for warmup to finish. 1800 seconds
2019-08-09 02:10:54,321	INFO -- Going to sleep for 240 seconds
2019-08-09 02:14:54,398	INFO -- Time for an update_step iteration! 2019-08-09 02:14:54.398660
2019-08-09 02:14:54,405	INFO -- Prometheus connection died, reconnecting
2019-08-09 02:14:55,413	INFO -- Prometheus connection died, reconnecting
2019-08-09 02:14:57,032	INFO -- Cluster was not stable, waiting for retry window (24 seconds) to try again
2019-08-09 02:15:21,687	INFO -- Cluster was stable for 240 seconds till 2019-08-09 02:15:21.045363, calculating best transition
2019-08-09 02:15:22,474	INFO -- Execution was added to the knowledge base with load: 4586.460174677598
2019-08-09 02:15:22,988	INFO -- No node could be shutdown for improvement, because all nodes have a statefull set
2019-08-09 02:15:23,144	INFO -- Costs for all options: current= 0.2512598838806152, removal= inf, old_best= 0.25125988388061526
2019-08-09 02:15:23,145	INFO -- Staying with current execution, but randomly changing one random pod
2019-08-09 02:15:24,328	INFO -- moving: php-apache-5f657688bc-xjzxt to gke-demo-cluster-1-default-pool-6f471531-5n82 using deployment name: php-apache
2019-08-09 02:15:35,485	INFO -- pod php-apache-5f657688bc-xjzxt is deleted
2019-08-09 02:15:35,745	INFO -- Movement succeeded
2019-08-09 02:15:36,596	INFO -- went correct
2019-08-09 02:15:36,597	INFO -- Update step finished: 2019-08-09 02:15:36.597268
2019-08-09 02:15:36,597	INFO -- Current scores
                 Not stable: 0
                 All nodes full: 0
                 Migration correct: 1 wrong: 0 chance blocked: 0
                 Node removal correct: 0 wrong: 0
                 Old state correct: 0 wrong: 0
2019-08-09 02:15:36,598	INFO -- Going to sleep for 240 seconds
2019-08-09 02:19:36,678	INFO -- Time for an update_step iteration! 2019-08-09 02:19:36.678275
2019-08-09 02:19:37,257	INFO -- Cluster was not stable, waiting for retry window (24 seconds) to try again
2019-08-09 02:20:01,868	INFO -- Cluster was not stable, waiting for retry window (24 seconds) to try again
2019-08-09 02:20:26,464	INFO -- Cluster was not stable, waiting for retry window (24 seconds) to try again
2019-08-09 02:20:51,065	INFO -- Cluster was not stable, waiting for retry window (24 seconds) to try again
2019-08-09 02:21:15,703	INFO -- Cluster was not stable, waiting for retry window (24 seconds) to try again
2019-08-09 02:21:40,312	INFO -- Cluster was not stable, waiting for retry window (24 seconds) to try again
2019-08-09 02:22:04,956	INFO -- Cluster was stable for 240 seconds till 2019-08-09 02:22:04.333519, calculating best transition
2019-08-09 02:22:05,582	INFO -- Execution was added to the knowledge base with load: 4604.238839296807
2019-08-09 02:22:06,068	INFO -- No node could be shutdown for improvement, because all nodes have a statefull set
2019-08-09 02:22:06,384	INFO -- Costs for all options: current= 0.2512598838806152, removal= inf, old_best= 0.25125988388061526
2019-08-09 02:22:06,384	INFO -- Staying with current execution, but randomly changing one random pod
2019-08-09 02:22:07,387	INFO -- moving: php-apache-5f657688bc-lnnvq to gke-demo-cluster-1-default-pool-6f471531-5n82 using deployment name: php-apache
2019-08-09 02:22:17,057	INFO -- pod php-apache-5f657688bc-lnnvq is deleted
2019-08-09 02:22:17,362	INFO -- Movement succeeded
2019-08-09 02:22:18,206	INFO -- went correct
2019-08-09 02:22:18,207	INFO -- Update step finished: 2019-08-09 02:22:18.207550
2019-08-09 02:22:18,208	INFO -- Current scores
                 Not stable: 0
                 All nodes full: 0
                 Migration correct: 2 wrong: 0 chance blocked: 0
                 Node removal correct: 0 wrong: 0
                 Old state correct: 0 wrong: 0
2019-08-09 02:22:18,208	INFO -- Going to sleep for 240 seconds
2019-08-09 02:26:18,253	INFO -- Time for an update_step iteration! 2019-08-09 02:26:18.253392
2019-08-09 02:26:18,862	INFO -- Cluster was not stable, waiting for retry window (24 seconds) to try again
2019-08-09 02:26:43,518	INFO -- Cluster was not stable, waiting for retry window (24 seconds) to try again
2019-08-09 02:27:08,187	INFO -- Cluster was not stable, waiting for retry window (24 seconds) to try again
2019-08-09 02:27:32,853	INFO -- Cluster was stable for 240 seconds till 2019-08-09 02:27:32.209186, calculating best transition
2019-08-09 02:27:33,462	INFO -- Execution was added to the knowledge base with load: 4538.954099874093
2019-08-09 02:27:33,871	INFO -- No node could be shutdown for improvement, because all nodes have a statefull set
2019-08-09 02:27:34,326	INFO -- Costs for all options: current= 0.2512598838806152, removal= inf, old_best= 0.25125988388061526
2019-08-09 02:27:34,327	INFO -- Update step finished: 2019-08-09 02:27:34.327731
2019-08-09 02:27:34,328	INFO -- Current scores
                 Not stable: 0
                 All nodes full: 0
                 Migration correct: 2 wrong: 0 chance blocked: 1
                 Node removal correct: 0 wrong: 0
                 Old state correct: 0 wrong: 0
2019-08-09 02:27:34,328	INFO -- Going to sleep for 240 seconds
2019-08-09 02:31:34,429	INFO -- Time for an update_step iteration! 2019-08-09 02:31:34.429185
2019-08-09 02:31:35,073	INFO -- Cluster was stable for 240 seconds till 2019-08-09 02:31:34.429971, calculating best transition
2019-08-09 02:31:35,691	INFO -- Execution was added to the knowledge base with load: 4647.777464495219
2019-08-09 02:31:36,146	INFO -- No node could be shutdown for improvement, because all nodes have a statefull set
2019-08-09 02:31:36,758	INFO -- Costs for all options: current= 0.2512598838806152, removal= inf, old_best= 0.25125988388061526
2019-08-09 02:31:36,758	INFO -- Staying with current execution, but randomly changing one random pod
2019-08-09 02:31:37,739	INFO -- moving: php-apache-5f657688bc-r2v69 to gke-demo-cluster-1-default-pool-6f471531-sxjh using deployment name: php-apache
2019-08-09 02:31:47,079	INFO -- pod php-apache-5f657688bc-r2v69 is deleted
2019-08-09 02:31:47,361	INFO -- Movement succeeded
2019-08-09 02:31:48,159	INFO -- went correct
2019-08-09 02:31:48,160	INFO -- Update step finished: 2019-08-09 02:31:48.160285
2019-08-09 02:31:48,160	INFO -- Current scores
                 Not stable: 0
                 All nodes full: 0
                 Migration correct: 3 wrong: 0 chance blocked: 1
                 Node removal correct: 0 wrong: 0
                 Old state correct: 0 wrong: 0
2019-08-09 02:31:48,161	INFO -- Going to sleep for 240 seconds
2019-08-09 02:35:48,262	INFO -- Time for an update_step iteration! 2019-08-09 02:35:48.262099
2019-08-09 02:35:48,854	INFO -- Cluster was not stable, waiting for retry window (24 seconds) to try again
2019-08-09 02:36:13,476	INFO -- Cluster was stable for 240 seconds till 2019-08-09 02:36:12.879642, calculating best transition
2019-08-09 02:36:14,022	INFO -- Execution was added to the knowledge base with load: 4533.874007619627
2019-08-09 02:36:14,275	INFO -- No node could be shutdown for improvement, because all nodes have a statefull set
2019-08-09 02:36:15,104	INFO -- Costs for all options: current= 0.2512598838806152, removal= inf, old_best= 0.25125988388061526
2019-08-09 02:36:15,105	INFO -- Staying with current execution, but randomly changing one random pod
2019-08-09 02:36:15,932	INFO -- moving: php-apache-5f657688bc-mvdw6 to gke-demo-cluster-1-default-pool-6f471531-16jt using deployment name: php-apache
2019-08-09 02:36:18,521	INFO -- pod php-apache-5f657688bc-mvdw6 is deleted
2019-08-09 02:36:18,724	INFO -- Movement succeeded
2019-08-09 02:36:19,638	INFO -- went correct
2019-08-09 02:36:19,639	INFO -- Update step finished: 2019-08-09 02:36:19.639065
2019-08-09 02:36:19,639	INFO -- Current scores
                 Not stable: 0
                 All nodes full: 0
                 Migration correct: 4 wrong: 0 chance blocked: 1
                 Node removal correct: 0 wrong: 0
                 Old state correct: 0 wrong: 0
2019-08-09 02:36:19,639	INFO -- Going to sleep for 240 seconds
2019-08-09 02:40:19,665	INFO -- Time for an update_step iteration! 2019-08-09 02:40:19.665206
2019-08-09 02:40:20,247	INFO -- Cluster was not stable, waiting for retry window (24 seconds) to try again
2019-08-09 02:40:44,893	INFO -- Cluster was not stable, waiting for retry window (24 seconds) to try again
2019-08-09 02:41:09,566	INFO -- Cluster was not stable, waiting for retry window (24 seconds) to try again
2019-08-09 02:41:34,268	INFO -- Cluster was not stable, waiting for retry window (24 seconds) to try again
2019-08-09 02:41:58,954	INFO -- Cluster was not stable, waiting for retry window (24 seconds) to try again
2019-08-09 02:42:23,689	INFO -- Cluster was not stable, waiting for retry window (24 seconds) to try again
2019-08-09 02:42:48,491	INFO -- Cluster was not stable, waiting for retry window (24 seconds) to try again
2019-08-09 02:43:13,147	INFO -- Cluster was not stable, waiting for retry window (24 seconds) to try again
2019-08-09 02:43:37,763	INFO -- Cluster was not stable, waiting for retry window (24 seconds) to try again
2019-08-09 02:44:02,385	INFO -- Cluster was not stable, waiting for retry window (24 seconds) to try again
2019-08-09 02:44:26,986	INFO -- Cluster was not stable, waiting for retry window (24 seconds) to try again
2019-08-09 02:44:51,327	INFO -- Cluster was not stable, waiting for retry window (24 seconds) to try again
2019-08-09 02:45:15,853	INFO -- Cluster was not stable, waiting for retry window (24 seconds) to try again
2019-08-09 02:45:40,226	INFO -- Cluster was not stable, waiting for retry window (24 seconds) to try again
2019-08-09 02:46:04,795	INFO -- Cluster was not stable, waiting for retry window (24 seconds) to try again
2019-08-09 02:46:29,284	INFO -- Cluster was not stable, waiting for retry window (24 seconds) to try again
2019-08-09 02:46:53,646	INFO -- Cluster was not stable, waiting for retry window (24 seconds) to try again
2019-08-09 02:47:18,291	INFO -- Cluster was not stable, waiting for retry window (24 seconds) to try again
2019-08-09 02:47:42,905	INFO -- Cluster was not stable, waiting for retry window (24 seconds) to try again
2019-08-09 02:48:07,294	INFO -- Cluster was not stable, waiting for retry window (24 seconds) to try again
2019-08-09 02:48:31,670	INFO -- Cluster was not stable, waiting for retry window (24 seconds) to try again
2019-08-09 02:48:56,175	INFO -- Cluster was not stable, waiting for retry window (24 seconds) to try again
2019-08-09 02:49:20,567	INFO -- Cluster was not stable, waiting for retry window (24 seconds) to try again
2019-08-09 02:49:45,103	INFO -- Cluster was not stable, waiting for retry window (24 seconds) to try again
2019-08-09 02:50:09,557	INFO -- Cluster was not stable, waiting for retry window (24 seconds) to try again
2019-08-09 02:50:33,878	INFO -- Cluster was not stable, waiting for retry window (24 seconds) to try again
2019-08-09 02:50:58,267	INFO -- Cluster was not stable, waiting for retry window (24 seconds) to try again
2019-08-09 02:51:22,569	INFO -- Cluster was not stable, waiting for retry window (24 seconds) to try again
2019-08-09 02:51:46,891	INFO -- Cluster was not stable, waiting for retry window (24 seconds) to try again
2019-08-09 02:52:11,228	INFO -- Cluster was not stable, waiting for retry window (24 seconds) to try again
2019-08-09 02:52:35,852	INFO -- Cluster was not stable, waiting for retry window (24 seconds) to try again
2019-08-09 02:53:00,508	INFO -- Cluster was stable for 240 seconds till 2019-08-09 02:52:59.877093, calculating best transition
2019-08-09 02:53:01,929	INFO -- Execution was added to the knowledge base with load: 18906.06637119131
2019-08-09 02:53:02,485	INFO -- No node could be shutdown for improvement, because all the resources are needed
2019-08-09 02:53:02,642	INFO -- Costs for all options: current= 0.5862729850769043, removal= inf, old_best= 0.5862729850769043
2019-08-09 02:53:02,643	INFO -- Update step finished: 2019-08-09 02:53:02.643214
2019-08-09 02:53:02,643	INFO -- Current scores
                 Not stable: 0
                 All nodes full: 0
                 Migration correct: 4 wrong: 0 chance blocked: 2
                 Node removal correct: 0 wrong: 0
                 Old state correct: 0 wrong: 0
2019-08-09 02:53:02,643	INFO -- Going to sleep for 240 seconds
2019-08-09 02:57:02,701	INFO -- Time for an update_step iteration! 2019-08-09 02:57:02.701509
2019-08-09 02:57:03,297	INFO -- Cluster was not stable, waiting for retry window (24 seconds) to try again
2019-08-09 02:57:27,919	INFO -- Cluster was not stable, waiting for retry window (24 seconds) to try again
2019-08-09 02:57:52,612	INFO -- Cluster was not stable, waiting for retry window (24 seconds) to try again
2019-08-09 02:58:17,215	INFO -- Cluster was not stable, waiting for retry window (24 seconds) to try again
2019-08-09 02:58:41,890	INFO -- Cluster was not stable, waiting for retry window (24 seconds) to try again
2019-08-09 02:59:06,530	INFO -- Cluster was not stable, waiting for retry window (24 seconds) to try again
2019-08-09 02:59:31,145	INFO -- Cluster was not stable, waiting for retry window (24 seconds) to try again
2019-08-09 02:59:55,763	INFO -- Cluster was not stable, waiting for retry window (24 seconds) to try again
2019-08-09 03:00:20,377	INFO -- Cluster was stable for 240 seconds till 2019-08-09 03:00:19.788959, calculating best transition
2019-08-09 03:00:20,970	INFO -- Execution was added to the knowledge base with load: 4269.122356572765
2019-08-09 03:00:22,109	INFO -- Costs for all options: current= 0.5862729850769043, removal= 0.502519709777832, old_best= 0.25125988388061526
2019-08-09 03:00:22,109	INFO -- Changing to old_best_execution found in time: 2019-08-09 02:23:32.209000
2019-08-09 03:00:22,449	INFO -- The old_best required stateful sets to be moved, so therefore was blocked
2019-08-09 03:00:23,366	INFO -- Costs for all options: current= 0.5862729850769043, removal= 0.502519709777832, old_best= 0.25125988388061526
2019-08-09 03:00:23,367	INFO -- Changing to old_best_execution found in time: 2019-08-09 02:11:21.045000
2019-08-09 03:00:23,720	INFO -- The old_best required stateful sets to be moved, so therefore was blocked
2019-08-09 03:00:24,464	INFO -- Costs for all options: current= 0.5862729850769043, removal= 0.502519709777832, old_best= 0.25125988388061526
2019-08-09 03:00:24,465	INFO -- Changing to old_best_execution found in time: 2019-08-09 02:32:12.879000
2019-08-09 03:00:24,823	INFO -- The old_best required stateful sets to be moved, so therefore was blocked
2019-08-09 03:00:25,425	INFO -- Costs for all options: current= 0.5862729850769043, removal= 0.502519709777832, old_best= 0.2512598838806152
2019-08-09 03:00:25,425	INFO -- Changing to old_best_execution found in time: 2019-08-09 02:27:34.429000
2019-08-09 03:00:25,717	INFO -- The old_best required stateful sets to be moved, so therefore was blocked
2019-08-09 03:00:26,083	INFO -- Costs for all options: current= 0.5862729850769043, removal= 0.502519709777832, old_best= 0.25125988388061526
2019-08-09 03:00:26,083	INFO -- Changing to old_best_execution found in time: 2019-08-09 02:18:04.333000
2019-08-09 03:00:26,338	INFO -- The old_best required stateful sets to be moved, so therefore was blocked
2019-08-09 03:00:26,690	INFO -- Costs for all options: current= 0.5862729850769043, removal= 0.502519709777832, old_best= 0.5862729850769044
2019-08-09 03:00:26,691	INFO -- Removing node: gke-demo-cluster-1-default-pool-6f471531-dbtt
2019-08-09 03:00:27,157	INFO -- Deleting node: gke-demo-cluster-1-default-pool-6f471531-dbtt
2019-08-09 03:00:28,571	INFO -- Deletion successful, node: gke-demo-cluster-1-default-pool-6f471531-dbtt
2019-08-09 03:00:28,572	INFO -- NODE_REMOVAL=gke-demo-cluster-1-default-pool-6f471531-dbtt
2019-08-09 03:00:28,573	INFO -- went correct
2019-08-09 03:00:28,574	INFO -- Update step finished: 2019-08-09 03:00:28.574223
2019-08-09 03:00:28,574	INFO -- Current scores
                 Not stable: 0
                 All nodes full: 0
                 Migration correct: 4 wrong: 0 chance blocked: 2
                 Node removal correct: 1 wrong: 0
                 Old state correct: 0 wrong: 0
2019-08-09 03:00:28,575	INFO -- Going to sleep for 240 seconds
2019-08-09 03:04:28,630	INFO -- Time for an update_step iteration! 2019-08-09 03:04:28.630322
2019-08-09 03:04:28,922	INFO -- Cluster was not stable, waiting for retry window (24 seconds) to try again
2019-08-09 03:04:53,513	INFO -- Cluster was stable for 240 seconds till 2019-08-09 03:04:52.926613, calculating best transition
2019-08-09 03:04:54,026	INFO -- Execution was added to the knowledge base with load: 4676.708213333333
2019-08-09 03:04:54,474	INFO -- Costs for all options: current= 0.502519709777832, removal= 0.4187664344787598, old_best= 0.502519709777832
2019-08-09 03:04:54,475	INFO -- Removing node: gke-demo-cluster-1-default-pool-6f471531-177s
2019-08-09 03:04:54,954	INFO -- Deleting node: gke-demo-cluster-1-default-pool-6f471531-177s
2019-08-09 03:04:55,959	INFO -- Deletion successful, node: gke-demo-cluster-1-default-pool-6f471531-177s
2019-08-09 03:04:55,960	INFO -- NODE_REMOVAL=gke-demo-cluster-1-default-pool-6f471531-177s
2019-08-09 03:04:55,961	INFO -- went correct
2019-08-09 03:04:55,961	INFO -- Update step finished: 2019-08-09 03:04:55.961783
2019-08-09 03:04:55,962	INFO -- Current scores
                 Not stable: 0
                 All nodes full: 0
                 Migration correct: 4 wrong: 0 chance blocked: 2
                 Node removal correct: 2 wrong: 0
                 Old state correct: 0 wrong: 0
2019-08-09 03:04:55,962	INFO -- Going to sleep for 240 seconds
2019-08-09 03:08:55,999	INFO -- Time for an update_step iteration! 2019-08-09 03:08:55.999185
2019-08-09 03:08:56,291	INFO -- Cluster was not stable, waiting for retry window (24 seconds) to try again
2019-08-09 03:09:20,602	INFO -- Cluster was not stable, waiting for retry window (24 seconds) to try again
2019-08-09 03:09:44,955	INFO -- Cluster was not stable, waiting for retry window (24 seconds) to try again
2019-08-09 03:10:09,255	INFO -- Cluster was not stable, waiting for retry window (24 seconds) to try again
2019-08-09 03:10:33,573	INFO -- Cluster was not stable, waiting for retry window (24 seconds) to try again
2019-08-09 03:10:58,208	INFO -- Cluster was stable for 240 seconds till 2019-08-09 03:10:57.593771, calculating best transition
2019-08-09 03:10:58,632	INFO -- Execution was added to the knowledge base with load: 4450.99908018037
2019-08-09 03:10:58,996	INFO -- Costs for all options: current= 0.3350131301879883, removal= 0.25125985488891606, old_best= 0.33501313018798834
2019-08-09 03:10:58,997	INFO -- Removing node: gke-demo-cluster-1-default-pool-6f471531-r8xc
2019-08-09 03:10:59,320	INFO -- moving: php-apache-5f657688bc-8hw6m to gke-demo-cluster-1-default-pool-6f471531-sxjh using deployment name: php-apache
2019-08-09 03:11:07,413	INFO -- pod php-apache-5f657688bc-8hw6m is deleted
2019-08-09 03:11:07,573	INFO -- Movement succeeded
2019-08-09 03:11:08,277	INFO -- Deleting node: gke-demo-cluster-1-default-pool-6f471531-r8xc
2019-08-09 03:11:09,312	INFO -- Deletion successful, node: gke-demo-cluster-1-default-pool-6f471531-r8xc
2019-08-09 03:11:09,313	INFO -- NODE_REMOVAL=gke-demo-cluster-1-default-pool-6f471531-r8xc
2019-08-09 03:11:09,314	INFO -- went correct
2019-08-09 03:11:09,315	INFO -- Update step finished: 2019-08-09 03:11:09.315006
2019-08-09 03:11:09,315	INFO -- Current scores
                 Not stable: 0
                 All nodes full: 0
                 Migration correct: 4 wrong: 0 chance blocked: 2
                 Node removal correct: 3 wrong: 0
                 Old state correct: 0 wrong: 0
2019-08-09 03:11:09,315	INFO -- Going to sleep for 240 seconds
2019-08-09 03:15:09,413	INFO -- Time for an update_step iteration! 2019-08-09 03:15:09.413237
2019-08-09 03:15:09,703	INFO -- Cluster was not stable, waiting for retry window (24 seconds) to try again
2019-08-09 03:15:34,291	INFO -- Cluster was not stable, waiting for retry window (24 seconds) to try again
2019-08-09 03:15:58,979	INFO -- Cluster was not stable, waiting for retry window (24 seconds) to try again
2019-08-09 03:16:23,295	INFO -- Cluster was not stable, waiting for retry window (24 seconds) to try again
2019-08-09 03:16:47,749	INFO -- Cluster was not stable, waiting for retry window (24 seconds) to try again
2019-08-09 03:17:12,079	INFO -- Cluster was not stable, waiting for retry window (24 seconds) to try again
2019-08-09 03:17:36,390	INFO -- Cluster was not stable, waiting for retry window (24 seconds) to try again
2019-08-09 03:18:00,741	INFO -- Cluster was not stable, waiting for retry window (24 seconds) to try again
2019-08-09 03:18:25,074	INFO -- Cluster was not stable, waiting for retry window (24 seconds) to try again
2019-08-09 03:18:49,467	INFO -- Cluster was not stable, waiting for retry window (24 seconds) to try again
2019-08-09 03:19:13,848	INFO -- Cluster was not stable, waiting for retry window (24 seconds) to try again
2019-08-09 03:19:38,243	INFO -- Cluster was not stable, waiting for retry window (24 seconds) to try again
2019-08-09 03:20:02,910	INFO -- Cluster was stable for 240 seconds till 2019-08-09 03:20:02.268761, calculating best transition
2019-08-09 03:20:03,366	INFO -- Execution was added to the knowledge base with load: 4531.546666666666
2019-08-09 03:20:04,012	INFO -- Costs for all options: current= 0.3350131301879883, removal= 0.25125985488891606, old_best= 0.3350131301879883
2019-08-09 03:20:04,013	INFO -- Removing node: gke-demo-cluster-1-default-pool-6f471531-dbtt
2019-08-09 03:20:04,537	INFO -- Deleting node: gke-demo-cluster-1-default-pool-6f471531-dbtt
2019-08-09 03:20:05,681	INFO -- Deletion successful, node: gke-demo-cluster-1-default-pool-6f471531-dbtt
2019-08-09 03:20:05,682	INFO -- NODE_REMOVAL=gke-demo-cluster-1-default-pool-6f471531-dbtt
2019-08-09 03:20:05,683	INFO -- went correct
2019-08-09 03:20:05,684	INFO -- Update step finished: 2019-08-09 03:20:05.684518
2019-08-09 03:20:05,685	INFO -- Current scores
                 Not stable: 0
                 All nodes full: 0
                 Migration correct: 4 wrong: 0 chance blocked: 2
                 Node removal correct: 4 wrong: 0
                 Old state correct: 0 wrong: 0
2019-08-09 03:20:05,685	INFO -- Going to sleep for 240 seconds
2019-08-09 03:24:05,786	INFO -- Time for an update_step iteration! 2019-08-09 03:24:05.785969
2019-08-09 03:24:06,425	INFO -- Cluster was stable for 240 seconds till 2019-08-09 03:24:05.786736, calculating best transition
2019-08-09 03:24:06,849	INFO -- Execution was added to the knowledge base with load: 4638.115555555556
2019-08-09 03:24:07,531	INFO -- Costs for all options: current= 0.3350131301879883, removal= 0.25125985488891606, old_best= 0.3350131301879883
2019-08-09 03:24:07,532	INFO -- Removing node: gke-demo-cluster-1-default-pool-6f471531-r8xc
2019-08-09 03:24:07,992	INFO -- Deleting node: gke-demo-cluster-1-default-pool-6f471531-r8xc
2019-08-09 03:24:09,520	INFO -- Deletion successful, node: gke-demo-cluster-1-default-pool-6f471531-r8xc
2019-08-09 03:24:09,522	INFO -- NODE_REMOVAL=gke-demo-cluster-1-default-pool-6f471531-r8xc
2019-08-09 03:24:09,523	INFO -- went correct
2019-08-09 03:24:09,523	INFO -- Update step finished: 2019-08-09 03:24:09.523622
2019-08-09 03:24:09,524	INFO -- Current scores
                 Not stable: 0
                 All nodes full: 0
                 Migration correct: 4 wrong: 0 chance blocked: 2
                 Node removal correct: 5 wrong: 0
                 Old state correct: 0 wrong: 0
2019-08-09 03:24:09,524	INFO -- Going to sleep for 240 seconds
2019-08-09 03:28:09,621	INFO -- Time for an update_step iteration! 2019-08-09 03:28:09.621144
2019-08-09 03:28:09,947	INFO -- Cluster was not stable, waiting for retry window (24 seconds) to try again
2019-08-09 03:28:34,568	INFO -- Cluster was stable for 240 seconds till 2019-08-09 03:28:33.972332, calculating best transition
2019-08-09 03:28:35,025	INFO -- Execution was added to the knowledge base with load: 4647.297777777778
2019-08-09 03:28:35,288	INFO -- No node could be shutdown for improvement, because all nodes have a statefull set
2019-08-09 03:28:35,431	INFO -- Costs for all options: current= 0.25125985488891606, removal= inf, old_best= 0.251259854888916
2019-08-09 03:28:35,432	INFO -- Update step finished: 2019-08-09 03:28:35.432179
2019-08-09 03:28:35,432	INFO -- Current scores
                 Not stable: 0
                 All nodes full: 0
                 Migration correct: 4 wrong: 0 chance blocked: 3
                 Node removal correct: 5 wrong: 0
                 Old state correct: 0 wrong: 0
2019-08-09 03:28:35,433	INFO -- Going to sleep for 240 seconds
2019-08-09 03:32:35,533	INFO -- Time for an update_step iteration! 2019-08-09 03:32:35.533897
2019-08-09 03:32:36,123	INFO -- Cluster was stable for 240 seconds till 2019-08-09 03:32:35.534673, calculating best transition
2019-08-09 03:32:36,583	INFO -- Execution was added to the knowledge base with load: 4571.591111111111
2019-08-09 03:32:36,912	INFO -- No node could be shutdown for improvement, because all nodes have a statefull set
2019-08-09 03:32:37,064	INFO -- Costs for all options: current= 0.25125985488891606, removal= inf, old_best= 0.251259854888916
2019-08-09 03:32:37,065	INFO -- Staying with current execution, but randomly changing one random pod
2019-08-09 03:32:37,720	INFO -- moving: php-apache-5f657688bc-5bbxr to gke-demo-cluster-1-default-pool-6f471531-sxjh using deployment name: php-apache
2019-08-09 03:32:45,826	INFO -- pod php-apache-5f657688bc-5bbxr is deleted
2019-08-09 03:32:46,119	INFO -- Movement succeeded
2019-08-09 03:32:46,852	INFO -- went correct
2019-08-09 03:32:46,853	INFO -- Update step finished: 2019-08-09 03:32:46.853225
2019-08-09 03:32:46,853	INFO -- Current scores
                 Not stable: 0
                 All nodes full: 0
                 Migration correct: 5 wrong: 0 chance blocked: 3
                 Node removal correct: 5 wrong: 0
                 Old state correct: 0 wrong: 0
2019-08-09 03:32:46,853	INFO -- Going to sleep for 240 seconds
2019-08-09 03:36:46,953	INFO -- Time for an update_step iteration! 2019-08-09 03:36:46.953199
2019-08-09 03:36:47,256	INFO -- Cluster was not stable, waiting for retry window (24 seconds) to try again
2019-08-09 03:37:11,668	INFO -- Cluster was not stable, waiting for retry window (24 seconds) to try again
2019-08-09 03:37:35,988	INFO -- Cluster was not stable, waiting for retry window (24 seconds) to try again
2019-08-09 03:38:00,375	INFO -- Cluster was not stable, waiting for retry window (24 seconds) to try again
2019-08-09 03:38:24,715	INFO -- Cluster was not stable, waiting for retry window (24 seconds) to try again
2019-08-09 03:38:49,029	INFO -- Cluster was not stable, waiting for retry window (24 seconds) to try again
2019-08-09 03:39:13,348	INFO -- Cluster was not stable, waiting for retry window (24 seconds) to try again
2019-08-09 03:39:37,664	INFO -- Cluster was not stable, waiting for retry window (24 seconds) to try again
2019-08-09 03:40:01,979	INFO -- Cluster was not stable, waiting for retry window (24 seconds) to try again
2019-08-09 03:40:26,307	INFO -- Cluster was not stable, waiting for retry window (24 seconds) to try again
2019-08-09 03:40:50,633	INFO -- Cluster was not stable, waiting for retry window (24 seconds) to try again
2019-08-09 03:41:15,003	INFO -- Cluster was not stable, waiting for retry window (24 seconds) to try again
2019-08-09 03:41:39,730	INFO -- Cluster was not stable, waiting for retry window (24 seconds) to try again
2019-08-09 03:42:04,448	INFO -- Cluster was not stable, waiting for retry window (24 seconds) to try again
2019-08-09 03:42:29,099	INFO -- Cluster was not stable, waiting for retry window (24 seconds) to try again
2019-08-09 03:42:53,797	INFO -- Cluster was not stable, waiting for retry window (24 seconds) to try again
2019-08-09 03:43:18,550	INFO -- Cluster was not stable, waiting for retry window (24 seconds) to try again
2019-08-09 03:43:43,366	INFO -- Cluster was not stable, waiting for retry window (24 seconds) to try again
2019-08-09 03:44:08,116	INFO -- Cluster was not stable, waiting for retry window (24 seconds) to try again
2019-08-09 03:44:32,936	INFO -- Cluster was not stable, waiting for retry window (24 seconds) to try again
2019-08-09 03:44:57,801	INFO -- Cluster was not stable, waiting for retry window (24 seconds) to try again
2019-08-09 03:45:22,241	INFO -- Cluster was not stable, waiting for retry window (24 seconds) to try again
2019-08-09 03:45:46,925	INFO -- Cluster was not stable, waiting for retry window (24 seconds) to try again
2019-08-09 03:46:11,477	INFO -- Cluster was not stable, waiting for retry window (24 seconds) to try again
2019-08-09 03:46:36,027	INFO -- Cluster was not stable, waiting for retry window (24 seconds) to try again
2019-08-09 03:47:00,495	INFO -- Cluster was not stable, waiting for retry window (24 seconds) to try again
2019-08-09 03:47:24,949	INFO -- Cluster was not stable, waiting for retry window (24 seconds) to try again
2019-08-09 03:47:49,367	INFO -- Cluster was not stable, waiting for retry window (24 seconds) to try again
2019-08-09 03:48:13,694	INFO -- Cluster was not stable, waiting for retry window (24 seconds) to try again
2019-08-09 03:48:38,026	INFO -- Cluster was not stable, waiting for retry window (24 seconds) to try again
2019-08-09 03:49:02,379	INFO -- Cluster was not stable, waiting for retry window (24 seconds) to try again
2019-08-09 03:49:26,719	INFO -- Cluster was not stable, waiting for retry window (24 seconds) to try again
2019-08-09 03:49:51,471	INFO -- Cluster was stable for 240 seconds till 2019-08-09 03:49:50.733414, calculating best transition
2019-08-09 03:49:52,239	INFO -- Execution was added to the knowledge base with load: 16267.81063112583
2019-08-09 03:49:52,975	INFO -- Costs for all options: current= 0.5862730430603028, removal= 0.5025197677612305, old_best= 0.5862730430603028
2019-08-09 03:49:52,975	INFO -- Removing node: gke-demo-cluster-1-default-pool-6f471531-fj5p
2019-08-09 03:49:53,713	INFO -- Deleting pod: php-apache-5f657688bc-md5s8
2019-08-09 03:52:31,344	INFO -- went wrong: <class 'kubernetes_tools.migrate_pod.VerificationTookTooLongException'>
2019-08-09 03:52:31,345	INFO -- Update step finished: 2019-08-09 03:52:31.345113
2019-08-09 03:52:31,345	INFO -- Current scores
                 Not stable: 0
                 All nodes full: 0
                 Migration correct: 5 wrong: 0 chance blocked: 3
                 Node removal correct: 5 wrong: 1
                 Old state correct: 0 wrong: 0
2019-08-09 03:52:31,346	INFO -- Going to sleep for 240 seconds
2019-08-09 03:56:31,422	INFO -- Time for an update_step iteration! 2019-08-09 03:56:31.422218
2019-08-09 03:56:32,045	INFO -- Cluster was not stable, waiting for retry window (24 seconds) to try again
2019-08-09 03:56:56,671	INFO -- Cluster was not stable, waiting for retry window (24 seconds) to try again
2019-08-09 03:57:21,279	INFO -- Cluster was not stable, waiting for retry window (24 seconds) to try again
2019-08-09 03:57:46,000	INFO -- Cluster was not stable, waiting for retry window (24 seconds) to try again
2019-08-09 03:58:10,618	INFO -- Cluster was not stable, waiting for retry window (24 seconds) to try again
2019-08-09 03:58:35,305	INFO -- Cluster was not stable, waiting for retry window (24 seconds) to try again
2019-08-09 03:58:59,971	INFO -- Cluster was not stable, waiting for retry window (24 seconds) to try again
2019-08-09 03:59:24,640	INFO -- Cluster was not stable, waiting for retry window (24 seconds) to try again
2019-08-09 03:59:49,264	INFO -- Cluster was not stable, waiting for retry window (24 seconds) to try again
2019-08-09 04:00:13,904	INFO -- Cluster was not stable, waiting for retry window (24 seconds) to try again
2019-08-09 04:00:38,529	INFO -- Cluster was not stable, waiting for retry window (24 seconds) to try again
2019-08-09 04:01:03,254	INFO -- Cluster was not stable, waiting for retry window (24 seconds) to try again
2019-08-09 04:01:27,911	INFO -- Cluster was stable for 240 seconds till 2019-08-09 04:01:27.279167, calculating best transition
2019-08-09 04:01:29,030	INFO -- Execution was added to the knowledge base with load: 4027.8849581030045
2019-08-09 04:01:29,571	INFO -- Costs for all options: current= 0.5862730430603028, removal= 0.5025197677612305, old_best= 0.5862729850769044
2019-08-09 04:01:29,571	INFO -- Removing node: gke-demo-cluster-1-default-pool-6f471531-fj5p
2019-08-09 04:01:30,168	INFO -- Deleting node: gke-demo-cluster-1-default-pool-6f471531-fj5p
2019-08-09 04:01:31,589	INFO -- Deletion successful, node: gke-demo-cluster-1-default-pool-6f471531-fj5p
2019-08-09 04:01:31,590	INFO -- NODE_REMOVAL=gke-demo-cluster-1-default-pool-6f471531-fj5p
2019-08-09 04:01:31,591	INFO -- went correct
2019-08-09 04:01:31,592	INFO -- Update step finished: 2019-08-09 04:01:31.592128
2019-08-09 04:01:31,592	INFO -- Current scores
                 Not stable: 0
                 All nodes full: 0
                 Migration correct: 5 wrong: 0 chance blocked: 3
                 Node removal correct: 6 wrong: 1
                 Old state correct: 0 wrong: 0
2019-08-09 04:01:31,592	INFO -- Going to sleep for 240 seconds
2019-08-09 04:05:31,693	INFO -- Time for an update_step iteration! 2019-08-09 04:05:31.693375
2019-08-09 04:05:31,990	INFO -- Cluster was not stable, waiting for retry window (24 seconds) to try again
2019-08-09 04:05:56,297	INFO -- Cluster was not stable, waiting for retry window (24 seconds) to try again
2019-08-09 04:06:20,618	INFO -- Cluster was not stable, waiting for retry window (24 seconds) to try again
2019-08-09 04:06:44,936	INFO -- Cluster was not stable, waiting for retry window (24 seconds) to try again
2019-08-09 04:07:09,257	INFO -- Cluster was not stable, waiting for retry window (24 seconds) to try again
2019-08-09 04:07:33,557	INFO -- Cluster was not stable, waiting for retry window (24 seconds) to try again
2019-08-09 04:07:57,930	INFO -- Cluster was not stable, waiting for retry window (24 seconds) to try again
2019-08-09 04:08:22,272	INFO -- Cluster was not stable, waiting for retry window (24 seconds) to try again
2019-08-09 04:08:46,625	INFO -- Cluster was not stable, waiting for retry window (24 seconds) to try again
2019-08-09 04:09:10,954	INFO -- Cluster was not stable, waiting for retry window (24 seconds) to try again
2019-08-09 04:09:35,336	INFO -- Cluster was not stable, waiting for retry window (24 seconds) to try again
2019-08-09 04:09:59,668	INFO -- Cluster was not stable, waiting for retry window (24 seconds) to try again
2019-08-09 04:10:23,990	INFO -- Cluster was not stable, waiting for retry window (24 seconds) to try again
2019-08-09 04:10:48,639	INFO -- Cluster was stable for 240 seconds till 2019-08-09 04:10:48.016079, calculating best transition
2019-08-09 04:10:49,140	INFO -- Execution was added to the knowledge base with load: 4663.795148685344
2019-08-09 04:10:49,463	INFO -- No node could be shutdown for improvement, because all nodes have a statefull set
2019-08-09 04:10:49,603	INFO -- Costs for all options: current= 0.33501318817138676, removal= inf, old_best= 0.251259854888916
2019-08-09 04:10:49,604	INFO -- Changing to old_best_execution found in time: 2019-08-09 03:28:35.534000
2019-08-09 04:10:49,864	INFO -- The old_best required stateful sets to be moved, so therefore was blocked
2019-08-09 04:10:50,100	INFO -- No node could be shutdown for improvement, because all nodes have a statefull set
2019-08-09 04:10:50,263	INFO -- Costs for all options: current= 0.33501318817138676, removal= inf, old_best= 0.251259854888916
2019-08-09 04:10:50,264	INFO -- Changing to old_best_execution found in time: 2019-08-09 03:24:33.972000
2019-08-09 04:10:50,540	INFO -- The old_best required stateful sets to be moved, so therefore was blocked
2019-08-09 04:10:50,776	INFO -- No node could be shutdown for improvement, because all nodes have a statefull set
2019-08-09 04:10:51,279	INFO -- Costs for all options: current= 0.33501318817138676, removal= inf, old_best= 0.3350131301879883
2019-08-09 04:10:51,280	INFO -- Staying with current execution, but randomly changing one random pod
2019-08-09 04:10:51,927	INFO -- moving: php-apache-5f657688bc-6ctwx to gke-demo-cluster-1-default-pool-6f471531-sxjh using deployment name: php-apache
2019-08-09 04:11:02,737	INFO -- pod php-apache-5f657688bc-6ctwx is deleted
2019-08-09 04:11:02,952	INFO -- Movement succeeded
2019-08-09 04:11:03,700	INFO -- went correct
2019-08-09 04:11:03,701	INFO -- Update step finished: 2019-08-09 04:11:03.701073
2019-08-09 04:11:03,701	INFO -- Current scores
                 Not stable: 0
                 All nodes full: 0
                 Migration correct: 6 wrong: 0 chance blocked: 3
                 Node removal correct: 6 wrong: 1
                 Old state correct: 0 wrong: 0
2019-08-09 04:11:03,701	INFO -- Going to sleep for 240 seconds
2019-08-09 04:15:03,789	INFO -- Time for an update_step iteration! 2019-08-09 04:15:03.789388
2019-08-09 04:15:04,436	INFO -- Cluster was not stable, waiting for retry window (24 seconds) to try again
2019-08-09 04:15:29,046	INFO -- Cluster was stable for 240 seconds till 2019-08-09 04:15:28.461227, calculating best transition
2019-08-09 04:15:29,616	INFO -- Execution was added to the knowledge base with load: 4549.664002196063
2019-08-09 04:15:29,986	INFO -- No node could be shutdown for improvement, because all nodes have a statefull set
2019-08-09 04:15:30,467	INFO -- Costs for all options: current= 0.33501318817138676, removal= inf, old_best= 0.3350131301879883
2019-08-09 04:15:30,468	INFO -- Update step finished: 2019-08-09 04:15:30.468273
2019-08-09 04:15:30,468	INFO -- Current scores
                 Not stable: 0
                 All nodes full: 0
                 Migration correct: 6 wrong: 0 chance blocked: 4
                 Node removal correct: 6 wrong: 1
                 Old state correct: 0 wrong: 0
2019-08-09 04:15:30,468	INFO -- Going to sleep for 240 seconds
2019-08-09 04:19:30,569	INFO -- Time for an update_step iteration! 2019-08-09 04:19:30.569344
2019-08-09 04:19:30,875	INFO -- Cluster was not stable, waiting for retry window (24 seconds) to try again
2019-08-09 04:19:55,175	INFO -- Cluster was not stable, waiting for retry window (24 seconds) to try again
2019-08-09 04:20:19,535	INFO -- Cluster was not stable, waiting for retry window (24 seconds) to try again
2019-08-09 04:20:44,174	INFO -- Cluster was not stable, waiting for retry window (24 seconds) to try again
2019-08-09 04:21:08,780	INFO -- Cluster was stable for 240 seconds till 2019-08-09 04:21:08.188081, calculating best transition
2019-08-09 04:21:09,344	INFO -- Execution was added to the knowledge base with load: 4589.084444444445
2019-08-09 04:21:10,104	INFO -- Costs for all options: current= 0.41876649246215825, removal= 0.33501318817138676, old_best= 0.3350131301879883
2019-08-09 04:21:10,104	INFO -- Removing node: gke-demo-cluster-1-default-pool-6f471531-fj5p
2019-08-09 04:21:10,688	INFO -- Deleting node: gke-demo-cluster-1-default-pool-6f471531-fj5p
2019-08-09 04:21:12,012	INFO -- Deletion successful, node: gke-demo-cluster-1-default-pool-6f471531-fj5p
2019-08-09 04:21:12,013	INFO -- NODE_REMOVAL=gke-demo-cluster-1-default-pool-6f471531-fj5p
2019-08-09 04:21:12,013	INFO -- went correct
2019-08-09 04:21:12,013	INFO -- Update step finished: 2019-08-09 04:21:12.013873
2019-08-09 04:21:12,014	INFO -- Current scores
                 Not stable: 0
                 All nodes full: 0
                 Migration correct: 6 wrong: 0 chance blocked: 4
                 Node removal correct: 7 wrong: 1
                 Old state correct: 0 wrong: 0
2019-08-09 04:21:12,014	INFO -- Going to sleep for 240 seconds
2019-08-09 04:25:12,114	INFO -- Time for an update_step iteration! 2019-08-09 04:25:12.114496
2019-08-09 04:25:12,418	INFO -- Cluster was not stable, waiting for retry window (24 seconds) to try again
2019-08-09 04:25:37,028	INFO -- Cluster was stable for 240 seconds till 2019-08-09 04:25:36.443300, calculating best transition
2019-08-09 04:25:37,555	INFO -- Execution was added to the knowledge base with load: 4537.360000000001
2019-08-09 04:25:37,966	INFO -- No node could be shutdown for improvement, because all nodes have a statefull set
2019-08-09 04:25:38,414	INFO -- Costs for all options: current= 0.33501318817138676, removal= inf, old_best= 0.3350131301879883
2019-08-09 04:25:38,414	INFO -- Update step finished: 2019-08-09 04:25:38.414803
2019-08-09 04:25:38,415	INFO -- Current scores
                 Not stable: 0
                 All nodes full: 0
                 Migration correct: 6 wrong: 0 chance blocked: 5
                 Node removal correct: 7 wrong: 1
                 Old state correct: 0 wrong: 0
2019-08-09 04:25:38,415	INFO -- Going to sleep for 240 seconds
2019-08-09 04:29:38,515	INFO -- Time for an update_step iteration! 2019-08-09 04:29:38.515875
2019-08-09 04:29:39,141	INFO -- Cluster was stable for 240 seconds till 2019-08-09 04:29:38.516638, calculating best transition
2019-08-09 04:29:39,713	INFO -- Execution was added to the knowledge base with load: 4694.59233815854
2019-08-09 04:29:40,128	INFO -- No node could be shutdown for improvement, because all nodes have a statefull set
2019-08-09 04:29:40,563	INFO -- Costs for all options: current= 0.33501318817138676, removal= inf, old_best= 0.3350131301879883
2019-08-09 04:29:40,564	INFO -- Update step finished: 2019-08-09 04:29:40.564749
2019-08-09 04:29:40,565	INFO -- Current scores
                 Not stable: 0
                 All nodes full: 0
                 Migration correct: 6 wrong: 0 chance blocked: 6
                 Node removal correct: 7 wrong: 1
                 Old state correct: 0 wrong: 0
2019-08-09 04:29:40,565	INFO -- Going to sleep for 240 seconds
2019-08-09 04:33:40,625	INFO -- Time for an update_step iteration! 2019-08-09 04:33:40.625354
2019-08-09 04:33:41,238	INFO -- Cluster was stable for 240 seconds till 2019-08-09 04:33:40.626159, calculating best transition
2019-08-09 04:33:41,834	INFO -- Execution was added to the knowledge base with load: 4608.373333333334
2019-08-09 04:33:42,222	INFO -- No node could be shutdown for improvement, because all nodes have a statefull set
2019-08-09 04:33:42,640	INFO -- Costs for all options: current= 0.33501318817138676, removal= inf, old_best= 0.3350131301879883
2019-08-09 04:33:42,641	INFO -- Update step finished: 2019-08-09 04:33:42.641819
2019-08-09 04:33:42,642	INFO -- Current scores
                 Not stable: 0
                 All nodes full: 0
                 Migration correct: 6 wrong: 0 chance blocked: 7
                 Node removal correct: 7 wrong: 1
                 Old state correct: 0 wrong: 0
2019-08-09 04:33:42,643	INFO -- Going to sleep for 240 seconds
2019-08-09 04:37:42,744	INFO -- Time for an update_step iteration! 2019-08-09 04:37:42.743931
2019-08-09 04:37:43,043	INFO -- Cluster was not stable, waiting for retry window (24 seconds) to try again
2019-08-09 04:38:07,361	INFO -- Cluster was not stable, waiting for retry window (24 seconds) to try again
2019-08-09 04:38:31,690	INFO -- Cluster was not stable, waiting for retry window (24 seconds) to try again
2019-08-09 04:38:56,361	INFO -- Cluster was stable for 240 seconds till 2019-08-09 04:38:55.715059, calculating best transition
2019-08-09 04:38:56,988	INFO -- Execution was added to the knowledge base with load: 4727.093333333333
2019-08-09 04:38:57,827	INFO -- Costs for all options: current= 0.41876649246215825, removal= 0.33501318817138676, old_best= 0.3350131301879883
2019-08-09 04:38:57,828	INFO -- Removing node: gke-demo-cluster-1-default-pool-6f471531-fj5p
2019-08-09 04:38:58,457	INFO -- Deleting node: gke-demo-cluster-1-default-pool-6f471531-fj5p
2019-08-09 04:38:59,775	INFO -- Deletion successful, node: gke-demo-cluster-1-default-pool-6f471531-fj5p
2019-08-09 04:38:59,776	INFO -- NODE_REMOVAL=gke-demo-cluster-1-default-pool-6f471531-fj5p
2019-08-09 04:38:59,777	INFO -- went correct
2019-08-09 04:38:59,778	INFO -- Update step finished: 2019-08-09 04:38:59.778089
2019-08-09 04:38:59,778	INFO -- Current scores
                 Not stable: 0
                 All nodes full: 0
                 Migration correct: 6 wrong: 0 chance blocked: 7
                 Node removal correct: 8 wrong: 1
                 Old state correct: 0 wrong: 0
2019-08-09 04:38:59,778	INFO -- Going to sleep for 240 seconds
2019-08-09 04:42:59,788	INFO -- Time for an update_step iteration! 2019-08-09 04:42:59.787924
2019-08-09 04:43:00,173	INFO -- Cluster was not stable, waiting for retry window (24 seconds) to try again
2019-08-09 04:43:24,890	INFO -- Cluster was not stable, waiting for retry window (24 seconds) to try again
2019-08-09 04:43:49,539	INFO -- Cluster was not stable, waiting for retry window (24 seconds) to try again
2019-08-09 04:44:14,097	INFO -- Cluster was not stable, waiting for retry window (24 seconds) to try again
2019-08-09 04:44:38,795	INFO -- Cluster was not stable, waiting for retry window (24 seconds) to try again
2019-08-09 04:45:03,480	INFO -- Cluster was not stable, waiting for retry window (24 seconds) to try again
2019-08-09 04:45:27,980	INFO -- Cluster was not stable, waiting for retry window (24 seconds) to try again
2019-08-09 04:45:52,448	INFO -- Cluster was not stable, waiting for retry window (24 seconds) to try again
2019-08-09 04:46:17,130	INFO -- Cluster was not stable, waiting for retry window (24 seconds) to try again
2019-08-09 04:46:41,624	INFO -- Cluster was not stable, waiting for retry window (24 seconds) to try again
2019-08-09 04:47:06,132	INFO -- Cluster was not stable, waiting for retry window (24 seconds) to try again
2019-08-09 04:47:30,653	INFO -- Cluster was not stable, waiting for retry window (24 seconds) to try again
2019-08-09 04:47:55,321	INFO -- Cluster was not stable, waiting for retry window (24 seconds) to try again
2019-08-09 04:48:20,076	INFO -- Cluster was not stable, waiting for retry window (24 seconds) to try again
2019-08-09 04:48:44,618	INFO -- Cluster was not stable, waiting for retry window (24 seconds) to try again
2019-08-09 04:49:09,102	INFO -- Cluster was not stable, waiting for retry window (24 seconds) to try again
2019-08-09 04:49:33,429	INFO -- Cluster was not stable, waiting for retry window (24 seconds) to try again
2019-08-09 04:49:57,786	INFO -- Cluster was not stable, waiting for retry window (24 seconds) to try again
2019-08-09 04:50:22,187	INFO -- Cluster was not stable, waiting for retry window (24 seconds) to try again
2019-08-09 04:50:46,525	INFO -- Cluster was not stable, waiting for retry window (24 seconds) to try again
2019-08-09 04:51:10,843	INFO -- Cluster was not stable, waiting for retry window (24 seconds) to try again
2019-08-09 04:51:35,181	INFO -- Cluster was not stable, waiting for retry window (24 seconds) to try again
2019-08-09 04:51:59,509	INFO -- Cluster was not stable, waiting for retry window (24 seconds) to try again
2019-08-09 04:52:23,816	INFO -- Cluster was not stable, waiting for retry window (24 seconds) to try again
2019-08-09 04:52:48,119	INFO -- Cluster was not stable, waiting for retry window (24 seconds) to try again
2019-08-09 04:53:12,417	INFO -- Cluster was not stable, waiting for retry window (24 seconds) to try again
2019-08-09 04:53:36,727	INFO -- Cluster was not stable, waiting for retry window (24 seconds) to try again
2019-08-09 04:54:01,039	INFO -- Cluster was not stable, waiting for retry window (24 seconds) to try again
2019-08-09 04:54:25,345	INFO -- Cluster was not stable, waiting for retry window (24 seconds) to try again
2019-08-09 04:54:49,701	INFO -- Cluster was not stable, waiting for retry window (24 seconds) to try again
2019-08-09 04:55:14,316	INFO -- Cluster was not stable, waiting for retry window (24 seconds) to try again
2019-08-09 04:55:38,936	INFO -- Cluster was not stable, waiting for retry window (24 seconds) to try again
2019-08-09 04:56:03,559	INFO -- Cluster was not stable, waiting for retry window (24 seconds) to try again
2019-08-09 04:56:28,251	INFO -- Cluster was not stable, waiting for retry window (24 seconds) to try again
2019-08-09 04:56:52,861	INFO -- Cluster was not stable, waiting for retry window (24 seconds) to try again
2019-08-09 04:57:17,484	INFO -- Cluster was not stable, waiting for retry window (24 seconds) to try again
2019-08-09 04:57:42,091	INFO -- Cluster was not stable, waiting for retry window (24 seconds) to try again
2019-08-09 04:58:06,716	INFO -- Cluster was not stable, waiting for retry window (24 seconds) to try again
2019-08-09 04:58:31,323	INFO -- Cluster was not stable, waiting for retry window (24 seconds) to try again
2019-08-09 04:58:55,947	INFO -- Cluster was not stable, waiting for retry window (24 seconds) to try again
2019-08-09 04:59:20,513	INFO -- Cluster was not stable, waiting for retry window (24 seconds) to try again
2019-08-09 04:59:45,148	INFO -- Cluster was not stable, waiting for retry window (24 seconds) to try again
2019-08-09 05:00:09,941	INFO -- Cluster was not stable, waiting for retry window (24 seconds) to try again
2019-08-09 05:00:34,628	INFO -- Cluster was not stable, waiting for retry window (24 seconds) to try again
2019-08-09 05:00:59,238	INFO -- Cluster was not stable, waiting for retry window (24 seconds) to try again
2019-08-09 05:01:23,859	INFO -- Cluster was not stable, waiting for retry window (24 seconds) to try again
2019-08-09 05:01:48,491	INFO -- Cluster was stable for 240 seconds till 2019-08-09 05:01:47.884713, calculating best transition
2019-08-09 05:01:49,596	INFO -- Execution was added to the knowledge base with load: 4427.898379787098
2019-08-09 05:01:50,489	INFO -- Costs for all options: current= 0.5862730430603028, removal= 0.5025197387695313, old_best= 0.3350131301879883
2019-08-09 05:01:50,490	INFO -- Changing to old_best_execution found in time: 2019-08-09 03:16:02.268000
2019-08-09 05:01:50,889	INFO -- The old_best required stateful sets to be moved, so therefore was blocked
2019-08-09 05:01:51,533	INFO -- Costs for all options: current= 0.5862730430603028, removal= 0.5025197387695313, old_best= 0.33501313018798834
2019-08-09 05:01:51,534	INFO -- Changing to old_best_execution found in time: 2019-08-09 03:20:05.786000
2019-08-09 05:01:51,978	INFO -- The old_best required stateful sets to be moved, so therefore was blocked
2019-08-09 05:01:52,423	INFO -- Costs for all options: current= 0.5862730430603028, removal= 0.5025197387695313, old_best= 0.33501313018798834
2019-08-09 05:01:52,424	INFO -- Changing to old_best_execution found in time: 2019-08-09 03:06:57.593000
2019-08-09 05:01:52,773	INFO -- The old_best required stateful sets to be moved, so therefore was blocked
2019-08-09 05:01:53,821	INFO -- Costs for all options: current= 0.5862730430603028, removal= 0.5025197387695313, old_best= 0.3350131881713867
2019-08-09 05:01:53,822	INFO -- Changing to old_best_execution found in time: 2019-08-09 04:25:38.516000
2019-08-09 05:01:54,144	INFO -- The old_best required stateful sets to be moved, so therefore was blocked
2019-08-09 05:01:55,118	INFO -- Costs for all options: current= 0.5862730430603028, removal= 0.5025197387695313, old_best= 0.33501318817138676
2019-08-09 05:01:55,119	INFO -- Changing to old_best_execution found in time: 2019-08-09 04:29:40.626000
2019-08-09 05:01:55,466	INFO -- The old_best required stateful sets to be moved, so therefore was blocked
2019-08-09 05:01:56,239	INFO -- Costs for all options: current= 0.5862730430603028, removal= 0.5025197387695313, old_best= 0.33501318817138676
2019-08-09 05:01:56,240	INFO -- Changing to old_best_execution found in time: 2019-08-09 04:11:28.461000
2019-08-09 05:01:56,491	INFO -- The old_best required stateful sets to be moved, so therefore was blocked
2019-08-09 05:01:57,053	INFO -- Costs for all options: current= 0.5862730430603028, removal= 0.5025197387695313, old_best= 0.33501318817138676
2019-08-09 05:01:57,054	INFO -- Changing to old_best_execution found in time: 2019-08-09 04:21:36.443000
2019-08-09 05:01:57,276	INFO -- The old_best required stateful sets to be moved, so therefore was blocked
2019-08-09 05:01:57,635	INFO -- Costs for all options: current= 0.5862730430603028, removal= 0.5025197387695313, old_best= 0.33501318817138676
2019-08-09 05:01:57,636	INFO -- Changing to old_best_execution found in time: 2019-08-09 04:06:48.016000
2019-08-09 05:01:57,871	INFO -- The old_best required stateful sets to be moved, so therefore was blocked
2019-08-09 05:01:58,397	INFO -- Costs for all options: current= 0.5862730430603028, removal= 0.5025197387695313, old_best= 0.41876649246215825
2019-08-09 05:01:58,397	INFO -- Changing to old_best_execution found in time: 2019-08-09 04:34:55.715000
2019-08-09 05:01:58,682	INFO -- The old_best required stateful sets to be moved, so therefore was blocked
2019-08-09 05:01:59,043	INFO -- Costs for all options: current= 0.5862730430603028, removal= 0.5025197387695313, old_best= 0.41876649246215825
2019-08-09 05:01:59,044	INFO -- Changing to old_best_execution found in time: 2019-08-09 04:17:08.188000
2019-08-09 05:01:59,277	INFO -- The old_best required stateful sets to be moved, so therefore was blocked
2019-08-09 05:01:59,648	INFO -- Costs for all options: current= 0.5862730430603028, removal= 0.5025197387695313, old_best= 0.502519709777832
2019-08-09 05:01:59,648	INFO -- Removing node: gke-demo-cluster-1-default-pool-6f471531-fj5p
2019-08-09 05:02:00,114	INFO -- Deleting node: gke-demo-cluster-1-default-pool-6f471531-fj5p
2019-08-09 05:02:01,545	INFO -- Deletion successful, node: gke-demo-cluster-1-default-pool-6f471531-fj5p
2019-08-09 05:02:01,546	INFO -- NODE_REMOVAL=gke-demo-cluster-1-default-pool-6f471531-fj5p
2019-08-09 05:02:01,547	INFO -- went correct
2019-08-09 05:02:01,547	INFO -- Update step finished: 2019-08-09 05:02:01.547641
2019-08-09 05:02:01,548	INFO -- Current scores
                 Not stable: 0
                 All nodes full: 0
                 Migration correct: 6 wrong: 0 chance blocked: 7
                 Node removal correct: 9 wrong: 1
                 Old state correct: 0 wrong: 0
2019-08-09 05:02:01,548	INFO -- Going to sleep for 240 seconds
2019-08-09 05:06:01,648	INFO -- Time for an update_step iteration! 2019-08-09 05:06:01.648769
2019-08-09 05:06:01,952	INFO -- Cluster was not stable, waiting for retry window (24 seconds) to try again
2019-08-09 05:06:26,274	INFO -- Cluster was not stable, waiting for retry window (24 seconds) to try again
2019-08-09 05:06:50,589	INFO -- Cluster was not stable, waiting for retry window (24 seconds) to try again
2019-08-09 05:07:14,936	INFO -- Cluster was not stable, waiting for retry window (24 seconds) to try again
2019-08-09 05:07:39,288	INFO -- Cluster was not stable, waiting for retry window (24 seconds) to try again
2019-08-09 05:08:03,633	INFO -- Cluster was not stable, waiting for retry window (24 seconds) to try again
2019-08-09 05:08:27,952	INFO -- Cluster was not stable, waiting for retry window (24 seconds) to try again
2019-08-09 05:08:52,264	INFO -- Cluster was not stable, waiting for retry window (24 seconds) to try again
2019-08-09 05:09:16,568	INFO -- Cluster was not stable, waiting for retry window (24 seconds) to try again
2019-08-09 05:09:41,166	INFO -- Cluster was stable for 240 seconds till 2019-08-09 05:09:40.573140, calculating best transition
2019-08-09 05:09:41,589	INFO -- Execution was added to the knowledge base with load: 4638.0
2019-08-09 05:09:41,824	INFO -- No node could be shutdown for improvement, because all nodes have a statefull set
2019-08-09 05:09:41,967	INFO -- Costs for all options: current= 0.33501318817138676, removal= inf, old_best= 0.33501318817138676
2019-08-09 05:09:41,968	INFO -- Staying with current execution, but randomly changing one random pod
2019-08-09 05:09:42,494	INFO -- moving: php-apache-5f657688bc-pz557 to gke-demo-cluster-1-default-pool-6f471531-5n82 using deployment name: php-apache
2019-08-09 05:09:53,746	INFO -- pod php-apache-5f657688bc-pz557 is deleted
2019-08-09 05:09:53,890	INFO -- Movement failed
2019-08-09 05:09:54,215	INFO -- went wrong: <class 'kubernetes_tools.migrate_pod.PodScheduledOnWrongNodeException'>
2019-08-09 05:09:54,216	INFO -- Update step finished: 2019-08-09 05:09:54.216688
2019-08-09 05:09:54,217	INFO -- Current scores
                 Not stable: 0
                 All nodes full: 0
                 Migration correct: 6 wrong: 1 chance blocked: 7
                 Node removal correct: 9 wrong: 1
                 Old state correct: 0 wrong: 0
2019-08-09 05:09:54,217	INFO -- Going to sleep for 240 seconds
2019-08-09 05:13:54,303	INFO -- Time for an update_step iteration! 2019-08-09 05:13:54.303374
2019-08-09 05:13:54,891	INFO -- Cluster was not stable, waiting for retry window (24 seconds) to try again
2019-08-09 05:14:19,510	INFO -- Cluster was stable for 240 seconds till 2019-08-09 05:14:18.916025, calculating best transition
2019-08-09 05:14:19,917	INFO -- Execution was added to the knowledge base with load: 4657.405065131008
2019-08-09 05:14:20,203	INFO -- No node could be shutdown for improvement, because all nodes have a statefull set
2019-08-09 05:14:20,513	INFO -- Costs for all options: current= 0.33501318817138676, removal= inf, old_best= 0.3350131881713867
2019-08-09 05:14:20,513	INFO -- Update step finished: 2019-08-09 05:14:20.513819
2019-08-09 05:14:20,514	INFO -- Current scores
                 Not stable: 0
                 All nodes full: 0
                 Migration correct: 6 wrong: 1 chance blocked: 8
                 Node removal correct: 9 wrong: 1
                 Old state correct: 0 wrong: 0
2019-08-09 05:14:20,515	INFO -- Going to sleep for 240 seconds
2019-08-09 05:18:20,557	INFO -- Time for an update_step iteration! 2019-08-09 05:18:20.557347
2019-08-09 05:18:20,847	INFO -- Cluster was not stable, waiting for retry window (24 seconds) to try again
2019-08-09 05:18:45,206	INFO -- Cluster was not stable, waiting for retry window (24 seconds) to try again
2019-08-09 05:19:09,528	INFO -- Cluster was not stable, waiting for retry window (24 seconds) to try again
2019-08-09 05:19:33,840	INFO -- Cluster was not stable, waiting for retry window (24 seconds) to try again
2019-08-09 05:19:58,455	INFO -- Cluster was stable for 240 seconds till 2019-08-09 05:19:57.853510, calculating best transition
2019-08-09 05:19:58,899	INFO -- Execution was added to the knowledge base with load: 4584.826666666667
2019-08-09 05:19:59,409	INFO -- Costs for all options: current= 0.41876649246215825, removal= 0.33501318817138676, old_best= 0.3350131881713867
2019-08-09 05:19:59,410	INFO -- Removing node: gke-demo-cluster-1-default-pool-6f471531-fj5p
2019-08-09 05:19:59,867	INFO -- Deleting node: gke-demo-cluster-1-default-pool-6f471531-fj5p
2019-08-09 05:20:01,196	INFO -- Deletion successful, node: gke-demo-cluster-1-default-pool-6f471531-fj5p
2019-08-09 05:20:01,196	INFO -- NODE_REMOVAL=gke-demo-cluster-1-default-pool-6f471531-fj5p
2019-08-09 05:20:01,197	INFO -- went correct
2019-08-09 05:20:01,197	INFO -- Update step finished: 2019-08-09 05:20:01.197586
2019-08-09 05:20:01,197	INFO -- Current scores
                 Not stable: 0
                 All nodes full: 0
                 Migration correct: 6 wrong: 1 chance blocked: 8
                 Node removal correct: 10 wrong: 1
                 Old state correct: 0 wrong: 0
2019-08-09 05:20:01,197	INFO -- Going to sleep for 240 seconds
2019-08-09 05:24:01,298	INFO -- Time for an update_step iteration! 2019-08-09 05:24:01.298254
2019-08-09 05:24:01,586	INFO -- Cluster was not stable, waiting for retry window (24 seconds) to try again
2019-08-09 05:24:26,185	INFO -- Cluster was stable for 240 seconds till 2019-08-09 05:24:25.610911, calculating best transition
2019-08-09 05:24:26,629	INFO -- Execution was added to the knowledge base with load: 4620.613333333333
2019-08-09 05:24:26,907	INFO -- No node could be shutdown for improvement, because all nodes have a statefull set
2019-08-09 05:24:27,437	INFO -- Costs for all options: current= 0.33501318817138676, removal= inf, old_best= 0.3350131881713867
2019-08-09 05:24:27,438	INFO -- Update step finished: 2019-08-09 05:24:27.438609
2019-08-09 05:24:27,439	INFO -- Current scores
                 Not stable: 0
                 All nodes full: 0
                 Migration correct: 6 wrong: 1 chance blocked: 9
                 Node removal correct: 10 wrong: 1
                 Old state correct: 0 wrong: 0
2019-08-09 05:24:27,439	INFO -- Going to sleep for 240 seconds
2019-08-09 05:28:27,445	INFO -- Time for an update_step iteration! 2019-08-09 05:28:27.445519
2019-08-09 05:28:28,011	INFO -- Cluster was stable for 240 seconds till 2019-08-09 05:28:27.446325, calculating best transition
2019-08-09 05:28:28,461	INFO -- Execution was added to the knowledge base with load: 4654.791111111111
2019-08-09 05:28:28,754	INFO -- No node could be shutdown for improvement, because all nodes have a statefull set
2019-08-09 05:28:29,383	INFO -- Costs for all options: current= 0.33501318817138676, removal= inf, old_best= 0.3350131881713867
2019-08-09 05:28:29,384	INFO -- Update step finished: 2019-08-09 05:28:29.384603
2019-08-09 05:28:29,385	INFO -- Current scores
                 Not stable: 0
                 All nodes full: 0
                 Migration correct: 6 wrong: 1 chance blocked: 10
                 Node removal correct: 10 wrong: 1
                 Old state correct: 0 wrong: 0
2019-08-09 05:28:29,385	INFO -- Going to sleep for 240 seconds
2019-08-09 05:32:29,485	INFO -- Time for an update_step iteration! 2019-08-09 05:32:29.485520
2019-08-09 05:32:29,792	INFO -- Cluster was not stable, waiting for retry window (24 seconds) to try again
2019-08-09 05:32:54,118	INFO -- Cluster was not stable, waiting for retry window (24 seconds) to try again
2019-08-09 05:33:18,425	INFO -- Cluster was not stable, waiting for retry window (24 seconds) to try again
2019-08-09 05:33:42,741	INFO -- Cluster was not stable, waiting for retry window (24 seconds) to try again
2019-08-09 05:34:07,045	INFO -- Cluster was not stable, waiting for retry window (24 seconds) to try again
2019-08-09 05:34:31,362	INFO -- Cluster was not stable, waiting for retry window (24 seconds) to try again
2019-08-09 05:34:55,702	INFO -- Cluster was not stable, waiting for retry window (24 seconds) to try again
2019-08-09 05:35:20,059	INFO -- Cluster was not stable, waiting for retry window (24 seconds) to try again
2019-08-09 05:35:44,725	INFO -- Cluster was stable for 240 seconds till 2019-08-09 05:35:44.084505, calculating best transition
2019-08-09 05:35:45,260	INFO -- Execution was added to the knowledge base with load: 4653.297777777778
2019-08-09 05:35:46,196	INFO -- Costs for all options: current= 0.41876649246215825, removal= 0.33501318817138676, old_best= 0.3350131881713867
2019-08-09 05:35:46,197	INFO -- Removing node: gke-demo-cluster-1-default-pool-6f471531-fj5p
2019-08-09 05:35:46,769	INFO -- Deleting node: gke-demo-cluster-1-default-pool-6f471531-fj5p
2019-08-09 05:35:48,184	INFO -- Deletion successful, node: gke-demo-cluster-1-default-pool-6f471531-fj5p
2019-08-09 05:35:48,185	INFO -- NODE_REMOVAL=gke-demo-cluster-1-default-pool-6f471531-fj5p
2019-08-09 05:35:48,186	INFO -- went correct
2019-08-09 05:35:48,186	INFO -- Update step finished: 2019-08-09 05:35:48.186924
2019-08-09 05:35:48,187	INFO -- Current scores
                 Not stable: 0
                 All nodes full: 0
                 Migration correct: 6 wrong: 1 chance blocked: 10
                 Node removal correct: 11 wrong: 1
                 Old state correct: 0 wrong: 0
2019-08-09 05:35:48,187	INFO -- Going to sleep for 240 seconds
2019-08-09 05:39:48,197	INFO -- Time for an update_step iteration! 2019-08-09 05:39:48.197309
2019-08-09 05:39:48,486	INFO -- Cluster was not stable, waiting for retry window (24 seconds) to try again
2019-08-09 05:40:12,827	INFO -- Cluster was not stable, waiting for retry window (24 seconds) to try again
2019-08-09 05:40:37,476	INFO -- Cluster was stable for 240 seconds till 2019-08-09 05:40:36.852281, calculating best transition
2019-08-09 05:40:38,037	INFO -- Execution was added to the knowledge base with load: 4579.875555555556
2019-08-09 05:40:38,347	INFO -- No node could be shutdown for improvement, because all nodes have a statefull set
2019-08-09 05:40:39,086	INFO -- Costs for all options: current= 0.33501318817138676, removal= inf, old_best= 0.3350131881713867
2019-08-09 05:40:39,086	INFO -- Update step finished: 2019-08-09 05:40:39.086577
2019-08-09 05:40:39,086	INFO -- Current scores
                 Not stable: 0
                 All nodes full: 0
                 Migration correct: 6 wrong: 1 chance blocked: 11
                 Node removal correct: 11 wrong: 1
                 Old state correct: 0 wrong: 0
2019-08-09 05:40:39,087	INFO -- Going to sleep for 240 seconds
