2019-08-12 06:19:26,384	INFO -- Settings: TopologyGenerator/settings-php_apache_no_node_removal.json
2019-08-12 06:19:26,473	INFO -- Graphdatabase emptied
2019-08-12 06:19:26,473	INFO -- Waiting for warmup to finish. 1800 seconds
2019-08-12 06:49:26,517	INFO -- Going to sleep for 240 seconds
2019-08-12 06:53:26,618	INFO -- Time for an update_step iteration! 2019-08-12 06:53:26.618543
2019-08-12 06:53:27,000	INFO -- Cluster was stable for 240 seconds till 2019-08-12 06:53:26.619374, calculating best transition
2019-08-12 06:53:27,420	INFO -- Execution was added to the knowledge base with load: 2101.479134666667
2019-08-12 06:53:27,688	INFO -- No node could be shutdown for improvement, because all nodes have a statefull set
2019-08-12 06:53:27,783	INFO -- Costs for all options: current= 0.16750660858154298, removal= inf, old_best= 0.16750660858154298
2019-08-12 06:53:27,784	INFO -- Update step finished: 2019-08-12 06:53:27.784453
2019-08-12 06:53:27,785	INFO -- Current scores
                 Not stable: 0
                 All nodes full: 0
                 Migration correct: 0 wrong: 0 chance blocked: 1
                 Node removal correct: 0 wrong: 0
                 Old state correct: 0 wrong: 0
2019-08-12 06:53:27,785	INFO -- Going to sleep for 240 seconds
2019-08-12 06:57:27,834	INFO -- Time for an update_step iteration! 2019-08-12 06:57:27.834645
2019-08-12 06:57:28,186	INFO -- Cluster was stable for 240 seconds till 2019-08-12 06:57:27.835451, calculating best transition
2019-08-12 06:57:28,619	INFO -- Execution was added to the knowledge base with load: 2084.488888888889
2019-08-12 06:57:28,882	INFO -- No node could be shutdown for improvement, because all nodes have a statefull set
2019-08-12 06:57:29,076	INFO -- Costs for all options: current= 0.16750660858154298, removal= inf, old_best= 0.16750660858154298
2019-08-12 06:57:29,076	INFO -- Staying with current execution, but randomly changing one random pod
2019-08-12 06:57:29,630	INFO -- moving: php-apache-5f657688bc-th4ss to gke-demo-cluster-1-default-pool-6f471531-419d using deployment name: php-apache
2019-08-12 06:57:32,324	INFO -- pod php-apache-5f657688bc-th4ss is deleted
2019-08-12 06:57:32,442	INFO -- Movement succeeded
2019-08-12 06:57:32,872	INFO -- went correct
2019-08-12 06:57:32,873	INFO -- Update step finished: 2019-08-12 06:57:32.873248
2019-08-12 06:57:32,873	INFO -- Current scores
                 Not stable: 0
                 All nodes full: 0
                 Migration correct: 1 wrong: 0 chance blocked: 1
                 Node removal correct: 0 wrong: 0
                 Old state correct: 0 wrong: 0
2019-08-12 06:57:32,874	INFO -- Going to sleep for 240 seconds
2019-08-12 07:01:32,974	INFO -- Time for an update_step iteration! 2019-08-12 07:01:32.974429
2019-08-12 07:01:33,389	INFO -- Cluster was not stable, waiting for retry window (24 seconds) to try again
2019-08-12 07:01:57,939	INFO -- Cluster was not stable, waiting for retry window (24 seconds) to try again
2019-08-12 07:02:22,389	INFO -- Cluster was not stable, waiting for retry window (24 seconds) to try again
2019-08-12 07:02:46,770	INFO -- Cluster was not stable, waiting for retry window (24 seconds) to try again
2019-08-12 07:03:11,147	INFO -- Cluster was not stable, waiting for retry window (24 seconds) to try again
2019-08-12 07:03:35,387	INFO -- Cluster was not stable, waiting for retry window (24 seconds) to try again
2019-08-12 07:03:59,662	INFO -- Cluster was not stable, waiting for retry window (24 seconds) to try again
2019-08-12 07:04:23,901	INFO -- Cluster was not stable, waiting for retry window (24 seconds) to try again
2019-08-12 07:04:48,157	INFO -- Cluster was not stable, waiting for retry window (24 seconds) to try again
2019-08-12 07:05:12,368	INFO -- Cluster was not stable, waiting for retry window (24 seconds) to try again
2019-08-12 07:05:36,568	INFO -- Cluster was not stable, waiting for retry window (24 seconds) to try again
2019-08-12 07:06:00,850	INFO -- Cluster was not stable, waiting for retry window (24 seconds) to try again
2019-08-12 07:06:25,053	INFO -- Cluster was not stable, waiting for retry window (24 seconds) to try again
2019-08-12 07:06:49,672	INFO -- Cluster was not stable, waiting for retry window (24 seconds) to try again
2019-08-12 07:07:13,934	INFO -- Cluster was not stable, waiting for retry window (24 seconds) to try again
2019-08-12 07:07:38,134	INFO -- Cluster was not stable, waiting for retry window (24 seconds) to try again
2019-08-12 07:08:02,338	INFO -- Cluster was not stable, waiting for retry window (24 seconds) to try again
2019-08-12 07:08:26,572	INFO -- Cluster was not stable, waiting for retry window (24 seconds) to try again
2019-08-12 07:08:50,776	INFO -- Cluster was not stable, waiting for retry window (24 seconds) to try again
2019-08-12 07:09:14,953	INFO -- Cluster was not stable, waiting for retry window (24 seconds) to try again
2019-08-12 07:09:39,148	INFO -- Cluster was not stable, waiting for retry window (24 seconds) to try again
2019-08-12 07:10:03,683	INFO -- Cluster was stable for 240 seconds till 2019-08-12 07:10:03.173143, calculating best transition
2019-08-12 07:10:04,100	INFO -- Execution was added to the knowledge base with load: 9114.66998985874
2019-08-12 07:10:04,366	INFO -- No node could be shutdown for improvement, because all the resources are needed
2019-08-12 07:10:04,471	INFO -- Costs for all options: current= 0.33501318817138676, removal= inf, old_best= 0.33501318817138676
2019-08-12 07:10:04,472	INFO -- Staying with current execution, but randomly changing one random pod
2019-08-12 07:10:04,986	INFO -- Deleting pod: php-apache-5f657688bc-8bfcv
2019-08-12 07:10:16,840	INFO -- Deletion pod: php-apache-5f657688bc-8bfcv successful
2019-08-12 07:10:17,569	INFO -- Creating pod: php-apache on gke-demo-cluster-1-default-pool-6f471531-j419
2019-08-12 07:10:18,251	ERROR -- Addition failed
2019-08-12 07:10:18,480	INFO -- went wrong: <class 'kubernetes_tools.migrate_pod.PodScheduledOnWrongNodeException'>
2019-08-12 07:10:18,481	INFO -- Update step finished: 2019-08-12 07:10:18.480983
2019-08-12 07:10:18,481	INFO -- Current scores
                 Not stable: 0
                 All nodes full: 0
                 Migration correct: 1 wrong: 1 chance blocked: 1
                 Node removal correct: 0 wrong: 0
                 Old state correct: 0 wrong: 0
2019-08-12 07:10:18,481	INFO -- Going to sleep for 240 seconds
2019-08-12 07:14:18,486	INFO -- Time for an update_step iteration! 2019-08-12 07:14:18.486248
2019-08-12 07:14:18,821	INFO -- Cluster was not stable, waiting for retry window (24 seconds) to try again
2019-08-12 07:14:43,257	INFO -- Cluster was stable for 240 seconds till 2019-08-12 07:14:42.845911, calculating best transition
2019-08-12 07:14:44,122	INFO -- Execution was added to the knowledge base with load: 10239.23976531025
2019-08-12 07:14:44,408	INFO -- No node could be shutdown for improvement, because all the resources are needed
2019-08-12 07:14:44,523	INFO -- Costs for all options: current= 0.33501318817138676, removal= inf, old_best= 0.33501318817138676
2019-08-12 07:14:44,524	INFO -- Update step finished: 2019-08-12 07:14:44.524332
2019-08-12 07:14:44,525	INFO -- Current scores
                 Not stable: 0
                 All nodes full: 0
                 Migration correct: 1 wrong: 1 chance blocked: 2
                 Node removal correct: 0 wrong: 0
                 Old state correct: 0 wrong: 0
2019-08-12 07:14:44,525	INFO -- Going to sleep for 240 seconds
2019-08-12 07:18:44,578	INFO -- Time for an update_step iteration! 2019-08-12 07:18:44.578364
2019-08-12 07:18:44,923	INFO -- Cluster was stable for 240 seconds till 2019-08-12 07:18:44.579158, calculating best transition
2019-08-12 07:18:45,334	INFO -- Execution was added to the knowledge base with load: 10303.585326452641
2019-08-12 07:18:45,604	INFO -- No node could be shutdown for improvement, because all the resources are needed
2019-08-12 07:18:45,789	INFO -- Costs for all options: current= 0.33501318817138676, removal= inf, old_best= 0.3350131881713867
2019-08-12 07:18:45,790	INFO -- Staying with current execution, but randomly changing one random pod
2019-08-12 07:18:46,304	INFO -- Deleting pod: php-apache-5f657688bc-sxpcm
2019-08-12 07:18:55,018	INFO -- Deletion pod: php-apache-5f657688bc-sxpcm successful
2019-08-12 07:18:55,628	INFO -- Creating pod: php-apache on gke-demo-cluster-1-default-pool-6f471531-j419
2019-08-12 07:18:56,299	INFO -- Addition succeeded, pod name: php-apache-5f657688bc-ljtrj
2019-08-12 07:18:56,651	INFO -- went correct
2019-08-12 07:18:56,652	INFO -- Update step finished: 2019-08-12 07:18:56.652624
2019-08-12 07:18:56,653	INFO -- Current scores
                 Not stable: 0
                 All nodes full: 0
                 Migration correct: 2 wrong: 1 chance blocked: 2
                 Node removal correct: 0 wrong: 0
                 Old state correct: 0 wrong: 0
2019-08-12 07:18:56,653	INFO -- Going to sleep for 240 seconds
2019-08-12 07:22:56,754	INFO -- Time for an update_step iteration! 2019-08-12 07:22:56.754316
2019-08-12 07:22:57,110	INFO -- Cluster was not stable, waiting for retry window (24 seconds) to try again
2019-08-12 07:23:21,622	INFO -- Cluster was not stable, waiting for retry window (24 seconds) to try again
2019-08-12 07:23:45,990	INFO -- Cluster was not stable, waiting for retry window (24 seconds) to try again
2019-08-12 07:24:10,368	INFO -- Cluster was not stable, waiting for retry window (24 seconds) to try again
2019-08-12 07:24:34,758	INFO -- Cluster was not stable, waiting for retry window (24 seconds) to try again
2019-08-12 07:24:59,136	INFO -- Cluster was not stable, waiting for retry window (24 seconds) to try again
2019-08-12 07:25:23,532	INFO -- Cluster was not stable, waiting for retry window (24 seconds) to try again
2019-08-12 07:25:47,992	INFO -- Cluster was not stable, waiting for retry window (24 seconds) to try again
2019-08-12 07:26:12,359	INFO -- Cluster was not stable, waiting for retry window (24 seconds) to try again
2019-08-12 07:26:36,829	INFO -- Cluster was not stable, waiting for retry window (24 seconds) to try again
2019-08-12 07:27:01,262	INFO -- Cluster was not stable, waiting for retry window (24 seconds) to try again
2019-08-12 07:27:25,651	INFO -- Cluster was not stable, waiting for retry window (24 seconds) to try again
2019-08-12 07:27:50,044	INFO -- Cluster was not stable, waiting for retry window (24 seconds) to try again
2019-08-12 07:28:14,397	INFO -- Cluster was not stable, waiting for retry window (24 seconds) to try again
2019-08-12 07:28:38,784	INFO -- Cluster was not stable, waiting for retry window (24 seconds) to try again
2019-08-12 07:29:03,194	INFO -- Cluster was not stable, waiting for retry window (24 seconds) to try again
2019-08-12 07:29:27,564	INFO -- Cluster was not stable, waiting for retry window (24 seconds) to try again
2019-08-12 07:29:51,973	INFO -- Cluster was not stable, waiting for retry window (24 seconds) to try again
2019-08-12 07:30:16,332	INFO -- Cluster was not stable, waiting for retry window (24 seconds) to try again
2019-08-12 07:30:40,706	INFO -- Cluster was not stable, waiting for retry window (24 seconds) to try again
2019-08-12 07:31:04,903	INFO -- Cluster was not stable, waiting for retry window (24 seconds) to try again
2019-08-12 07:31:29,108	INFO -- Cluster was not stable, waiting for retry window (24 seconds) to try again
2019-08-12 07:31:53,312	INFO -- Cluster was not stable, waiting for retry window (24 seconds) to try again
2019-08-12 07:32:17,565	INFO -- Cluster was not stable, waiting for retry window (24 seconds) to try again
2019-08-12 07:32:41,792	INFO -- Cluster was not stable, waiting for retry window (24 seconds) to try again
2019-08-12 07:33:06,008	INFO -- Cluster was not stable, waiting for retry window (24 seconds) to try again
2019-08-12 07:33:30,212	INFO -- Cluster was not stable, waiting for retry window (24 seconds) to try again
2019-08-12 07:33:54,404	INFO -- Cluster was not stable, waiting for retry window (24 seconds) to try again
2019-08-12 07:34:18,682	INFO -- Cluster was not stable, waiting for retry window (24 seconds) to try again
2019-08-12 07:34:43,046	INFO -- Cluster was not stable, waiting for retry window (24 seconds) to try again
2019-08-12 07:35:07,571	INFO -- Cluster was not stable, waiting for retry window (24 seconds) to try again
2019-08-12 07:35:32,056	INFO -- Cluster was not stable, waiting for retry window (24 seconds) to try again
2019-08-12 07:35:56,466	INFO -- Cluster was not stable, waiting for retry window (24 seconds) to try again
2019-08-12 07:36:20,683	INFO -- Cluster was not stable, waiting for retry window (24 seconds) to try again
2019-08-12 07:36:45,124	INFO -- Cluster was not stable, waiting for retry window (24 seconds) to try again
2019-08-12 07:37:09,457	INFO -- Cluster was not stable, waiting for retry window (24 seconds) to try again
2019-08-12 07:37:33,916	INFO -- Cluster was not stable, waiting for retry window (24 seconds) to try again
2019-08-12 07:37:58,125	INFO -- Cluster was not stable, waiting for retry window (24 seconds) to try again
2019-08-12 07:38:22,516	INFO -- Cluster was not stable, waiting for retry window (24 seconds) to try again
2019-08-12 07:38:46,876	INFO -- Cluster was not stable, waiting for retry window (24 seconds) to try again
2019-08-12 07:39:11,107	INFO -- Cluster was not stable, waiting for retry window (24 seconds) to try again
2019-08-12 07:39:35,315	INFO -- Cluster was not stable, waiting for retry window (24 seconds) to try again
2019-08-12 07:39:59,711	INFO -- Cluster was stable for 240 seconds till 2019-08-12 07:39:59.340391, calculating best transition
2019-08-12 07:40:00,106	INFO -- Execution was added to the knowledge base with load: 9037.441782167283
2019-08-12 07:40:00,367	INFO -- No node could be shutdown for improvement, because all the resources are needed
2019-08-12 07:40:00,461	INFO -- Costs for all options: current= 0.33501321716308596, removal= inf, old_best= 0.33501318817138676
2019-08-12 07:40:00,462	INFO -- Update step finished: 2019-08-12 07:40:00.462128
2019-08-12 07:40:00,462	INFO -- Current scores
                 Not stable: 0
                 All nodes full: 0
                 Migration correct: 2 wrong: 1 chance blocked: 3
                 Node removal correct: 0 wrong: 0
                 Old state correct: 0 wrong: 0
2019-08-12 07:40:00,462	INFO -- Going to sleep for 240 seconds
2019-08-12 07:44:00,560	INFO -- Time for an update_step iteration! 2019-08-12 07:44:00.560161
2019-08-12 07:44:00,916	INFO -- Cluster was stable for 240 seconds till 2019-08-12 07:44:00.560869, calculating best transition
2019-08-12 07:44:01,422	INFO -- Execution was added to the knowledge base with load: 10260.527652897774
2019-08-12 07:44:01,691	INFO -- No node could be shutdown for improvement, because all the resources are needed
2019-08-12 07:44:01,941	INFO -- Costs for all options: current= 0.33501321716308596, removal= inf, old_best= 0.3350131881713867
2019-08-12 07:44:01,941	INFO -- Staying with current execution, but randomly changing one random pod
2019-08-12 07:44:02,639	INFO -- moving: php-apache-5f657688bc-nfjqc to gke-demo-cluster-1-default-pool-6f471531-0wv3 using deployment name: php-apache
2019-08-12 07:44:11,415	INFO -- pod php-apache-5f657688bc-nfjqc is deleted
2019-08-12 07:44:11,588	INFO -- Movement succeeded
2019-08-12 07:44:12,154	INFO -- went correct
2019-08-12 07:44:12,154	INFO -- Update step finished: 2019-08-12 07:44:12.154975
2019-08-12 07:44:12,155	INFO -- Current scores
                 Not stable: 0
                 All nodes full: 0
                 Migration correct: 3 wrong: 1 chance blocked: 3
                 Node removal correct: 0 wrong: 0
                 Old state correct: 0 wrong: 0
2019-08-12 07:44:12,155	INFO -- Going to sleep for 240 seconds
2019-08-12 07:48:12,255	INFO -- Time for an update_step iteration! 2019-08-12 07:48:12.255577
2019-08-12 07:48:12,602	INFO -- Cluster was stable for 240 seconds till 2019-08-12 07:48:12.256383, calculating best transition
2019-08-12 07:48:12,961	INFO -- Execution was added to the knowledge base with load: 10267.227560287354
2019-08-12 07:48:13,194	INFO -- No node could be shutdown for improvement, because all the resources are needed
2019-08-12 07:48:13,387	INFO -- Costs for all options: current= 0.33501321716308596, removal= inf, old_best= 0.3350131881713867
2019-08-12 07:48:13,388	INFO -- Staying with current execution, but randomly changing one random pod
2019-08-12 07:48:14,017	INFO -- moving: php-apache-5f657688bc-np42f to gke-demo-cluster-1-default-pool-6f471531-0wv3 using deployment name: php-apache
2019-08-12 07:48:20,105	INFO -- pod php-apache-5f657688bc-np42f is deleted
2019-08-12 07:48:20,258	INFO -- Movement succeeded
2019-08-12 07:48:20,762	INFO -- went correct
2019-08-12 07:48:20,763	INFO -- Update step finished: 2019-08-12 07:48:20.763462
2019-08-12 07:48:20,764	INFO -- Current scores
                 Not stable: 0
                 All nodes full: 0
                 Migration correct: 4 wrong: 1 chance blocked: 3
                 Node removal correct: 0 wrong: 0
                 Old state correct: 0 wrong: 0
2019-08-12 07:48:20,764	INFO -- Going to sleep for 240 seconds
2019-08-12 07:52:20,865	INFO -- Time for an update_step iteration! 2019-08-12 07:52:20.865209
2019-08-12 07:52:21,219	INFO -- Cluster was not stable, waiting for retry window (24 seconds) to try again
2019-08-12 07:52:45,594	INFO -- Cluster was not stable, waiting for retry window (24 seconds) to try again
2019-08-12 07:53:09,998	INFO -- Cluster was not stable, waiting for retry window (24 seconds) to try again
2019-08-12 07:53:34,376	INFO -- Cluster was not stable, waiting for retry window (24 seconds) to try again
2019-08-12 07:53:58,744	INFO -- Cluster was not stable, waiting for retry window (24 seconds) to try again
2019-08-12 07:54:23,156	INFO -- Cluster was not stable, waiting for retry window (24 seconds) to try again
2019-08-12 07:54:47,525	INFO -- Cluster was not stable, waiting for retry window (24 seconds) to try again
2019-08-12 07:55:11,929	INFO -- Cluster was not stable, waiting for retry window (24 seconds) to try again
2019-08-12 07:55:36,297	INFO -- Cluster was not stable, waiting for retry window (24 seconds) to try again
2019-08-12 07:56:00,710	INFO -- Cluster was not stable, waiting for retry window (24 seconds) to try again
2019-08-12 07:56:25,188	INFO -- Cluster was not stable, waiting for retry window (24 seconds) to try again
2019-08-12 07:56:49,578	INFO -- Cluster was not stable, waiting for retry window (24 seconds) to try again
2019-08-12 07:57:13,959	INFO -- Cluster was not stable, waiting for retry window (24 seconds) to try again
2019-08-12 07:57:38,389	INFO -- Cluster was not stable, waiting for retry window (24 seconds) to try again
2019-08-12 07:58:02,752	INFO -- Cluster was not stable, waiting for retry window (24 seconds) to try again
2019-08-12 07:58:27,199	INFO -- Cluster was not stable, waiting for retry window (24 seconds) to try again
2019-08-12 07:58:51,610	INFO -- Cluster was not stable, waiting for retry window (24 seconds) to try again
2019-08-12 07:59:16,005	INFO -- Cluster was not stable, waiting for retry window (24 seconds) to try again
2019-08-12 07:59:40,403	INFO -- Cluster was not stable, waiting for retry window (24 seconds) to try again
2019-08-12 08:00:04,779	INFO -- Cluster was not stable, waiting for retry window (24 seconds) to try again
2019-08-12 08:00:29,181	INFO -- Cluster was not stable, waiting for retry window (24 seconds) to try again
2019-08-12 08:00:53,567	INFO -- Cluster was not stable, waiting for retry window (24 seconds) to try again
2019-08-12 08:01:18,022	INFO -- Cluster was not stable, waiting for retry window (24 seconds) to try again
2019-08-12 08:01:42,402	INFO -- Cluster was not stable, waiting for retry window (24 seconds) to try again
2019-08-12 08:02:06,900	INFO -- Cluster was not stable, waiting for retry window (24 seconds) to try again
2019-08-12 08:02:31,313	INFO -- Cluster was not stable, waiting for retry window (24 seconds) to try again
2019-08-12 08:02:55,724	INFO -- Cluster was not stable, waiting for retry window (24 seconds) to try again
2019-08-12 08:03:20,103	INFO -- Cluster was not stable, waiting for retry window (24 seconds) to try again
2019-08-12 08:03:44,329	INFO -- Cluster was not stable, waiting for retry window (24 seconds) to try again
2019-08-12 08:04:08,558	INFO -- Cluster was not stable, waiting for retry window (24 seconds) to try again
2019-08-12 08:04:32,826	INFO -- Cluster was not stable, waiting for retry window (24 seconds) to try again
2019-08-12 08:04:57,014	INFO -- Cluster was not stable, waiting for retry window (24 seconds) to try again
2019-08-12 08:05:21,280	INFO -- Cluster was not stable, waiting for retry window (24 seconds) to try again
2019-08-12 08:05:45,637	INFO -- Cluster was not stable, waiting for retry window (24 seconds) to try again
2019-08-12 08:06:10,136	INFO -- Cluster was not stable, waiting for retry window (24 seconds) to try again
2019-08-12 08:06:34,515	INFO -- Cluster was not stable, waiting for retry window (24 seconds) to try again
2019-08-12 08:06:58,871	INFO -- Cluster was not stable, waiting for retry window (24 seconds) to try again
2019-08-12 08:07:23,282	INFO -- Cluster was not stable, waiting for retry window (24 seconds) to try again
2019-08-12 08:07:47,610	INFO -- Cluster was not stable, waiting for retry window (24 seconds) to try again
2019-08-12 08:08:11,797	INFO -- Cluster was not stable, waiting for retry window (24 seconds) to try again
2019-08-12 08:08:35,994	INFO -- Cluster was not stable, waiting for retry window (24 seconds) to try again
2019-08-12 08:09:00,178	INFO -- Cluster was not stable, waiting for retry window (24 seconds) to try again
2019-08-12 08:09:24,368	INFO -- Cluster was not stable, waiting for retry window (24 seconds) to try again
2019-08-12 08:09:48,691	INFO -- Cluster was not stable, waiting for retry window (24 seconds) to try again
2019-08-12 08:10:13,125	INFO -- Cluster was stable for 240 seconds till 2019-08-12 08:10:12.714232, calculating best transition
2019-08-12 08:10:13,532	INFO -- Execution was added to the knowledge base with load: 9130.230928084431
2019-08-12 08:10:13,773	INFO -- No node could be shutdown for improvement, because all the resources are needed
2019-08-12 08:10:13,872	INFO -- Costs for all options: current= 0.33501321716308596, removal= inf, old_best= 0.33501318817138676
2019-08-12 08:10:13,872	INFO -- Staying with current execution, but randomly changing one random pod
2019-08-12 08:10:14,496	INFO -- moving: php-apache-5f657688bc-fgm76 to gke-demo-cluster-1-default-pool-6f471531-3b73 using deployment name: php-apache
2019-08-12 08:10:21,445	INFO -- pod php-apache-5f657688bc-fgm76 is deleted
2019-08-12 08:10:21,697	INFO -- Movement succeeded
2019-08-12 08:10:22,205	INFO -- went correct
2019-08-12 08:10:22,206	INFO -- Update step finished: 2019-08-12 08:10:22.206132
2019-08-12 08:10:22,206	INFO -- Current scores
                 Not stable: 0
                 All nodes full: 0
                 Migration correct: 5 wrong: 1 chance blocked: 3
                 Node removal correct: 0 wrong: 0
                 Old state correct: 0 wrong: 0
2019-08-12 08:10:22,206	INFO -- Going to sleep for 240 seconds
2019-08-12 08:14:22,262	INFO -- Time for an update_step iteration! 2019-08-12 08:14:22.262438
2019-08-12 08:14:22,700	INFO -- Cluster was not stable, waiting for retry window (24 seconds) to try again
2019-08-12 08:14:47,281	INFO -- Cluster was stable for 240 seconds till 2019-08-12 08:14:46.701368, calculating best transition
2019-08-12 08:14:48,190	INFO -- Execution was added to the knowledge base with load: 10292.625369267147
2019-08-12 08:14:48,480	INFO -- No node could be shutdown for improvement, because all the resources are needed
2019-08-12 08:14:48,661	INFO -- Costs for all options: current= 0.33501321716308596, removal= inf, old_best= 0.3350131881713867
2019-08-12 08:14:48,662	INFO -- Staying with current execution, but randomly changing one random pod
2019-08-12 08:14:49,324	INFO -- moving: php-apache-5f657688bc-zvpgf to gke-demo-cluster-1-default-pool-6f471531-3b73 using deployment name: php-apache
2019-08-12 08:15:02,647	INFO -- pod php-apache-5f657688bc-zvpgf is deleted
2019-08-12 08:15:02,791	INFO -- Movement succeeded
2019-08-12 08:15:03,248	INFO -- went correct
2019-08-12 08:15:03,249	INFO -- Update step finished: 2019-08-12 08:15:03.249168
2019-08-12 08:15:03,249	INFO -- Current scores
                 Not stable: 0
                 All nodes full: 0
                 Migration correct: 6 wrong: 1 chance blocked: 3
                 Node removal correct: 0 wrong: 0
                 Old state correct: 0 wrong: 0
2019-08-12 08:15:03,250	INFO -- Going to sleep for 240 seconds
2019-08-12 08:19:03,254	INFO -- Time for an update_step iteration! 2019-08-12 08:19:03.254493
2019-08-12 08:19:03,669	INFO -- Cluster was stable for 240 seconds till 2019-08-12 08:19:03.255315, calculating best transition
2019-08-12 08:19:04,110	INFO -- Execution was added to the knowledge base with load: 10104.87500515607
2019-08-12 08:19:04,350	INFO -- No node could be shutdown for improvement, because all the resources are needed
2019-08-12 08:19:04,627	INFO -- Costs for all options: current= 0.33501321716308596, removal= inf, old_best= 0.3350131881713867
2019-08-12 08:19:04,627	INFO -- Update step finished: 2019-08-12 08:19:04.627811
2019-08-12 08:19:04,628	INFO -- Current scores
                 Not stable: 0
                 All nodes full: 0
                 Migration correct: 6 wrong: 1 chance blocked: 4
                 Node removal correct: 0 wrong: 0
                 Old state correct: 0 wrong: 0
2019-08-12 08:19:04,628	INFO -- Going to sleep for 240 seconds
2019-08-12 08:23:04,727	INFO -- Time for an update_step iteration! 2019-08-12 08:23:04.727149
2019-08-12 08:23:05,084	INFO -- Cluster was not stable, waiting for retry window (24 seconds) to try again
2019-08-12 08:23:29,492	INFO -- Cluster was not stable, waiting for retry window (24 seconds) to try again
2019-08-12 08:23:53,885	INFO -- Cluster was not stable, waiting for retry window (24 seconds) to try again
2019-08-12 08:24:18,264	INFO -- Cluster was not stable, waiting for retry window (24 seconds) to try again
2019-08-12 08:24:42,660	INFO -- Cluster was not stable, waiting for retry window (24 seconds) to try again
2019-08-12 08:25:07,118	INFO -- Cluster was not stable, waiting for retry window (24 seconds) to try again
2019-08-12 08:25:31,554	INFO -- Cluster was not stable, waiting for retry window (24 seconds) to try again
2019-08-12 08:25:55,923	INFO -- Cluster was not stable, waiting for retry window (24 seconds) to try again
2019-08-12 08:26:20,272	INFO -- Cluster was not stable, waiting for retry window (24 seconds) to try again
2019-08-12 08:26:44,639	INFO -- Cluster was not stable, waiting for retry window (24 seconds) to try again
2019-08-12 08:27:09,056	INFO -- Cluster was not stable, waiting for retry window (24 seconds) to try again
2019-08-12 08:27:33,600	INFO -- Cluster was not stable, waiting for retry window (24 seconds) to try again
2019-08-12 08:27:57,987	INFO -- Cluster was stable for 240 seconds till 2019-08-12 08:27:57.625049, calculating best transition
2019-08-12 08:27:58,371	INFO -- Execution was added to the knowledge base with load: 1816.5235248728015
2019-08-12 08:27:58,719	INFO -- Costs for all options: current= 0.33501321716308596, removal= 0.2512599128723145, old_best= 0.33501321716308596
2019-08-12 08:27:58,719	INFO -- Removing node: gke-demo-cluster-1-default-pool-6f471531-0wv3
2019-08-12 08:27:59,082	INFO -- NODE_REMOVAL=gke-demo-cluster-1-default-pool-6f471531-0wv3
2019-08-12 08:27:59,082	INFO -- went correct
2019-08-12 08:27:59,083	INFO -- Update step finished: 2019-08-12 08:27:59.083445
2019-08-12 08:27:59,084	INFO -- Current scores
                 Not stable: 0
                 All nodes full: 0
                 Migration correct: 6 wrong: 1 chance blocked: 4
                 Node removal correct: 1 wrong: 0
                 Old state correct: 0 wrong: 0
2019-08-12 08:27:59,084	INFO -- Going to sleep for 240 seconds
2019-08-12 08:31:59,184	INFO -- Time for an update_step iteration! 2019-08-12 08:31:59.183932
2019-08-12 08:31:59,558	INFO -- Cluster was not stable, waiting for retry window (24 seconds) to try again
2019-08-12 08:32:24,008	INFO -- Cluster was not stable, waiting for retry window (24 seconds) to try again
2019-08-12 08:32:48,420	INFO -- Cluster was not stable, waiting for retry window (24 seconds) to try again
2019-08-12 08:33:12,796	INFO -- Cluster was not stable, waiting for retry window (24 seconds) to try again
2019-08-12 08:33:37,171	INFO -- Cluster was not stable, waiting for retry window (24 seconds) to try again
2019-08-12 08:34:01,536	INFO -- Cluster was not stable, waiting for retry window (24 seconds) to try again
2019-08-12 08:34:25,957	INFO -- Cluster was not stable, waiting for retry window (24 seconds) to try again
2019-08-12 08:34:50,376	INFO -- Cluster was not stable, waiting for retry window (24 seconds) to try again
2019-08-12 08:35:14,794	INFO -- Cluster was not stable, waiting for retry window (24 seconds) to try again
2019-08-12 08:35:39,444	INFO -- Cluster was not stable, waiting for retry window (24 seconds) to try again
2019-08-12 08:36:03,880	INFO -- Cluster was not stable, waiting for retry window (24 seconds) to try again
2019-08-12 08:36:28,273	INFO -- Cluster was not stable, waiting for retry window (24 seconds) to try again
2019-08-12 08:36:52,686	INFO -- Cluster was not stable, waiting for retry window (24 seconds) to try again
2019-08-12 08:37:17,071	INFO -- Cluster was not stable, waiting for retry window (24 seconds) to try again
2019-08-12 08:37:41,467	INFO -- Cluster was not stable, waiting for retry window (24 seconds) to try again
2019-08-12 08:38:05,919	INFO -- Cluster was not stable, waiting for retry window (24 seconds) to try again
2019-08-12 08:38:30,353	INFO -- Cluster was not stable, waiting for retry window (24 seconds) to try again
2019-08-12 08:38:54,802	INFO -- Cluster was not stable, waiting for retry window (24 seconds) to try again
2019-08-12 08:39:19,224	INFO -- Cluster was stable for 240 seconds till 2019-08-12 08:39:18.826258, calculating best transition
2019-08-12 08:39:19,605	INFO -- Execution was added to the knowledge base with load: 8041.189486574402
2019-08-12 08:39:19,862	INFO -- No node could be shutdown for improvement, because all the resources are needed
2019-08-12 08:39:19,966	INFO -- Costs for all options: current= 0.33501321716308596, removal= inf, old_best= 0.33501321716308596
2019-08-12 08:39:19,966	INFO -- Staying with current execution, but randomly changing one random pod
2019-08-12 08:39:20,454	INFO -- Deleting pod: php-apache-5f657688bc-rfbdb
2019-08-12 08:41:51,386	INFO -- went wrong: <class 'kubernetes_tools.migrate_pod.VerificationTookTooLongException'>
2019-08-12 08:41:51,386	INFO -- Update step finished: 2019-08-12 08:41:51.386667
2019-08-12 08:41:51,386	INFO -- Current scores
                 Not stable: 0
                 All nodes full: 0
                 Migration correct: 6 wrong: 2 chance blocked: 4
                 Node removal correct: 1 wrong: 0
                 Old state correct: 0 wrong: 0
2019-08-12 08:41:51,387	INFO -- Going to sleep for 240 seconds
2019-08-12 08:45:51,478	INFO -- Time for an update_step iteration! 2019-08-12 08:45:51.478466
2019-08-12 08:45:51,887	INFO -- Cluster was stable for 240 seconds till 2019-08-12 08:45:51.479268, calculating best transition
2019-08-12 08:45:52,447	INFO -- Execution was added to the knowledge base with load: 10178.325764220324
2019-08-12 08:45:52,786	INFO -- No node could be shutdown for improvement, because all the resources are needed
2019-08-12 08:45:53,021	INFO -- Costs for all options: current= 0.33501321716308596, removal= inf, old_best= 0.3350131881713867
2019-08-12 08:45:53,022	INFO -- Update step finished: 2019-08-12 08:45:53.022158
2019-08-12 08:45:53,022	INFO -- Current scores
                 Not stable: 0
                 All nodes full: 0
                 Migration correct: 6 wrong: 2 chance blocked: 5
                 Node removal correct: 1 wrong: 0
                 Old state correct: 0 wrong: 0
2019-08-12 08:45:53,023	INFO -- Going to sleep for 240 seconds
2019-08-12 08:49:53,124	INFO -- Time for an update_step iteration! 2019-08-12 08:49:53.124143
2019-08-12 08:49:53,482	INFO -- Cluster was stable for 240 seconds till 2019-08-12 08:49:53.124492, calculating best transition
2019-08-12 08:49:53,932	INFO -- Execution was added to the knowledge base with load: 9890.67516208364
2019-08-12 08:49:54,244	INFO -- No node could be shutdown for improvement, because all the resources are needed
2019-08-12 08:49:54,538	INFO -- Costs for all options: current= 0.33501321716308596, removal= inf, old_best= 0.3350131881713867
2019-08-12 08:49:54,538	INFO -- Update step finished: 2019-08-12 08:49:54.538933
2019-08-12 08:49:54,539	INFO -- Current scores
                 Not stable: 0
                 All nodes full: 0
                 Migration correct: 6 wrong: 2 chance blocked: 6
                 Node removal correct: 1 wrong: 0
                 Old state correct: 0 wrong: 0
2019-08-12 08:49:54,539	INFO -- Going to sleep for 240 seconds
2019-08-12 08:53:54,640	INFO -- Time for an update_step iteration! 2019-08-12 08:53:54.640216
2019-08-12 08:53:54,996	INFO -- Cluster was not stable, waiting for retry window (24 seconds) to try again
2019-08-12 08:54:19,365	INFO -- Cluster was not stable, waiting for retry window (24 seconds) to try again
2019-08-12 08:54:43,760	INFO -- Cluster was not stable, waiting for retry window (24 seconds) to try again
2019-08-12 08:55:08,197	INFO -- Cluster was not stable, waiting for retry window (24 seconds) to try again
2019-08-12 08:55:32,572	INFO -- Cluster was not stable, waiting for retry window (24 seconds) to try again
2019-08-12 08:55:56,961	INFO -- Cluster was not stable, waiting for retry window (24 seconds) to try again
2019-08-12 08:56:21,369	INFO -- Cluster was not stable, waiting for retry window (24 seconds) to try again
2019-08-12 08:56:45,763	INFO -- Cluster was not stable, waiting for retry window (24 seconds) to try again
2019-08-12 08:57:10,108	INFO -- Cluster was not stable, waiting for retry window (24 seconds) to try again
2019-08-12 08:57:34,496	INFO -- Cluster was not stable, waiting for retry window (24 seconds) to try again
2019-08-12 08:57:58,859	INFO -- Cluster was not stable, waiting for retry window (24 seconds) to try again
2019-08-12 08:58:23,295	INFO -- Cluster was stable for 240 seconds till 2019-08-12 08:58:22.883630, calculating best transition
2019-08-12 08:58:23,709	INFO -- Execution was added to the knowledge base with load: 1950.6907347805682
2019-08-12 08:58:24,174	INFO -- Costs for all options: current= 0.33501321716308596, removal= 0.2512599128723145, old_best= 0.16750660858154298
2019-08-12 08:58:24,175	INFO -- Changing to old_best_execution found in time: 2019-08-12 06:49:26.619000
2019-08-12 08:58:24,682	INFO -- Deleting pod: php-apache-5f657688bc-sf9s4
2019-08-12 09:00:48,559	INFO -- went wrong: <class 'kubernetes_tools.migrate_pod.VerificationTookTooLongException'>
2019-08-12 09:00:48,561	INFO -- Update step finished: 2019-08-12 09:00:48.561030
2019-08-12 09:00:48,561	INFO -- Current scores
                 Not stable: 0
                 All nodes full: 0
                 Migration correct: 6 wrong: 2 chance blocked: 6
                 Node removal correct: 1 wrong: 0
                 Old state correct: 0 wrong: 1
2019-08-12 09:00:48,562	INFO -- Going to sleep for 240 seconds
2019-08-12 09:04:48,662	INFO -- Time for an update_step iteration! 2019-08-12 09:04:48.662382
2019-08-12 09:04:48,831	INFO -- Cluster was not stable, waiting for retry window (24 seconds) to try again
2019-08-12 09:05:13,019	INFO -- Cluster was not stable, waiting for retry window (24 seconds) to try again
2019-08-12 09:05:37,253	INFO -- Cluster was not stable, waiting for retry window (24 seconds) to try again
2019-08-12 09:06:01,630	INFO -- Cluster was not stable, waiting for retry window (24 seconds) to try again
2019-08-12 09:06:25,854	INFO -- Cluster was not stable, waiting for retry window (24 seconds) to try again
2019-08-12 09:06:50,061	INFO -- Cluster was not stable, waiting for retry window (24 seconds) to try again
2019-08-12 09:07:14,262	INFO -- Cluster was not stable, waiting for retry window (24 seconds) to try again
2019-08-12 09:07:38,457	INFO -- Cluster was not stable, waiting for retry window (24 seconds) to try again
2019-08-12 09:08:02,680	INFO -- Cluster was not stable, waiting for retry window (24 seconds) to try again
2019-08-12 09:08:26,912	INFO -- Cluster was not stable, waiting for retry window (24 seconds) to try again
2019-08-12 09:08:51,321	INFO -- Cluster was not stable, waiting for retry window (24 seconds) to try again
2019-08-12 09:09:15,632	INFO -- Cluster was not stable, waiting for retry window (24 seconds) to try again
2019-08-12 09:09:39,857	INFO -- Cluster was not stable, waiting for retry window (24 seconds) to try again
2019-08-12 09:10:04,248	INFO -- Cluster was stable for 240 seconds till 2019-08-12 09:10:03.881528, calculating best transition
2019-08-12 09:10:04,880	INFO -- Execution was added to the knowledge base with load: 8939.103810926585
2019-08-12 09:10:05,193	INFO -- No node could be shutdown for improvement, because all the resources are needed
2019-08-12 09:10:05,358	INFO -- Costs for all options: current= 0.33501318817138676, removal= inf, old_best= 0.33501318817138676
2019-08-12 09:10:05,359	INFO -- Update step finished: 2019-08-12 09:10:05.359090
2019-08-12 09:10:05,359	INFO -- Current scores
                 Not stable: 0
                 All nodes full: 0
                 Migration correct: 6 wrong: 2 chance blocked: 7
                 Node removal correct: 1 wrong: 0
                 Old state correct: 0 wrong: 1
2019-08-12 09:10:05,359	INFO -- Going to sleep for 240 seconds
2019-08-12 09:14:05,441	INFO -- Time for an update_step iteration! 2019-08-12 09:14:05.441269
2019-08-12 09:14:05,777	INFO -- Cluster was stable for 240 seconds till 2019-08-12 09:14:05.441652, calculating best transition
2019-08-12 09:14:06,296	INFO -- Execution was added to the knowledge base with load: 10226.204107747833
2019-08-12 09:14:06,588	INFO -- No node could be shutdown for improvement, because all the resources are needed
2019-08-12 09:14:06,930	INFO -- Costs for all options: current= 0.33501318817138676, removal= inf, old_best= 0.33501318817138676
2019-08-12 09:14:06,930	INFO -- Staying with current execution, but randomly changing one random pod
2019-08-12 09:14:07,775	INFO -- moving: php-apache-5f657688bc-nbrj8 to gke-demo-cluster-1-default-pool-6f471531-lrlv using deployment name: php-apache
2019-08-12 09:14:11,461	INFO -- pod php-apache-5f657688bc-nbrj8 is deleted
2019-08-12 09:14:11,655	INFO -- Movement succeeded
2019-08-12 09:14:12,214	INFO -- went correct
2019-08-12 09:14:12,215	INFO -- Update step finished: 2019-08-12 09:14:12.214984
2019-08-12 09:14:12,215	INFO -- Current scores
                 Not stable: 0
                 All nodes full: 0
                 Migration correct: 7 wrong: 2 chance blocked: 7
                 Node removal correct: 1 wrong: 0
                 Old state correct: 0 wrong: 1
2019-08-12 09:14:12,215	INFO -- Going to sleep for 240 seconds
2019-08-12 09:18:12,242	INFO -- Time for an update_step iteration! 2019-08-12 09:18:12.242756
2019-08-12 09:18:12,636	INFO -- Cluster was stable for 240 seconds till 2019-08-12 09:18:12.243520, calculating best transition
2019-08-12 09:18:13,558	INFO -- Execution was added to the knowledge base with load: 10295.156804951686
2019-08-12 09:18:13,834	INFO -- No node could be shutdown for improvement, because all the resources are needed
2019-08-12 09:18:14,255	INFO -- Costs for all options: current= 0.33501318817138676, removal= inf, old_best= 0.33501318817138676
2019-08-12 09:18:14,256	INFO -- Update step finished: 2019-08-12 09:18:14.256312
2019-08-12 09:18:14,256	INFO -- Current scores
                 Not stable: 0
                 All nodes full: 0
                 Migration correct: 7 wrong: 2 chance blocked: 8
                 Node removal correct: 1 wrong: 0
                 Old state correct: 0 wrong: 1
2019-08-12 09:18:14,257	INFO -- Going to sleep for 240 seconds
2019-08-12 09:22:14,335	INFO -- Time for an update_step iteration! 2019-08-12 09:22:14.335781
2019-08-12 09:22:14,683	INFO -- Cluster was not stable, waiting for retry window (24 seconds) to try again
2019-08-12 09:22:39,062	INFO -- Cluster was not stable, waiting for retry window (24 seconds) to try again
2019-08-12 09:23:03,500	INFO -- Cluster was not stable, waiting for retry window (24 seconds) to try again
2019-08-12 09:23:27,892	INFO -- Cluster was not stable, waiting for retry window (24 seconds) to try again
2019-08-12 09:23:52,274	INFO -- Cluster was not stable, waiting for retry window (24 seconds) to try again
2019-08-12 09:24:16,675	INFO -- Cluster was not stable, waiting for retry window (24 seconds) to try again
2019-08-12 09:24:41,058	INFO -- Cluster was not stable, waiting for retry window (24 seconds) to try again
2019-08-12 09:25:05,412	INFO -- Cluster was not stable, waiting for retry window (24 seconds) to try again
2019-08-12 09:25:29,791	INFO -- Cluster was not stable, waiting for retry window (24 seconds) to try again
2019-08-12 09:25:54,182	INFO -- Cluster was not stable, waiting for retry window (24 seconds) to try again
2019-08-12 09:26:18,584	INFO -- Cluster was not stable, waiting for retry window (24 seconds) to try again
2019-08-12 09:26:42,966	INFO -- Cluster was not stable, waiting for retry window (24 seconds) to try again
2019-08-12 09:27:07,371	INFO -- Cluster was not stable, waiting for retry window (24 seconds) to try again
2019-08-12 09:27:31,759	INFO -- Cluster was not stable, waiting for retry window (24 seconds) to try again
2019-08-12 09:27:56,144	INFO -- Cluster was not stable, waiting for retry window (24 seconds) to try again
2019-08-12 09:28:20,551	INFO -- Cluster was not stable, waiting for retry window (24 seconds) to try again
2019-08-12 09:28:45,013	INFO -- Cluster was stable for 240 seconds till 2019-08-12 09:28:44.576281, calculating best transition
2019-08-12 09:28:45,438	INFO -- Execution was added to the knowledge base with load: 1853.1254095505017
2019-08-12 09:28:45,786	INFO -- Costs for all options: current= 0.33501318817138676, removal= 0.25125988388061526, old_best= 0.33501318817138676
2019-08-12 09:28:45,786	INFO -- Removing node: gke-demo-cluster-1-default-pool-6f471531-0wv3
2019-08-12 09:28:46,199	INFO -- NODE_REMOVAL=gke-demo-cluster-1-default-pool-6f471531-0wv3
2019-08-12 09:28:46,200	INFO -- went correct
2019-08-12 09:28:46,201	INFO -- Update step finished: 2019-08-12 09:28:46.201061
2019-08-12 09:28:46,201	INFO -- Current scores
                 Not stable: 0
                 All nodes full: 0
                 Migration correct: 7 wrong: 2 chance blocked: 8
                 Node removal correct: 2 wrong: 0
                 Old state correct: 0 wrong: 1
2019-08-12 09:28:46,201	INFO -- Going to sleep for 240 seconds
2019-08-12 09:32:46,294	INFO -- Time for an update_step iteration! 2019-08-12 09:32:46.294477
2019-08-12 09:32:46,674	INFO -- Cluster was not stable, waiting for retry window (24 seconds) to try again
2019-08-12 09:33:11,071	INFO -- Cluster was not stable, waiting for retry window (24 seconds) to try again
2019-08-12 09:33:35,475	INFO -- Cluster was not stable, waiting for retry window (24 seconds) to try again
2019-08-12 09:33:59,991	INFO -- Cluster was not stable, waiting for retry window (24 seconds) to try again
2019-08-12 09:34:24,377	INFO -- Cluster was not stable, waiting for retry window (24 seconds) to try again
2019-08-12 09:34:48,785	INFO -- Cluster was not stable, waiting for retry window (24 seconds) to try again
2019-08-12 09:35:13,297	INFO -- Cluster was not stable, waiting for retry window (24 seconds) to try again
2019-08-12 09:35:37,740	INFO -- Cluster was not stable, waiting for retry window (24 seconds) to try again
2019-08-12 09:36:02,158	INFO -- Cluster was not stable, waiting for retry window (24 seconds) to try again
2019-08-12 09:36:26,582	INFO -- Cluster was not stable, waiting for retry window (24 seconds) to try again
2019-08-12 09:36:50,934	INFO -- Cluster was not stable, waiting for retry window (24 seconds) to try again
2019-08-12 09:37:15,310	INFO -- Cluster was not stable, waiting for retry window (24 seconds) to try again
2019-08-12 09:37:39,693	INFO -- Cluster was not stable, waiting for retry window (24 seconds) to try again
2019-08-12 09:38:04,084	INFO -- Cluster was not stable, waiting for retry window (24 seconds) to try again
2019-08-12 09:38:28,485	INFO -- Cluster was not stable, waiting for retry window (24 seconds) to try again
2019-08-12 09:38:52,892	INFO -- Cluster was not stable, waiting for retry window (24 seconds) to try again
2019-08-12 09:39:17,262	INFO -- Cluster was stable for 240 seconds till 2019-08-12 09:39:16.903294, calculating best transition
2019-08-12 09:39:17,677	INFO -- Execution was added to the knowledge base with load: 7931.160326421353
2019-08-12 09:39:17,929	INFO -- No node could be shutdown for improvement, because all the resources are needed
2019-08-12 09:39:18,017	INFO -- Costs for all options: current= 0.33501318817138676, removal= inf, old_best= 0.33501318817138676
2019-08-12 09:39:18,018	INFO -- Update step finished: 2019-08-12 09:39:18.018056
2019-08-12 09:39:18,018	INFO -- Current scores
                 Not stable: 0
                 All nodes full: 0
                 Migration correct: 7 wrong: 2 chance blocked: 9
                 Node removal correct: 2 wrong: 0
                 Old state correct: 0 wrong: 1
2019-08-12 09:39:18,018	INFO -- Going to sleep for 240 seconds
2019-08-12 09:43:18,118	INFO -- Time for an update_step iteration! 2019-08-12 09:43:18.118492
2019-08-12 09:43:18,622	INFO -- Cluster was stable for 240 seconds till 2019-08-12 09:43:18.118825, calculating best transition
2019-08-12 09:43:19,069	INFO -- Execution was added to the knowledge base with load: 10154.242740861539
2019-08-12 09:43:19,365	INFO -- No node could be shutdown for improvement, because all the resources are needed
2019-08-12 09:43:19,892	INFO -- Costs for all options: current= 0.33501318817138676, removal= inf, old_best= 0.33501318817138676
2019-08-12 09:43:19,892	INFO -- Update step finished: 2019-08-12 09:43:19.892541
2019-08-12 09:43:19,892	INFO -- Current scores
                 Not stable: 0
                 All nodes full: 0
                 Migration correct: 7 wrong: 2 chance blocked: 10
                 Node removal correct: 2 wrong: 0
                 Old state correct: 0 wrong: 1
2019-08-12 09:43:19,892	INFO -- Going to sleep for 240 seconds
2019-08-12 09:47:19,990	INFO -- Time for an update_step iteration! 2019-08-12 09:47:19.990486
2019-08-12 09:47:20,383	INFO -- Cluster was stable for 240 seconds till 2019-08-12 09:47:19.991284, calculating best transition
2019-08-12 09:47:20,825	INFO -- Execution was added to the knowledge base with load: 10181.84162665195
2019-08-12 09:47:21,144	INFO -- No node could be shutdown for improvement, because all the resources are needed
2019-08-12 09:47:21,709	INFO -- Costs for all options: current= 0.33501318817138676, removal= inf, old_best= 0.33501318817138676
2019-08-12 09:47:21,710	INFO -- Staying with current execution, but randomly changing one random pod
2019-08-12 09:47:22,387	INFO -- moving: php-apache-5f657688bc-nl5x9 to gke-demo-cluster-1-default-pool-6f471531-5xdr using deployment name: php-apache
2019-08-12 09:47:25,485	INFO -- pod php-apache-5f657688bc-nl5x9 is deleted
2019-08-12 09:47:25,768	INFO -- Movement succeeded
2019-08-12 09:47:26,232	INFO -- went correct
2019-08-12 09:47:26,233	INFO -- Update step finished: 2019-08-12 09:47:26.233119
2019-08-12 09:47:26,233	INFO -- Current scores
                 Not stable: 0
                 All nodes full: 0
                 Migration correct: 8 wrong: 2 chance blocked: 10
                 Node removal correct: 2 wrong: 0
                 Old state correct: 0 wrong: 1
2019-08-12 09:47:26,234	INFO -- Going to sleep for 240 seconds
2019-08-12 09:51:26,335	INFO -- Time for an update_step iteration! 2019-08-12 09:51:26.335218
2019-08-12 09:51:26,729	INFO -- Cluster was not stable, waiting for retry window (24 seconds) to try again
2019-08-12 09:51:51,107	INFO -- Cluster was not stable, waiting for retry window (24 seconds) to try again
2019-08-12 09:52:15,510	INFO -- Cluster was not stable, waiting for retry window (24 seconds) to try again
2019-08-12 09:52:39,884	INFO -- Cluster was not stable, waiting for retry window (24 seconds) to try again
2019-08-12 09:53:04,271	INFO -- Cluster was not stable, waiting for retry window (24 seconds) to try again
2019-08-12 09:53:28,670	INFO -- Cluster was not stable, waiting for retry window (24 seconds) to try again
2019-08-12 09:53:53,051	INFO -- Cluster was not stable, waiting for retry window (24 seconds) to try again
2019-08-12 09:54:17,469	INFO -- Cluster was not stable, waiting for retry window (24 seconds) to try again
2019-08-12 09:54:41,868	INFO -- Cluster was not stable, waiting for retry window (24 seconds) to try again
2019-08-12 09:55:06,256	INFO -- Cluster was not stable, waiting for retry window (24 seconds) to try again
2019-08-12 09:55:30,608	INFO -- Cluster was not stable, waiting for retry window (24 seconds) to try again
2019-08-12 09:55:54,988	INFO -- Cluster was not stable, waiting for retry window (24 seconds) to try again
2019-08-12 09:56:19,359	INFO -- Cluster was not stable, waiting for retry window (24 seconds) to try again
2019-08-12 09:56:43,725	INFO -- Cluster was not stable, waiting for retry window (24 seconds) to try again
2019-08-12 09:57:08,080	INFO -- Cluster was not stable, waiting for retry window (24 seconds) to try again
2019-08-12 09:57:32,456	INFO -- Cluster was not stable, waiting for retry window (24 seconds) to try again
2019-08-12 09:57:56,872	INFO -- Cluster was not stable, waiting for retry window (24 seconds) to try again
2019-08-12 09:58:21,259	INFO -- Cluster was not stable, waiting for retry window (24 seconds) to try again
2019-08-12 09:58:45,703	INFO -- Cluster was stable for 240 seconds till 2019-08-12 09:58:45.274487, calculating best transition
2019-08-12 09:58:46,058	INFO -- Execution was added to the knowledge base with load: 2013.9570276345594
2019-08-12 09:58:47,610	INFO -- Costs for all options: current= 0.33501318817138676, removal= 0.25125988388061526, old_best= 0.16750660858154298
2019-08-12 09:58:47,611	INFO -- Changing to old_best_execution found in time: 2019-08-12 06:53:27.835000
2019-08-12 09:58:48,177	INFO -- NODE_REMOVAL=gke-demo-cluster-1-default-pool-6f471531-0wv3
2019-08-12 09:58:48,178	INFO -- NODE_REMOVAL=gke-demo-cluster-1-default-pool-6f471531-lrlv
2019-08-12 09:58:48,179	INFO -- went correct
2019-08-12 09:58:48,179	INFO -- Update step finished: 2019-08-12 09:58:48.179452
2019-08-12 09:58:48,179	INFO -- Current scores
                 Not stable: 0
                 All nodes full: 0
                 Migration correct: 8 wrong: 2 chance blocked: 10
                 Node removal correct: 2 wrong: 0
                 Old state correct: 1 wrong: 1
2019-08-12 09:58:48,180	INFO -- Going to sleep for 240 seconds
2019-08-12 10:02:48,278	INFO -- Time for an update_step iteration! 2019-08-12 10:02:48.278448
2019-08-12 10:02:48,574	INFO -- Cluster was not stable, waiting for retry window (24 seconds) to try again
2019-08-12 10:03:12,796	INFO -- Cluster was not stable, waiting for retry window (24 seconds) to try again
2019-08-12 10:03:37,024	INFO -- Cluster was not stable, waiting for retry window (24 seconds) to try again
2019-08-12 10:04:01,263	INFO -- Cluster was not stable, waiting for retry window (24 seconds) to try again
2019-08-12 10:04:25,582	INFO -- Cluster was not stable, waiting for retry window (24 seconds) to try again
2019-08-12 10:04:49,960	INFO -- Cluster was not stable, waiting for retry window (24 seconds) to try again
2019-08-12 10:05:14,206	INFO -- Cluster was not stable, waiting for retry window (24 seconds) to try again
2019-08-12 10:05:38,607	INFO -- Cluster was not stable, waiting for retry window (24 seconds) to try again
2019-08-12 10:06:03,257	INFO -- Cluster was not stable, waiting for retry window (24 seconds) to try again
2019-08-12 10:06:27,495	INFO -- Cluster was not stable, waiting for retry window (24 seconds) to try again
2019-08-12 10:06:51,883	INFO -- Cluster was not stable, waiting for retry window (24 seconds) to try again
2019-08-12 10:07:16,110	INFO -- Cluster was not stable, waiting for retry window (24 seconds) to try again
2019-08-12 10:07:40,389	INFO -- Cluster was not stable, waiting for retry window (24 seconds) to try again
2019-08-12 10:08:04,566	INFO -- Cluster was not stable, waiting for retry window (24 seconds) to try again
2019-08-12 10:08:28,781	INFO -- Cluster was not stable, waiting for retry window (24 seconds) to try again
2019-08-12 10:08:52,985	INFO -- Cluster was not stable, waiting for retry window (24 seconds) to try again
2019-08-12 10:09:17,233	INFO -- Cluster was not stable, waiting for retry window (24 seconds) to try again
2019-08-12 10:09:41,890	INFO -- Cluster was stable for 240 seconds till 2019-08-12 10:09:41.254203, calculating best transition
2019-08-12 10:09:42,297	INFO -- Execution was added to the knowledge base with load: 8551.535202100884
2019-08-12 10:09:42,548	INFO -- No node could be shutdown for improvement, because all the resources are needed
2019-08-12 10:09:42,629	INFO -- Costs for all options: current= 0.3350131591796875, removal= inf, old_best= 0.3350131591796875
2019-08-12 10:09:42,629	INFO -- Staying with current execution, but randomly changing one random pod
2019-08-12 10:09:43,130	INFO -- Deleting pod: php-apache-5f657688bc-vhcnt
2019-08-12 10:10:03,805	INFO -- Deletion pod: php-apache-5f657688bc-vhcnt successful
2019-08-12 10:10:04,388	INFO -- Creating pod: php-apache on gke-demo-cluster-1-default-pool-6f471531-5rj4
2019-08-12 10:10:05,210	ERROR -- Addition failed
2019-08-12 10:10:05,448	INFO -- went wrong: <class 'kubernetes_tools.migrate_pod.PodScheduledOnWrongNodeException'>
2019-08-12 10:10:05,449	INFO -- Update step finished: 2019-08-12 10:10:05.449159
2019-08-12 10:10:05,449	INFO -- Current scores
                 Not stable: 0
                 All nodes full: 0
                 Migration correct: 8 wrong: 3 chance blocked: 10
                 Node removal correct: 2 wrong: 0
                 Old state correct: 1 wrong: 1
2019-08-12 10:10:05,449	INFO -- Going to sleep for 240 seconds
2019-08-12 10:14:05,546	INFO -- Time for an update_step iteration! 2019-08-12 10:14:05.546227
2019-08-12 10:14:05,894	INFO -- Cluster was not stable, waiting for retry window (24 seconds) to try again
2019-08-12 10:14:30,274	INFO -- Cluster was not stable, waiting for retry window (24 seconds) to try again
2019-08-12 10:14:54,720	INFO -- Cluster was not stable, waiting for retry window (24 seconds) to try again
2019-08-12 10:15:19,106	INFO -- Cluster was not stable, waiting for retry window (24 seconds) to try again
2019-08-12 10:15:43,482	INFO -- Cluster was not stable, waiting for retry window (24 seconds) to try again
2019-08-12 10:16:08,028	INFO -- Cluster was not stable, waiting for retry window (24 seconds) to try again
2019-08-12 10:16:32,489	INFO -- Cluster was stable for 240 seconds till 2019-08-12 10:16:32.053691, calculating best transition
2019-08-12 10:16:32,870	INFO -- Execution was added to the knowledge base with load: 10101.313985925572
2019-08-12 10:16:33,106	INFO -- No node could be shutdown for improvement, because all the resources are needed
2019-08-12 10:16:33,191	INFO -- Costs for all options: current= 0.3350131591796875, removal= inf, old_best= 0.33501315917968755
2019-08-12 10:16:33,191	INFO -- Staying with current execution, but randomly changing one random pod
2019-08-12 10:16:33,647	INFO -- Deleting pod: php-apache-5f657688bc-k97mx
2019-08-12 10:16:51,897	INFO -- Deletion pod: php-apache-5f657688bc-k97mx successful
2019-08-12 10:16:52,564	INFO -- Creating pod: php-apache on gke-demo-cluster-1-default-pool-6f471531-lrlv
2019-08-12 10:16:53,290	ERROR -- Addition failed
2019-08-12 10:16:53,487	INFO -- went wrong: <class 'kubernetes_tools.migrate_pod.PodScheduledOnWrongNodeException'>
2019-08-12 10:16:53,489	INFO -- Update step finished: 2019-08-12 10:16:53.489560
2019-08-12 10:16:53,490	INFO -- Current scores
                 Not stable: 0
                 All nodes full: 0
                 Migration correct: 8 wrong: 4 chance blocked: 10
                 Node removal correct: 2 wrong: 0
                 Old state correct: 1 wrong: 1
2019-08-12 10:16:53,490	INFO -- Going to sleep for 240 seconds
