2019-07-29 00:02:10,828	INFO -- Settings: TopologyGenerator/settings-php_apache.json
2019-07-29 00:02:10,946	INFO -- Graphdatabase emptied
2019-07-29 00:02:10,946	INFO -- Waiting for warmup to finish. 1800 seconds
2019-07-29 00:32:10,989	INFO -- Going to sleep for 240 seconds
2019-07-29 00:36:11,030	INFO -- Time for an update_step iteration! 2019-07-29 00:36:11.030288
2019-07-29 00:36:11,419	INFO -- Cluster was stable for 240 seconds till 2019-07-29 00:36:11.031028, calculating best transition
2019-07-29 00:36:12,314	INFO -- Execution was added to the knowledge base with load: 2055.1029071666667
2019-07-29 00:36:12,490	INFO -- No node could be shutdown for improvement, because all nodes have a statefull set
2019-07-29 00:36:12,608	INFO -- Costs for all options: current= 0.16750657958984375, removal= inf, old_best= 0.16750657958984377
2019-07-29 00:36:12,608	INFO -- Staying with current execution, but randomly changing one random pod
2019-07-29 00:36:12,984	INFO -- moving: php-apache-5f657688bc-gnb9z to gke-demo-cluster-1-default-pool-6f471531-2pbr using deployment name: php-apache
2019-07-29 00:36:15,569	INFO -- pod php-apache-5f657688bc-gnb9z is deleted
2019-07-29 00:36:15,671	INFO -- Movement succeeded
2019-07-29 00:36:16,030	INFO -- went correct
2019-07-29 00:36:16,031	INFO -- Update step finished: 2019-07-29 00:36:16.031807
2019-07-29 00:36:16,032	INFO -- Current scores
                 Not stable: 0
                 All nodes full: 0
                 Migration correct: 1 wrong: 0 chance blocked: 0
                 Node removal correct: 0 wrong: 0
                 Old state correct: 0 wrong: 0
2019-07-29 00:36:16,033	INFO -- Going to sleep for 240 seconds
2019-07-29 00:40:16,090	INFO -- Time for an update_step iteration! 2019-07-29 00:40:16.090001
2019-07-29 00:40:16,435	INFO -- Cluster was stable for 240 seconds till 2019-07-29 00:40:16.090783, calculating best transition
2019-07-29 00:40:16,710	INFO -- Execution was added to the knowledge base with load: 2023.6444444444444
2019-07-29 00:40:16,980	INFO -- No node could be shutdown for improvement, because all nodes have a statefull set
2019-07-29 00:40:17,211	INFO -- Costs for all options: current= 0.16750657958984375, removal= inf, old_best= 0.16750657958984375
2019-07-29 00:40:17,212	INFO -- Staying with current execution, but randomly changing one random pod
2019-07-29 00:40:17,512	INFO -- moving: php-apache-5f657688bc-pxcjg to gke-demo-cluster-1-default-pool-6f471531-lrc0 using deployment name: php-apache
2019-07-29 00:40:20,060	INFO -- pod php-apache-5f657688bc-pxcjg is deleted
2019-07-29 00:40:20,218	INFO -- Movement succeeded
2019-07-29 00:40:20,573	INFO -- went correct
2019-07-29 00:40:20,574	INFO -- Update step finished: 2019-07-29 00:40:20.574755
2019-07-29 00:40:20,575	INFO -- Current scores
                 Not stable: 0
                 All nodes full: 0
                 Migration correct: 2 wrong: 0 chance blocked: 0
                 Node removal correct: 0 wrong: 0
                 Old state correct: 0 wrong: 0
2019-07-29 00:40:20,576	INFO -- Going to sleep for 240 seconds
2019-07-29 00:44:20,676	INFO -- Time for an update_step iteration! 2019-07-29 00:44:20.676744
2019-07-29 00:44:21,377	INFO -- Cluster was not stable, waiting for retry window (24 seconds) to try again
2019-07-29 00:44:45,787	INFO -- Cluster was not stable, waiting for retry window (24 seconds) to try again
2019-07-29 00:45:10,170	INFO -- Cluster was not stable, waiting for retry window (24 seconds) to try again
2019-07-29 00:45:34,654	INFO -- Cluster was not stable, waiting for retry window (24 seconds) to try again
2019-07-29 00:45:58,880	INFO -- Cluster was not stable, waiting for retry window (24 seconds) to try again
2019-07-29 00:46:23,244	INFO -- Cluster was not stable, waiting for retry window (24 seconds) to try again
2019-07-29 00:46:47,458	INFO -- Cluster was not stable, waiting for retry window (24 seconds) to try again
2019-07-29 00:47:11,663	INFO -- Cluster was not stable, waiting for retry window (24 seconds) to try again
2019-07-29 00:47:35,854	INFO -- Cluster was not stable, waiting for retry window (24 seconds) to try again
2019-07-29 00:48:00,053	INFO -- Cluster was not stable, waiting for retry window (24 seconds) to try again
2019-07-29 00:48:24,277	INFO -- Cluster was not stable, waiting for retry window (24 seconds) to try again
2019-07-29 00:48:48,529	INFO -- Cluster was not stable, waiting for retry window (24 seconds) to try again
2019-07-29 00:49:12,854	INFO -- Cluster was not stable, waiting for retry window (24 seconds) to try again
2019-07-29 00:49:37,092	INFO -- Cluster was not stable, waiting for retry window (24 seconds) to try again
2019-07-29 00:50:01,421	INFO -- Cluster was not stable, waiting for retry window (24 seconds) to try again
2019-07-29 00:50:25,636	INFO -- Cluster was not stable, waiting for retry window (24 seconds) to try again
2019-07-29 00:50:49,814	INFO -- Cluster was not stable, waiting for retry window (24 seconds) to try again
2019-07-29 00:51:13,994	INFO -- Cluster was not stable, waiting for retry window (24 seconds) to try again
2019-07-29 00:51:38,187	INFO -- Cluster was not stable, waiting for retry window (24 seconds) to try again
2019-07-29 00:52:02,408	INFO -- Cluster was not stable, waiting for retry window (24 seconds) to try again
2019-07-29 00:52:27,080	INFO -- Cluster was stable for 240 seconds till 2019-07-29 00:52:26.432745, calculating best transition
2019-07-29 00:52:27,445	INFO -- Execution was added to the knowledge base with load: 8567.340373532632
2019-07-29 00:52:27,732	INFO -- No node could be shutdown for improvement, because all the resources are needed
2019-07-29 00:52:27,838	INFO -- Costs for all options: current= 0.33501315917968755, removal= inf, old_best= 0.33501315917968755
2019-07-29 00:52:27,838	INFO -- Update step finished: 2019-07-29 00:52:27.838550
2019-07-29 00:52:27,838	INFO -- Current scores
                 Not stable: 0
                 All nodes full: 0
                 Migration correct: 2 wrong: 0 chance blocked: 1
                 Node removal correct: 0 wrong: 0
                 Old state correct: 0 wrong: 0
2019-07-29 00:52:27,838	INFO -- Going to sleep for 240 seconds
2019-07-29 00:56:27,938	INFO -- Time for an update_step iteration! 2019-07-29 00:56:27.938733
2019-07-29 00:56:28,270	INFO -- Cluster was stable for 240 seconds till 2019-07-29 00:56:27.939076, calculating best transition
2019-07-29 00:56:28,672	INFO -- Execution was added to the knowledge base with load: 10285.725587407549
2019-07-29 00:56:29,113	INFO -- No node could be shutdown for improvement, because all the resources are needed
2019-07-29 00:56:29,213	INFO -- Costs for all options: current= 0.33501315917968755, removal= inf, old_best= 0.33501315917968755
2019-07-29 00:56:29,213	INFO -- Update step finished: 2019-07-29 00:56:29.213526
2019-07-29 00:56:29,213	INFO -- Current scores
                 Not stable: 0
                 All nodes full: 0
                 Migration correct: 2 wrong: 0 chance blocked: 2
                 Node removal correct: 0 wrong: 0
                 Old state correct: 0 wrong: 0
2019-07-29 00:56:29,213	INFO -- Going to sleep for 240 seconds
2019-07-29 01:00:29,314	INFO -- Time for an update_step iteration! 2019-07-29 01:00:29.314106
2019-07-29 01:00:29,711	INFO -- Cluster was stable for 240 seconds till 2019-07-29 01:00:29.314976, calculating best transition
2019-07-29 01:00:30,141	INFO -- Execution was added to the knowledge base with load: 10419.857286184655
2019-07-29 01:00:30,432	INFO -- No node could be shutdown for improvement, because all the resources are needed
2019-07-29 01:00:30,600	INFO -- Costs for all options: current= 0.33501315917968755, removal= inf, old_best= 0.3350131591796875
2019-07-29 01:00:30,601	INFO -- Changing to old_best_execution found in time: 2019-07-29 00:56:29.314000
2019-07-29 01:00:31,300	INFO -- went correct
2019-07-29 01:00:31,300	INFO -- Update step finished: 2019-07-29 01:00:31.300818
2019-07-29 01:00:31,301	INFO -- Current scores
                 Not stable: 0
                 All nodes full: 0
                 Migration correct: 2 wrong: 0 chance blocked: 2
                 Node removal correct: 0 wrong: 0
                 Old state correct: 1 wrong: 0
2019-07-29 01:00:31,302	INFO -- Going to sleep for 240 seconds
2019-07-29 01:04:31,402	INFO -- Time for an update_step iteration! 2019-07-29 01:04:31.402765
2019-07-29 01:04:31,776	INFO -- Cluster was not stable, waiting for retry window (24 seconds) to try again
2019-07-29 01:04:56,282	INFO -- Cluster was not stable, waiting for retry window (24 seconds) to try again
2019-07-29 01:05:20,645	INFO -- Cluster was not stable, waiting for retry window (24 seconds) to try again
2019-07-29 01:05:45,079	INFO -- Cluster was not stable, waiting for retry window (24 seconds) to try again
2019-07-29 01:06:09,559	INFO -- Cluster was not stable, waiting for retry window (24 seconds) to try again
2019-07-29 01:06:33,959	INFO -- Cluster was not stable, waiting for retry window (24 seconds) to try again
2019-07-29 01:06:58,402	INFO -- Cluster was not stable, waiting for retry window (24 seconds) to try again
2019-07-29 01:07:23,012	INFO -- Cluster was not stable, waiting for retry window (24 seconds) to try again
2019-07-29 01:07:47,390	INFO -- Cluster was not stable, waiting for retry window (24 seconds) to try again
2019-07-29 01:08:11,799	INFO -- Cluster was not stable, waiting for retry window (24 seconds) to try again
2019-07-29 01:08:36,176	INFO -- Cluster was not stable, waiting for retry window (24 seconds) to try again
2019-07-29 01:09:00,573	INFO -- Cluster was not stable, waiting for retry window (24 seconds) to try again
2019-07-29 01:09:24,993	INFO -- Cluster was not stable, waiting for retry window (24 seconds) to try again
2019-07-29 01:09:49,380	INFO -- Cluster was not stable, waiting for retry window (24 seconds) to try again
2019-07-29 01:10:13,765	INFO -- Cluster was not stable, waiting for retry window (24 seconds) to try again
2019-07-29 01:10:38,154	INFO -- Cluster was stable for 240 seconds till 2019-07-29 01:10:37.781482, calculating best transition
2019-07-29 01:10:38,522	INFO -- Execution was added to the knowledge base with load: 1966.0977786349786
2019-07-29 01:10:39,021	INFO -- Costs for all options: current= 0.33501315917968755, removal= 0.251259854888916, old_best= 0.16750657958984375
2019-07-29 01:10:39,022	INFO -- Changing to old_best_execution found in time: 2019-07-29 00:36:16.090000
2019-07-29 01:10:39,441	INFO -- Deleting pod: php-apache-5f657688bc-xgmmw
2019-07-29 01:13:05,976	INFO -- went wrong: <class 'kubernetes_tools.migrate_pod.VerificationTookTooLongException'>
2019-07-29 01:13:05,977	INFO -- Update step finished: 2019-07-29 01:13:05.977570
2019-07-29 01:13:05,978	INFO -- Current scores
                 Not stable: 0
                 All nodes full: 0
                 Migration correct: 2 wrong: 0 chance blocked: 2
                 Node removal correct: 0 wrong: 0
                 Old state correct: 1 wrong: 1
2019-07-29 01:13:05,978	INFO -- Going to sleep for 240 seconds
2019-07-29 01:17:06,038	INFO -- Time for an update_step iteration! 2019-07-29 01:17:06.038189
2019-07-29 01:17:06,231	INFO -- Cluster was not stable, waiting for retry window (24 seconds) to try again
2019-07-29 01:17:30,439	INFO -- Cluster was not stable, waiting for retry window (24 seconds) to try again
2019-07-29 01:17:54,876	INFO -- Cluster was not stable, waiting for retry window (24 seconds) to try again
2019-07-29 01:18:19,205	INFO -- Cluster was not stable, waiting for retry window (24 seconds) to try again
2019-07-29 01:18:43,405	INFO -- Cluster was not stable, waiting for retry window (24 seconds) to try again
2019-07-29 01:19:07,808	INFO -- Cluster was not stable, waiting for retry window (24 seconds) to try again
2019-07-29 01:19:31,985	INFO -- Cluster was not stable, waiting for retry window (24 seconds) to try again
2019-07-29 01:19:56,209	INFO -- Cluster was not stable, waiting for retry window (24 seconds) to try again
2019-07-29 01:20:20,493	INFO -- Cluster was not stable, waiting for retry window (24 seconds) to try again
2019-07-29 01:20:44,673	INFO -- Cluster was not stable, waiting for retry window (24 seconds) to try again
2019-07-29 01:21:08,960	INFO -- Cluster was not stable, waiting for retry window (24 seconds) to try again
2019-07-29 01:21:33,252	INFO -- Cluster was not stable, waiting for retry window (24 seconds) to try again
2019-07-29 01:21:57,482	INFO -- Cluster was not stable, waiting for retry window (24 seconds) to try again
2019-07-29 01:22:21,665	INFO -- Cluster was not stable, waiting for retry window (24 seconds) to try again
2019-07-29 01:22:45,889	INFO -- Cluster was not stable, waiting for retry window (24 seconds) to try again
2019-07-29 01:23:10,251	INFO -- Cluster was stable for 240 seconds till 2019-07-29 01:23:09.897430, calculating best transition
2019-07-29 01:23:16,238	INFO -- Execution was added to the knowledge base with load: 9309.339056327814
2019-07-29 01:23:16,541	INFO -- No node could be shutdown for improvement, because all the resources are needed
2019-07-29 01:23:16,721	INFO -- Costs for all options: current= 0.3350131591796875, removal= inf, old_best= 0.33501315917968755
2019-07-29 01:23:16,721	INFO -- Update step finished: 2019-07-29 01:23:16.721438
2019-07-29 01:23:16,721	INFO -- Current scores
                 Not stable: 0
                 All nodes full: 0
                 Migration correct: 2 wrong: 0 chance blocked: 3
                 Node removal correct: 0 wrong: 0
                 Old state correct: 1 wrong: 1
2019-07-29 01:23:16,721	INFO -- Going to sleep for 240 seconds
2019-07-29 01:27:16,822	INFO -- Time for an update_step iteration! 2019-07-29 01:27:16.822011
2019-07-29 01:27:17,267	INFO -- Cluster was stable for 240 seconds till 2019-07-29 01:27:16.822808, calculating best transition
2019-07-29 01:27:17,895	INFO -- Execution was added to the knowledge base with load: 10329.83937682686
2019-07-29 01:27:18,255	INFO -- No node could be shutdown for improvement, because all the resources are needed
2019-07-29 01:27:18,604	INFO -- Costs for all options: current= 0.3350131591796875, removal= inf, old_best= 0.3350131591796875
2019-07-29 01:27:18,605	INFO -- Staying with current execution, but randomly changing one random pod
2019-07-29 01:27:19,295	INFO -- moving: php-apache-5f657688bc-zdmpn to gke-demo-cluster-1-default-pool-6f471531-ndw6 using deployment name: php-apache
2019-07-29 01:27:28,972	INFO -- pod php-apache-5f657688bc-zdmpn is deleted
2019-07-29 01:27:29,370	INFO -- Movement succeeded
2019-07-29 01:27:29,939	INFO -- went correct
2019-07-29 01:27:29,940	INFO -- Update step finished: 2019-07-29 01:27:29.940413
2019-07-29 01:27:29,940	INFO -- Current scores
                 Not stable: 0
                 All nodes full: 0
                 Migration correct: 3 wrong: 0 chance blocked: 3
                 Node removal correct: 0 wrong: 0
                 Old state correct: 1 wrong: 1
2019-07-29 01:27:29,941	INFO -- Going to sleep for 240 seconds
2019-07-29 01:31:30,038	INFO -- Time for an update_step iteration! 2019-07-29 01:31:30.038133
2019-07-29 01:31:30,377	INFO -- Cluster was not stable, waiting for retry window (24 seconds) to try again
2019-07-29 01:31:54,923	INFO -- Cluster was stable for 240 seconds till 2019-07-29 01:31:54.387129, calculating best transition
2019-07-29 01:31:55,375	INFO -- Execution was added to the knowledge base with load: 10239.147820552042
2019-07-29 01:31:55,753	INFO -- No node could be shutdown for improvement, because all the resources are needed
2019-07-29 01:31:56,135	INFO -- Costs for all options: current= 0.3350131591796875, removal= inf, old_best= 0.33501315917968755
2019-07-29 01:31:56,135	INFO -- Staying with current execution, but randomly changing one random pod
2019-07-29 01:31:56,788	INFO -- moving: php-apache-5f657688bc-q4wld to gke-demo-cluster-1-default-pool-6f471531-lrc0 using deployment name: php-apache
2019-07-29 01:32:07,845	INFO -- pod php-apache-5f657688bc-q4wld is deleted
2019-07-29 01:32:08,008	INFO -- Movement succeeded
2019-07-29 01:32:08,534	INFO -- went correct
2019-07-29 01:32:08,534	INFO -- Update step finished: 2019-07-29 01:32:08.534794
2019-07-29 01:32:08,535	INFO -- Current scores
                 Not stable: 0
                 All nodes full: 0
                 Migration correct: 4 wrong: 0 chance blocked: 3
                 Node removal correct: 0 wrong: 0
                 Old state correct: 1 wrong: 1
2019-07-29 01:32:08,535	INFO -- Going to sleep for 240 seconds
2019-07-29 01:36:08,608	INFO -- Time for an update_step iteration! 2019-07-29 01:36:08.607976
2019-07-29 01:36:08,994	INFO -- Cluster was not stable, waiting for retry window (24 seconds) to try again
2019-07-29 01:36:33,368	INFO -- Cluster was not stable, waiting for retry window (24 seconds) to try again
2019-07-29 01:36:57,719	INFO -- Cluster was not stable, waiting for retry window (24 seconds) to try again
2019-07-29 01:37:22,095	INFO -- Cluster was not stable, waiting for retry window (24 seconds) to try again
2019-07-29 01:37:46,489	INFO -- Cluster was not stable, waiting for retry window (24 seconds) to try again
2019-07-29 01:38:10,866	INFO -- Cluster was not stable, waiting for retry window (24 seconds) to try again
2019-07-29 01:38:35,355	INFO -- Cluster was not stable, waiting for retry window (24 seconds) to try again
2019-07-29 01:38:59,746	INFO -- Cluster was not stable, waiting for retry window (24 seconds) to try again
2019-07-29 01:39:24,199	INFO -- Cluster was not stable, waiting for retry window (24 seconds) to try again
2019-07-29 01:39:48,567	INFO -- Cluster was not stable, waiting for retry window (24 seconds) to try again
2019-07-29 01:40:12,908	INFO -- Cluster was not stable, waiting for retry window (24 seconds) to try again
2019-07-29 01:40:37,266	INFO -- Cluster was not stable, waiting for retry window (24 seconds) to try again
2019-07-29 01:41:01,627	INFO -- Cluster was not stable, waiting for retry window (24 seconds) to try again
2019-07-29 01:41:26,089	INFO -- Cluster was not stable, waiting for retry window (24 seconds) to try again
2019-07-29 01:41:50,487	INFO -- Cluster was not stable, waiting for retry window (24 seconds) to try again
2019-07-29 01:42:14,928	INFO -- Cluster was stable for 240 seconds till 2019-07-29 01:42:14.511988, calculating best transition
2019-07-29 01:42:15,347	INFO -- Execution was added to the knowledge base with load: 1986.1761156988478
2019-07-29 01:42:15,728	INFO -- Costs for all options: current= 0.3350131591796875, removal= 0.2512598838806152, old_best= 0.16750657958984377
2019-07-29 01:42:15,729	INFO -- Changing to old_best_execution found in time: 2019-07-29 00:32:11.031000
2019-07-29 01:42:16,356	INFO -- moving: php-apache-5f657688bc-4bj8g to gke-demo-cluster-1-default-pool-6f471531-lrc0 using deployment name: php-apache
2019-07-29 01:42:27,954	INFO -- pod php-apache-5f657688bc-4bj8g is deleted
2019-07-29 01:42:28,117	INFO -- Movement succeeded
2019-07-29 01:42:28,624	INFO -- Deleting node: gke-demo-cluster-1-default-pool-6f471531-gjg5
2019-07-29 01:42:29,390	INFO -- Deletion successful, node: gke-demo-cluster-1-default-pool-6f471531-gjg5
2019-07-29 01:42:29,391	INFO -- NODE_REMOVAL=gke-demo-cluster-1-default-pool-6f471531-gjg5
2019-07-29 01:42:29,391	INFO -- Deleting node: gke-demo-cluster-1-default-pool-6f471531-ndw6
2019-07-29 01:42:30,131	INFO -- Deletion successful, node: gke-demo-cluster-1-default-pool-6f471531-ndw6
2019-07-29 01:42:30,132	INFO -- NODE_REMOVAL=gke-demo-cluster-1-default-pool-6f471531-ndw6
2019-07-29 01:42:30,133	INFO -- went correct
2019-07-29 01:42:30,134	INFO -- Update step finished: 2019-07-29 01:42:30.134453
2019-07-29 01:42:30,134	INFO -- Current scores
                 Not stable: 0
                 All nodes full: 0
                 Migration correct: 4 wrong: 0 chance blocked: 3
                 Node removal correct: 0 wrong: 0
                 Old state correct: 2 wrong: 1
2019-07-29 01:42:30,135	INFO -- Going to sleep for 240 seconds
2019-07-29 01:46:30,235	INFO -- Time for an update_step iteration! 2019-07-29 01:46:30.235733
2019-07-29 01:46:30,428	INFO -- Cluster was not stable, waiting for retry window (24 seconds) to try again
2019-07-29 01:46:54,860	INFO -- Cluster was not stable, waiting for retry window (24 seconds) to try again
2019-07-29 01:47:19,562	INFO -- Cluster was not stable, waiting for retry window (24 seconds) to try again
2019-07-29 01:47:43,987	INFO -- Cluster was not stable, waiting for retry window (24 seconds) to try again
2019-07-29 01:48:08,404	INFO -- Cluster was not stable, waiting for retry window (24 seconds) to try again
2019-07-29 01:48:32,889	INFO -- Cluster was not stable, waiting for retry window (24 seconds) to try again
2019-07-29 01:48:57,364	INFO -- Cluster was not stable, waiting for retry window (24 seconds) to try again
2019-07-29 01:49:21,747	INFO -- Cluster was stable for 240 seconds till 2019-07-29 01:49:21.386231, calculating best transition
2019-07-29 01:49:22,133	INFO -- Execution was added to the knowledge base with load: 3624.560100095447
2019-07-29 01:49:22,133	INFO -- went wrong: <class 'SmartKubernetesSchedular.time_window.PodHasScaledWhileAnalysingException'>
2019-07-29 01:49:22,133	INFO -- Update step finished: 2019-07-29 01:49:22.133738
2019-07-29 01:49:22,133	INFO -- Current scores
                 Not stable: 0
                 All nodes full: 0
                 Migration correct: 4 wrong: 0 chance blocked: 3
                 Node removal correct: 0 wrong: 0
                 Old state correct: 2 wrong: 1
2019-07-29 01:49:22,133	INFO -- Going to sleep for 240 seconds
2019-07-29 01:53:22,234	INFO -- Time for an update_step iteration! 2019-07-29 01:53:22.234449
2019-07-29 01:53:23,034	INFO -- Cluster was stable for 240 seconds till 2019-07-29 01:53:22.234781, calculating best transition
2019-07-29 01:53:23,619	INFO -- Execution was added to the knowledge base with load: 8481.156459057713
2019-07-29 01:53:23,619	INFO -- went wrong: <class 'SmartKubernetesSchedular.time_window.PodHasScaledWhileAnalysingException'>
2019-07-29 01:53:23,619	INFO -- Update step finished: 2019-07-29 01:53:23.619976
2019-07-29 01:53:23,620	INFO -- Current scores
                 Not stable: 0
                 All nodes full: 0
                 Migration correct: 4 wrong: 0 chance blocked: 3
                 Node removal correct: 0 wrong: 0
                 Old state correct: 2 wrong: 1
2019-07-29 01:53:23,620	INFO -- Going to sleep for 240 seconds
2019-07-29 01:57:23,638	INFO -- Time for an update_step iteration! 2019-07-29 01:57:23.638077
2019-07-29 01:57:23,904	INFO -- Cluster was not stable, waiting for retry window (24 seconds) to try again
2019-07-29 01:57:48,174	INFO -- Cluster was not stable, waiting for retry window (24 seconds) to try again
2019-07-29 01:58:12,385	INFO -- Cluster was not stable, waiting for retry window (24 seconds) to try again
2019-07-29 01:58:36,786	INFO -- Cluster was not stable, waiting for retry window (24 seconds) to try again
2019-07-29 01:59:01,133	INFO -- Cluster was not stable, waiting for retry window (24 seconds) to try again
2019-07-29 01:59:25,626	INFO -- Cluster was not stable, waiting for retry window (24 seconds) to try again
2019-07-29 01:59:49,944	INFO -- Cluster was not stable, waiting for retry window (24 seconds) to try again
2019-07-29 02:00:14,138	INFO -- Cluster was not stable, waiting for retry window (24 seconds) to try again
2019-07-29 02:00:38,341	INFO -- Cluster was not stable, waiting for retry window (24 seconds) to try again
2019-07-29 02:01:02,539	INFO -- Cluster was not stable, waiting for retry window (24 seconds) to try again
2019-07-29 02:01:26,748	INFO -- Cluster was not stable, waiting for retry window (24 seconds) to try again
2019-07-29 02:01:50,984	INFO -- Cluster was not stable, waiting for retry window (24 seconds) to try again
2019-07-29 02:02:15,174	INFO -- Cluster was not stable, waiting for retry window (24 seconds) to try again
2019-07-29 02:02:39,380	INFO -- Cluster was not stable, waiting for retry window (24 seconds) to try again
2019-07-29 02:03:03,767	INFO -- Cluster was stable for 240 seconds till 2019-07-29 02:03:03.400954, calculating best transition
2019-07-29 02:03:04,365	INFO -- Execution was added to the knowledge base with load: 12004.919667479835
2019-07-29 02:03:04,713	INFO -- No node could be shutdown for improvement, because all the resources are needed
2019-07-29 02:03:04,818	INFO -- Costs for all options: current= 0.41876649246215825, removal= inf, old_best= 0.41876649246215825
2019-07-29 02:03:04,819	INFO -- Update step finished: 2019-07-29 02:03:04.819100
2019-07-29 02:03:04,819	INFO -- Current scores
                 Not stable: 0
                 All nodes full: 0
                 Migration correct: 4 wrong: 0 chance blocked: 4
                 Node removal correct: 0 wrong: 0
                 Old state correct: 2 wrong: 1
2019-07-29 02:03:04,820	INFO -- Going to sleep for 240 seconds
2019-07-29 02:07:04,920	INFO -- Time for an update_step iteration! 2019-07-29 02:07:04.920801
2019-07-29 02:07:05,271	INFO -- Cluster was not stable, waiting for retry window (24 seconds) to try again
2019-07-29 02:07:29,676	INFO -- Cluster was not stable, waiting for retry window (24 seconds) to try again
2019-07-29 02:07:54,040	INFO -- Cluster was not stable, waiting for retry window (24 seconds) to try again
2019-07-29 02:08:18,393	INFO -- Cluster was not stable, waiting for retry window (24 seconds) to try again
2019-07-29 02:08:42,802	INFO -- Cluster was not stable, waiting for retry window (24 seconds) to try again
2019-07-29 02:09:07,181	INFO -- Cluster was not stable, waiting for retry window (24 seconds) to try again
2019-07-29 02:09:31,561	INFO -- Cluster was not stable, waiting for retry window (24 seconds) to try again
2019-07-29 02:09:56,002	INFO -- Cluster was not stable, waiting for retry window (24 seconds) to try again
2019-07-29 02:10:20,371	INFO -- Cluster was not stable, waiting for retry window (24 seconds) to try again
2019-07-29 02:10:44,747	INFO -- Cluster was not stable, waiting for retry window (24 seconds) to try again
2019-07-29 02:11:09,105	INFO -- Cluster was not stable, waiting for retry window (24 seconds) to try again
2019-07-29 02:11:33,494	INFO -- Cluster was stable for 240 seconds till 2019-07-29 02:11:33.110230, calculating best transition
2019-07-29 02:11:33,925	INFO -- Execution was added to the knowledge base with load: 1913.7842217437515
2019-07-29 02:11:34,332	INFO -- Costs for all options: current= 0.41876649246215825, removal= 0.33501318817138676, old_best= 0.3350131591796875
2019-07-29 02:11:34,333	INFO -- Changing to old_best_execution found in time: 2019-07-29 01:06:37.781000
2019-07-29 02:11:34,855	INFO -- Deleting pod: php-apache-5f657688bc-vt2vq
2019-07-29 02:13:54,668	INFO -- went wrong: <class 'kubernetes_tools.migrate_pod.VerificationTookTooLongException'>
2019-07-29 02:13:54,669	INFO -- Update step finished: 2019-07-29 02:13:54.669469
2019-07-29 02:13:54,670	INFO -- Current scores
                 Not stable: 0
                 All nodes full: 0
                 Migration correct: 4 wrong: 0 chance blocked: 4
                 Node removal correct: 0 wrong: 0
                 Old state correct: 2 wrong: 2
2019-07-29 02:13:54,670	INFO -- Going to sleep for 240 seconds
2019-07-29 02:17:54,770	INFO -- Time for an update_step iteration! 2019-07-29 02:17:54.769991
2019-07-29 02:17:55,169	INFO -- Cluster was not stable, waiting for retry window (24 seconds) to try again
2019-07-29 02:18:19,580	INFO -- Cluster was not stable, waiting for retry window (24 seconds) to try again
2019-07-29 02:18:43,818	INFO -- Cluster was not stable, waiting for retry window (24 seconds) to try again
2019-07-29 02:19:08,258	INFO -- Cluster was not stable, waiting for retry window (24 seconds) to try again
2019-07-29 02:19:32,930	INFO -- Cluster was not stable, waiting for retry window (24 seconds) to try again
2019-07-29 02:19:57,398	INFO -- Cluster was not stable, waiting for retry window (24 seconds) to try again
2019-07-29 02:20:21,816	INFO -- Cluster was not stable, waiting for retry window (24 seconds) to try again
2019-07-29 02:20:46,409	INFO -- Cluster was not stable, waiting for retry window (24 seconds) to try again
2019-07-29 02:21:10,804	INFO -- Cluster was not stable, waiting for retry window (24 seconds) to try again
2019-07-29 02:21:35,075	INFO -- Cluster was not stable, waiting for retry window (24 seconds) to try again
2019-07-29 02:21:59,295	INFO -- Cluster was not stable, waiting for retry window (24 seconds) to try again
2019-07-29 02:22:23,577	INFO -- Cluster was not stable, waiting for retry window (24 seconds) to try again
2019-07-29 02:22:47,991	INFO -- Cluster was not stable, waiting for retry window (24 seconds) to try again
2019-07-29 02:23:12,404	INFO -- Cluster was stable for 240 seconds till 2019-07-29 02:23:12.015683, calculating best transition
2019-07-29 02:23:13,338	INFO -- Execution was added to the knowledge base with load: 9531.724177334952
2019-07-29 02:23:13,900	INFO -- No node could be shutdown for improvement, because all the resources are needed
2019-07-29 02:23:14,301	INFO -- Costs for all options: current= 0.33501318817138676, removal= inf, old_best= 0.33501315917968755
2019-07-29 02:23:14,301	INFO -- Changing to old_best_execution found in time: 2019-07-29 01:27:54.387000
2019-07-29 02:23:15,468	INFO -- Deleting pod: php-apache-5f657688bc-xpsjh
2019-07-29 02:24:20,245	INFO -- Deletion pod: php-apache-5f657688bc-xpsjh successful
2019-07-29 02:24:20,491	INFO -- went wrong: <class 'SmartKubernetesSchedular.enforcer.PodHasScaledWhileEnforcingException'>
2019-07-29 02:24:20,492	INFO -- Update step finished: 2019-07-29 02:24:20.492148
2019-07-29 02:24:20,492	INFO -- Current scores
                 Not stable: 0
                 All nodes full: 0
                 Migration correct: 4 wrong: 0 chance blocked: 4
                 Node removal correct: 0 wrong: 0
                 Old state correct: 2 wrong: 3
2019-07-29 02:24:20,492	INFO -- Going to sleep for 240 seconds
2019-07-29 02:28:20,590	INFO -- Time for an update_step iteration! 2019-07-29 02:28:20.590049
2019-07-29 02:28:20,991	INFO -- Cluster was not stable, waiting for retry window (24 seconds) to try again
2019-07-29 02:28:45,427	INFO -- Cluster was stable for 240 seconds till 2019-07-29 02:28:45.016792, calculating best transition
2019-07-29 02:28:46,083	INFO -- Execution was added to the knowledge base with load: 10080.957992158068
2019-07-29 02:28:46,739	INFO -- Costs for all options: current= 0.41876649246215825, removal= 0.33501318817138676, old_best= 0.3350131591796875
2019-07-29 02:28:46,740	INFO -- Changing to old_best_execution found in time: 2019-07-29 01:23:16.822000
2019-07-29 02:28:47,358	INFO -- Deleting pod: php-apache-5f657688bc-x5fcj
2019-07-29 02:28:56,454	INFO -- Deletion pod: php-apache-5f657688bc-x5fcj successful
2019-07-29 02:28:57,108	INFO -- Deleting node: gke-demo-cluster-1-default-pool-6f471531-98z9
2019-07-29 02:28:58,071	INFO -- Deletion successful, node: gke-demo-cluster-1-default-pool-6f471531-98z9
2019-07-29 02:28:58,071	INFO -- NODE_REMOVAL=gke-demo-cluster-1-default-pool-6f471531-98z9
2019-07-29 02:28:58,071	INFO -- went correct
2019-07-29 02:28:58,072	INFO -- Update step finished: 2019-07-29 02:28:58.072179
2019-07-29 02:28:58,072	INFO -- Current scores
                 Not stable: 0
                 All nodes full: 0
                 Migration correct: 4 wrong: 0 chance blocked: 4
                 Node removal correct: 0 wrong: 0
                 Old state correct: 3 wrong: 3
2019-07-29 02:28:58,072	INFO -- Going to sleep for 240 seconds
2019-07-29 02:32:58,117	INFO -- Time for an update_step iteration! 2019-07-29 02:32:58.117817
2019-07-29 02:32:58,296	INFO -- Cluster was not stable, waiting for retry window (24 seconds) to try again
2019-07-29 02:33:22,716	INFO -- Cluster was not stable, waiting for retry window (24 seconds) to try again
2019-07-29 02:33:47,088	INFO -- Cluster was not stable, waiting for retry window (24 seconds) to try again
2019-07-29 02:34:11,752	INFO -- Cluster was not stable, waiting for retry window (24 seconds) to try again
2019-07-29 02:34:36,159	INFO -- Cluster was not stable, waiting for retry window (24 seconds) to try again
2019-07-29 02:35:00,498	INFO -- Cluster was not stable, waiting for retry window (24 seconds) to try again
2019-07-29 02:35:24,904	INFO -- Cluster was not stable, waiting for retry window (24 seconds) to try again
2019-07-29 02:35:49,385	INFO -- Cluster was not stable, waiting for retry window (24 seconds) to try again
2019-07-29 02:36:13,820	INFO -- Cluster was not stable, waiting for retry window (24 seconds) to try again
2019-07-29 02:36:38,222	INFO -- Cluster was not stable, waiting for retry window (24 seconds) to try again
2019-07-29 02:37:02,600	INFO -- Cluster was not stable, waiting for retry window (24 seconds) to try again
2019-07-29 02:37:27,089	INFO -- Cluster was not stable, waiting for retry window (24 seconds) to try again
2019-07-29 02:37:51,498	INFO -- Cluster was not stable, waiting for retry window (24 seconds) to try again
2019-07-29 02:38:15,919	INFO -- Cluster was not stable, waiting for retry window (24 seconds) to try again
2019-07-29 02:38:40,293	INFO -- Cluster was not stable, waiting for retry window (24 seconds) to try again
2019-07-29 02:39:04,714	INFO -- Cluster was not stable, waiting for retry window (24 seconds) to try again
2019-07-29 02:39:29,101	INFO -- Cluster was not stable, waiting for retry window (24 seconds) to try again
2019-07-29 02:39:53,489	INFO -- Cluster was not stable, waiting for retry window (24 seconds) to try again
2019-07-29 02:40:17,956	INFO -- Cluster was not stable, waiting for retry window (24 seconds) to try again
2019-07-29 02:40:42,317	INFO -- Cluster was not stable, waiting for retry window (24 seconds) to try again
2019-07-29 02:41:06,688	INFO -- Cluster was stable for 240 seconds till 2019-07-29 02:41:06.342174, calculating best transition
2019-07-29 02:41:07,091	INFO -- Execution was added to the knowledge base with load: 1932.8047422078896
2019-07-29 02:41:07,415	INFO -- Costs for all options: current= 0.33501318817138676, removal= 0.2512598838806152, old_best= 0.33501315917968755
2019-07-29 02:41:07,415	INFO -- Removing node: gke-demo-cluster-1-default-pool-6f471531-gjg5
2019-07-29 02:41:07,829	INFO -- moving: php-apache-5f657688bc-fxghw to gke-demo-cluster-1-default-pool-6f471531-mchs using deployment name: php-apache
2019-07-29 02:41:08,613	INFO -- pod php-apache-5f657688bc-fxghw is deleted
2019-07-29 02:41:24,059	INFO -- went wrong: <class 'kubernetes_tools.migrate_pod.VerificationTookTooLongException'>
2019-07-29 02:41:24,061	INFO -- Update step finished: 2019-07-29 02:41:24.061029
2019-07-29 02:41:24,061	INFO -- Current scores
                 Not stable: 0
                 All nodes full: 0
                 Migration correct: 4 wrong: 0 chance blocked: 4
                 Node removal correct: 0 wrong: 1
                 Old state correct: 3 wrong: 3
2019-07-29 02:41:24,062	INFO -- Going to sleep for 240 seconds
2019-07-29 02:45:24,119	INFO -- Time for an update_step iteration! 2019-07-29 02:45:24.119204
2019-07-29 02:45:24,515	INFO -- Cluster was not stable, waiting for retry window (24 seconds) to try again
2019-07-29 02:45:48,951	INFO -- Cluster was not stable, waiting for retry window (24 seconds) to try again
2019-07-29 02:46:13,423	INFO -- Cluster was not stable, waiting for retry window (24 seconds) to try again
2019-07-29 02:46:37,866	INFO -- Cluster was not stable, waiting for retry window (24 seconds) to try again
2019-07-29 02:47:02,096	INFO -- Cluster was not stable, waiting for retry window (24 seconds) to try again
2019-07-29 02:47:26,422	INFO -- Cluster was not stable, waiting for retry window (24 seconds) to try again
2019-07-29 02:47:50,622	INFO -- Cluster was not stable, waiting for retry window (24 seconds) to try again
2019-07-29 02:48:14,821	INFO -- Cluster was not stable, waiting for retry window (24 seconds) to try again
2019-07-29 02:48:39,265	INFO -- Cluster was not stable, waiting for retry window (24 seconds) to try again
2019-07-29 02:49:03,524	INFO -- Cluster was not stable, waiting for retry window (24 seconds) to try again
2019-07-29 02:49:27,910	INFO -- Cluster was not stable, waiting for retry window (24 seconds) to try again
2019-07-29 02:49:52,311	INFO -- Cluster was not stable, waiting for retry window (24 seconds) to try again
2019-07-29 02:50:16,690	INFO -- Cluster was not stable, waiting for retry window (24 seconds) to try again
2019-07-29 02:50:41,096	INFO -- Cluster was not stable, waiting for retry window (24 seconds) to try again
2019-07-29 02:51:05,499	INFO -- Cluster was not stable, waiting for retry window (24 seconds) to try again
2019-07-29 02:51:30,008	INFO -- Cluster was not stable, waiting for retry window (24 seconds) to try again
2019-07-29 02:51:54,368	INFO -- Cluster was not stable, waiting for retry window (24 seconds) to try again
2019-07-29 02:52:18,801	INFO -- Cluster was stable for 240 seconds till 2019-07-29 02:52:18.372118, calculating best transition
2019-07-29 02:52:19,255	INFO -- Execution was added to the knowledge base with load: 8995.29325909531
2019-07-29 02:52:19,557	INFO -- No node could be shutdown for improvement, because all the resources are needed
2019-07-29 02:52:19,786	INFO -- Costs for all options: current= 0.33501318817138676, removal= inf, old_best= 0.33501315917968755
2019-07-29 02:52:19,786	INFO -- Changing to old_best_execution found in time: 2019-07-29 00:48:26.432000
2019-07-29 02:52:20,459	INFO -- moving: php-apache-5f657688bc-xhl44 to gke-demo-cluster-1-default-pool-6f471531-mchs using deployment name: php-apache
2019-07-29 02:52:30,756	INFO -- pod php-apache-5f657688bc-xhl44 is deleted
2019-07-29 02:52:30,935	INFO -- Movement succeeded
2019-07-29 02:52:31,548	INFO -- moving: php-apache-5f657688bc-m6rbb to gke-demo-cluster-1-default-pool-6f471531-lrc0 using deployment name: php-apache
2019-07-29 02:52:40,749	INFO -- pod php-apache-5f657688bc-m6rbb is deleted
2019-07-29 02:52:40,992	INFO -- Movement succeeded
2019-07-29 02:52:41,727	INFO -- Creating pod: php-apache on gke-demo-cluster-1-default-pool-6f471531-mchs
2019-07-29 02:52:44,610	INFO -- Addition succeeded, pod name: php-apache-5f657688bc-ljrn2
2019-07-29 02:52:45,325	INFO -- went correct
2019-07-29 02:52:45,325	INFO -- Update step finished: 2019-07-29 02:52:45.325808
2019-07-29 02:52:45,325	INFO -- Current scores
                 Not stable: 0
                 All nodes full: 0
                 Migration correct: 4 wrong: 0 chance blocked: 4
                 Node removal correct: 0 wrong: 1
                 Old state correct: 4 wrong: 3
2019-07-29 02:52:45,326	INFO -- Going to sleep for 240 seconds
2019-07-29 02:56:45,426	INFO -- Time for an update_step iteration! 2019-07-29 02:56:45.426151
2019-07-29 02:56:45,877	INFO -- Cluster was not stable, waiting for retry window (24 seconds) to try again
2019-07-29 02:57:10,227	INFO -- Cluster was stable for 240 seconds till 2019-07-29 02:57:09.877977, calculating best transition
2019-07-29 02:57:10,598	INFO -- Execution was added to the knowledge base with load: 10369.801205319982
2019-07-29 02:57:10,831	INFO -- No node could be shutdown for improvement, because all the resources are needed
2019-07-29 02:57:10,914	INFO -- Costs for all options: current= 0.33501318817138676, removal= inf, old_best= 0.33501315917968755
2019-07-29 02:57:10,915	INFO -- Changing to old_best_execution found in time: 2019-07-29 00:52:27.939000
2019-07-29 02:57:11,415	INFO -- went correct
2019-07-29 02:57:11,415	INFO -- Update step finished: 2019-07-29 02:57:11.415253
2019-07-29 02:57:11,415	INFO -- Current scores
                 Not stable: 0
                 All nodes full: 0
                 Migration correct: 4 wrong: 0 chance blocked: 4
                 Node removal correct: 0 wrong: 1
                 Old state correct: 5 wrong: 3
2019-07-29 02:57:11,415	INFO -- Going to sleep for 240 seconds
2019-07-29 03:01:11,502	INFO -- Time for an update_step iteration! 2019-07-29 03:01:11.502376
2019-07-29 03:01:11,875	INFO -- Cluster was stable for 240 seconds till 2019-07-29 03:01:11.502768, calculating best transition
2019-07-29 03:01:12,387	INFO -- Execution was added to the knowledge base with load: 10176.17628532454
2019-07-29 03:01:12,604	INFO -- No node could be shutdown for improvement, because all the resources are needed
2019-07-29 03:01:12,738	INFO -- Costs for all options: current= 0.33501318817138676, removal= inf, old_best= 0.33501315917968755
2019-07-29 03:01:12,739	INFO -- Changing to old_best_execution found in time: 2019-07-29 01:19:09.897000
2019-07-29 03:01:13,291	INFO -- went correct
2019-07-29 03:01:13,292	INFO -- Update step finished: 2019-07-29 03:01:13.292169
2019-07-29 03:01:13,292	INFO -- Current scores
                 Not stable: 0
                 All nodes full: 0
                 Migration correct: 4 wrong: 0 chance blocked: 4
                 Node removal correct: 0 wrong: 1
                 Old state correct: 6 wrong: 3
2019-07-29 03:01:13,292	INFO -- Going to sleep for 240 seconds
2019-07-29 03:05:13,302	INFO -- Time for an update_step iteration! 2019-07-29 03:05:13.302309
2019-07-29 03:05:13,703	INFO -- Cluster was not stable, waiting for retry window (24 seconds) to try again
2019-07-29 03:05:38,093	INFO -- Cluster was not stable, waiting for retry window (24 seconds) to try again
2019-07-29 03:06:02,515	INFO -- Cluster was not stable, waiting for retry window (24 seconds) to try again
2019-07-29 03:06:26,918	INFO -- Cluster was not stable, waiting for retry window (24 seconds) to try again
2019-07-29 03:06:51,297	INFO -- Cluster was not stable, waiting for retry window (24 seconds) to try again
2019-07-29 03:07:15,702	INFO -- Cluster was not stable, waiting for retry window (24 seconds) to try again
2019-07-29 03:07:40,091	INFO -- Cluster was not stable, waiting for retry window (24 seconds) to try again
2019-07-29 03:08:04,567	INFO -- Cluster was not stable, waiting for retry window (24 seconds) to try again
2019-07-29 03:08:28,948	INFO -- Cluster was not stable, waiting for retry window (24 seconds) to try again
2019-07-29 03:08:53,302	INFO -- Cluster was not stable, waiting for retry window (24 seconds) to try again
2019-07-29 03:09:17,708	INFO -- Cluster was not stable, waiting for retry window (24 seconds) to try again
2019-07-29 03:09:42,085	INFO -- Cluster was not stable, waiting for retry window (24 seconds) to try again
2019-07-29 03:10:07,085	INFO -- Cluster was not stable, waiting for retry window (24 seconds) to try again
2019-07-29 03:10:31,487	INFO -- Cluster was not stable, waiting for retry window (24 seconds) to try again
2019-07-29 03:10:55,864	INFO -- Cluster was not stable, waiting for retry window (24 seconds) to try again
2019-07-29 03:11:20,265	INFO -- Cluster was not stable, waiting for retry window (24 seconds) to try again
2019-07-29 03:11:44,631	INFO -- Cluster was not stable, waiting for retry window (24 seconds) to try again
2019-07-29 03:12:09,051	INFO -- Cluster was stable for 240 seconds till 2019-07-29 03:12:08.656212, calculating best transition
2019-07-29 03:12:09,530	INFO -- Execution was added to the knowledge base with load: 1966.9236025534408
2019-07-29 03:12:09,813	INFO -- Costs for all options: current= 0.33501318817138676, removal= 0.25125988388061526, old_best= 0.33501315917968755
2019-07-29 03:12:09,814	INFO -- Removing node: gke-demo-cluster-1-default-pool-6f471531-mchs
2019-07-29 03:12:10,091	INFO -- Deleting node: gke-demo-cluster-1-default-pool-6f471531-mchs
2019-07-29 03:12:11,430	INFO -- Deletion successful, node: gke-demo-cluster-1-default-pool-6f471531-mchs
2019-07-29 03:12:11,431	INFO -- NODE_REMOVAL=gke-demo-cluster-1-default-pool-6f471531-mchs
2019-07-29 03:12:11,432	INFO -- went correct
2019-07-29 03:12:11,433	INFO -- Update step finished: 2019-07-29 03:12:11.433269
2019-07-29 03:12:11,433	INFO -- Current scores
                 Not stable: 0
                 All nodes full: 0
                 Migration correct: 4 wrong: 0 chance blocked: 4
                 Node removal correct: 1 wrong: 1
                 Old state correct: 6 wrong: 3
2019-07-29 03:12:11,434	INFO -- Going to sleep for 240 seconds
2019-07-29 03:16:11,508	INFO -- Time for an update_step iteration! 2019-07-29 03:16:11.508042
2019-07-29 03:16:11,698	INFO -- Cluster was not stable, waiting for retry window (24 seconds) to try again
2019-07-29 03:16:35,893	INFO -- Cluster was not stable, waiting for retry window (24 seconds) to try again
2019-07-29 03:17:00,137	INFO -- Cluster was not stable, waiting for retry window (24 seconds) to try again
2019-07-29 03:17:24,606	INFO -- Cluster was not stable, waiting for retry window (24 seconds) to try again
2019-07-29 03:17:49,147	INFO -- Cluster was not stable, waiting for retry window (24 seconds) to try again
2019-07-29 03:18:13,850	INFO -- Cluster was not stable, waiting for retry window (24 seconds) to try again
2019-07-29 03:18:38,145	INFO -- Cluster was not stable, waiting for retry window (24 seconds) to try again
2019-07-29 03:19:02,448	INFO -- Cluster was not stable, waiting for retry window (24 seconds) to try again
2019-07-29 03:19:26,671	INFO -- Cluster was not stable, waiting for retry window (24 seconds) to try again
2019-07-29 03:19:51,134	INFO -- Cluster was not stable, waiting for retry window (24 seconds) to try again
2019-07-29 03:20:15,453	INFO -- Cluster was not stable, waiting for retry window (24 seconds) to try again
2019-07-29 03:20:39,713	INFO -- Cluster was not stable, waiting for retry window (24 seconds) to try again
2019-07-29 03:21:03,906	INFO -- Cluster was not stable, waiting for retry window (24 seconds) to try again
2019-07-29 03:21:28,172	INFO -- Cluster was not stable, waiting for retry window (24 seconds) to try again
2019-07-29 03:21:52,357	INFO -- Cluster was not stable, waiting for retry window (24 seconds) to try again
2019-07-29 03:22:16,572	INFO -- Cluster was not stable, waiting for retry window (24 seconds) to try again
2019-07-29 03:22:41,010	INFO -- Cluster was not stable, waiting for retry window (24 seconds) to try again
2019-07-29 03:23:05,196	INFO -- Cluster was not stable, waiting for retry window (24 seconds) to try again
2019-07-29 03:23:29,714	INFO -- Cluster was not stable, waiting for retry window (24 seconds) to try again
2019-07-29 03:23:54,111	INFO -- Cluster was not stable, waiting for retry window (24 seconds) to try again
2019-07-29 03:24:18,341	INFO -- Cluster was not stable, waiting for retry window (24 seconds) to try again
2019-07-29 03:24:42,796	INFO -- Cluster was not stable, waiting for retry window (24 seconds) to try again
2019-07-29 03:25:07,286	INFO -- Cluster was not stable, waiting for retry window (24 seconds) to try again
2019-07-29 03:25:31,553	INFO -- Cluster was not stable, waiting for retry window (24 seconds) to try again
2019-07-29 03:25:55,764	INFO -- Cluster was not stable, waiting for retry window (24 seconds) to try again
2019-07-29 03:26:19,957	INFO -- Cluster was not stable, waiting for retry window (24 seconds) to try again
2019-07-29 03:26:44,201	INFO -- Cluster was not stable, waiting for retry window (24 seconds) to try again
2019-07-29 03:27:08,393	INFO -- Cluster was not stable, waiting for retry window (24 seconds) to try again
2019-07-29 03:27:32,606	INFO -- Cluster was not stable, waiting for retry window (24 seconds) to try again
2019-07-29 03:27:57,256	INFO -- Cluster was not stable, waiting for retry window (24 seconds) to try again
2019-07-29 03:28:21,732	INFO -- Cluster was not stable, waiting for retry window (24 seconds) to try again
2019-07-29 03:28:46,184	INFO -- Cluster was not stable, waiting for retry window (24 seconds) to try again
2019-07-29 03:29:10,678	INFO -- Cluster was not stable, waiting for retry window (24 seconds) to try again
2019-07-29 03:29:35,095	INFO -- Cluster was not stable, waiting for retry window (24 seconds) to try again
2019-07-29 03:29:59,599	INFO -- Cluster was not stable, waiting for retry window (24 seconds) to try again
2019-07-29 03:30:23,986	INFO -- Cluster was not stable, waiting for retry window (24 seconds) to try again
2019-07-29 03:30:48,344	INFO -- Cluster was not stable, waiting for retry window (24 seconds) to try again
2019-07-29 03:31:12,702	INFO -- Cluster was not stable, waiting for retry window (24 seconds) to try again
2019-07-29 03:31:37,203	INFO -- Cluster was not stable, waiting for retry window (24 seconds) to try again
2019-07-29 03:32:01,602	INFO -- Cluster was not stable, waiting for retry window (24 seconds) to try again
2019-07-29 03:32:25,972	INFO -- Cluster was not stable, waiting for retry window (24 seconds) to try again
2019-07-29 03:32:50,341	INFO -- Cluster was not stable, waiting for retry window (24 seconds) to try again
2019-07-29 03:33:14,705	INFO -- Cluster was not stable, waiting for retry window (24 seconds) to try again
2019-07-29 03:33:39,187	INFO -- Cluster was not stable, waiting for retry window (24 seconds) to try again
2019-07-29 03:34:03,596	INFO -- Cluster was not stable, waiting for retry window (24 seconds) to try again
2019-07-29 03:34:27,971	INFO -- Cluster was not stable, waiting for retry window (24 seconds) to try again
2019-07-29 03:34:52,368	INFO -- Cluster was not stable, waiting for retry window (24 seconds) to try again
2019-07-29 03:35:16,750	INFO -- Cluster was not stable, waiting for retry window (24 seconds) to try again
2019-07-29 03:35:41,388	INFO -- Cluster was not stable, waiting for retry window (24 seconds) to try again
2019-07-29 03:36:05,740	INFO -- Cluster was not stable, waiting for retry window (24 seconds) to try again
2019-07-29 03:36:30,103	INFO -- Cluster was not stable, waiting for retry window (24 seconds) to try again
2019-07-29 03:36:54,473	INFO -- Cluster was not stable, waiting for retry window (24 seconds) to try again
2019-07-29 03:37:18,875	INFO -- Cluster was not stable, waiting for retry window (24 seconds) to try again
2019-07-29 03:37:43,271	INFO -- Cluster was not stable, waiting for retry window (24 seconds) to try again
2019-07-29 03:38:07,638	INFO -- Cluster was not stable, waiting for retry window (24 seconds) to try again
2019-07-29 03:38:32,002	INFO -- Cluster was not stable, waiting for retry window (24 seconds) to try again
2019-07-29 03:38:56,200	INFO -- Cluster was not stable, waiting for retry window (24 seconds) to try again
2019-07-29 03:39:20,398	INFO -- Cluster was not stable, waiting for retry window (24 seconds) to try again
2019-07-29 03:39:44,576	INFO -- Cluster was not stable, waiting for retry window (24 seconds) to try again
2019-07-29 03:40:08,982	INFO -- Cluster was not stable, waiting for retry window (24 seconds) to try again
2019-07-29 03:40:33,175	INFO -- Cluster was not stable, waiting for retry window (24 seconds) to try again
2019-07-29 03:40:57,376	INFO -- Cluster was not stable, waiting for retry window (24 seconds) to try again
2019-07-29 03:41:21,613	INFO -- Cluster was not stable, waiting for retry window (24 seconds) to try again
2019-07-29 03:41:45,991	INFO -- Cluster was not stable, waiting for retry window (24 seconds) to try again
2019-07-29 03:42:10,187	INFO -- Cluster was not stable, waiting for retry window (24 seconds) to try again
2019-07-29 03:42:34,376	INFO -- Cluster was not stable, waiting for retry window (24 seconds) to try again
2019-07-29 03:42:58,577	INFO -- Cluster was not stable, waiting for retry window (24 seconds) to try again
2019-07-29 03:43:22,770	INFO -- Cluster was not stable, waiting for retry window (24 seconds) to try again
2019-07-29 03:43:47,355	INFO -- Cluster was not stable, waiting for retry window (24 seconds) to try again
2019-07-29 03:44:11,840	INFO -- Cluster was not stable, waiting for retry window (24 seconds) to try again
2019-07-29 03:44:36,231	INFO -- Cluster was not stable, waiting for retry window (24 seconds) to try again
2019-07-29 03:45:00,696	INFO -- Cluster was not stable, waiting for retry window (24 seconds) to try again
2019-07-29 03:45:25,093	INFO -- Cluster was not stable, waiting for retry window (24 seconds) to try again
2019-07-29 03:45:49,507	INFO -- Cluster was not stable, waiting for retry window (24 seconds) to try again
2019-07-29 03:46:13,864	INFO -- Cluster was not stable, waiting for retry window (24 seconds) to try again
2019-07-29 03:46:38,246	INFO -- Cluster was not stable, waiting for retry window (24 seconds) to try again
2019-07-29 03:47:02,653	INFO -- Cluster was not stable, waiting for retry window (24 seconds) to try again
2019-07-29 03:47:27,313	INFO -- Cluster was not stable, waiting for retry window (24 seconds) to try again
2019-07-29 03:47:51,723	INFO -- Cluster was not stable, waiting for retry window (24 seconds) to try again
2019-07-29 03:48:16,116	INFO -- Cluster was not stable, waiting for retry window (24 seconds) to try again
2019-07-29 03:48:40,571	INFO -- Cluster was not stable, waiting for retry window (24 seconds) to try again
2019-07-29 03:49:04,799	INFO -- Cluster was not stable, waiting for retry window (24 seconds) to try again
2019-07-29 03:49:29,011	INFO -- Cluster was not stable, waiting for retry window (24 seconds) to try again
2019-07-29 03:49:53,286	INFO -- Cluster was not stable, waiting for retry window (24 seconds) to try again
2019-07-29 03:50:17,493	INFO -- Cluster was not stable, waiting for retry window (24 seconds) to try again
2019-07-29 03:50:41,688	INFO -- Cluster was not stable, waiting for retry window (24 seconds) to try again
2019-07-29 03:51:05,880	INFO -- Cluster was not stable, waiting for retry window (24 seconds) to try again
2019-07-29 03:51:30,106	INFO -- Cluster was not stable, waiting for retry window (24 seconds) to try again
2019-07-29 03:51:54,318	INFO -- Cluster was not stable, waiting for retry window (24 seconds) to try again
2019-07-29 03:52:18,514	INFO -- Cluster was not stable, waiting for retry window (24 seconds) to try again
2019-07-29 03:52:43,026	INFO -- Cluster was not stable, waiting for retry window (24 seconds) to try again
2019-07-29 03:53:07,401	INFO -- Cluster was stable for 240 seconds till 2019-07-29 03:53:07.050175, calculating best transition
2019-07-29 03:53:08,148	INFO -- Execution was added to the knowledge base with load: 9372.000438233197
2019-07-29 03:53:08,339	INFO -- No node could be shutdown for improvement, because all the resources are needed
2019-07-29 03:53:08,663	INFO -- Costs for all options: current= 0.3350131881713867, removal= inf, old_best= 0.33501318817138676
2019-07-29 03:53:08,664	INFO -- Update step finished: 2019-07-29 03:53:08.664011
2019-07-29 03:53:08,664	INFO -- Current scores
                 Not stable: 0
                 All nodes full: 0
                 Migration correct: 4 wrong: 0 chance blocked: 5
                 Node removal correct: 1 wrong: 1
                 Old state correct: 6 wrong: 3
2019-07-29 03:53:08,664	INFO -- Going to sleep for 240 seconds
2019-07-29 03:57:08,672	INFO -- Time for an update_step iteration! 2019-07-29 03:57:08.672321
2019-07-29 03:57:09,041	INFO -- Cluster was stable for 240 seconds till 2019-07-29 03:57:08.672729, calculating best transition
2019-07-29 03:57:09,448	INFO -- Execution was added to the knowledge base with load: 10253.0990253977
2019-07-29 03:57:09,798	INFO -- No node could be shutdown for improvement, because all the resources are needed
2019-07-29 03:57:10,220	INFO -- Costs for all options: current= 0.3350131881713867, removal= inf, old_best= 0.33501318817138676
2019-07-29 03:57:10,220	INFO -- Update step finished: 2019-07-29 03:57:10.220548
2019-07-29 03:57:10,220	INFO -- Current scores
                 Not stable: 0
                 All nodes full: 0
                 Migration correct: 4 wrong: 0 chance blocked: 6
                 Node removal correct: 1 wrong: 1
                 Old state correct: 6 wrong: 3
2019-07-29 03:57:10,221	INFO -- Going to sleep for 240 seconds
2019-07-29 04:01:10,321	INFO -- Time for an update_step iteration! 2019-07-29 04:01:10.321508
2019-07-29 04:01:10,756	INFO -- Cluster was stable for 240 seconds till 2019-07-29 04:01:10.322343, calculating best transition
2019-07-29 04:01:11,272	INFO -- Execution was added to the knowledge base with load: 10331.153750086445
2019-07-29 04:01:11,585	INFO -- No node could be shutdown for improvement, because all the resources are needed
2019-07-29 04:01:12,259	INFO -- Costs for all options: current= 0.3350131881713867, removal= inf, old_best= 0.33501318817138676
2019-07-29 04:01:12,260	INFO -- Staying with current execution, but randomly changing one random pod
2019-07-29 04:01:12,926	INFO -- moving: php-apache-5f657688bc-grsnn to gke-demo-cluster-1-default-pool-6f471531-qh4s using deployment name: php-apache
2019-07-29 04:01:18,071	INFO -- pod php-apache-5f657688bc-grsnn is deleted
2019-07-29 04:01:18,215	INFO -- Movement succeeded
2019-07-29 04:01:18,682	INFO -- went correct
2019-07-29 04:01:18,683	INFO -- Update step finished: 2019-07-29 04:01:18.683604
2019-07-29 04:01:18,684	INFO -- Current scores
                 Not stable: 0
                 All nodes full: 0
                 Migration correct: 5 wrong: 0 chance blocked: 6
                 Node removal correct: 1 wrong: 1
                 Old state correct: 6 wrong: 3
2019-07-29 04:01:18,684	INFO -- Going to sleep for 240 seconds
