2019-07-14 16:08:39,746	INFO -- Graphdatabase emptied
2019-07-14 16:08:39,746	INFO -- Waiting for warmup to finish. 300 seconds
2019-07-14 16:13:39,818	INFO -- Settings: settings-php_apache_no_migration.json
2019-07-14 16:13:39,819	INFO -- Time for an update_step iteration! 2019-07-14 16:13:39.819144
2019-07-14 16:13:41,374	INFO -- Cluster was stable for 150 seconds till 2019-07-14 16:13:39.819467, calculating best transition
2019-07-14 16:13:41,864	INFO -- Execution was added to the knowledge base with load: 3001.888755160494
2019-07-14 16:13:42,228	INFO -- No node could be shutdown for improvement, because all nodes have a statefull set
2019-07-14 16:13:42,555	INFO -- Costs for all options: current= 0.20716721986694336, removal= inf, old_best= 0.20716721986694336
2019-07-14 16:13:42,556	INFO -- Update step finished: 2019-07-14 16:13:42.556257
2019-07-14 16:13:42,556	INFO -- Current scores
                 Not stable: 0
                 All nodes full: 0
                 Migration correct: 0 wrong: 0 chance blocked: 1
                 Node removal correct: 0 wrong: 0
                 Old state correct: 0 wrong: 0
2019-07-14 16:13:42,557	INFO -- Going back to sleep
2019-07-14 16:16:12,658	INFO -- Time for an update_step iteration! 2019-07-14 16:16:12.658194
2019-07-14 16:16:13,169	INFO -- Cluster was stable for 150 seconds till 2019-07-14 16:16:12.659011, calculating best transition
2019-07-14 16:16:13,710	INFO -- Execution was added to the knowledge base with load: 3370.1777777777784
2019-07-14 16:16:14,052	INFO -- No node could be shutdown for improvement, because all nodes have a statefull set
2019-07-14 16:16:14,201	INFO -- Costs for all options: current= 0.20716721986694336, removal= inf, old_best= 0.20716721986694336
2019-07-14 16:16:14,202	INFO -- Update step finished: 2019-07-14 16:16:14.201963
2019-07-14 16:16:14,202	INFO -- Current scores
                 Not stable: 0
                 All nodes full: 0
                 Migration correct: 0 wrong: 0 chance blocked: 2
                 Node removal correct: 0 wrong: 0
                 Old state correct: 0 wrong: 0
2019-07-14 16:16:14,203	INFO -- Going back to sleep
2019-07-14 16:18:44,303	INFO -- Time for an update_step iteration! 2019-07-14 16:18:44.303652
2019-07-14 16:18:45,288	INFO -- Cluster was stable for 150 seconds till 2019-07-14 16:18:44.304425, calculating best transition
2019-07-14 16:18:45,739	INFO -- Execution was added to the knowledge base with load: 3205.517295848282
2019-07-14 16:18:46,026	INFO -- No node could be shutdown for improvement, because all nodes have a statefull set
2019-07-14 16:18:46,534	INFO -- Costs for all options: current= 0.20716721986694336, removal= inf, old_best= 0.20716721986694336
2019-07-14 16:18:46,535	INFO -- Update step finished: 2019-07-14 16:18:46.535070
2019-07-14 16:18:46,535	INFO -- Current scores
                 Not stable: 0
                 All nodes full: 0
                 Migration correct: 0 wrong: 0 chance blocked: 3
                 Node removal correct: 0 wrong: 0
                 Old state correct: 0 wrong: 0
2019-07-14 16:18:46,536	INFO -- Going back to sleep
2019-07-14 16:21:16,541	INFO -- Time for an update_step iteration! 2019-07-14 16:21:16.541490
2019-07-14 16:21:17,199	INFO -- Cluster was not stable, waiting for the next time_window to check stability
2019-07-14 16:21:17,200	INFO -- Update step finished: 2019-07-14 16:21:17.200270
2019-07-14 16:21:17,200	INFO -- Current scores
                 Not stable: 1
                 All nodes full: 0
                 Migration correct: 0 wrong: 0 chance blocked: 3
                 Node removal correct: 0 wrong: 0
                 Old state correct: 0 wrong: 0
2019-07-14 16:21:17,201	INFO -- Going back to sleep
2019-07-14 16:23:47,213	INFO -- Time for an update_step iteration! 2019-07-14 16:23:47.213338
2019-07-14 16:23:48,482	INFO -- Cluster was stable for 150 seconds till 2019-07-14 16:23:47.214142, calculating best transition
2019-07-14 16:23:49,030	INFO -- Execution was added to the knowledge base with load: 3326.3505655597446
2019-07-14 16:23:49,319	INFO -- No node could be shutdown for improvement, because all nodes have a statefull set
2019-07-14 16:23:49,803	INFO -- Costs for all options: current= 0.20716721986694336, removal= inf, old_best= 0.20716721986694336
2019-07-14 16:23:49,804	INFO -- Update step finished: 2019-07-14 16:23:49.804761
2019-07-14 16:23:49,805	INFO -- Current scores
                 Not stable: 1
                 All nodes full: 0
                 Migration correct: 0 wrong: 0 chance blocked: 4
                 Node removal correct: 0 wrong: 0
                 Old state correct: 0 wrong: 0
2019-07-14 16:23:49,805	INFO -- Going back to sleep
2019-07-14 16:26:19,904	INFO -- Time for an update_step iteration! 2019-07-14 16:26:19.904679
2019-07-14 16:26:20,111	INFO -- Cluster was not stable, waiting for the next time_window to check stability
2019-07-14 16:26:20,111	INFO -- Update step finished: 2019-07-14 16:26:20.111297
2019-07-14 16:26:20,111	INFO -- Current scores
                 Not stable: 2
                 All nodes full: 0
                 Migration correct: 0 wrong: 0 chance blocked: 4
                 Node removal correct: 0 wrong: 0
                 Old state correct: 0 wrong: 0
2019-07-14 16:26:20,111	INFO -- Going back to sleep
2019-07-14 16:28:50,208	INFO -- Time for an update_step iteration! 2019-07-14 16:28:50.208636
2019-07-14 16:28:50,424	INFO -- Cluster was not stable, waiting for the next time_window to check stability
2019-07-14 16:28:50,425	INFO -- Update step finished: 2019-07-14 16:28:50.425233
2019-07-14 16:28:50,425	INFO -- Current scores
                 Not stable: 3
                 All nodes full: 0
                 Migration correct: 0 wrong: 0 chance blocked: 4
                 Node removal correct: 0 wrong: 0
                 Old state correct: 0 wrong: 0
2019-07-14 16:28:50,426	INFO -- Going back to sleep
2019-07-14 16:31:20,526	INFO -- Time for an update_step iteration! 2019-07-14 16:31:20.526896
2019-07-14 16:31:23,650	INFO -- Cluster was stable for 150 seconds till 2019-07-14 16:31:20.527650, calculating best transition
2019-07-14 16:31:25,707	INFO -- Execution was added to the knowledge base with load: 8633.283363932134
2019-07-14 16:31:26,126	INFO -- No node could be shutdown for improvement, because all the resources are needed
2019-07-14 16:31:26,271	INFO -- Costs for all options: current= 0.41433443973388673, removal= inf, old_best= 0.41433443973388673
2019-07-14 16:31:26,272	INFO -- Update step finished: 2019-07-14 16:31:26.272359
2019-07-14 16:31:26,273	INFO -- Current scores
                 Not stable: 3
                 All nodes full: 0
                 Migration correct: 0 wrong: 0 chance blocked: 5
                 Node removal correct: 0 wrong: 0
                 Old state correct: 0 wrong: 0
2019-07-14 16:31:26,273	INFO -- Going back to sleep
2019-07-14 16:33:56,283	INFO -- Time for an update_step iteration! 2019-07-14 16:33:56.283506
2019-07-14 16:33:56,728	INFO -- Cluster was not stable, waiting for the next time_window to check stability
2019-07-14 16:33:56,729	INFO -- Update step finished: 2019-07-14 16:33:56.729193
2019-07-14 16:33:56,729	INFO -- Current scores
                 Not stable: 4
                 All nodes full: 0
                 Migration correct: 0 wrong: 0 chance blocked: 5
                 Node removal correct: 0 wrong: 0
                 Old state correct: 0 wrong: 0
2019-07-14 16:33:56,730	INFO -- Going back to sleep
2019-07-14 16:36:26,761	INFO -- Time for an update_step iteration! 2019-07-14 16:36:26.761755
2019-07-14 16:36:28,154	INFO -- Cluster was not stable, waiting for the next time_window to check stability
2019-07-14 16:36:28,155	INFO -- Update step finished: 2019-07-14 16:36:28.155069
2019-07-14 16:36:28,155	INFO -- Current scores
                 Not stable: 5
                 All nodes full: 0
                 Migration correct: 0 wrong: 0 chance blocked: 5
                 Node removal correct: 0 wrong: 0
                 Old state correct: 0 wrong: 0
2019-07-14 16:36:28,155	INFO -- Going back to sleep
2019-07-14 16:38:58,255	INFO -- Time for an update_step iteration! 2019-07-14 16:38:58.255361
2019-07-14 16:38:58,745	INFO -- Cluster was stable for 150 seconds till 2019-07-14 16:38:58.256372, calculating best transition
2019-07-14 16:38:59,241	INFO -- Execution was added to the knowledge base with load: 3765.7640864370373
2019-07-14 16:38:59,875	INFO -- Costs for all options: current= 0.41433443973388673, removal= 0.3107508475795746, old_best= 0.41433443973388673
2019-07-14 16:38:59,876	INFO -- Removing node: gke-demo-cluster-1-default-pool-6f471531-c56z
2019-07-14 16:39:00,507	INFO -- moving: php-apache-5f657688bc-58q8r to gke-demo-cluster-1-default-pool-6f471531-p584 using deployment name: php-apache
2019-07-14 16:39:08,376	INFO -- pod php-apache-5f657688bc-58q8r is deleted
2019-07-14 16:39:08,611	INFO -- Movement succeeded
2019-07-14 16:39:09,205	INFO -- Deleting node: gke-demo-cluster-1-default-pool-6f471531-c56z
2019-07-14 16:39:10,135	INFO -- Deletion successful, node: gke-demo-cluster-1-default-pool-6f471531-c56z
2019-07-14 16:39:10,137	INFO -- went correct
2019-07-14 16:39:10,138	INFO -- Update step finished: 2019-07-14 16:39:10.137943
2019-07-14 16:39:10,138	INFO -- Current scores
                 Not stable: 5
                 All nodes full: 0
                 Migration correct: 0 wrong: 0 chance blocked: 5
                 Node removal correct: 1 wrong: 0
                 Old state correct: 0 wrong: 0
2019-07-14 16:39:10,138	INFO -- Going back to sleep
2019-07-14 16:41:40,177	INFO -- Time for an update_step iteration! 2019-07-14 16:41:40.177159
2019-07-14 16:41:40,355	INFO -- Cluster was not stable, waiting for the next time_window to check stability
2019-07-14 16:41:40,356	INFO -- Update step finished: 2019-07-14 16:41:40.356143
2019-07-14 16:41:40,356	INFO -- Current scores
                 Not stable: 6
                 All nodes full: 0
                 Migration correct: 0 wrong: 0 chance blocked: 5
                 Node removal correct: 1 wrong: 0
                 Old state correct: 0 wrong: 0
2019-07-14 16:41:40,356	INFO -- Going back to sleep
2019-07-14 16:44:10,456	INFO -- Time for an update_step iteration! 2019-07-14 16:44:10.456563
2019-07-14 16:44:10,892	INFO -- Cluster was stable for 150 seconds till 2019-07-14 16:44:10.457417, calculating best transition
2019-07-14 16:44:11,331	INFO -- Execution was added to the knowledge base with load: 3205.3569013343385
2019-07-14 16:44:12,177	INFO -- Costs for all options: current= 0.3107508475795746, removal= 0.20716721986694336, old_best= 0.20716721986694336
2019-07-14 16:44:12,178	INFO -- Removing node: gke-demo-cluster-1-default-pool-6f471531-p584
2019-07-14 16:44:12,682	INFO -- Deleting node: gke-demo-cluster-1-default-pool-6f471531-p584
2019-07-14 16:44:13,538	INFO -- Deletion successful, node: gke-demo-cluster-1-default-pool-6f471531-p584
2019-07-14 16:44:13,539	INFO -- went correct
2019-07-14 16:44:13,540	INFO -- Update step finished: 2019-07-14 16:44:13.540388
2019-07-14 16:44:13,540	INFO -- Current scores
                 Not stable: 6
                 All nodes full: 0
                 Migration correct: 0 wrong: 0 chance blocked: 5
                 Node removal correct: 2 wrong: 0
                 Old state correct: 0 wrong: 0
2019-07-14 16:44:13,541	INFO -- Going back to sleep
2019-07-14 16:46:43,640	INFO -- Time for an update_step iteration! 2019-07-14 16:46:43.640539
2019-07-14 16:46:44,080	INFO -- Cluster was not stable, waiting for the next time_window to check stability
2019-07-14 16:46:44,081	INFO -- Update step finished: 2019-07-14 16:46:44.081516
2019-07-14 16:46:44,082	INFO -- Current scores
                 Not stable: 7
                 All nodes full: 0
                 Migration correct: 0 wrong: 0 chance blocked: 5
                 Node removal correct: 2 wrong: 0
                 Old state correct: 0 wrong: 0
2019-07-14 16:46:44,082	INFO -- Going back to sleep
2019-07-14 16:49:14,180	INFO -- Time for an update_step iteration! 2019-07-14 16:49:14.180666
2019-07-14 16:49:15,978	INFO -- Cluster was stable for 150 seconds till 2019-07-14 16:49:14.181449, calculating best transition
2019-07-14 16:49:18,007	INFO -- Execution was added to the knowledge base with load: 3036.4890085925927
2019-07-14 16:49:18,371	INFO -- No node could be shutdown for improvement, because all nodes have a statefull set
2019-07-14 16:49:18,865	INFO -- Costs for all options: current= 0.20716721986694336, removal= inf, old_best= 0.20716721986694336
2019-07-14 16:49:18,866	INFO -- Update step finished: 2019-07-14 16:49:18.866171
2019-07-14 16:49:18,866	INFO -- Current scores
                 Not stable: 7
                 All nodes full: 0
                 Migration correct: 0 wrong: 0 chance blocked: 6
                 Node removal correct: 2 wrong: 0
                 Old state correct: 0 wrong: 0
2019-07-14 16:49:18,867	INFO -- Going back to sleep
2019-07-14 16:51:48,964	INFO -- Time for an update_step iteration! 2019-07-14 16:51:48.964537
2019-07-14 16:51:49,522	INFO -- Cluster was stable for 150 seconds till 2019-07-14 16:51:48.964873, calculating best transition
2019-07-14 16:51:50,065	INFO -- Execution was added to the knowledge base with load: 3080.2222222222226
2019-07-14 16:51:50,404	INFO -- No node could be shutdown for improvement, because all nodes have a statefull set
2019-07-14 16:51:51,174	INFO -- Costs for all options: current= 0.20716721986694336, removal= inf, old_best= 0.20716721986694336
2019-07-14 16:51:51,175	INFO -- Update step finished: 2019-07-14 16:51:51.175151
2019-07-14 16:51:51,175	INFO -- Current scores
                 Not stable: 7
                 All nodes full: 0
                 Migration correct: 0 wrong: 0 chance blocked: 7
                 Node removal correct: 2 wrong: 0
                 Old state correct: 0 wrong: 0
2019-07-14 16:51:51,176	INFO -- Going back to sleep
2019-07-14 16:54:21,276	INFO -- Time for an update_step iteration! 2019-07-14 16:54:21.276569
2019-07-14 16:54:21,873	INFO -- Cluster was not stable, waiting for the next time_window to check stability
2019-07-14 16:54:21,874	INFO -- Update step finished: 2019-07-14 16:54:21.874443
2019-07-14 16:54:21,875	INFO -- Current scores
                 Not stable: 8
                 All nodes full: 0
                 Migration correct: 0 wrong: 0 chance blocked: 7
                 Node removal correct: 2 wrong: 0
                 Old state correct: 0 wrong: 0
2019-07-14 16:54:21,875	INFO -- Going back to sleep
2019-07-14 16:56:51,916	INFO -- Time for an update_step iteration! 2019-07-14 16:56:51.916098
2019-07-14 16:56:52,891	INFO -- Cluster was stable for 150 seconds till 2019-07-14 16:56:51.917031, calculating best transition
2019-07-14 16:56:56,093	INFO -- Execution was added to the knowledge base with load: 3011.6888888888893
2019-07-14 16:56:57,005	INFO -- Costs for all options: current= 0.3107508475795746, removal= 0.20716721986694336, old_best= 0.20716721986694336
2019-07-14 16:56:57,006	INFO -- Removing node: gke-demo-cluster-1-default-pool-6f471531-c56z
2019-07-14 16:56:57,955	INFO -- Deleting node: gke-demo-cluster-1-default-pool-6f471531-c56z
2019-07-14 16:57:00,452	INFO -- Deletion successful, node: gke-demo-cluster-1-default-pool-6f471531-c56z
2019-07-14 16:57:00,454	INFO -- went correct
2019-07-14 16:57:00,454	INFO -- Update step finished: 2019-07-14 16:57:00.454913
2019-07-14 16:57:00,455	INFO -- Current scores
                 Not stable: 8
                 All nodes full: 0
                 Migration correct: 0 wrong: 0 chance blocked: 7
                 Node removal correct: 3 wrong: 0
                 Old state correct: 0 wrong: 0
2019-07-14 16:57:00,455	INFO -- Going back to sleep
2019-07-14 16:59:30,457	INFO -- Time for an update_step iteration! 2019-07-14 16:59:30.457855
2019-07-14 16:59:30,758	INFO -- Cluster was not stable, waiting for the next time_window to check stability
2019-07-14 16:59:30,759	INFO -- Update step finished: 2019-07-14 16:59:30.759093
2019-07-14 16:59:30,759	INFO -- Current scores
                 Not stable: 9
                 All nodes full: 0
                 Migration correct: 0 wrong: 0 chance blocked: 7
                 Node removal correct: 3 wrong: 0
                 Old state correct: 0 wrong: 0
2019-07-14 16:59:30,759	INFO -- Going back to sleep
2019-07-14 17:02:00,859	INFO -- Time for an update_step iteration! 2019-07-14 17:02:00.859796
2019-07-14 17:02:01,328	INFO -- Cluster was not stable, waiting for the next time_window to check stability
2019-07-14 17:02:01,329	INFO -- Update step finished: 2019-07-14 17:02:01.329476
2019-07-14 17:02:01,330	INFO -- Current scores
                 Not stable: 10
                 All nodes full: 0
                 Migration correct: 0 wrong: 0 chance blocked: 7
                 Node removal correct: 3 wrong: 0
                 Old state correct: 0 wrong: 0
2019-07-14 17:02:01,330	INFO -- Going back to sleep
2019-07-14 17:04:31,427	INFO -- Time for an update_step iteration! 2019-07-14 17:04:31.427382
2019-07-14 17:04:32,710	INFO -- Cluster was not stable, waiting for the next time_window to check stability
2019-07-14 17:04:32,711	INFO -- Update step finished: 2019-07-14 17:04:32.710990
2019-07-14 17:04:32,711	INFO -- Current scores
                 Not stable: 11
                 All nodes full: 0
                 Migration correct: 0 wrong: 0 chance blocked: 7
                 Node removal correct: 3 wrong: 0
                 Old state correct: 0 wrong: 0
2019-07-14 17:04:32,712	INFO -- Going back to sleep
2019-07-14 17:07:02,812	INFO -- Time for an update_step iteration! 2019-07-14 17:07:02.812606
2019-07-14 17:07:03,252	INFO -- Cluster was not stable, waiting for the next time_window to check stability
2019-07-14 17:07:03,253	INFO -- Update step finished: 2019-07-14 17:07:03.253282
2019-07-14 17:07:03,253	INFO -- Current scores
                 Not stable: 12
                 All nodes full: 0
                 Migration correct: 0 wrong: 0 chance blocked: 7
                 Node removal correct: 3 wrong: 0
                 Old state correct: 0 wrong: 0
2019-07-14 17:07:03,254	INFO -- Going back to sleep
2019-07-14 17:09:33,328	INFO -- Time for an update_step iteration! 2019-07-14 17:09:33.328578
2019-07-14 17:09:33,785	INFO -- Cluster was stable for 150 seconds till 2019-07-14 17:09:33.329408, calculating best transition
2019-07-14 17:09:34,867	INFO -- Execution was added to the knowledge base with load: 4069.591882356395
2019-07-14 17:09:34,867	INFO -- went wrong: <class 'SmartKubernetesSchedular.time_window.PodHasScaledWhileAnalysingException'>
2019-07-14 17:09:34,868	INFO -- Update step finished: 2019-07-14 17:09:34.868509
2019-07-14 17:09:34,869	INFO -- Current scores
                 Not stable: 12
                 All nodes full: 0
                 Migration correct: 0 wrong: 0 chance blocked: 7
                 Node removal correct: 3 wrong: 0
                 Old state correct: 0 wrong: 0
2019-07-14 17:09:34,869	INFO -- Going back to sleep
2019-07-14 17:12:04,968	INFO -- Time for an update_step iteration! 2019-07-14 17:12:04.968534
2019-07-14 17:12:05,180	INFO -- Cluster was not stable, waiting for the next time_window to check stability
2019-07-14 17:12:05,181	INFO -- Update step finished: 2019-07-14 17:12:05.181680
2019-07-14 17:12:05,182	INFO -- Current scores
                 Not stable: 13
                 All nodes full: 0
                 Migration correct: 0 wrong: 0 chance blocked: 7
                 Node removal correct: 3 wrong: 0
                 Old state correct: 0 wrong: 0
2019-07-14 17:12:05,183	INFO -- Going back to sleep
2019-07-14 17:14:35,280	INFO -- Time for an update_step iteration! 2019-07-14 17:14:35.280701
2019-07-14 17:14:36,244	INFO -- Cluster was stable for 150 seconds till 2019-07-14 17:14:35.281569, calculating best transition
2019-07-14 17:14:36,801	INFO -- Execution was added to the knowledge base with load: 3133.505964726417
2019-07-14 17:14:37,352	INFO -- No node could be shutdown for improvement, because all the resources are needed
2019-07-14 17:14:39,546	INFO -- Costs for all options: current= 0.3107508475795746, removal= inf, old_best= 0.20716721986694336
2019-07-14 17:14:39,547	INFO -- Changing to old_best_execution found in time: 2019-07-14 16:16:14.304000
2019-07-14 17:14:40,973	INFO -- Deleting pod: php-apache-5f657688bc-257zd
2019-07-14 17:15:01,506	INFO -- Deletion pod: php-apache-5f657688bc-257zd successful
2019-07-14 17:15:02,872	INFO -- Deleting pod: php-apache-5f657688bc-5n74t
2019-07-14 17:15:12,471	INFO -- Deletion pod: php-apache-5f657688bc-5n74t successful
2019-07-14 17:15:14,062	INFO -- went wrong: <class 'SmartKubernetesSchedular.enforcer.PodHasScaledWhileEnforcingException'>
2019-07-14 17:15:14,062	INFO -- Update step finished: 2019-07-14 17:15:14.062643
2019-07-14 17:15:14,062	INFO -- Current scores
                 Not stable: 13
                 All nodes full: 0
                 Migration correct: 0 wrong: 0 chance blocked: 7
                 Node removal correct: 3 wrong: 0
                 Old state correct: 0 wrong: 1
2019-07-14 17:15:14,063	INFO -- Going back to sleep
2019-07-14 17:17:44,160	INFO -- Time for an update_step iteration! 2019-07-14 17:17:44.160527
2019-07-14 17:17:45,474	INFO -- Cluster was not stable, waiting for the next time_window to check stability
2019-07-14 17:17:45,475	INFO -- Update step finished: 2019-07-14 17:17:45.474970
2019-07-14 17:17:45,475	INFO -- Current scores
                 Not stable: 14
                 All nodes full: 0
                 Migration correct: 0 wrong: 0 chance blocked: 7
                 Node removal correct: 3 wrong: 0
                 Old state correct: 0 wrong: 1
2019-07-14 17:17:45,476	INFO -- Going back to sleep
2019-07-14 17:20:15,576	INFO -- Time for an update_step iteration! 2019-07-14 17:20:15.576582
2019-07-14 17:20:16,054	INFO -- Cluster was not stable, waiting for the next time_window to check stability
2019-07-14 17:20:16,054	INFO -- Update step finished: 2019-07-14 17:20:16.054829
2019-07-14 17:20:16,055	INFO -- Current scores
                 Not stable: 15
                 All nodes full: 0
                 Migration correct: 0 wrong: 0 chance blocked: 7
                 Node removal correct: 3 wrong: 0
                 Old state correct: 0 wrong: 1
2019-07-14 17:20:16,055	INFO -- Going back to sleep
2019-07-14 17:22:46,152	INFO -- Time for an update_step iteration! 2019-07-14 17:22:46.152642
2019-07-14 17:22:46,572	INFO -- Cluster was stable for 150 seconds till 2019-07-14 17:22:46.153488, calculating best transition
2019-07-14 17:22:47,889	INFO -- Execution was added to the knowledge base with load: 3146.2739278148147
2019-07-14 17:22:48,880	INFO -- Costs for all options: current= 0.3107508475795746, removal= 0.20716721986694336, old_best= 0.20716721986694336
2019-07-14 17:22:48,880	INFO -- Removing node: gke-demo-cluster-1-default-pool-6f471531-c56z
2019-07-14 17:22:49,493	INFO -- moving: php-apache-5f657688bc-mb9dg to gke-demo-cluster-1-default-pool-6f471531-j7f1 using deployment name: php-apache
2019-07-14 17:22:52,342	INFO -- pod php-apache-5f657688bc-mb9dg is deleted
2019-07-14 17:22:52,558	INFO -- Movement succeeded
2019-07-14 17:22:53,317	INFO -- Deleting node: gke-demo-cluster-1-default-pool-6f471531-c56z
2019-07-14 17:22:54,157	INFO -- Deletion successful, node: gke-demo-cluster-1-default-pool-6f471531-c56z
2019-07-14 17:22:54,158	INFO -- went correct
2019-07-14 17:22:54,159	INFO -- Update step finished: 2019-07-14 17:22:54.159305
2019-07-14 17:22:54,160	INFO -- Current scores
                 Not stable: 15
                 All nodes full: 0
                 Migration correct: 0 wrong: 0 chance blocked: 7
                 Node removal correct: 4 wrong: 0
                 Old state correct: 0 wrong: 1
2019-07-14 17:22:54,160	INFO -- Going back to sleep
2019-07-14 17:25:24,260	INFO -- Time for an update_step iteration! 2019-07-14 17:25:24.260604
2019-07-14 17:25:24,506	INFO -- Cluster was not stable, waiting for the next time_window to check stability
2019-07-14 17:25:24,507	INFO -- Update step finished: 2019-07-14 17:25:24.507134
2019-07-14 17:25:24,507	INFO -- Current scores
                 Not stable: 16
                 All nodes full: 0
                 Migration correct: 0 wrong: 0 chance blocked: 7
                 Node removal correct: 4 wrong: 0
                 Old state correct: 0 wrong: 1
2019-07-14 17:25:24,508	INFO -- Going back to sleep
2019-07-14 17:27:54,608	INFO -- Time for an update_step iteration! 2019-07-14 17:27:54.608484
2019-07-14 17:27:55,034	INFO -- Cluster was stable for 150 seconds till 2019-07-14 17:27:54.608831, calculating best transition
2019-07-14 17:27:55,458	INFO -- Execution was added to the knowledge base with load: 3058.858320259259
2019-07-14 17:27:55,706	INFO -- No node could be shutdown for improvement, because all nodes have a statefull set
2019-07-14 17:27:56,234	INFO -- Costs for all options: current= 0.20716721986694336, removal= inf, old_best= 0.20716721986694336
2019-07-14 17:27:56,235	INFO -- Update step finished: 2019-07-14 17:27:56.235528
2019-07-14 17:27:56,236	INFO -- Current scores
                 Not stable: 16
                 All nodes full: 0
                 Migration correct: 0 wrong: 0 chance blocked: 8
                 Node removal correct: 4 wrong: 0
                 Old state correct: 0 wrong: 1
2019-07-14 17:27:56,236	INFO -- Going back to sleep
2019-07-14 17:30:26,336	INFO -- Time for an update_step iteration! 2019-07-14 17:30:26.336553
2019-07-14 17:30:26,759	INFO -- Cluster was stable for 150 seconds till 2019-07-14 17:30:26.337120, calculating best transition
2019-07-14 17:30:27,168	INFO -- Execution was added to the knowledge base with load: 3176.144506364425
2019-07-14 17:30:27,407	INFO -- No node could be shutdown for improvement, because all nodes have a statefull set
2019-07-14 17:30:28,095	INFO -- Costs for all options: current= 0.20716721986694336, removal= inf, old_best= 0.20716721986694336
2019-07-14 17:30:28,096	INFO -- Update step finished: 2019-07-14 17:30:28.096125
2019-07-14 17:30:28,096	INFO -- Current scores
                 Not stable: 16
                 All nodes full: 0
                 Migration correct: 0 wrong: 0 chance blocked: 9
                 Node removal correct: 4 wrong: 0
                 Old state correct: 0 wrong: 1
2019-07-14 17:30:28,096	INFO -- Going back to sleep
2019-07-14 17:32:58,196	INFO -- Time for an update_step iteration! 2019-07-14 17:32:58.196524
2019-07-14 17:32:59,409	INFO -- Cluster was stable for 150 seconds till 2019-07-14 17:32:58.196713, calculating best transition
2019-07-14 17:33:00,290	INFO -- Execution was added to the knowledge base with load: 3191.256233218574
2019-07-14 17:33:00,852	INFO -- No node could be shutdown for improvement, because all nodes have a statefull set
2019-07-14 17:33:02,118	INFO -- Costs for all options: current= 0.20716721986694336, removal= inf, old_best= 0.20716721986694336
2019-07-14 17:33:02,119	INFO -- Update step finished: 2019-07-14 17:33:02.119195
2019-07-14 17:33:02,119	INFO -- Current scores
                 Not stable: 16
                 All nodes full: 0
                 Migration correct: 0 wrong: 0 chance blocked: 10
                 Node removal correct: 4 wrong: 0
                 Old state correct: 0 wrong: 1
2019-07-14 17:33:02,119	INFO -- Going back to sleep
2019-07-14 17:35:32,217	INFO -- Time for an update_step iteration! 2019-07-14 17:35:32.216974
2019-07-14 17:35:32,682	INFO -- Cluster was not stable, waiting for the next time_window to check stability
2019-07-14 17:35:32,683	INFO -- Update step finished: 2019-07-14 17:35:32.683470
2019-07-14 17:35:32,684	INFO -- Current scores
                 Not stable: 17
                 All nodes full: 0
                 Migration correct: 0 wrong: 0 chance blocked: 10
                 Node removal correct: 4 wrong: 0
                 Old state correct: 0 wrong: 1
2019-07-14 17:35:32,684	INFO -- Going back to sleep
2019-07-14 17:38:02,784	INFO -- Time for an update_step iteration! 2019-07-14 17:38:02.784674
2019-07-14 17:38:03,130	INFO -- Cluster was not stable, waiting for the next time_window to check stability
2019-07-14 17:38:03,130	INFO -- Update step finished: 2019-07-14 17:38:03.130725
2019-07-14 17:38:03,131	INFO -- Current scores
                 Not stable: 18
                 All nodes full: 0
                 Migration correct: 0 wrong: 0 chance blocked: 10
                 Node removal correct: 4 wrong: 0
                 Old state correct: 0 wrong: 1
2019-07-14 17:38:03,131	INFO -- Going back to sleep
2019-07-14 17:40:33,208	INFO -- Time for an update_step iteration! 2019-07-14 17:40:33.208685
2019-07-14 17:40:33,676	INFO -- Cluster was not stable, waiting for the next time_window to check stability
2019-07-14 17:40:33,677	INFO -- Update step finished: 2019-07-14 17:40:33.677238
2019-07-14 17:40:33,677	INFO -- Current scores
                 Not stable: 19
                 All nodes full: 0
                 Migration correct: 0 wrong: 0 chance blocked: 10
                 Node removal correct: 4 wrong: 0
                 Old state correct: 0 wrong: 1
2019-07-14 17:40:33,678	INFO -- Going back to sleep
2019-07-14 17:43:03,700	INFO -- Time for an update_step iteration! 2019-07-14 17:43:03.700569
2019-07-14 17:43:04,358	INFO -- Cluster was stable for 150 seconds till 2019-07-14 17:43:03.701382, calculating best transition
2019-07-14 17:43:05,055	INFO -- Execution was added to the knowledge base with load: 0.0
2019-07-14 17:43:05,381	INFO -- Costs for all options: current= 0.3107508475795746, removal= 0.20716721986694336, old_best= 0.3107508475795746
2019-07-14 17:43:05,381	INFO -- Removing node: gke-demo-cluster-1-default-pool-6f471531-c56z
2019-07-14 17:43:05,826	INFO -- Deleting node: gke-demo-cluster-1-default-pool-6f471531-c56z
2019-07-14 17:43:07,205	INFO -- Deletion successful, node: gke-demo-cluster-1-default-pool-6f471531-c56z
2019-07-14 17:43:07,206	INFO -- went correct
2019-07-14 17:43:07,207	INFO -- Update step finished: 2019-07-14 17:43:07.207264
2019-07-14 17:43:07,207	INFO -- Current scores
                 Not stable: 19
                 All nodes full: 0
                 Migration correct: 0 wrong: 0 chance blocked: 10
                 Node removal correct: 5 wrong: 0
                 Old state correct: 0 wrong: 1
2019-07-14 17:43:07,208	INFO -- Going back to sleep
2019-07-14 17:45:37,254	INFO -- Time for an update_step iteration! 2019-07-14 17:45:37.254028
2019-07-14 17:45:37,442	INFO -- Cluster was not stable, waiting for the next time_window to check stability
2019-07-14 17:45:37,443	INFO -- Update step finished: 2019-07-14 17:45:37.442981
2019-07-14 17:45:37,443	INFO -- Current scores
                 Not stable: 20
                 All nodes full: 0
                 Migration correct: 0 wrong: 0 chance blocked: 10
                 Node removal correct: 5 wrong: 0
                 Old state correct: 0 wrong: 1
2019-07-14 17:45:37,444	INFO -- Going back to sleep
2019-07-14 17:48:07,540	INFO -- Time for an update_step iteration! 2019-07-14 17:48:07.540517
2019-07-14 17:48:07,983	INFO -- Cluster was stable for 150 seconds till 2019-07-14 17:48:07.540884, calculating best transition
2019-07-14 17:48:08,378	INFO -- Execution was added to the knowledge base with load: 0.0
2019-07-14 17:48:08,678	INFO -- No node could be shutdown for improvement, because all nodes have a statefull set
2019-07-14 17:48:08,823	INFO -- Costs for all options: current= 0.20716721986694336, removal= inf, old_best= 0.20716721986694336
2019-07-14 17:48:08,824	INFO -- Update step finished: 2019-07-14 17:48:08.824296
2019-07-14 17:48:08,825	INFO -- Current scores
                 Not stable: 20
                 All nodes full: 0
                 Migration correct: 0 wrong: 0 chance blocked: 11
                 Node removal correct: 5 wrong: 0
                 Old state correct: 0 wrong: 1
2019-07-14 17:48:08,825	INFO -- Going back to sleep
2019-07-14 17:50:38,888	INFO -- Time for an update_step iteration! 2019-07-14 17:50:38.888551
2019-07-14 17:50:39,333	INFO -- Cluster was stable for 150 seconds till 2019-07-14 17:50:38.889355, calculating best transition
2019-07-14 17:50:40,194	INFO -- Execution was added to the knowledge base with load: 0.0
2019-07-14 17:50:40,579	INFO -- No node could be shutdown for improvement, because all nodes have a statefull set
2019-07-14 17:50:40,930	INFO -- Costs for all options: current= 0.20716721986694336, removal= inf, old_best= 0.20716721986694336
2019-07-14 17:50:40,931	INFO -- Update step finished: 2019-07-14 17:50:40.931343
2019-07-14 17:50:40,932	INFO -- Current scores
                 Not stable: 20
                 All nodes full: 0
                 Migration correct: 0 wrong: 0 chance blocked: 12
                 Node removal correct: 5 wrong: 0
                 Old state correct: 0 wrong: 1
2019-07-14 17:50:40,932	INFO -- Going back to sleep
2019-07-14 17:53:11,004	INFO -- Time for an update_step iteration! 2019-07-14 17:53:11.004826
2019-07-14 17:53:11,361	INFO -- Cluster was stable for 150 seconds till 2019-07-14 17:53:11.005430, calculating best transition
2019-07-14 17:53:11,792	INFO -- Execution was added to the knowledge base with load: 0.0
2019-07-14 17:53:12,049	INFO -- No node could be shutdown for improvement, because all nodes have a statefull set
2019-07-14 17:53:12,346	INFO -- Costs for all options: current= 0.20716721986694336, removal= inf, old_best= 0.20716721986694336
2019-07-14 17:53:12,347	INFO -- Update step finished: 2019-07-14 17:53:12.347662
2019-07-14 17:53:12,348	INFO -- Current scores
                 Not stable: 20
                 All nodes full: 0
                 Migration correct: 0 wrong: 0 chance blocked: 13
                 Node removal correct: 5 wrong: 0
                 Old state correct: 0 wrong: 1
2019-07-14 17:53:12,348	INFO -- Going back to sleep
2019-07-14 17:55:42,448	INFO -- Time for an update_step iteration! 2019-07-14 17:55:42.448497
2019-07-14 17:55:42,655	INFO -- Cluster was not stable, waiting for the next time_window to check stability
2019-07-14 17:55:42,655	INFO -- Update step finished: 2019-07-14 17:55:42.655260
2019-07-14 17:55:42,655	INFO -- Current scores
                 Not stable: 21
                 All nodes full: 0
                 Migration correct: 0 wrong: 0 chance blocked: 13
                 Node removal correct: 5 wrong: 0
                 Old state correct: 0 wrong: 1
2019-07-14 17:55:42,655	INFO -- Going back to sleep
2019-07-14 17:58:12,753	INFO -- Time for an update_step iteration! 2019-07-14 17:58:12.753709
2019-07-14 17:58:13,154	INFO -- Cluster was stable for 150 seconds till 2019-07-14 17:58:12.754543, calculating best transition
2019-07-14 17:58:13,614	INFO -- Execution was added to the knowledge base with load: 0.0
2019-07-14 17:58:14,385	INFO -- Costs for all options: current= 0.3107508120212555, removal= 0.20716721986694336, old_best= 0.20716721986694336
2019-07-14 17:58:14,386	INFO -- Removing node: gke-demo-cluster-1-default-pool-6f471531-c56z
2019-07-14 17:58:15,035	INFO -- Deleting node: gke-demo-cluster-1-default-pool-6f471531-c56z
2019-07-14 17:58:16,457	INFO -- Deletion successful, node: gke-demo-cluster-1-default-pool-6f471531-c56z
2019-07-14 17:58:16,459	INFO -- went correct
2019-07-14 17:58:16,460	INFO -- Update step finished: 2019-07-14 17:58:16.459958
2019-07-14 17:58:16,460	INFO -- Current scores
                 Not stable: 21
                 All nodes full: 0
                 Migration correct: 0 wrong: 0 chance blocked: 13
                 Node removal correct: 6 wrong: 0
                 Old state correct: 0 wrong: 1
2019-07-14 17:58:16,460	INFO -- Going back to sleep
