2019-07-14 18:00:14,361	INFO -- Graphdatabase emptied
2019-07-14 18:00:14,361	INFO -- Waiting for warmup to finish. 300 seconds
2019-07-14 18:05:14,460	INFO -- Settings: settings-php_apache_no_migration.json
2019-07-14 18:05:14,462	INFO -- Time for an update_step iteration! 2019-07-14 18:05:14.462834
2019-07-14 18:05:15,962	INFO -- Cluster was stable for 150 seconds till 2019-07-14 18:05:14.463358, calculating best transition
2019-07-14 18:05:16,344	INFO -- Execution was added to the knowledge base with load: 2729.3907162704277
2019-07-14 18:05:16,946	INFO -- No node could be shutdown for improvement, because all nodes have a statefull set
2019-07-14 18:05:17,048	INFO -- Costs for all options: current= 0.20716721986694336, removal= inf, old_best= 0.20716721986694336
2019-07-14 18:05:17,048	INFO -- Update step finished: 2019-07-14 18:05:17.048830
2019-07-14 18:05:17,049	INFO -- Current scores
                 Not stable: 0
                 All nodes full: 0
                 Migration correct: 0 wrong: 0 chance blocked: 1
                 Node removal correct: 0 wrong: 0
                 Old state correct: 0 wrong: 0
2019-07-14 18:05:17,049	INFO -- Going back to sleep
2019-07-14 18:07:47,148	INFO -- Time for an update_step iteration! 2019-07-14 18:07:47.148642
2019-07-14 18:07:47,579	INFO -- Cluster was stable for 150 seconds till 2019-07-14 18:07:47.149491, calculating best transition
2019-07-14 18:07:49,951	INFO -- Execution was added to the knowledge base with load: 3301.8666666666663
2019-07-14 18:07:50,565	INFO -- No node could be shutdown for improvement, because all nodes have a statefull set
2019-07-14 18:07:50,668	INFO -- Costs for all options: current= 0.20716721986694336, removal= inf, old_best= 0.20716721986694336
2019-07-14 18:07:50,669	INFO -- Update step finished: 2019-07-14 18:07:50.669659
2019-07-14 18:07:50,670	INFO -- Current scores
                 Not stable: 0
                 All nodes full: 0
                 Migration correct: 0 wrong: 0 chance blocked: 2
                 Node removal correct: 0 wrong: 0
                 Old state correct: 0 wrong: 0
2019-07-14 18:07:50,670	INFO -- Going back to sleep
2019-07-14 18:10:20,720	INFO -- Time for an update_step iteration! 2019-07-14 18:10:20.720699
2019-07-14 18:10:21,862	INFO -- Cluster was not stable, waiting for the next time_window to check stability
2019-07-14 18:10:21,862	INFO -- Update step finished: 2019-07-14 18:10:21.862514
2019-07-14 18:10:21,862	INFO -- Current scores
                 Not stable: 1
                 All nodes full: 0
                 Migration correct: 0 wrong: 0 chance blocked: 2
                 Node removal correct: 0 wrong: 0
                 Old state correct: 0 wrong: 0
2019-07-14 18:10:21,862	INFO -- Going back to sleep
2019-07-14 18:12:51,873	INFO -- Time for an update_step iteration! 2019-07-14 18:12:51.873042
2019-07-14 18:12:52,557	INFO -- Cluster was not stable, waiting for the next time_window to check stability
2019-07-14 18:12:52,557	INFO -- Update step finished: 2019-07-14 18:12:52.557748
2019-07-14 18:12:52,558	INFO -- Current scores
                 Not stable: 2
                 All nodes full: 0
                 Migration correct: 0 wrong: 0 chance blocked: 2
                 Node removal correct: 0 wrong: 0
                 Old state correct: 0 wrong: 0
2019-07-14 18:12:52,558	INFO -- Going back to sleep
2019-07-14 18:15:22,566	INFO -- Time for an update_step iteration! 2019-07-14 18:15:22.566316
2019-07-14 18:15:23,208	INFO -- Cluster was stable for 150 seconds till 2019-07-14 18:15:22.567087, calculating best transition
2019-07-14 18:15:23,721	INFO -- Execution was added to the knowledge base with load: 3082.251851851852
2019-07-14 18:15:24,190	INFO -- Costs for all options: current= 0.3107508475795746, removal= 0.20716721986694336, old_best= 0.20716721986694336
2019-07-14 18:15:24,191	INFO -- Removing node: gke-demo-cluster-1-default-pool-6f471531-c56z
2019-07-14 18:15:24,841	INFO -- Deleting node: gke-demo-cluster-1-default-pool-6f471531-c56z
2019-07-14 18:15:27,283	INFO -- Deletion successful, node: gke-demo-cluster-1-default-pool-6f471531-c56z
2019-07-14 18:15:27,285	INFO -- went correct
2019-07-14 18:15:27,286	INFO -- Update step finished: 2019-07-14 18:15:27.285952
2019-07-14 18:15:27,286	INFO -- Current scores
                 Not stable: 2
                 All nodes full: 0
                 Migration correct: 0 wrong: 0 chance blocked: 2
                 Node removal correct: 1 wrong: 0
                 Old state correct: 0 wrong: 0
2019-07-14 18:15:27,287	INFO -- Going back to sleep
2019-07-14 18:17:57,386	INFO -- Time for an update_step iteration! 2019-07-14 18:17:57.385976
2019-07-14 18:17:57,728	INFO -- Cluster was not stable, waiting for the next time_window to check stability
2019-07-14 18:17:57,729	INFO -- Update step finished: 2019-07-14 18:17:57.729003
2019-07-14 18:17:57,729	INFO -- Current scores
                 Not stable: 3
                 All nodes full: 0
                 Migration correct: 0 wrong: 0 chance blocked: 2
                 Node removal correct: 1 wrong: 0
                 Old state correct: 0 wrong: 0
2019-07-14 18:17:57,729	INFO -- Going back to sleep
2019-07-14 18:20:27,829	INFO -- Time for an update_step iteration! 2019-07-14 18:20:27.829419
2019-07-14 18:20:28,383	INFO -- Cluster was stable for 150 seconds till 2019-07-14 18:20:27.830247, calculating best transition
2019-07-14 18:20:28,801	INFO -- Execution was added to the knowledge base with load: 6475.217796444446
2019-07-14 18:20:28,801	INFO -- went wrong: <class 'SmartKubernetesSchedular.time_window.PodHasScaledWhileAnalysingException'>
2019-07-14 18:20:28,802	INFO -- Update step finished: 2019-07-14 18:20:28.802185
2019-07-14 18:20:28,802	INFO -- Current scores
                 Not stable: 3
                 All nodes full: 0
                 Migration correct: 0 wrong: 0 chance blocked: 2
                 Node removal correct: 1 wrong: 0
                 Old state correct: 0 wrong: 0
2019-07-14 18:20:28,802	INFO -- Going back to sleep
2019-07-14 18:22:58,900	INFO -- Time for an update_step iteration! 2019-07-14 18:22:58.900561
2019-07-14 18:22:59,935	INFO -- Cluster was stable for 150 seconds till 2019-07-14 18:22:58.901177, calculating best transition
2019-07-14 18:23:00,632	INFO -- Execution was added to the knowledge base with load: 6666.992592592594
2019-07-14 18:23:00,633	INFO -- went wrong: <class 'SmartKubernetesSchedular.time_window.PodHasScaledWhileAnalysingException'>
2019-07-14 18:23:00,634	INFO -- Update step finished: 2019-07-14 18:23:00.634029
2019-07-14 18:23:00,634	INFO -- Current scores
                 Not stable: 3
                 All nodes full: 0
                 Migration correct: 0 wrong: 0 chance blocked: 2
                 Node removal correct: 1 wrong: 0
                 Old state correct: 0 wrong: 0
2019-07-14 18:23:00,635	INFO -- Going back to sleep
2019-07-14 18:25:30,734	INFO -- Time for an update_step iteration! 2019-07-14 18:25:30.734040
2019-07-14 18:25:31,494	INFO -- Cluster was stable for 150 seconds till 2019-07-14 18:25:30.734907, calculating best transition
2019-07-14 18:25:32,012	INFO -- Execution was added to the knowledge base with load: 3863.6244584196497
2019-07-14 18:25:32,013	INFO -- went wrong: <class 'SmartKubernetesSchedular.time_window.PodHasScaledWhileAnalysingException'>
2019-07-14 18:25:32,014	INFO -- Update step finished: 2019-07-14 18:25:32.014252
2019-07-14 18:25:32,014	INFO -- Current scores
                 Not stable: 3
                 All nodes full: 0
                 Migration correct: 0 wrong: 0 chance blocked: 2
                 Node removal correct: 1 wrong: 0
                 Old state correct: 0 wrong: 0
2019-07-14 18:25:32,015	INFO -- Going back to sleep
2019-07-14 18:28:02,076	INFO -- Time for an update_step iteration! 2019-07-14 18:28:02.076652
2019-07-14 18:28:04,002	INFO -- Cluster was stable for 150 seconds till 2019-07-14 18:28:02.077513, calculating best transition
2019-07-14 18:28:04,616	INFO -- Execution was added to the knowledge base with load: 3390.791441821872
2019-07-14 18:28:04,617	INFO -- went wrong: <class 'SmartKubernetesSchedular.time_window.PodHasScaledWhileAnalysingException'>
2019-07-14 18:28:04,618	INFO -- Update step finished: 2019-07-14 18:28:04.618294
2019-07-14 18:28:04,618	INFO -- Current scores
                 Not stable: 3
                 All nodes full: 0
                 Migration correct: 0 wrong: 0 chance blocked: 2
                 Node removal correct: 1 wrong: 0
                 Old state correct: 0 wrong: 0
2019-07-14 18:28:04,619	INFO -- Going back to sleep
2019-07-14 18:30:34,719	INFO -- Time for an update_step iteration! 2019-07-14 18:30:34.719825
2019-07-14 18:30:34,965	INFO -- Cluster was not stable, waiting for the next time_window to check stability
2019-07-14 18:30:34,966	INFO -- Update step finished: 2019-07-14 18:30:34.966353
2019-07-14 18:30:34,967	INFO -- Current scores
                 Not stable: 4
                 All nodes full: 0
                 Migration correct: 0 wrong: 0 chance blocked: 2
                 Node removal correct: 1 wrong: 0
                 Old state correct: 0 wrong: 0
2019-07-14 18:30:34,967	INFO -- Going back to sleep
2019-07-14 18:33:05,058	INFO -- Time for an update_step iteration! 2019-07-14 18:33:05.058881
2019-07-14 18:33:05,469	INFO -- Cluster was stable for 150 seconds till 2019-07-14 18:33:05.059259, calculating best transition
2019-07-14 18:33:06,313	INFO -- Execution was added to the knowledge base with load: 3279.232112962963
2019-07-14 18:33:07,198	INFO -- No node could be shutdown for improvement, because all the resources are needed
2019-07-14 18:33:07,316	INFO -- Costs for all options: current= 0.3107508475795746, removal= inf, old_best= 0.20716721986694336
2019-07-14 18:33:07,317	INFO -- Changing to old_best_execution found in time: 2019-07-14 18:05:17.149000
2019-07-14 18:33:08,564	INFO -- Deleting pod: php-apache-5f657688bc-2pwc6
2019-07-14 18:33:18,884	INFO -- Deletion pod: php-apache-5f657688bc-2pwc6 successful
2019-07-14 18:33:19,549	INFO -- Deleting pod: php-apache-5f657688bc-7lrz4
2019-07-14 18:35:15,360	INFO -- Deletion pod: php-apache-5f657688bc-7lrz4 successful
2019-07-14 18:35:16,231	INFO -- went wrong: <class 'SmartKubernetesSchedular.enforcer.PodHasScaledWhileEnforcingException'>
2019-07-14 18:35:16,231	INFO -- Update step finished: 2019-07-14 18:35:16.231393
2019-07-14 18:35:16,231	INFO -- Current scores
                 Not stable: 4
                 All nodes full: 0
                 Migration correct: 0 wrong: 0 chance blocked: 2
                 Node removal correct: 1 wrong: 0
                 Old state correct: 0 wrong: 1
2019-07-14 18:35:16,231	INFO -- Going back to sleep
2019-07-14 18:37:46,332	INFO -- Time for an update_step iteration! 2019-07-14 18:37:46.331965
2019-07-14 18:37:46,974	INFO -- Cluster was not stable, waiting for the next time_window to check stability
2019-07-14 18:37:46,975	INFO -- Update step finished: 2019-07-14 18:37:46.975284
2019-07-14 18:37:46,975	INFO -- Current scores
                 Not stable: 5
                 All nodes full: 0
                 Migration correct: 0 wrong: 0 chance blocked: 2
                 Node removal correct: 1 wrong: 0
                 Old state correct: 0 wrong: 1
2019-07-14 18:37:46,976	INFO -- Going back to sleep
2019-07-14 18:40:17,025	INFO -- Time for an update_step iteration! 2019-07-14 18:40:17.025887
2019-07-14 18:40:17,615	INFO -- Cluster was stable for 150 seconds till 2019-07-14 18:40:17.026635, calculating best transition
2019-07-14 18:40:18,539	INFO -- Execution was added to the knowledge base with load: 3031.935535703704
2019-07-14 18:40:20,142	INFO -- Costs for all options: current= 0.41433447529220585, removal= 0.3107508475795746, old_best= 0.20716721986694336
2019-07-14 18:40:20,143	INFO -- Changing to old_best_execution found in time: 2019-07-14 18:02:44.463000
2019-07-14 18:40:21,950	INFO -- moving: php-apache-5f657688bc-hx6ls to gke-demo-cluster-1-default-pool-6f471531-j7f1 using deployment name: php-apache
2019-07-14 18:40:35,013	INFO -- pod php-apache-5f657688bc-hx6ls is deleted
2019-07-14 18:40:35,640	INFO -- Movement failed
2019-07-14 18:40:35,889	INFO -- went wrong: <class 'kubernetes_tools.migrate_pod.PodScheduledOnWrongNodeException'>
2019-07-14 18:40:35,890	INFO -- Update step finished: 2019-07-14 18:40:35.890769
2019-07-14 18:40:35,891	INFO -- Current scores
                 Not stable: 5
                 All nodes full: 0
                 Migration correct: 0 wrong: 0 chance blocked: 2
                 Node removal correct: 1 wrong: 0
                 Old state correct: 0 wrong: 2
2019-07-14 18:40:35,891	INFO -- Going back to sleep
2019-07-14 18:43:05,937	INFO -- Time for an update_step iteration! 2019-07-14 18:43:05.937700
2019-07-14 18:43:06,476	INFO -- Cluster was stable for 150 seconds till 2019-07-14 18:43:05.938597, calculating best transition
2019-07-14 18:43:07,030	INFO -- Execution was added to the knowledge base with load: 2978.344252830193
2019-07-14 18:43:07,704	INFO -- Costs for all options: current= 0.41433447529220585, removal= 0.3107508475795746, old_best= 0.3107508475795746
2019-07-14 18:43:07,705	INFO -- Removing node: gke-demo-cluster-1-default-pool-6f471531-khv7
2019-07-14 18:43:08,501	INFO -- Deleting node: gke-demo-cluster-1-default-pool-6f471531-khv7
2019-07-14 18:43:10,748	INFO -- Deletion successful, node: gke-demo-cluster-1-default-pool-6f471531-khv7
2019-07-14 18:43:10,750	INFO -- went correct
2019-07-14 18:43:10,751	INFO -- Update step finished: 2019-07-14 18:43:10.750951
2019-07-14 18:43:10,751	INFO -- Current scores
                 Not stable: 5
                 All nodes full: 0
                 Migration correct: 0 wrong: 0 chance blocked: 2
                 Node removal correct: 2 wrong: 0
                 Old state correct: 0 wrong: 2
2019-07-14 18:43:10,752	INFO -- Going back to sleep
2019-07-14 18:45:40,852	INFO -- Time for an update_step iteration! 2019-07-14 18:45:40.852527
2019-07-14 18:45:41,694	INFO -- Cluster was not stable, waiting for the next time_window to check stability
2019-07-14 18:45:41,695	INFO -- Update step finished: 2019-07-14 18:45:41.695198
2019-07-14 18:45:41,695	INFO -- Current scores
                 Not stable: 6
                 All nodes full: 0
                 Migration correct: 0 wrong: 0 chance blocked: 2
                 Node removal correct: 2 wrong: 0
                 Old state correct: 0 wrong: 2
2019-07-14 18:45:41,696	INFO -- Going back to sleep
2019-07-14 18:48:11,793	INFO -- Time for an update_step iteration! 2019-07-14 18:48:11.792910
2019-07-14 18:48:12,639	INFO -- Cluster was not stable, waiting for the next time_window to check stability
2019-07-14 18:48:12,640	INFO -- Update step finished: 2019-07-14 18:48:12.640047
2019-07-14 18:48:12,640	INFO -- Current scores
                 Not stable: 7
                 All nodes full: 0
                 Migration correct: 0 wrong: 0 chance blocked: 2
                 Node removal correct: 2 wrong: 0
                 Old state correct: 0 wrong: 2
2019-07-14 18:48:12,640	INFO -- Going back to sleep
2019-07-14 18:50:42,736	INFO -- Time for an update_step iteration! 2019-07-14 18:50:42.736570
2019-07-14 18:50:43,430	INFO -- Cluster was stable for 150 seconds till 2019-07-14 18:50:42.737408, calculating best transition
2019-07-14 18:50:44,555	INFO -- Execution was added to the knowledge base with load: 3125.748148148148
2019-07-14 18:50:44,846	INFO -- No node could be shutdown for improvement, because all nodes have a statefull set
2019-07-14 18:50:44,974	INFO -- Costs for all options: current= 0.20716721986694336, removal= inf, old_best= 0.20716721986694336
2019-07-14 18:50:44,974	INFO -- Update step finished: 2019-07-14 18:50:44.974911
2019-07-14 18:50:44,975	INFO -- Current scores
                 Not stable: 7
                 All nodes full: 0
                 Migration correct: 0 wrong: 0 chance blocked: 3
                 Node removal correct: 2 wrong: 0
                 Old state correct: 0 wrong: 2
2019-07-14 18:50:44,976	INFO -- Going back to sleep
2019-07-14 18:53:15,076	INFO -- Time for an update_step iteration! 2019-07-14 18:53:15.076520
2019-07-14 18:53:15,706	INFO -- Cluster was not stable, waiting for the next time_window to check stability
2019-07-14 18:53:15,706	INFO -- Update step finished: 2019-07-14 18:53:15.706976
2019-07-14 18:53:15,707	INFO -- Current scores
                 Not stable: 8
                 All nodes full: 0
                 Migration correct: 0 wrong: 0 chance blocked: 3
                 Node removal correct: 2 wrong: 0
                 Old state correct: 0 wrong: 2
2019-07-14 18:53:15,707	INFO -- Going back to sleep
2019-07-14 18:55:45,806	INFO -- Time for an update_step iteration! 2019-07-14 18:55:45.806356
2019-07-14 18:55:46,122	INFO -- Cluster was not stable, waiting for the next time_window to check stability
2019-07-14 18:55:46,123	INFO -- Update step finished: 2019-07-14 18:55:46.123161
2019-07-14 18:55:46,123	INFO -- Current scores
                 Not stable: 9
                 All nodes full: 0
                 Migration correct: 0 wrong: 0 chance blocked: 3
                 Node removal correct: 2 wrong: 0
                 Old state correct: 0 wrong: 2
2019-07-14 18:55:46,123	INFO -- Going back to sleep
2019-07-14 18:58:16,223	INFO -- Time for an update_step iteration! 2019-07-14 18:58:16.223266
2019-07-14 18:58:16,667	INFO -- Cluster was stable for 150 seconds till 2019-07-14 18:58:16.224102, calculating best transition
2019-07-14 18:58:17,993	INFO -- Execution was added to the knowledge base with load: 6746.326412352559
2019-07-14 18:58:18,467	INFO -- No node could be shutdown for improvement, because all the resources are needed
2019-07-14 18:58:18,602	INFO -- Costs for all options: current= 0.3107508475795746, removal= inf, old_best= 0.3107508475795746
2019-07-14 18:58:18,603	INFO -- Update step finished: 2019-07-14 18:58:18.603460
2019-07-14 18:58:18,603	INFO -- Current scores
                 Not stable: 9
                 All nodes full: 0
                 Migration correct: 0 wrong: 0 chance blocked: 4
                 Node removal correct: 2 wrong: 0
                 Old state correct: 0 wrong: 2
2019-07-14 18:58:18,604	INFO -- Going back to sleep
2019-07-14 19:00:48,704	INFO -- Time for an update_step iteration! 2019-07-14 19:00:48.704454
2019-07-14 19:00:49,209	INFO -- Cluster was not stable, waiting for the next time_window to check stability
2019-07-14 19:00:49,209	INFO -- Update step finished: 2019-07-14 19:00:49.209926
2019-07-14 19:00:49,210	INFO -- Current scores
                 Not stable: 10
                 All nodes full: 0
                 Migration correct: 0 wrong: 0 chance blocked: 4
                 Node removal correct: 2 wrong: 0
                 Old state correct: 0 wrong: 2
2019-07-14 19:00:49,211	INFO -- Going back to sleep
2019-07-14 19:03:19,308	INFO -- Time for an update_step iteration! 2019-07-14 19:03:19.308539
2019-07-14 19:03:19,925	INFO -- Cluster was not stable, waiting for the next time_window to check stability
2019-07-14 19:03:19,925	INFO -- Update step finished: 2019-07-14 19:03:19.925871
2019-07-14 19:03:19,926	INFO -- Current scores
                 Not stable: 11
                 All nodes full: 0
                 Migration correct: 0 wrong: 0 chance blocked: 4
                 Node removal correct: 2 wrong: 0
                 Old state correct: 0 wrong: 2
2019-07-14 19:03:19,926	INFO -- Going back to sleep
2019-07-14 19:05:50,024	INFO -- Time for an update_step iteration! 2019-07-14 19:05:50.024618
2019-07-14 19:05:51,730	INFO -- Cluster was not stable, waiting for the next time_window to check stability
2019-07-14 19:05:51,731	INFO -- Update step finished: 2019-07-14 19:05:51.731402
2019-07-14 19:05:51,732	INFO -- Current scores
                 Not stable: 12
                 All nodes full: 0
                 Migration correct: 0 wrong: 0 chance blocked: 4
                 Node removal correct: 2 wrong: 0
                 Old state correct: 0 wrong: 2
2019-07-14 19:05:51,732	INFO -- Going back to sleep
2019-07-14 19:08:21,832	INFO -- Time for an update_step iteration! 2019-07-14 19:08:21.832513
2019-07-14 19:08:24,369	INFO -- Cluster was stable for 150 seconds till 2019-07-14 19:08:21.832781, calculating best transition
2019-07-14 19:08:25,063	INFO -- Execution was added to the knowledge base with load: 3011.2079479259255
2019-07-14 19:08:25,549	INFO -- Costs for all options: current= 0.3107508475795746, removal= 0.20716721986694336, old_best= 0.20716721986694336
2019-07-14 19:08:25,550	INFO -- Removing node: gke-demo-cluster-1-default-pool-6f471531-khv7
2019-07-14 19:08:26,690	INFO -- moving: php-apache-5f657688bc-k49fd to gke-demo-cluster-1-default-pool-6f471531-nfcf using deployment name: php-apache
2019-07-14 19:08:29,345	INFO -- pod php-apache-5f657688bc-k49fd is deleted
2019-07-14 19:08:30,375	INFO -- Movement succeeded
2019-07-14 19:08:34,458	INFO -- moving: php-apache-5f657688bc-v4dfj to gke-demo-cluster-1-default-pool-6f471531-j7f1 using deployment name: php-apache
2019-07-14 19:08:37,284	INFO -- pod php-apache-5f657688bc-v4dfj is deleted
2019-07-14 19:08:38,153	INFO -- Movement succeeded
2019-07-14 19:08:41,430	INFO -- Deleting node: gke-demo-cluster-1-default-pool-6f471531-khv7
2019-07-14 19:08:44,690	INFO -- Deletion successful, node: gke-demo-cluster-1-default-pool-6f471531-khv7
2019-07-14 19:08:44,691	INFO -- went correct
2019-07-14 19:08:44,691	INFO -- Update step finished: 2019-07-14 19:08:44.691592
2019-07-14 19:08:44,691	INFO -- Current scores
                 Not stable: 12
                 All nodes full: 0
                 Migration correct: 0 wrong: 0 chance blocked: 4
                 Node removal correct: 3 wrong: 0
                 Old state correct: 0 wrong: 2
2019-07-14 19:08:44,691	INFO -- Going back to sleep
2019-07-14 19:11:14,790	INFO -- Time for an update_step iteration! 2019-07-14 19:11:14.790136
2019-07-14 19:11:14,994	INFO -- Cluster was not stable, waiting for the next time_window to check stability
2019-07-14 19:11:14,994	INFO -- Update step finished: 2019-07-14 19:11:14.994873
2019-07-14 19:11:14,995	INFO -- Current scores
                 Not stable: 13
                 All nodes full: 0
                 Migration correct: 0 wrong: 0 chance blocked: 4
                 Node removal correct: 3 wrong: 0
                 Old state correct: 0 wrong: 2
2019-07-14 19:11:14,996	INFO -- Going back to sleep
2019-07-14 19:13:45,095	INFO -- Time for an update_step iteration! 2019-07-14 19:13:45.094920
2019-07-14 19:13:46,594	INFO -- Cluster was stable for 150 seconds till 2019-07-14 19:13:45.095724, calculating best transition
2019-07-14 19:13:47,183	INFO -- Execution was added to the knowledge base with load: 3178.027152501202
2019-07-14 19:13:47,642	INFO -- No node could be shutdown for improvement, because all nodes have a statefull set
2019-07-14 19:13:48,075	INFO -- Costs for all options: current= 0.20716721986694336, removal= inf, old_best= 0.20716721986694336
2019-07-14 19:13:48,075	INFO -- Update step finished: 2019-07-14 19:13:48.075730
2019-07-14 19:13:48,075	INFO -- Current scores
                 Not stable: 13
                 All nodes full: 0
                 Migration correct: 0 wrong: 0 chance blocked: 5
                 Node removal correct: 3 wrong: 0
                 Old state correct: 0 wrong: 2
2019-07-14 19:13:48,076	INFO -- Going back to sleep
2019-07-14 19:16:18,172	INFO -- Time for an update_step iteration! 2019-07-14 19:16:18.172518
2019-07-14 19:16:18,629	INFO -- Cluster was stable for 150 seconds till 2019-07-14 19:16:18.172894, calculating best transition
2019-07-14 19:16:19,071	INFO -- Execution was added to the knowledge base with load: 3059.640723429484
2019-07-14 19:16:19,288	INFO -- No node could be shutdown for improvement, because all nodes have a statefull set
2019-07-14 19:16:19,634	INFO -- Costs for all options: current= 0.20716721986694336, removal= inf, old_best= 0.20716721986694336
2019-07-14 19:16:19,635	INFO -- Update step finished: 2019-07-14 19:16:19.635378
2019-07-14 19:16:19,635	INFO -- Current scores
                 Not stable: 13
                 All nodes full: 0
                 Migration correct: 0 wrong: 0 chance blocked: 6
                 Node removal correct: 3 wrong: 0
                 Old state correct: 0 wrong: 2
2019-07-14 19:16:19,636	INFO -- Going back to sleep
2019-07-14 19:18:49,703	INFO -- Time for an update_step iteration! 2019-07-14 19:18:49.703108
2019-07-14 19:18:50,911	INFO -- Cluster was stable for 150 seconds till 2019-07-14 19:18:49.703559, calculating best transition
2019-07-14 19:18:52,369	INFO -- Execution was added to the knowledge base with load: 3044.222222222222
2019-07-14 19:18:52,875	INFO -- No node could be shutdown for improvement, because all nodes have a statefull set
2019-07-14 19:18:53,369	INFO -- Costs for all options: current= 0.20716721986694336, removal= inf, old_best= 0.20716721986694336
2019-07-14 19:18:53,369	INFO -- Update step finished: 2019-07-14 19:18:53.369875
2019-07-14 19:18:53,370	INFO -- Current scores
                 Not stable: 13
                 All nodes full: 0
                 Migration correct: 0 wrong: 0 chance blocked: 7
                 Node removal correct: 3 wrong: 0
                 Old state correct: 0 wrong: 2
2019-07-14 19:18:53,370	INFO -- Going back to sleep
2019-07-14 19:21:23,468	INFO -- Time for an update_step iteration! 2019-07-14 19:21:23.468487
2019-07-14 19:21:23,642	INFO -- Cluster was not stable, waiting for the next time_window to check stability
2019-07-14 19:21:23,643	INFO -- Update step finished: 2019-07-14 19:21:23.643015
2019-07-14 19:21:23,643	INFO -- Current scores
                 Not stable: 14
                 All nodes full: 0
                 Migration correct: 0 wrong: 0 chance blocked: 7
                 Node removal correct: 3 wrong: 0
                 Old state correct: 0 wrong: 2
2019-07-14 19:21:23,644	INFO -- Going back to sleep
2019-07-14 19:23:53,744	INFO -- Time for an update_step iteration! 2019-07-14 19:23:53.744626
2019-07-14 19:23:54,305	INFO -- Cluster was stable for 150 seconds till 2019-07-14 19:23:53.745456, calculating best transition
2019-07-14 19:23:54,915	INFO -- Execution was added to the knowledge base with load: 3191.092904606742
2019-07-14 19:23:55,927	INFO -- Costs for all options: current= 0.3107508475795746, removal= 0.20716721986694336, old_best= 0.20716721986694336
2019-07-14 19:23:55,928	INFO -- Removing node: gke-demo-cluster-1-default-pool-6f471531-khv7
2019-07-14 19:23:56,544	INFO -- Deleting node: gke-demo-cluster-1-default-pool-6f471531-khv7
2019-07-14 19:23:58,224	INFO -- Deletion successful, node: gke-demo-cluster-1-default-pool-6f471531-khv7
2019-07-14 19:23:58,225	INFO -- went correct
2019-07-14 19:23:58,226	INFO -- Update step finished: 2019-07-14 19:23:58.226550
2019-07-14 19:23:58,227	INFO -- Current scores
                 Not stable: 14
                 All nodes full: 0
                 Migration correct: 0 wrong: 0 chance blocked: 7
                 Node removal correct: 4 wrong: 0
                 Old state correct: 0 wrong: 2
2019-07-14 19:23:58,227	INFO -- Going back to sleep
