2019-08-07 05:38:25,574	INFO -- Settings: TopologyGenerator/settings-php_apache_no_node_removal.json
2019-08-07 05:38:25,723	INFO -- Graphdatabase emptied
2019-08-07 05:38:25,723	INFO -- Waiting for warmup to finish. 1800 seconds
2019-08-07 06:08:25,764	INFO -- Going to sleep for 240 seconds
2019-08-07 06:12:25,773	INFO -- Time for an update_step iteration! 2019-08-07 06:12:25.773521
2019-08-07 06:12:26,342	INFO -- Cluster was stable for 240 seconds till 2019-08-07 06:12:25.773853, calculating best transition
2019-08-07 06:12:26,826	INFO -- Execution was added to the knowledge base with load: 3105.4109622479154
2019-08-07 06:12:27,125	INFO -- No node could be shutdown for improvement, because all nodes have a statefull set
2019-08-07 06:12:27,278	INFO -- Costs for all options: current= 0.25125988388061526, removal= inf, old_best= 0.25125988388061526
2019-08-07 06:12:27,279	INFO -- Update step finished: 2019-08-07 06:12:27.279378
2019-08-07 06:12:27,279	INFO -- Current scores
                 Not stable: 0
                 All nodes full: 0
                 Migration correct: 0 wrong: 0 chance blocked: 1
                 Node removal correct: 0 wrong: 0
                 Old state correct: 0 wrong: 0
2019-08-07 06:12:27,280	INFO -- Going to sleep for 240 seconds
2019-08-07 06:16:27,282	INFO -- Time for an update_step iteration! 2019-08-07 06:16:27.282255
2019-08-07 06:16:27,865	INFO -- Cluster was stable for 240 seconds till 2019-08-07 06:16:27.283047, calculating best transition
2019-08-07 06:16:28,340	INFO -- Execution was added to the knowledge base with load: 3105.0612045279795
2019-08-07 06:16:28,626	INFO -- No node could be shutdown for improvement, because all nodes have a statefull set
2019-08-07 06:16:28,930	INFO -- Costs for all options: current= 0.25125988388061526, removal= inf, old_best= 0.25125988388061526
2019-08-07 06:16:28,930	INFO -- Update step finished: 2019-08-07 06:16:28.930796
2019-08-07 06:16:28,931	INFO -- Current scores
                 Not stable: 0
                 All nodes full: 0
                 Migration correct: 0 wrong: 0 chance blocked: 2
                 Node removal correct: 0 wrong: 0
                 Old state correct: 0 wrong: 0
2019-08-07 06:16:28,931	INFO -- Going to sleep for 240 seconds
2019-08-07 06:20:28,933	INFO -- Time for an update_step iteration! 2019-08-07 06:20:28.933777
2019-08-07 06:20:29,505	INFO -- Cluster was stable for 240 seconds till 2019-08-07 06:20:28.934551, calculating best transition
2019-08-07 06:20:30,623	INFO -- Execution was added to the knowledge base with load: 3088.341107343226
2019-08-07 06:20:30,971	INFO -- No node could be shutdown for improvement, because all nodes have a statefull set
2019-08-07 06:20:31,399	INFO -- Costs for all options: current= 0.25125988388061526, removal= inf, old_best= 0.25125988388061526
2019-08-07 06:20:31,400	INFO -- Staying with current execution, but randomly changing one random pod
2019-08-07 06:20:32,301	INFO -- moving: php-apache-5f657688bc-sgxhf to gke-demo-cluster-1-default-pool-6f471531-5n82 using deployment name: php-apache
2019-08-07 06:20:40,409	INFO -- pod php-apache-5f657688bc-sgxhf is deleted
2019-08-07 06:20:40,652	INFO -- Movement succeeded
2019-08-07 06:20:41,426	INFO -- went correct
2019-08-07 06:20:41,427	INFO -- Update step finished: 2019-08-07 06:20:41.427803
2019-08-07 06:20:41,428	INFO -- Current scores
                 Not stable: 0
                 All nodes full: 0
                 Migration correct: 1 wrong: 0 chance blocked: 2
                 Node removal correct: 0 wrong: 0
                 Old state correct: 0 wrong: 0
2019-08-07 06:20:41,428	INFO -- Going to sleep for 240 seconds
2019-08-07 06:24:41,485	INFO -- Time for an update_step iteration! 2019-08-07 06:24:41.485813
2019-08-07 06:24:42,052	INFO -- Cluster was not stable, waiting for retry window (24 seconds) to try again
2019-08-07 06:25:06,632	INFO -- Cluster was stable for 240 seconds till 2019-08-07 06:25:06.061624, calculating best transition
2019-08-07 06:25:07,267	INFO -- Execution was added to the knowledge base with load: 3073.3223670308157
2019-08-07 06:25:07,655	INFO -- No node could be shutdown for improvement, because all nodes have a statefull set
2019-08-07 06:25:08,271	INFO -- Costs for all options: current= 0.25125988388061526, removal= inf, old_best= 0.25125988388061526
2019-08-07 06:25:08,271	INFO -- Update step finished: 2019-08-07 06:25:08.271761
2019-08-07 06:25:08,272	INFO -- Current scores
                 Not stable: 0
                 All nodes full: 0
                 Migration correct: 1 wrong: 0 chance blocked: 3
                 Node removal correct: 0 wrong: 0
                 Old state correct: 0 wrong: 0
2019-08-07 06:25:08,272	INFO -- Going to sleep for 240 seconds
2019-08-07 06:29:08,310	INFO -- Time for an update_step iteration! 2019-08-07 06:29:08.310209
2019-08-07 06:29:08,886	INFO -- Cluster was stable for 240 seconds till 2019-08-07 06:29:08.311008, calculating best transition
2019-08-07 06:29:09,546	INFO -- Execution was added to the knowledge base with load: 3040.231111111111
2019-08-07 06:29:09,930	INFO -- No node could be shutdown for improvement, because all nodes have a statefull set
2019-08-07 06:29:10,683	INFO -- Costs for all options: current= 0.25125988388061526, removal= inf, old_best= 0.25125988388061526
2019-08-07 06:29:10,684	INFO -- Staying with current execution, but randomly changing one random pod
2019-08-07 06:29:11,639	INFO -- moving: php-apache-5f657688bc-m9x72 to gke-demo-cluster-1-default-pool-6f471531-5n82 using deployment name: php-apache
2019-08-07 06:29:20,396	INFO -- pod php-apache-5f657688bc-m9x72 is deleted
2019-08-07 06:29:20,640	INFO -- Movement succeeded
2019-08-07 06:29:21,424	INFO -- went correct
2019-08-07 06:29:21,425	INFO -- Update step finished: 2019-08-07 06:29:21.425261
2019-08-07 06:29:21,425	INFO -- Current scores
                 Not stable: 0
                 All nodes full: 0
                 Migration correct: 2 wrong: 0 chance blocked: 3
                 Node removal correct: 0 wrong: 0
                 Old state correct: 0 wrong: 0
2019-08-07 06:29:21,426	INFO -- Going to sleep for 240 seconds
2019-08-07 06:33:21,514	INFO -- Time for an update_step iteration! 2019-08-07 06:33:21.514424
2019-08-07 06:33:22,087	INFO -- Cluster was not stable, waiting for retry window (24 seconds) to try again
2019-08-07 06:33:46,739	INFO -- Cluster was not stable, waiting for retry window (24 seconds) to try again
2019-08-07 06:34:11,333	INFO -- Cluster was not stable, waiting for retry window (24 seconds) to try again
2019-08-07 06:34:35,920	INFO -- Cluster was not stable, waiting for retry window (24 seconds) to try again
2019-08-07 06:35:00,525	INFO -- Cluster was not stable, waiting for retry window (24 seconds) to try again
2019-08-07 06:35:25,136	INFO -- Cluster was not stable, waiting for retry window (24 seconds) to try again
2019-08-07 06:35:49,744	INFO -- Cluster was not stable, waiting for retry window (24 seconds) to try again
2019-08-07 06:36:14,364	INFO -- Cluster was not stable, waiting for retry window (24 seconds) to try again
2019-08-07 06:36:38,978	INFO -- Cluster was stable for 240 seconds till 2019-08-07 06:36:38.389384, calculating best transition
2019-08-07 06:36:39,438	INFO -- Execution was added to the knowledge base with load: 3054.428527842197
2019-08-07 06:36:39,693	INFO -- No node could be shutdown for improvement, because all nodes have a statefull set
2019-08-07 06:36:40,568	INFO -- Costs for all options: current= 0.25125988388061526, removal= inf, old_best= 0.25125988388061526
2019-08-07 06:36:40,568	INFO -- Staying with current execution, but randomly changing one random pod
2019-08-07 06:36:41,331	INFO -- moving: php-apache-5f657688bc-8ztxm to gke-demo-cluster-1-default-pool-6f471531-sxjh using deployment name: php-apache
2019-08-07 06:36:50,397	INFO -- pod php-apache-5f657688bc-8ztxm is deleted
2019-08-07 06:36:50,643	INFO -- Movement succeeded
2019-08-07 06:36:51,347	INFO -- went correct
2019-08-07 06:36:51,348	INFO -- Update step finished: 2019-08-07 06:36:51.347969
2019-08-07 06:36:51,348	INFO -- Current scores
                 Not stable: 0
                 All nodes full: 0
                 Migration correct: 3 wrong: 0 chance blocked: 3
                 Node removal correct: 0 wrong: 0
                 Old state correct: 0 wrong: 0
2019-08-07 06:36:51,349	INFO -- Going to sleep for 240 seconds
2019-08-07 06:40:51,449	INFO -- Time for an update_step iteration! 2019-08-07 06:40:51.449221
2019-08-07 06:40:52,063	INFO -- Cluster was not stable, waiting for retry window (24 seconds) to try again
2019-08-07 06:41:16,670	INFO -- Cluster was not stable, waiting for retry window (24 seconds) to try again
2019-08-07 06:41:41,277	INFO -- Cluster was not stable, waiting for retry window (24 seconds) to try again
2019-08-07 06:42:05,943	INFO -- Cluster was not stable, waiting for retry window (24 seconds) to try again
2019-08-07 06:42:30,569	INFO -- Cluster was not stable, waiting for retry window (24 seconds) to try again
2019-08-07 06:42:55,306	INFO -- Cluster was not stable, waiting for retry window (24 seconds) to try again
2019-08-07 06:43:20,196	INFO -- Cluster was not stable, waiting for retry window (24 seconds) to try again
2019-08-07 06:43:44,826	INFO -- Cluster was not stable, waiting for retry window (24 seconds) to try again
2019-08-07 06:44:09,506	INFO -- Cluster was not stable, waiting for retry window (24 seconds) to try again
2019-08-07 06:44:34,226	INFO -- Cluster was not stable, waiting for retry window (24 seconds) to try again
2019-08-07 06:44:58,575	INFO -- Cluster was not stable, waiting for retry window (24 seconds) to try again
2019-08-07 06:45:22,917	INFO -- Cluster was not stable, waiting for retry window (24 seconds) to try again
2019-08-07 06:45:47,224	INFO -- Cluster was not stable, waiting for retry window (24 seconds) to try again
2019-08-07 06:46:11,574	INFO -- Cluster was not stable, waiting for retry window (24 seconds) to try again
2019-08-07 06:46:35,909	INFO -- Cluster was not stable, waiting for retry window (24 seconds) to try again
2019-08-07 06:47:00,304	INFO -- Cluster was not stable, waiting for retry window (24 seconds) to try again
2019-08-07 06:47:24,646	INFO -- Cluster was not stable, waiting for retry window (24 seconds) to try again
2019-08-07 06:47:48,965	INFO -- Cluster was not stable, waiting for retry window (24 seconds) to try again
2019-08-07 06:48:13,286	INFO -- Cluster was not stable, waiting for retry window (24 seconds) to try again
2019-08-07 06:48:37,661	INFO -- Cluster was not stable, waiting for retry window (24 seconds) to try again
2019-08-07 06:49:02,370	INFO -- Cluster was stable for 240 seconds till 2019-08-07 06:49:01.673175, calculating best transition
2019-08-07 06:49:03,011	INFO -- Execution was added to the knowledge base with load: 9171.715474502302
2019-08-07 06:49:03,404	INFO -- No node could be shutdown for improvement, because all the resources are needed
2019-08-07 06:49:03,600	INFO -- Costs for all options: current= 0.33501318817138676, removal= inf, old_best= 0.33501318817138676
2019-08-07 06:49:03,601	INFO -- Staying with current execution, but randomly changing one random pod
2019-08-07 06:49:04,649	INFO -- moving: php-apache-5f657688bc-whgn5 to gke-demo-cluster-1-default-pool-6f471531-b7wg using deployment name: php-apache
2019-08-07 06:49:07,966	INFO -- pod php-apache-5f657688bc-whgn5 is deleted
2019-08-07 06:49:08,259	INFO -- Movement succeeded
2019-08-07 06:49:09,116	INFO -- went correct
2019-08-07 06:49:09,116	INFO -- Update step finished: 2019-08-07 06:49:09.116969
2019-08-07 06:49:09,117	INFO -- Current scores
                 Not stable: 0
                 All nodes full: 0
                 Migration correct: 4 wrong: 0 chance blocked: 3
                 Node removal correct: 0 wrong: 0
                 Old state correct: 0 wrong: 0
2019-08-07 06:49:09,117	INFO -- Going to sleep for 240 seconds
2019-08-07 06:53:09,127	INFO -- Time for an update_step iteration! 2019-08-07 06:53:09.127273
2019-08-07 06:53:09,751	INFO -- Cluster was stable for 240 seconds till 2019-08-07 06:53:09.127609, calculating best transition
2019-08-07 06:53:10,404	INFO -- Execution was added to the knowledge base with load: 10271.286979643053
2019-08-07 06:53:10,831	INFO -- No node could be shutdown for improvement, because all the resources are needed
2019-08-07 06:53:11,001	INFO -- Costs for all options: current= 0.33501318817138676, removal= inf, old_best= 0.33501318817138676
2019-08-07 06:53:11,002	INFO -- Update step finished: 2019-08-07 06:53:11.002177
2019-08-07 06:53:11,002	INFO -- Current scores
                 Not stable: 0
                 All nodes full: 0
                 Migration correct: 4 wrong: 0 chance blocked: 4
                 Node removal correct: 0 wrong: 0
                 Old state correct: 0 wrong: 0
2019-08-07 06:53:11,002	INFO -- Going to sleep for 240 seconds
2019-08-07 06:57:11,101	INFO -- Time for an update_step iteration! 2019-08-07 06:57:11.101389
2019-08-07 06:57:11,696	INFO -- Cluster was stable for 240 seconds till 2019-08-07 06:57:11.101714, calculating best transition
2019-08-07 06:57:12,408	INFO -- Execution was added to the knowledge base with load: 10209.129497896825
2019-08-07 06:57:12,796	INFO -- No node could be shutdown for improvement, because all the resources are needed
2019-08-07 06:57:13,101	INFO -- Costs for all options: current= 0.33501318817138676, removal= inf, old_best= 0.33501318817138676
2019-08-07 06:57:13,102	INFO -- Update step finished: 2019-08-07 06:57:13.102271
2019-08-07 06:57:13,102	INFO -- Current scores
                 Not stable: 0
                 All nodes full: 0
                 Migration correct: 4 wrong: 0 chance blocked: 5
                 Node removal correct: 0 wrong: 0
                 Old state correct: 0 wrong: 0
2019-08-07 06:57:13,102	INFO -- Going to sleep for 240 seconds
2019-08-07 07:01:13,201	INFO -- Time for an update_step iteration! 2019-08-07 07:01:13.201402
2019-08-07 07:01:13,842	INFO -- Cluster was stable for 240 seconds till 2019-08-07 07:01:13.201745, calculating best transition
2019-08-07 07:01:14,521	INFO -- Execution was added to the knowledge base with load: 10345.171837418802
2019-08-07 07:01:14,930	INFO -- No node could be shutdown for improvement, because all the resources are needed
2019-08-07 07:01:15,358	INFO -- Costs for all options: current= 0.33501318817138676, removal= inf, old_best= 0.33501318817138676
2019-08-07 07:01:15,358	INFO -- Staying with current execution, but randomly changing one random pod
2019-08-07 07:01:16,394	INFO -- moving: php-apache-5f657688bc-2tvjt to gke-demo-cluster-1-default-pool-6f471531-sxjh using deployment name: php-apache
2019-08-07 07:01:30,416	INFO -- pod php-apache-5f657688bc-2tvjt is deleted
2019-08-07 07:01:30,698	INFO -- Movement succeeded
2019-08-07 07:01:31,666	INFO -- went correct
2019-08-07 07:01:31,666	INFO -- Update step finished: 2019-08-07 07:01:31.666386
2019-08-07 07:01:31,666	INFO -- Current scores
                 Not stable: 0
                 All nodes full: 0
                 Migration correct: 5 wrong: 0 chance blocked: 5
                 Node removal correct: 0 wrong: 0
                 Old state correct: 0 wrong: 0
2019-08-07 07:01:31,666	INFO -- Going to sleep for 240 seconds
2019-08-07 07:05:31,767	INFO -- Time for an update_step iteration! 2019-08-07 07:05:31.767324
2019-08-07 07:05:32,420	INFO -- Cluster was not stable, waiting for retry window (24 seconds) to try again
2019-08-07 07:05:57,200	INFO -- Cluster was stable for 240 seconds till 2019-08-07 07:05:56.441138, calculating best transition
2019-08-07 07:05:57,830	INFO -- Execution was added to the knowledge base with load: 10071.834063417917
2019-08-07 07:05:58,265	INFO -- No node could be shutdown for improvement, because all the resources are needed
2019-08-07 07:05:58,986	INFO -- Costs for all options: current= 0.33501318817138676, removal= inf, old_best= 0.33501318817138676
2019-08-07 07:05:58,986	INFO -- Staying with current execution, but randomly changing one random pod
2019-08-07 07:06:00,094	INFO -- moving: php-apache-5f657688bc-mc9g9 to gke-demo-cluster-1-default-pool-6f471531-b7wg using deployment name: php-apache
2019-08-07 07:06:02,840	INFO -- pod php-apache-5f657688bc-mc9g9 is deleted
2019-08-07 07:06:03,127	INFO -- Movement succeeded
2019-08-07 07:06:03,987	INFO -- went correct
2019-08-07 07:06:03,987	INFO -- Update step finished: 2019-08-07 07:06:03.987674
2019-08-07 07:06:03,987	INFO -- Current scores
                 Not stable: 0
                 All nodes full: 0
                 Migration correct: 6 wrong: 0 chance blocked: 5
                 Node removal correct: 0 wrong: 0
                 Old state correct: 0 wrong: 0
2019-08-07 07:06:03,988	INFO -- Going to sleep for 240 seconds
2019-08-07 07:10:03,992	INFO -- Time for an update_step iteration! 2019-08-07 07:10:03.992666
2019-08-07 07:10:04,626	INFO -- Cluster was stable for 240 seconds till 2019-08-07 07:10:03.993048, calculating best transition
2019-08-07 07:10:05,443	INFO -- Execution was added to the knowledge base with load: 10261.866666666665
2019-08-07 07:10:05,893	INFO -- No node could be shutdown for improvement, because all the resources are needed
2019-08-07 07:10:06,616	INFO -- Costs for all options: current= 0.33501318817138676, removal= inf, old_best= 0.3350131881713867
2019-08-07 07:10:06,616	INFO -- Update step finished: 2019-08-07 07:10:06.616913
2019-08-07 07:10:06,617	INFO -- Current scores
                 Not stable: 0
                 All nodes full: 0
                 Migration correct: 6 wrong: 0 chance blocked: 6
                 Node removal correct: 0 wrong: 0
                 Old state correct: 0 wrong: 0
2019-08-07 07:10:06,617	INFO -- Going to sleep for 240 seconds
2019-08-07 07:14:06,717	INFO -- Time for an update_step iteration! 2019-08-07 07:14:06.717367
2019-08-07 07:14:07,318	INFO -- Cluster was stable for 240 seconds till 2019-08-07 07:14:06.717697, calculating best transition
2019-08-07 07:14:07,979	INFO -- Execution was added to the knowledge base with load: 10265.14323768357
2019-08-07 07:14:08,463	INFO -- No node could be shutdown for improvement, because all the resources are needed
2019-08-07 07:14:09,337	INFO -- Costs for all options: current= 0.33501318817138676, removal= inf, old_best= 0.3350131881713867
2019-08-07 07:14:09,337	INFO -- Update step finished: 2019-08-07 07:14:09.337411
2019-08-07 07:14:09,337	INFO -- Current scores
                 Not stable: 0
                 All nodes full: 0
                 Migration correct: 6 wrong: 0 chance blocked: 7
                 Node removal correct: 0 wrong: 0
                 Old state correct: 0 wrong: 0
2019-08-07 07:14:09,337	INFO -- Going to sleep for 240 seconds
2019-08-07 07:18:09,359	INFO -- Time for an update_step iteration! 2019-08-07 07:18:09.359676
2019-08-07 07:18:09,954	INFO -- Cluster was stable for 240 seconds till 2019-08-07 07:18:09.360000, calculating best transition
2019-08-07 07:18:10,616	INFO -- Execution was added to the knowledge base with load: 10405.70794232135
2019-08-07 07:18:11,093	INFO -- No node could be shutdown for improvement, because all the resources are needed
2019-08-07 07:18:12,082	INFO -- Costs for all options: current= 0.33501318817138676, removal= inf, old_best= 0.3350131881713867
2019-08-07 07:18:12,082	INFO -- Staying with current execution, but randomly changing one random pod
2019-08-07 07:18:13,216	INFO -- moving: php-apache-5f657688bc-zmx8s to gke-demo-cluster-1-default-pool-6f471531-b7wg using deployment name: php-apache
2019-08-07 07:18:17,006	INFO -- pod php-apache-5f657688bc-zmx8s is deleted
2019-08-07 07:18:17,287	INFO -- Movement succeeded
2019-08-07 07:18:18,248	INFO -- went correct
2019-08-07 07:18:18,248	INFO -- Update step finished: 2019-08-07 07:18:18.248311
2019-08-07 07:18:18,248	INFO -- Current scores
                 Not stable: 0
                 All nodes full: 0
                 Migration correct: 7 wrong: 0 chance blocked: 7
                 Node removal correct: 0 wrong: 0
                 Old state correct: 0 wrong: 0
2019-08-07 07:18:18,248	INFO -- Going to sleep for 240 seconds
2019-08-07 07:22:18,345	INFO -- Time for an update_step iteration! 2019-08-07 07:22:18.345154
2019-08-07 07:22:18,958	INFO -- Cluster was not stable, waiting for retry window (24 seconds) to try again
2019-08-07 07:22:43,550	INFO -- Cluster was stable for 240 seconds till 2019-08-07 07:22:42.981181, calculating best transition
2019-08-07 07:22:44,782	INFO -- Execution was added to the knowledge base with load: 10251.430069082306
2019-08-07 07:22:45,279	INFO -- No node could be shutdown for improvement, because all the resources are needed
2019-08-07 07:22:46,438	INFO -- Costs for all options: current= 0.33501318817138676, removal= inf, old_best= 0.3350131881713867
2019-08-07 07:22:46,439	INFO -- Staying with current execution, but randomly changing one random pod
2019-08-07 07:22:47,730	INFO -- moving: php-apache-5f657688bc-2bsfx to gke-demo-cluster-1-default-pool-6f471531-5n82 using deployment name: php-apache
2019-08-07 07:22:50,157	INFO -- pod php-apache-5f657688bc-2bsfx is deleted
2019-08-07 07:22:50,480	INFO -- Movement succeeded
2019-08-07 07:22:51,351	INFO -- went correct
2019-08-07 07:22:51,352	INFO -- Update step finished: 2019-08-07 07:22:51.352028
2019-08-07 07:22:51,352	INFO -- Current scores
                 Not stable: 0
                 All nodes full: 0
                 Migration correct: 8 wrong: 0 chance blocked: 7
                 Node removal correct: 0 wrong: 0
                 Old state correct: 0 wrong: 0
2019-08-07 07:22:51,352	INFO -- Going to sleep for 240 seconds
2019-08-07 07:26:51,405	INFO -- Time for an update_step iteration! 2019-08-07 07:26:51.405298
2019-08-07 07:26:52,028	INFO -- Cluster was stable for 240 seconds till 2019-08-07 07:26:51.406120, calculating best transition
2019-08-07 07:26:52,681	INFO -- Execution was added to the knowledge base with load: 10333.484942681502
2019-08-07 07:26:53,115	INFO -- No node could be shutdown for improvement, because all the resources are needed
2019-08-07 07:26:54,507	INFO -- Costs for all options: current= 0.33501318817138676, removal= inf, old_best= 0.3350131881713867
2019-08-07 07:26:54,508	INFO -- Update step finished: 2019-08-07 07:26:54.508098
2019-08-07 07:26:54,508	INFO -- Current scores
                 Not stable: 0
                 All nodes full: 0
                 Migration correct: 8 wrong: 0 chance blocked: 8
                 Node removal correct: 0 wrong: 0
                 Old state correct: 0 wrong: 0
2019-08-07 07:26:54,509	INFO -- Going to sleep for 240 seconds
2019-08-07 07:30:54,610	INFO -- Time for an update_step iteration! 2019-08-07 07:30:54.609927
2019-08-07 07:30:55,230	INFO -- Cluster was not stable, waiting for retry window (24 seconds) to try again
2019-08-07 07:31:19,860	INFO -- Cluster was not stable, waiting for retry window (24 seconds) to try again
2019-08-07 07:31:44,461	INFO -- Cluster was not stable, waiting for retry window (24 seconds) to try again
2019-08-07 07:32:09,062	INFO -- Cluster was not stable, waiting for retry window (24 seconds) to try again
2019-08-07 07:32:33,659	INFO -- Cluster was not stable, waiting for retry window (24 seconds) to try again
2019-08-07 07:32:58,266	INFO -- Cluster was not stable, waiting for retry window (24 seconds) to try again
2019-08-07 07:33:22,858	INFO -- Cluster was not stable, waiting for retry window (24 seconds) to try again
2019-08-07 07:33:47,483	INFO -- Cluster was not stable, waiting for retry window (24 seconds) to try again
2019-08-07 07:34:12,068	INFO -- Cluster was not stable, waiting for retry window (24 seconds) to try again
2019-08-07 07:34:36,657	INFO -- Cluster was not stable, waiting for retry window (24 seconds) to try again
2019-08-07 07:35:01,270	INFO -- Cluster was not stable, waiting for retry window (24 seconds) to try again
2019-08-07 07:35:25,854	INFO -- Cluster was not stable, waiting for retry window (24 seconds) to try again
2019-08-07 07:35:50,436	INFO -- Cluster was not stable, waiting for retry window (24 seconds) to try again
2019-08-07 07:36:15,044	INFO -- Cluster was not stable, waiting for retry window (24 seconds) to try again
2019-08-07 07:36:39,627	INFO -- Cluster was not stable, waiting for retry window (24 seconds) to try again
2019-08-07 07:37:04,229	INFO -- Cluster was not stable, waiting for retry window (24 seconds) to try again
2019-08-07 07:37:28,847	INFO -- Cluster was stable for 240 seconds till 2019-08-07 07:37:28.254760, calculating best transition
2019-08-07 07:37:29,481	INFO -- Execution was added to the knowledge base with load: 3080.973224899209
2019-08-07 07:37:30,787	INFO -- Costs for all options: current= 0.33501318817138676, removal= 0.25125988388061526, old_best= 0.25125988388061526
2019-08-07 07:37:30,787	INFO -- Removing node: gke-demo-cluster-1-default-pool-6f471531-b7wg
2019-08-07 07:37:31,424	INFO -- NODE_REMOVAL=gke-demo-cluster-1-default-pool-6f471531-b7wg
2019-08-07 07:37:31,425	INFO -- went correct
2019-08-07 07:37:31,425	INFO -- Update step finished: 2019-08-07 07:37:31.425862
2019-08-07 07:37:31,426	INFO -- Current scores
                 Not stable: 0
                 All nodes full: 0
                 Migration correct: 8 wrong: 0 chance blocked: 8
                 Node removal correct: 1 wrong: 0
                 Old state correct: 0 wrong: 0
2019-08-07 07:37:31,426	INFO -- Going to sleep for 240 seconds
2019-08-07 07:41:31,527	INFO -- Time for an update_step iteration! 2019-08-07 07:41:31.527381
2019-08-07 07:41:31,802	INFO -- Cluster was not stable, waiting for retry window (24 seconds) to try again
2019-08-07 07:41:56,095	INFO -- Cluster was not stable, waiting for retry window (24 seconds) to try again
2019-08-07 07:42:20,405	INFO -- Cluster was not stable, waiting for retry window (24 seconds) to try again
2019-08-07 07:42:44,739	INFO -- Cluster was not stable, waiting for retry window (24 seconds) to try again
2019-08-07 07:43:09,060	INFO -- Cluster was not stable, waiting for retry window (24 seconds) to try again
2019-08-07 07:43:33,376	INFO -- Cluster was not stable, waiting for retry window (24 seconds) to try again
2019-08-07 07:43:58,014	INFO -- Cluster was not stable, waiting for retry window (24 seconds) to try again
2019-08-07 07:44:22,643	INFO -- Cluster was stable for 240 seconds till 2019-08-07 07:44:22.038974, calculating best transition
2019-08-07 07:44:23,211	INFO -- Execution was added to the knowledge base with load: 3034.5244444444443
2019-08-07 07:44:23,555	INFO -- No node could be shutdown for improvement, because all nodes have a statefull set
2019-08-07 07:44:24,593	INFO -- Costs for all options: current= 0.25125988388061526, removal= inf, old_best= 0.25125988388061526
2019-08-07 07:44:24,594	INFO -- Staying with current execution, but randomly changing one random pod
2019-08-07 07:44:25,418	INFO -- moving: php-apache-5f657688bc-48nsb to gke-demo-cluster-1-default-pool-6f471531-5n82 using deployment name: php-apache
2019-08-07 07:44:28,525	INFO -- pod php-apache-5f657688bc-48nsb is deleted
2019-08-07 07:44:28,725	INFO -- Movement succeeded
2019-08-07 07:44:29,391	INFO -- went correct
2019-08-07 07:44:29,392	INFO -- Update step finished: 2019-08-07 07:44:29.391967
2019-08-07 07:44:29,392	INFO -- Current scores
                 Not stable: 0
                 All nodes full: 0
                 Migration correct: 9 wrong: 0 chance blocked: 8
                 Node removal correct: 1 wrong: 0
                 Old state correct: 0 wrong: 0
2019-08-07 07:44:29,393	INFO -- Going to sleep for 240 seconds
2019-08-07 07:48:29,493	INFO -- Time for an update_step iteration! 2019-08-07 07:48:29.493665
2019-08-07 07:48:30,080	INFO -- Cluster was not stable, waiting for retry window (24 seconds) to try again
2019-08-07 07:48:54,694	INFO -- Cluster was stable for 240 seconds till 2019-08-07 07:48:54.104843, calculating best transition
2019-08-07 07:48:55,180	INFO -- Execution was added to the knowledge base with load: 3013.118858936857
2019-08-07 07:48:55,448	INFO -- No node could be shutdown for improvement, because all nodes have a statefull set
2019-08-07 07:48:56,610	INFO -- Costs for all options: current= 0.25125988388061526, removal= inf, old_best= 0.25125988388061526
2019-08-07 07:48:56,611	INFO -- Staying with current execution, but randomly changing one random pod
2019-08-07 07:48:57,444	INFO -- moving: php-apache-5f657688bc-6x4j6 to gke-demo-cluster-1-default-pool-6f471531-5n82 using deployment name: php-apache
2019-08-07 07:49:01,727	INFO -- pod php-apache-5f657688bc-6x4j6 is deleted
2019-08-07 07:49:01,964	INFO -- Movement failed
2019-08-07 07:49:02,302	INFO -- went wrong: <class 'kubernetes_tools.migrate_pod.PodScheduledOnWrongNodeException'>
2019-08-07 07:49:02,304	INFO -- Update step finished: 2019-08-07 07:49:02.304564
2019-08-07 07:49:02,305	INFO -- Current scores
                 Not stable: 0
                 All nodes full: 0
                 Migration correct: 9 wrong: 1 chance blocked: 8
                 Node removal correct: 1 wrong: 0
                 Old state correct: 0 wrong: 0
2019-08-07 07:49:02,305	INFO -- Going to sleep for 240 seconds
2019-08-07 07:53:02,406	INFO -- Time for an update_step iteration! 2019-08-07 07:53:02.406133
2019-08-07 07:53:02,982	INFO -- Cluster was not stable, waiting for retry window (24 seconds) to try again
2019-08-07 07:53:27,581	INFO -- Cluster was not stable, waiting for retry window (24 seconds) to try again
2019-08-07 07:53:52,174	INFO -- Cluster was stable for 240 seconds till 2019-08-07 07:53:51.606935, calculating best transition
2019-08-07 07:53:52,788	INFO -- Execution was added to the knowledge base with load: 2984.9729830568913
2019-08-07 07:53:53,179	INFO -- No node could be shutdown for improvement, because all nodes have a statefull set
2019-08-07 07:53:54,577	INFO -- Costs for all options: current= 0.25125988388061526, removal= inf, old_best= 0.25125988388061526
2019-08-07 07:53:54,578	INFO -- Staying with current execution, but randomly changing one random pod
2019-08-07 07:53:55,732	INFO -- moving: php-apache-5f657688bc-pfqbn to gke-demo-cluster-1-default-pool-6f471531-5n82 using deployment name: php-apache
2019-08-07 07:54:00,401	INFO -- pod php-apache-5f657688bc-pfqbn is deleted
2019-08-07 07:54:00,678	INFO -- Movement succeeded
2019-08-07 07:54:01,506	INFO -- went correct
2019-08-07 07:54:01,506	INFO -- Update step finished: 2019-08-07 07:54:01.506868
2019-08-07 07:54:01,507	INFO -- Current scores
                 Not stable: 0
                 All nodes full: 0
                 Migration correct: 10 wrong: 1 chance blocked: 8
                 Node removal correct: 1 wrong: 0
                 Old state correct: 0 wrong: 0
2019-08-07 07:54:01,507	INFO -- Going to sleep for 240 seconds
2019-08-07 07:58:01,607	INFO -- Time for an update_step iteration! 2019-08-07 07:58:01.607587
2019-08-07 07:58:02,181	INFO -- Cluster was stable for 240 seconds till 2019-08-07 07:58:01.608329, calculating best transition
2019-08-07 07:58:02,779	INFO -- Execution was added to the knowledge base with load: 3018.1700937301584
2019-08-07 07:58:03,179	INFO -- No node could be shutdown for improvement, because all nodes have a statefull set
2019-08-07 07:58:04,637	INFO -- Costs for all options: current= 0.25125988388061526, removal= inf, old_best= 0.25125988388061526
2019-08-07 07:58:04,638	INFO -- Staying with current execution, but randomly changing one random pod
2019-08-07 07:58:05,790	INFO -- moving: php-apache-5f657688bc-mw5h4 to gke-demo-cluster-1-default-pool-6f471531-x7cf using deployment name: php-apache
2019-08-07 07:58:08,906	INFO -- pod php-apache-5f657688bc-mw5h4 is deleted
2019-08-07 07:58:09,180	INFO -- Movement succeeded
2019-08-07 07:58:10,027	INFO -- went correct
2019-08-07 07:58:10,028	INFO -- Update step finished: 2019-08-07 07:58:10.028130
2019-08-07 07:58:10,028	INFO -- Current scores
                 Not stable: 0
                 All nodes full: 0
                 Migration correct: 11 wrong: 1 chance blocked: 8
                 Node removal correct: 1 wrong: 0
                 Old state correct: 0 wrong: 0
2019-08-07 07:58:10,029	INFO -- Going to sleep for 240 seconds
2019-08-07 08:02:10,129	INFO -- Time for an update_step iteration! 2019-08-07 08:02:10.129327
2019-08-07 08:02:10,707	INFO -- Cluster was stable for 240 seconds till 2019-08-07 08:02:10.130081, calculating best transition
2019-08-07 08:02:11,260	INFO -- Execution was added to the knowledge base with load: 3074.1595478665085
2019-08-07 08:02:11,520	INFO -- No node could be shutdown for improvement, because all nodes have a statefull set
2019-08-07 08:02:13,100	INFO -- Costs for all options: current= 0.25125988388061526, removal= inf, old_best= 0.25125988388061526
2019-08-07 08:02:13,101	INFO -- Staying with current execution, but randomly changing one random pod
2019-08-07 08:02:13,916	INFO -- moving: php-apache-5f657688bc-v4mvw to gke-demo-cluster-1-default-pool-6f471531-sxjh using deployment name: php-apache
2019-08-07 08:02:20,398	INFO -- pod php-apache-5f657688bc-v4mvw is deleted
2019-08-07 08:02:20,564	INFO -- Movement succeeded
2019-08-07 08:02:21,191	INFO -- went correct
2019-08-07 08:02:21,192	INFO -- Update step finished: 2019-08-07 08:02:21.192458
2019-08-07 08:02:21,192	INFO -- Current scores
                 Not stable: 0
                 All nodes full: 0
                 Migration correct: 12 wrong: 1 chance blocked: 8
                 Node removal correct: 1 wrong: 0
                 Old state correct: 0 wrong: 0
2019-08-07 08:02:21,193	INFO -- Going to sleep for 240 seconds
2019-08-07 08:06:21,293	INFO -- Time for an update_step iteration! 2019-08-07 08:06:21.293702
2019-08-07 08:06:21,865	INFO -- Cluster was not stable, waiting for retry window (24 seconds) to try again
2019-08-07 08:06:46,460	INFO -- Cluster was stable for 240 seconds till 2019-08-07 08:06:45.890251, calculating best transition
2019-08-07 08:06:46,902	INFO -- Execution was added to the knowledge base with load: 3045.9539071619224
2019-08-07 08:06:47,121	INFO -- No node could be shutdown for improvement, because all nodes have a statefull set
2019-08-07 08:06:48,996	INFO -- Costs for all options: current= 0.25125988388061526, removal= inf, old_best= 0.25125988388061526
2019-08-07 08:06:48,997	INFO -- Staying with current execution, but randomly changing one random pod
2019-08-07 08:06:49,674	INFO -- moving: php-apache-5f657688bc-ppwll to gke-demo-cluster-1-default-pool-6f471531-x7cf using deployment name: php-apache
2019-08-07 08:06:52,489	INFO -- pod php-apache-5f657688bc-ppwll is deleted
2019-08-07 08:06:52,640	INFO -- Movement succeeded
2019-08-07 08:06:53,301	INFO -- went correct
2019-08-07 08:06:53,302	INFO -- Update step finished: 2019-08-07 08:06:53.302494
2019-08-07 08:06:53,302	INFO -- Current scores
                 Not stable: 0
                 All nodes full: 0
                 Migration correct: 13 wrong: 1 chance blocked: 8
                 Node removal correct: 1 wrong: 0
                 Old state correct: 0 wrong: 0
2019-08-07 08:06:53,303	INFO -- Going to sleep for 240 seconds
2019-08-07 08:10:53,403	INFO -- Time for an update_step iteration! 2019-08-07 08:10:53.403731
2019-08-07 08:10:54,130	INFO -- Cluster was not stable, waiting for retry window (24 seconds) to try again
2019-08-07 08:11:18,727	INFO -- Cluster was not stable, waiting for retry window (24 seconds) to try again
2019-08-07 08:11:43,336	INFO -- Cluster was not stable, waiting for retry window (24 seconds) to try again
2019-08-07 08:12:08,012	INFO -- Cluster was not stable, waiting for retry window (24 seconds) to try again
2019-08-07 08:12:32,621	INFO -- Cluster was not stable, waiting for retry window (24 seconds) to try again
2019-08-07 08:12:57,210	INFO -- Cluster was not stable, waiting for retry window (24 seconds) to try again
2019-08-07 08:13:21,883	INFO -- Cluster was not stable, waiting for retry window (24 seconds) to try again
2019-08-07 08:13:46,499	INFO -- Cluster was not stable, waiting for retry window (24 seconds) to try again
2019-08-07 08:14:10,886	INFO -- Cluster was not stable, waiting for retry window (24 seconds) to try again
2019-08-07 08:14:35,214	INFO -- Cluster was not stable, waiting for retry window (24 seconds) to try again
2019-08-07 08:14:59,532	INFO -- Cluster was not stable, waiting for retry window (24 seconds) to try again
2019-08-07 08:15:23,848	INFO -- Cluster was not stable, waiting for retry window (24 seconds) to try again
2019-08-07 08:15:48,217	INFO -- Cluster was not stable, waiting for retry window (24 seconds) to try again
2019-08-07 08:16:12,574	INFO -- Cluster was not stable, waiting for retry window (24 seconds) to try again
2019-08-07 08:16:36,905	INFO -- Cluster was not stable, waiting for retry window (24 seconds) to try again
2019-08-07 08:17:01,205	INFO -- Cluster was not stable, waiting for retry window (24 seconds) to try again
2019-08-07 08:17:25,497	INFO -- Cluster was not stable, waiting for retry window (24 seconds) to try again
2019-08-07 08:17:49,902	INFO -- Cluster was not stable, waiting for retry window (24 seconds) to try again
2019-08-07 08:18:14,533	INFO -- Cluster was stable for 240 seconds till 2019-08-07 08:18:13.925169, calculating best transition
2019-08-07 08:18:15,015	INFO -- Execution was added to the knowledge base with load: 8050.138966711743
2019-08-07 08:18:15,309	INFO -- No node could be shutdown for improvement, because all the resources are needed
2019-08-07 08:18:15,473	INFO -- Costs for all options: current= 0.33501318817138676, removal= inf, old_best= 0.3350131881713867
2019-08-07 08:18:15,474	INFO -- Staying with current execution, but randomly changing one random pod
2019-08-07 08:18:16,277	INFO -- moving: php-apache-5f657688bc-qgx5n to gke-demo-cluster-1-default-pool-6f471531-9sbc using deployment name: php-apache
2019-08-07 08:18:30,402	INFO -- pod php-apache-5f657688bc-qgx5n is deleted
2019-08-07 08:18:30,649	INFO -- Movement succeeded
2019-08-07 08:18:31,461	INFO -- went correct
2019-08-07 08:18:31,461	INFO -- Update step finished: 2019-08-07 08:18:31.461516
2019-08-07 08:18:31,461	INFO -- Current scores
                 Not stable: 0
                 All nodes full: 0
                 Migration correct: 14 wrong: 1 chance blocked: 8
                 Node removal correct: 1 wrong: 0
                 Old state correct: 0 wrong: 0
2019-08-07 08:18:31,462	INFO -- Going to sleep for 240 seconds
2019-08-07 08:22:31,468	INFO -- Time for an update_step iteration! 2019-08-07 08:22:31.468348
2019-08-07 08:22:32,030	INFO -- Cluster was not stable, waiting for retry window (24 seconds) to try again
2019-08-07 08:22:56,679	INFO -- Cluster was stable for 240 seconds till 2019-08-07 08:22:56.055240, calculating best transition
2019-08-07 08:22:57,961	INFO -- Execution was added to the knowledge base with load: 10319.215411005584
2019-08-07 08:22:58,408	INFO -- No node could be shutdown for improvement, because all the resources are needed
2019-08-07 08:22:59,973	INFO -- Costs for all options: current= 0.33501318817138676, removal= inf, old_best= 0.3350131881713867
2019-08-07 08:22:59,973	INFO -- Staying with current execution, but randomly changing one random pod
2019-08-07 08:23:01,295	INFO -- moving: php-apache-5f657688bc-v7wfz to gke-demo-cluster-1-default-pool-6f471531-9sbc using deployment name: php-apache
2019-08-07 08:23:10,404	INFO -- pod php-apache-5f657688bc-v7wfz is deleted
2019-08-07 08:23:10,727	INFO -- Movement succeeded
2019-08-07 08:23:11,757	INFO -- went correct
2019-08-07 08:23:11,757	INFO -- Update step finished: 2019-08-07 08:23:11.757473
2019-08-07 08:23:11,757	INFO -- Current scores
                 Not stable: 0
                 All nodes full: 0
                 Migration correct: 15 wrong: 1 chance blocked: 8
                 Node removal correct: 1 wrong: 0
                 Old state correct: 0 wrong: 0
2019-08-07 08:23:11,757	INFO -- Going to sleep for 240 seconds
2019-08-07 08:27:11,857	INFO -- Time for an update_step iteration! 2019-08-07 08:27:11.857447
2019-08-07 08:27:12,454	INFO -- Cluster was not stable, waiting for retry window (24 seconds) to try again
2019-08-07 08:27:37,089	INFO -- Cluster was stable for 240 seconds till 2019-08-07 08:27:36.479222, calculating best transition
2019-08-07 08:27:37,727	INFO -- Execution was added to the knowledge base with load: 10188.353717544096
2019-08-07 08:27:38,146	INFO -- No node could be shutdown for improvement, because all the resources are needed
2019-08-07 08:27:39,984	INFO -- Costs for all options: current= 0.33501318817138676, removal= inf, old_best= 0.33501318817138676
2019-08-07 08:27:39,984	INFO -- Update step finished: 2019-08-07 08:27:39.984954
2019-08-07 08:27:39,985	INFO -- Current scores
                 Not stable: 0
                 All nodes full: 0
                 Migration correct: 15 wrong: 1 chance blocked: 9
                 Node removal correct: 1 wrong: 0
                 Old state correct: 0 wrong: 0
2019-08-07 08:27:39,985	INFO -- Going to sleep for 240 seconds
2019-08-07 08:31:40,045	INFO -- Time for an update_step iteration! 2019-08-07 08:31:40.045201
2019-08-07 08:31:40,989	INFO -- Cluster was stable for 240 seconds till 2019-08-07 08:31:40.045528, calculating best transition
2019-08-07 08:31:41,724	INFO -- Execution was added to the knowledge base with load: 10358.825370079836
2019-08-07 08:31:42,209	INFO -- No node could be shutdown for improvement, because all the resources are needed
2019-08-07 08:31:43,972	INFO -- Costs for all options: current= 0.33501318817138676, removal= inf, old_best= 0.33501318817138676
2019-08-07 08:31:43,972	INFO -- Staying with current execution, but randomly changing one random pod
2019-08-07 08:31:45,111	INFO -- moving: php-apache-5f657688bc-xkft6 to gke-demo-cluster-1-default-pool-6f471531-x7cf using deployment name: php-apache
2019-08-07 08:31:47,810	INFO -- pod php-apache-5f657688bc-xkft6 is deleted
2019-08-07 08:31:48,111	INFO -- Movement succeeded
2019-08-07 08:31:48,968	INFO -- went correct
2019-08-07 08:31:48,968	INFO -- Update step finished: 2019-08-07 08:31:48.968738
2019-08-07 08:31:48,968	INFO -- Current scores
                 Not stable: 0
                 All nodes full: 0
                 Migration correct: 16 wrong: 1 chance blocked: 9
                 Node removal correct: 1 wrong: 0
                 Old state correct: 0 wrong: 0
2019-08-07 08:31:48,969	INFO -- Going to sleep for 240 seconds
2019-08-07 08:35:48,974	INFO -- Time for an update_step iteration! 2019-08-07 08:35:48.973972
2019-08-07 08:35:49,592	INFO -- Cluster was stable for 240 seconds till 2019-08-07 08:35:48.974303, calculating best transition
2019-08-07 08:35:50,237	INFO -- Execution was added to the knowledge base with load: 10316.891519727886
2019-08-07 08:35:50,644	INFO -- No node could be shutdown for improvement, because all the resources are needed
2019-08-07 08:35:52,568	INFO -- Costs for all options: current= 0.33501318817138676, removal= inf, old_best= 0.33501318817138676
2019-08-07 08:35:52,569	INFO -- Staying with current execution, but randomly changing one random pod
2019-08-07 08:35:53,805	INFO -- moving: php-apache-5f657688bc-hpxw4 to gke-demo-cluster-1-default-pool-6f471531-sxjh using deployment name: php-apache
2019-08-07 08:36:00,425	INFO -- pod php-apache-5f657688bc-hpxw4 is deleted
2019-08-07 08:36:00,746	INFO -- Movement succeeded
2019-08-07 08:36:01,580	INFO -- went correct
2019-08-07 08:36:01,580	INFO -- Update step finished: 2019-08-07 08:36:01.580457
2019-08-07 08:36:01,580	INFO -- Current scores
                 Not stable: 0
                 All nodes full: 0
                 Migration correct: 17 wrong: 1 chance blocked: 9
                 Node removal correct: 1 wrong: 0
                 Old state correct: 0 wrong: 0
2019-08-07 08:36:01,580	INFO -- Going to sleep for 240 seconds
2019-08-07 08:40:01,601	INFO -- Time for an update_step iteration! 2019-08-07 08:40:01.601144
2019-08-07 08:40:02,181	INFO -- Cluster was not stable, waiting for retry window (24 seconds) to try again
2019-08-07 08:40:26,786	INFO -- Cluster was stable for 240 seconds till 2019-08-07 08:40:26.205766, calculating best transition
2019-08-07 08:40:27,414	INFO -- Execution was added to the knowledge base with load: 10191.5562870971
2019-08-07 08:40:27,808	INFO -- No node could be shutdown for improvement, because all the resources are needed
2019-08-07 08:40:30,006	INFO -- Costs for all options: current= 0.33501318817138676, removal= inf, old_best= 0.33501318817138676
2019-08-07 08:40:30,006	INFO -- Staying with current execution, but randomly changing one random pod
2019-08-07 08:40:31,111	INFO -- moving: php-apache-5f657688bc-4ghrh to gke-demo-cluster-1-default-pool-6f471531-x7cf using deployment name: php-apache
2019-08-07 08:40:40,343	INFO -- pod php-apache-5f657688bc-4ghrh is deleted
2019-08-07 08:40:40,624	INFO -- Movement succeeded
2019-08-07 08:40:41,442	INFO -- went correct
2019-08-07 08:40:41,442	INFO -- Update step finished: 2019-08-07 08:40:41.442351
2019-08-07 08:40:41,442	INFO -- Current scores
                 Not stable: 0
                 All nodes full: 0
                 Migration correct: 18 wrong: 1 chance blocked: 9
                 Node removal correct: 1 wrong: 0
                 Old state correct: 0 wrong: 0
2019-08-07 08:40:41,442	INFO -- Going to sleep for 240 seconds
2019-08-07 08:44:41,540	INFO -- Time for an update_step iteration! 2019-08-07 08:44:41.540601
2019-08-07 08:44:42,109	INFO -- Cluster was stable for 240 seconds till 2019-08-07 08:44:41.540951, calculating best transition
2019-08-07 08:44:42,735	INFO -- Execution was added to the knowledge base with load: 10278.484969331505
2019-08-07 08:44:43,160	INFO -- No node could be shutdown for improvement, because all the resources are needed
2019-08-07 08:44:45,347	INFO -- Costs for all options: current= 0.33501318817138676, removal= inf, old_best= 0.33501318817138676
2019-08-07 08:44:45,347	INFO -- Staying with current execution, but randomly changing one random pod
2019-08-07 08:44:46,632	INFO -- moving: php-apache-5f657688bc-n4csv to gke-demo-cluster-1-default-pool-6f471531-9sbc using deployment name: php-apache
2019-08-07 08:44:49,993	INFO -- pod php-apache-5f657688bc-n4csv is deleted
2019-08-07 08:44:50,287	INFO -- Movement succeeded
2019-08-07 08:44:51,153	INFO -- went correct
2019-08-07 08:44:51,154	INFO -- Update step finished: 2019-08-07 08:44:51.154019
2019-08-07 08:44:51,154	INFO -- Current scores
                 Not stable: 0
                 All nodes full: 0
                 Migration correct: 19 wrong: 1 chance blocked: 9
                 Node removal correct: 1 wrong: 0
                 Old state correct: 0 wrong: 0
2019-08-07 08:44:51,154	INFO -- Going to sleep for 240 seconds
2019-08-07 08:48:51,241	INFO -- Time for an update_step iteration! 2019-08-07 08:48:51.241148
2019-08-07 08:48:51,829	INFO -- Cluster was stable for 240 seconds till 2019-08-07 08:48:51.241515, calculating best transition
2019-08-07 08:48:52,496	INFO -- Execution was added to the knowledge base with load: 10374.918553836816
2019-08-07 08:48:52,970	INFO -- No node could be shutdown for improvement, because all the resources are needed
2019-08-07 08:48:55,179	INFO -- Costs for all options: current= 0.33501318817138676, removal= inf, old_best= 0.33501318817138676
2019-08-07 08:48:55,180	INFO -- Update step finished: 2019-08-07 08:48:55.180278
2019-08-07 08:48:55,180	INFO -- Current scores
                 Not stable: 0
                 All nodes full: 0
                 Migration correct: 19 wrong: 1 chance blocked: 10
                 Node removal correct: 1 wrong: 0
                 Old state correct: 0 wrong: 0
2019-08-07 08:48:55,180	INFO -- Going to sleep for 240 seconds
2019-08-07 08:52:55,281	INFO -- Time for an update_step iteration! 2019-08-07 08:52:55.281009
2019-08-07 08:52:55,856	INFO -- Cluster was stable for 240 seconds till 2019-08-07 08:52:55.281372, calculating best transition
2019-08-07 08:52:56,522	INFO -- Execution was added to the knowledge base with load: 10210.208493730153
2019-08-07 08:52:56,947	INFO -- No node could be shutdown for improvement, because all the resources are needed
2019-08-07 08:52:59,225	INFO -- Costs for all options: current= 0.33501318817138676, removal= inf, old_best= 0.33501318817138676
2019-08-07 08:52:59,225	INFO -- Update step finished: 2019-08-07 08:52:59.225883
2019-08-07 08:52:59,226	INFO -- Current scores
                 Not stable: 0
                 All nodes full: 0
                 Migration correct: 19 wrong: 1 chance blocked: 11
                 Node removal correct: 1 wrong: 0
                 Old state correct: 0 wrong: 0
2019-08-07 08:52:59,226	INFO -- Going to sleep for 240 seconds
2019-08-07 08:56:59,268	INFO -- Time for an update_step iteration! 2019-08-07 08:56:59.267994
2019-08-07 08:56:59,817	INFO -- Cluster was stable for 240 seconds till 2019-08-07 08:56:59.268810, calculating best transition
2019-08-07 08:57:00,409	INFO -- Execution was added to the knowledge base with load: 10289.604007694357
2019-08-07 08:57:00,806	INFO -- No node could be shutdown for improvement, because all the resources are needed
2019-08-07 08:57:03,315	INFO -- Costs for all options: current= 0.33501318817138676, removal= inf, old_best= 0.33501318817138676
2019-08-07 08:57:03,316	INFO -- Update step finished: 2019-08-07 08:57:03.316836
2019-08-07 08:57:03,317	INFO -- Current scores
                 Not stable: 0
                 All nodes full: 0
                 Migration correct: 19 wrong: 1 chance blocked: 12
                 Node removal correct: 1 wrong: 0
                 Old state correct: 0 wrong: 0
2019-08-07 08:57:03,318	INFO -- Going to sleep for 240 seconds
2019-08-07 09:01:03,373	INFO -- Time for an update_step iteration! 2019-08-07 09:01:03.373360
2019-08-07 09:01:03,948	INFO -- Cluster was not stable, waiting for retry window (24 seconds) to try again
2019-08-07 09:01:28,536	INFO -- Cluster was not stable, waiting for retry window (24 seconds) to try again
2019-08-07 09:01:53,137	INFO -- Cluster was not stable, waiting for retry window (24 seconds) to try again
2019-08-07 09:02:17,696	INFO -- Cluster was not stable, waiting for retry window (24 seconds) to try again
2019-08-07 09:02:42,265	INFO -- Cluster was not stable, waiting for retry window (24 seconds) to try again
2019-08-07 09:03:06,934	INFO -- Cluster was not stable, waiting for retry window (24 seconds) to try again
2019-08-07 09:03:31,524	INFO -- Cluster was not stable, waiting for retry window (24 seconds) to try again
2019-08-07 09:03:56,086	INFO -- Cluster was not stable, waiting for retry window (24 seconds) to try again
2019-08-07 09:04:20,695	INFO -- Cluster was not stable, waiting for retry window (24 seconds) to try again
2019-08-07 09:04:45,389	INFO -- Cluster was not stable, waiting for retry window (24 seconds) to try again
2019-08-07 09:05:09,964	INFO -- Cluster was not stable, waiting for retry window (24 seconds) to try again
2019-08-07 09:05:34,553	INFO -- Cluster was not stable, waiting for retry window (24 seconds) to try again
2019-08-07 09:05:59,190	INFO -- Cluster was not stable, waiting for retry window (24 seconds) to try again
2019-08-07 09:06:23,752	INFO -- Cluster was not stable, waiting for retry window (24 seconds) to try again
2019-08-07 09:06:48,340	INFO -- Cluster was not stable, waiting for retry window (24 seconds) to try again
2019-08-07 09:07:12,912	INFO -- Cluster was stable for 240 seconds till 2019-08-07 09:07:12.365390, calculating best transition
2019-08-07 09:07:13,471	INFO -- Execution was added to the knowledge base with load: 2901.675342407479
2019-08-07 09:07:15,457	INFO -- Costs for all options: current= 0.33501318817138676, removal= 0.25125988388061526, old_best= 0.25125988388061526
2019-08-07 09:07:15,457	INFO -- Removing node: gke-demo-cluster-1-default-pool-6f471531-9sbc
2019-08-07 09:07:16,057	INFO -- NODE_REMOVAL=gke-demo-cluster-1-default-pool-6f471531-9sbc
2019-08-07 09:07:16,058	INFO -- went correct
2019-08-07 09:07:16,058	INFO -- Update step finished: 2019-08-07 09:07:16.058695
2019-08-07 09:07:16,059	INFO -- Current scores
                 Not stable: 0
                 All nodes full: 0
                 Migration correct: 19 wrong: 1 chance blocked: 12
                 Node removal correct: 2 wrong: 0
                 Old state correct: 0 wrong: 0
2019-08-07 09:07:16,059	INFO -- Going to sleep for 240 seconds
2019-08-07 09:11:16,114	INFO -- Time for an update_step iteration! 2019-08-07 09:11:16.114767
2019-08-07 09:11:16,388	INFO -- Cluster was not stable, waiting for retry window (24 seconds) to try again
2019-08-07 09:11:40,685	INFO -- Cluster was not stable, waiting for retry window (24 seconds) to try again
2019-08-07 09:12:04,989	INFO -- Cluster was not stable, waiting for retry window (24 seconds) to try again
2019-08-07 09:12:29,304	INFO -- Cluster was not stable, waiting for retry window (24 seconds) to try again
2019-08-07 09:12:53,584	INFO -- Cluster was not stable, waiting for retry window (24 seconds) to try again
2019-08-07 09:13:17,879	INFO -- Cluster was not stable, waiting for retry window (24 seconds) to try again
2019-08-07 09:13:42,175	INFO -- Cluster was not stable, waiting for retry window (24 seconds) to try again
2019-08-07 09:14:06,451	INFO -- Cluster was not stable, waiting for retry window (24 seconds) to try again
2019-08-07 09:14:30,736	INFO -- Cluster was not stable, waiting for retry window (24 seconds) to try again
2019-08-07 09:14:55,311	INFO -- Cluster was stable for 240 seconds till 2019-08-07 09:14:54.739921, calculating best transition
2019-08-07 09:14:55,821	INFO -- Execution was added to the knowledge base with load: 3132.995861540415
2019-08-07 09:14:56,135	INFO -- No node could be shutdown for improvement, because all nodes have a statefull set
2019-08-07 09:14:57,942	INFO -- Costs for all options: current= 0.25125988388061526, removal= inf, old_best= 0.25125988388061526
2019-08-07 09:14:57,943	INFO -- Update step finished: 2019-08-07 09:14:57.943535
2019-08-07 09:14:57,944	INFO -- Current scores
                 Not stable: 0
                 All nodes full: 0
                 Migration correct: 19 wrong: 1 chance blocked: 13
                 Node removal correct: 2 wrong: 0
                 Old state correct: 0 wrong: 0
2019-08-07 09:14:57,944	INFO -- Going to sleep for 240 seconds
2019-08-07 09:18:57,952	INFO -- Time for an update_step iteration! 2019-08-07 09:18:57.952887
2019-08-07 09:18:58,502	INFO -- Cluster was stable for 240 seconds till 2019-08-07 09:18:57.953719, calculating best transition
2019-08-07 09:18:59,076	INFO -- Execution was added to the knowledge base with load: 3145.355475988709
2019-08-07 09:18:59,484	INFO -- No node could be shutdown for improvement, because all nodes have a statefull set
2019-08-07 09:19:01,460	INFO -- Costs for all options: current= 0.25125988388061526, removal= inf, old_best= 0.25125988388061526
2019-08-07 09:19:01,461	INFO -- Staying with current execution, but randomly changing one random pod
2019-08-07 09:19:02,602	INFO -- moving: php-apache-5f657688bc-c6fjt to gke-demo-cluster-1-default-pool-6f471531-5n82 using deployment name: php-apache
2019-08-07 09:19:15,473	INFO -- pod php-apache-5f657688bc-c6fjt is deleted
2019-08-07 09:19:15,733	INFO -- Movement succeeded
2019-08-07 09:19:16,471	INFO -- went correct
2019-08-07 09:19:16,472	INFO -- Update step finished: 2019-08-07 09:19:16.472008
2019-08-07 09:19:16,472	INFO -- Current scores
                 Not stable: 0
                 All nodes full: 0
                 Migration correct: 20 wrong: 1 chance blocked: 13
                 Node removal correct: 2 wrong: 0
                 Old state correct: 0 wrong: 0
2019-08-07 09:19:16,472	INFO -- Going to sleep for 240 seconds
2019-08-07 09:23:16,572	INFO -- Time for an update_step iteration! 2019-08-07 09:23:16.572679
2019-08-07 09:23:17,128	INFO -- Cluster was not stable, waiting for retry window (24 seconds) to try again
2019-08-07 09:23:41,713	INFO -- Cluster was stable for 240 seconds till 2019-08-07 09:23:41.153416, calculating best transition
2019-08-07 09:23:42,784	INFO -- Execution was added to the knowledge base with load: 3094.4849554292778
2019-08-07 09:23:43,157	INFO -- No node could be shutdown for improvement, because all nodes have a statefull set
2019-08-07 09:23:45,333	INFO -- Costs for all options: current= 0.25125988388061526, removal= inf, old_best= 0.25125988388061526
2019-08-07 09:23:45,334	INFO -- Update step finished: 2019-08-07 09:23:45.334544
2019-08-07 09:23:45,335	INFO -- Current scores
                 Not stable: 0
                 All nodes full: 0
                 Migration correct: 20 wrong: 1 chance blocked: 14
                 Node removal correct: 2 wrong: 0
                 Old state correct: 0 wrong: 0
2019-08-07 09:23:45,335	INFO -- Going to sleep for 240 seconds
2019-08-07 09:27:45,433	INFO -- Time for an update_step iteration! 2019-08-07 09:27:45.433370
2019-08-07 09:27:45,983	INFO -- Cluster was stable for 240 seconds till 2019-08-07 09:27:45.434095, calculating best transition
2019-08-07 09:27:46,535	INFO -- Execution was added to the knowledge base with load: 3056.222086526839
2019-08-07 09:27:46,847	INFO -- No node could be shutdown for improvement, because all nodes have a statefull set
2019-08-07 09:27:49,114	INFO -- Costs for all options: current= 0.25125988388061526, removal= inf, old_best= 0.25125988388061526
2019-08-07 09:27:49,115	INFO -- Update step finished: 2019-08-07 09:27:49.115770
2019-08-07 09:27:49,116	INFO -- Current scores
                 Not stable: 0
                 All nodes full: 0
                 Migration correct: 20 wrong: 1 chance blocked: 15
                 Node removal correct: 2 wrong: 0
                 Old state correct: 0 wrong: 0
2019-08-07 09:27:49,117	INFO -- Going to sleep for 240 seconds
2019-08-07 09:31:49,145	INFO -- Time for an update_step iteration! 2019-08-07 09:31:49.145317
2019-08-07 09:31:49,701	INFO -- Cluster was stable for 240 seconds till 2019-08-07 09:31:49.146127, calculating best transition
2019-08-07 09:31:50,161	INFO -- Execution was added to the knowledge base with load: 3090.7260816322296
2019-08-07 09:31:50,502	INFO -- No node could be shutdown for improvement, because all nodes have a statefull set
2019-08-07 09:31:52,895	INFO -- Costs for all options: current= 0.25125988388061526, removal= inf, old_best= 0.25125988388061526
2019-08-07 09:31:52,896	INFO -- Update step finished: 2019-08-07 09:31:52.896138
2019-08-07 09:31:52,896	INFO -- Current scores
                 Not stable: 0
                 All nodes full: 0
                 Migration correct: 20 wrong: 1 chance blocked: 16
                 Node removal correct: 2 wrong: 0
                 Old state correct: 0 wrong: 0
2019-08-07 09:31:52,897	INFO -- Going to sleep for 240 seconds
2019-08-07 09:35:52,998	INFO -- Time for an update_step iteration! 2019-08-07 09:35:52.998142
2019-08-07 09:35:53,556	INFO -- Cluster was stable for 240 seconds till 2019-08-07 09:35:52.998860, calculating best transition
2019-08-07 09:35:54,092	INFO -- Execution was added to the knowledge base with load: 3036.035555555555
2019-08-07 09:35:54,474	INFO -- No node could be shutdown for improvement, because all nodes have a statefull set
2019-08-07 09:35:56,934	INFO -- Costs for all options: current= 0.25125988388061526, removal= inf, old_best= 0.25125988388061526
2019-08-07 09:35:56,935	INFO -- Update step finished: 2019-08-07 09:35:56.935636
2019-08-07 09:35:56,936	INFO -- Current scores
                 Not stable: 0
                 All nodes full: 0
                 Migration correct: 20 wrong: 1 chance blocked: 17
                 Node removal correct: 2 wrong: 0
                 Old state correct: 0 wrong: 0
2019-08-07 09:35:56,936	INFO -- Going to sleep for 240 seconds
